#
# There is insufficient memory for the Java Runtime Environment to continue.
# Native memory allocation (mmap) failed to map 838860800 bytes for G1 virtual space
# Possible reasons:
#   The system is out of physical RAM or swap space
#   The process is running with CompressedOops enabled, and the Java Heap may be blocking the growth of the native heap
# Possible solutions:
#   Reduce memory load on the system
#   Increase physical memory or swap space
#   Check if swap backing store is full
#   Decrease Java heap size (-Xmx/-Xms)
#   Decrease number of Java threads
#   Decrease Java thread stack sizes (-Xss)
#   Set larger code cache with -XX:ReservedCodeCacheSize=
#   JVM is running with Zero Based Compressed Oops mode in which the Java heap is
#     placed in the first 32GB address space. The Java Heap base address is the
#     maximum limit for the native heap growth. Please use -XX:HeapBaseMinAddress
#     to set the Java Heap base and to place the Java Heap above 32GB virtual address.
# This output file may be truncated or incomplete.
#
#  Out of Memory Error (os_windows.cpp:3769), pid=5212, tid=856
#
# JRE version: OpenJDK Runtime Environment (17.0.6) (build 17.0.6+0-b2043.56-9586694)
# Java VM: OpenJDK 64-Bit Server VM (17.0.6+0-b2043.56-9586694, mixed mode, tiered, compressed oops, compressed class ptrs, g1 gc, windows-amd64)
# No core dump will be written. Minidumps are not enabled by default on client versions of Windows
#

---------------  S U M M A R Y ------------

Command Line: --add-opens=java.base/java.util=ALL-UNNAMED --add-opens=java.base/java.lang=ALL-UNNAMED --add-opens=java.base/java.lang.invoke=ALL-UNNAMED --add-opens=java.base/java.util=ALL-UNNAMED --add-opens=java.prefs/java.util.prefs=ALL-UNNAMED --add-opens=java.prefs/java.util.prefs=ALL-UNNAMED --add-opens=java.base/java.nio.charset=ALL-UNNAMED --add-opens=java.base/java.net=ALL-UNNAMED --add-opens=java.base/java.util.concurrent.atomic=ALL-UNNAMED -Xmx5120M -Dfile.encoding=windows-1252 -Duser.country=GB -Duser.language=en -Duser.variant org.gradle.launcher.daemon.bootstrap.GradleDaemon 7.4

Host: Intel(R) Core(TM) i7-4790 CPU @ 3.60GHz, 8 cores, 7G,  Windows 10 , 64 bit Build 19041 (10.0.19041.3155)
Time: Thu Jul 27 16:30:52 2023 GMT Summer Time elapsed time: 3249.735584 seconds (0d 0h 54m 9s)

---------------  T H R E A D  ---------------

Current thread (0x000001b9eb7dc810):  VMThread "VM Thread" [stack: 0x000000ad66500000,0x000000ad66600000] [id=856]

Stack: [0x000000ad66500000,0x000000ad66600000]
Native frames: (J=compiled Java code, j=interpreted, Vv=VM code, C=native code)
V  [jvm.dll+0x683b4a]
V  [jvm.dll+0x842654]
V  [jvm.dll+0x843dfe]
V  [jvm.dll+0x844463]
V  [jvm.dll+0x249b75]
V  [jvm.dll+0x680a19]
V  [jvm.dll+0x674f0a]
V  [jvm.dll+0x309acb]
V  [jvm.dll+0x310f86]
V  [jvm.dll+0x3608ee]
V  [jvm.dll+0x360b1f]
V  [jvm.dll+0x2dfbf8]
V  [jvm.dll+0x2ddec4]
V  [jvm.dll+0x2dd4cc]
V  [jvm.dll+0x321f3b]
V  [jvm.dll+0x84893b]
V  [jvm.dll+0x849674]
V  [jvm.dll+0x849b8d]
V  [jvm.dll+0x849f64]
V  [jvm.dll+0x84a030]
V  [jvm.dll+0x7f25fa]
V  [jvm.dll+0x682985]
C  [ucrtbase.dll+0x21bb2]
C  [KERNEL32.DLL+0x17614]
C  [ntdll.dll+0x526b1]

VM_Operation (0x000000ad67af6ac0): G1CollectForAllocation, mode: safepoint, requested by thread 0x000001b9f8d8c250


---------------  P R O C E S S  ---------------

Threads class SMR info:
_java_thread_list=0x000001b9ec674040, length=126, elements={
0x000001b9ca75d3d0, 0x000001b9eb7ad030, 0x000001b9eb7b01c0, 0x000001b9eb7fae40,
0x000001b9eb7fe720, 0x000001b9ec12b400, 0x000001b9ec12dcd0, 0x000001b9ec12e590,
0x000001b9ec13a3a0, 0x000001b9ec13f0c0, 0x000001b9ec2a46f0, 0x000001b9ec2af290,
0x000001b9ed95c600, 0x000001b9eeac4bb0, 0x000001b9eef614d0, 0x000001b9ed471180,
0x000001b9ed473800, 0x000001b9ed472990, 0x000001b9ed472e60, 0x000001b9ed471650,
0x000001b9ed2491e0, 0x000001b9ed2496b0, 0x000001b9ed249b80, 0x000001b9ed24a9f0,
0x000001b9ed245350, 0x000001b9ed24b860, 0x000001b9ed245cf0, 0x000001b9f0ad45b0,
0x000001b9f0ace570, 0x000001b9f0ad1f30, 0x000001b9f09ec4d0, 0x000001b9f09edce0,
0x000001b9f07319a0, 0x000001b9f0ad4a80, 0x000001b9f8d8cbf0, 0x000001b9f8d8c250,
0x000001b9f0730660, 0x000001b9f07314d0, 0x000001b9f0731e70, 0x000001b9f0730b30,
0x000001b9f12806a0, 0x000001b9f1281510, 0x000001b9f1282380, 0x000001b9f1281eb0,
0x000001b9f1280b70, 0x000001b9f127f830, 0x000001b9f127e9c0, 0x000001b9f127f360,
0x000001b9f1281040, 0x000001b9f127fd00, 0x000001b9f127ee90, 0x000001b9f12801d0,
0x000001b9f12819e0, 0x000001b9f65a49e0, 0x000001b9f65a4eb0, 0x000001b9f65a5380,
0x000001b9f65a5850, 0x000001b9f65a4040, 0x000001b9f65a4510, 0x000001b9f8f28d50,
0x000001b9f8f27a10, 0x000001b9f3859cc0, 0x000001b9f385b000, 0x000001b9f385a190,
0x000001b9f937d830, 0x000001b9f385ab30, 0x000001b9f385b4d0, 0x000001b9f385a660,
0x000001b9f0ccaa00, 0x000001b9f0cc8d20, 0x000001b9f0cc96c0, 0x000001b9f0ccb3a0,
0x000001b9f937e1d0, 0x000001b9f937ce90, 0x000001b9f937d360, 0x000001b9f0acf3e0,
0x000001b9f0ad5420, 0x000001b9f0ad2400, 0x000001b9f0ad28d0, 0x000001b9f6ef76d0,
0x000001b9f6ef3d10, 0x000001b9f6ef59f0, 0x000001b9f6ef6860, 0x000001b9f6ef6d30,
0x000001b9f6ef4b80, 0x000001b9f6ef5520, 0x000001b9f9087220, 0x000001b9f9085540,
0x000001b9f9085a10, 0x000001b9f9086880, 0x000001b9f9085ee0, 0x000001b9f9087bc0,
0x000001b9ecb20980, 0x000001b9ecb20e50, 0x000001b9ecb23000, 0x000001b9ecb234d0,
0x000001b9ecb1ffe0, 0x000001b9f0ccbd40, 0x000001b9f0ccc210, 0x000001b9f0ccaed0,
0x000001b9f0cc91f0, 0x000001b9f0cc9b90, 0x000001b9f0ccc6e0, 0x000001b9f0cca060,
0x000001b9f0cca530, 0x000001b9f0ccb870, 0x000001b9f302b230, 0x000001b9f302d3e0,
0x000001b9f302a3c0, 0x000001b9f302b700, 0x000001b9f302d8b0, 0x000001b9f302ad60,
0x000001b9f302cf10, 0x000001b9f302c570, 0x000001b9f302bbd0, 0x000001b9f302c0a0,
0x000001b9f302ca40, 0x000001b9f302dd80, 0x000001b9f302a890, 0x000001b9f3884dc0,
0x000001b9f3886100, 0x000001b9f3883a80, 0x000001b9f38865d0, 0x000001b9f3884420,
0x000001b9f3885760, 0x000001b9fd6bd150
}

Java Threads: ( => current thread )
  0x000001b9ca75d3d0 JavaThread "main" [_thread_blocked, id=2452, stack(0x000000ad65f00000,0x000000ad66000000)]
  0x000001b9eb7ad030 JavaThread "Reference Handler" daemon [_thread_blocked, id=6128, stack(0x000000ad66600000,0x000000ad66700000)]
  0x000001b9eb7b01c0 JavaThread "Finalizer" daemon [_thread_blocked, id=11624, stack(0x000000ad66700000,0x000000ad66800000)]
  0x000001b9eb7fae40 JavaThread "Signal Dispatcher" daemon [_thread_blocked, id=3732, stack(0x000000ad66800000,0x000000ad66900000)]
  0x000001b9eb7fe720 JavaThread "Attach Listener" daemon [_thread_blocked, id=13976, stack(0x000000ad66900000,0x000000ad66a00000)]
  0x000001b9ec12b400 JavaThread "Service Thread" daemon [_thread_blocked, id=7764, stack(0x000000ad66a00000,0x000000ad66b00000)]
  0x000001b9ec12dcd0 JavaThread "Monitor Deflation Thread" daemon [_thread_blocked, id=9020, stack(0x000000ad66b00000,0x000000ad66c00000)]
  0x000001b9ec12e590 JavaThread "C2 CompilerThread0" daemon [_thread_blocked, id=10156, stack(0x000000ad66c00000,0x000000ad66d00000)]
  0x000001b9ec13a3a0 JavaThread "C1 CompilerThread0" daemon [_thread_blocked, id=1696, stack(0x000000ad66d00000,0x000000ad66e00000)]
  0x000001b9ec13f0c0 JavaThread "Sweeper thread" daemon [_thread_blocked, id=10812, stack(0x000000ad66e00000,0x000000ad66f00000)]
  0x000001b9ec2a46f0 JavaThread "Common-Cleaner" daemon [_thread_blocked, id=3716, stack(0x000000ad66f00000,0x000000ad67000000)]
  0x000001b9ec2af290 JavaThread "Notification Thread" daemon [_thread_blocked, id=3740, stack(0x000000ad67000000,0x000000ad67100000)]
  0x000001b9ed95c600 JavaThread "Daemon health stats" [_thread_blocked, id=11776, stack(0x000000ad67300000,0x000000ad67400000)]
  0x000001b9eeac4bb0 JavaThread "Incoming local TCP Connector on port 54827" [_thread_in_native, id=12824, stack(0x000000ad67800000,0x000000ad67900000)]
  0x000001b9eef614d0 JavaThread "Daemon periodic checks" [_thread_blocked, id=13088, stack(0x000000ad67900000,0x000000ad67a00000)]
  0x000001b9ed471180 JavaThread "Cache worker for journal cache (C:\Users\ITS\.gradle\caches\journal-1)" [_thread_blocked, id=8856, stack(0x000000ad68300000,0x000000ad68400000)]
  0x000001b9ed473800 JavaThread "File lock request listener" [_thread_in_native, id=1712, stack(0x000000ad68400000,0x000000ad68500000)]
  0x000001b9ed472990 JavaThread "Cache worker for file hash cache (C:\Users\ITS\.gradle\caches\7.4\fileHashes)" [_thread_blocked, id=12808, stack(0x000000ad68600000,0x000000ad68700000)]
  0x000001b9ed472e60 JavaThread "File watcher server" daemon [_thread_in_native, id=6888, stack(0x000000ad68700000,0x000000ad68800000)]
  0x000001b9ed471650 JavaThread "File watcher consumer" daemon [_thread_blocked, id=7896, stack(0x000000ad68800000,0x000000ad68900000)]
  0x000001b9ed2491e0 JavaThread "Cache worker for execution history cache (C:\Users\ITS\.gradle\caches\7.4\executionHistory)" [_thread_blocked, id=7208, stack(0x000000ad68e00000,0x000000ad68f00000)]
  0x000001b9ed2496b0 JavaThread "jar transforms" [_thread_blocked, id=7500, stack(0x000000ad69000000,0x000000ad69100000)]
  0x000001b9ed249b80 JavaThread "jar transforms Thread 2" [_thread_blocked, id=11272, stack(0x000000ad69100000,0x000000ad69200000)]
  0x000001b9ed24a9f0 JavaThread "Cache worker for file content cache (C:\Users\ITS\.gradle\caches\7.4\fileContent)" [_thread_blocked, id=4660, stack(0x000000ad69200000,0x000000ad69300000)]
  0x000001b9ed245350 JavaThread "jar transforms Thread 3" [_thread_blocked, id=5364, stack(0x000000ad69300000,0x000000ad69400000)]
  0x000001b9ed24b860 JavaThread "jar transforms Thread 4" [_thread_blocked, id=7744, stack(0x000000ad69400000,0x000000ad69500000)]
  0x000001b9ed245cf0 JavaThread "jar transforms Thread 5" [_thread_blocked, id=11172, stack(0x000000ad69600000,0x000000ad69700000)]
  0x000001b9f0ad45b0 JavaThread "jar transforms Thread 6" [_thread_blocked, id=12596, stack(0x000000ad6e800000,0x000000ad6e900000)]
  0x000001b9f0ace570 JavaThread "jar transforms Thread 7" [_thread_blocked, id=12796, stack(0x000000ad6e900000,0x000000ad6ea00000)]
  0x000001b9f0ad1f30 JavaThread "jar transforms Thread 8" [_thread_blocked, id=6596, stack(0x000000ad6ea00000,0x000000ad6eb00000)]
  0x000001b9f09ec4d0 JavaThread "Memory manager" [_thread_blocked, id=13832, stack(0x000000ad6eb00000,0x000000ad6ec00000)]
  0x000001b9f09edce0 JavaThread "Cache worker for kotlin-dsl (C:\Users\ITS\.gradle\caches\7.4\kotlin-dsl)" [_thread_blocked, id=9840, stack(0x000000ad6ec00000,0x000000ad6ed00000)]
  0x000001b9f07319a0 JavaThread "Daemon Thread 2" [_thread_blocked, id=10364, stack(0x000000ad65c00000,0x000000ad65d00000)]
  0x000001b9f0ad4a80 JavaThread "Handler for socket connection from /127.0.0.1:54827 to /127.0.0.1:59731" [_thread_in_native, id=4704, stack(0x000000ad65d00000,0x000000ad65e00000)]
  0x000001b9f8d8cbf0 JavaThread "Cancel handler" [_thread_blocked, id=13872, stack(0x000000ad65e00000,0x000000ad65f00000)]
  0x000001b9f8d8c250 JavaThread "Daemon worker Thread 2" [_thread_blocked, id=3812, stack(0x000000ad67a00000,0x000000ad67b00000)]
  0x000001b9f0730660 JavaThread "Asynchronous log dispatcher for DefaultDaemonConnection: socket connection from /127.0.0.1:54827 to /127.0.0.1:59731" [_thread_blocked, id=14872, stack(0x000000ad67b00000,0x000000ad67c00000)]
  0x000001b9f07314d0 JavaThread "Stdin handler" [_thread_blocked, id=7892, stack(0x000000ad67c00000,0x000000ad67d00000)]
  0x000001b9f0731e70 JavaThread "Daemon client event forwarder" [_thread_blocked, id=8872, stack(0x000000ad67d00000,0x000000ad67e00000)]
  0x000001b9f0730b30 JavaThread "Cache worker for checksums cache (C:\Users\ITS\Documents\Flutter_Projects\p\Flutter-Restaurant(v2.7)\Mobile Source\android\.gradle\7.4\checksums)" [_thread_blocked, id=568, stack(0x000000ad67e00000,0x000000ad67f00000)]
  0x000001b9f12806a0 JavaThread "Cache worker for cache directory md-rule (C:\Users\ITS\.gradle\caches\7.4\md-rule)" [_thread_blocked, id=14328, stack(0x000000ad67f00000,0x000000ad68000000)]
  0x000001b9f1281510 JavaThread "Cache worker for file hash cache (C:\Users\ITS\Documents\Flutter_Projects\p\Flutter-Restaurant(v2.7)\Mobile Source\android\.gradle\7.4\fileHashes)" [_thread_blocked, id=980, stack(0x000000ad68000000,0x000000ad68100000)]
  0x000001b9f1282380 JavaThread "Cache worker for cache directory md-supplier (C:\Users\ITS\.gradle\caches\7.4\md-supplier)" [_thread_blocked, id=9944, stack(0x000000ad68900000,0x000000ad68a00000)]
  0x000001b9f1281eb0 JavaThread "Cache worker for dependencies-accessors (C:\Users\ITS\Documents\Flutter_Projects\p\Flutter-Restaurant(v2.7)\Mobile Source\android\.gradle\7.4\dependencies-accessors)" [_thread_blocked, id=13240, stack(0x000000ad68a00000,0x000000ad68b00000)]
  0x000001b9f1280b70 JavaThread "Cache worker for Build Output Cleanup Cache (C:\Users\ITS\Documents\Flutter_Projects\p\Flutter-Restaurant(v2.7)\Mobile Source\android\.gradle\buildOutputCleanup)" [_thread_blocked, id=5180, stack(0x000000ad68c00000,0x000000ad68d00000)]
  0x000001b9f127f830 JavaThread "Unconstrained build operations" [_thread_blocked, id=2976, stack(0x000000ad68f00000,0x000000ad69000000)]
  0x000001b9f127e9c0 JavaThread "Unconstrained build operations Thread 2" [_thread_blocked, id=3408, stack(0x000000ad69500000,0x000000ad69600000)]
  0x000001b9f127f360 JavaThread "Unconstrained build operations Thread 3" [_thread_blocked, id=14656, stack(0x000000ad69700000,0x000000ad69800000)]
  0x000001b9f1281040 JavaThread "Unconstrained build operations Thread 4" [_thread_blocked, id=5964, stack(0x000000ad69800000,0x000000ad69900000)]
  0x000001b9f127fd00 JavaThread "Unconstrained build operations Thread 5" [_thread_blocked, id=11472, stack(0x000000ad69900000,0x000000ad69a00000)]
  0x000001b9f127ee90 JavaThread "Unconstrained build operations Thread 6" [_thread_blocked, id=272, stack(0x000000ad69a00000,0x000000ad69b00000)]
  0x000001b9f12801d0 JavaThread "Unconstrained build operations Thread 7" [_thread_blocked, id=11888, stack(0x000000ad69b00000,0x000000ad69c00000)]
  0x000001b9f12819e0 JavaThread "Unconstrained build operations Thread 8" [_thread_blocked, id=8664, stack(0x000000ad69c00000,0x000000ad69d00000)]
  0x000001b9f65a49e0 JavaThread "Unconstrained build operations Thread 9" [_thread_blocked, id=8388, stack(0x000000ad69d00000,0x000000ad69e00000)]
  0x000001b9f65a4eb0 JavaThread "Unconstrained build operations Thread 10" [_thread_blocked, id=6348, stack(0x000000ad69e00000,0x000000ad69f00000)]
  0x000001b9f65a5380 JavaThread "Unconstrained build operations Thread 11" [_thread_blocked, id=8116, stack(0x000000ad69f00000,0x000000ad6a000000)]
  0x000001b9f65a5850 JavaThread "Unconstrained build operations Thread 12" [_thread_blocked, id=10228, stack(0x000000ad6a000000,0x000000ad6a100000)]
  0x000001b9f65a4040 JavaThread "Unconstrained build operations Thread 13" [_thread_blocked, id=8248, stack(0x000000ad6a100000,0x000000ad6a200000)]
  0x000001b9f65a4510 JavaThread "Unconstrained build operations Thread 14" [_thread_blocked, id=9416, stack(0x000000ad6a200000,0x000000ad6a300000)]
  0x000001b9f8f28d50 JavaThread "Unconstrained build operations Thread 15" [_thread_blocked, id=14948, stack(0x000000ad6a300000,0x000000ad6a400000)]
  0x000001b9f8f27a10 JavaThread "Unconstrained build operations Thread 16" [_thread_blocked, id=4832, stack(0x000000ad6a400000,0x000000ad6a500000)]
  0x000001b9f3859cc0 JavaThread "Unconstrained build operations Thread 17" [_thread_blocked, id=15048, stack(0x000000ad6a500000,0x000000ad6a600000)]
  0x000001b9f385b000 JavaThread "Unconstrained build operations Thread 18" [_thread_blocked, id=7396, stack(0x000000ad6a600000,0x000000ad6a700000)]
  0x000001b9f385a190 JavaThread "Unconstrained build operations Thread 19" [_thread_blocked, id=7592, stack(0x000000ad6a700000,0x000000ad6a800000)]
  0x000001b9f937d830 JavaThread "Unconstrained build operations Thread 20" [_thread_blocked, id=6400, stack(0x000000ad6a800000,0x000000ad6a900000)]
  0x000001b9f385ab30 JavaThread "Unconstrained build operations Thread 21" [_thread_blocked, id=2064, stack(0x000000ad6a900000,0x000000ad6aa00000)]
  0x000001b9f385b4d0 JavaThread "Unconstrained build operations Thread 22" [_thread_blocked, id=8940, stack(0x000000ad6aa00000,0x000000ad6ab00000)]
  0x000001b9f385a660 JavaThread "Unconstrained build operations Thread 23" [_thread_blocked, id=9988, stack(0x000000ad6ab00000,0x000000ad6ac00000)]
  0x000001b9f0ccaa00 JavaThread "Unconstrained build operations Thread 24" [_thread_blocked, id=216, stack(0x000000ad6ac00000,0x000000ad6ad00000)]
  0x000001b9f0cc8d20 JavaThread "Unconstrained build operations Thread 25" [_thread_blocked, id=9448, stack(0x000000ad6ad00000,0x000000ad6ae00000)]
  0x000001b9f0cc96c0 JavaThread "Unconstrained build operations Thread 26" [_thread_blocked, id=9460, stack(0x000000ad6ae00000,0x000000ad6af00000)]
  0x000001b9f0ccb3a0 JavaThread "Unconstrained build operations Thread 27" [_thread_blocked, id=9012, stack(0x000000ad6af00000,0x000000ad6b000000)]
  0x000001b9f937e1d0 JavaThread "Unconstrained build operations Thread 28" [_thread_blocked, id=9544, stack(0x000000ad6b000000,0x000000ad6b100000)]
  0x000001b9f937ce90 JavaThread "Unconstrained build operations Thread 29" [_thread_blocked, id=7496, stack(0x000000ad6b100000,0x000000ad6b200000)]
  0x000001b9f937d360 JavaThread "Unconstrained build operations Thread 30" [_thread_blocked, id=5756, stack(0x000000ad6b200000,0x000000ad6b300000)]
  0x000001b9f0acf3e0 JavaThread "Unconstrained build operations Thread 31" [_thread_blocked, id=5156, stack(0x000000ad6b300000,0x000000ad6b400000)]
  0x000001b9f0ad5420 JavaThread "Unconstrained build operations Thread 32" [_thread_blocked, id=15240, stack(0x000000ad6b400000,0x000000ad6b500000)]
  0x000001b9f0ad2400 JavaThread "Unconstrained build operations Thread 33" [_thread_blocked, id=10048, stack(0x000000ad6b500000,0x000000ad6b600000)]
  0x000001b9f0ad28d0 JavaThread "Unconstrained build operations Thread 34" [_thread_blocked, id=5336, stack(0x000000ad6b600000,0x000000ad6b700000)]
  0x000001b9f6ef76d0 JavaThread "Unconstrained build operations Thread 35" [_thread_blocked, id=6936, stack(0x000000ad6b700000,0x000000ad6b800000)]
  0x000001b9f6ef3d10 JavaThread "Unconstrained build operations Thread 36" [_thread_blocked, id=10252, stack(0x000000ad6b800000,0x000000ad6b900000)]
  0x000001b9f6ef59f0 JavaThread "Unconstrained build operations Thread 37" [_thread_blocked, id=10712, stack(0x000000ad6b900000,0x000000ad6ba00000)]
  0x000001b9f6ef6860 JavaThread "Unconstrained build operations Thread 38" [_thread_blocked, id=12112, stack(0x000000ad6ba00000,0x000000ad6bb00000)]
  0x000001b9f6ef6d30 JavaThread "Unconstrained build operations Thread 39" [_thread_blocked, id=1640, stack(0x000000ad6bb00000,0x000000ad6bc00000)]
  0x000001b9f6ef4b80 JavaThread "Unconstrained build operations Thread 40" [_thread_blocked, id=13236, stack(0x000000ad6bc00000,0x000000ad6bd00000)]
  0x000001b9f6ef5520 JavaThread "Unconstrained build operations Thread 41" [_thread_blocked, id=9384, stack(0x000000ad6bd00000,0x000000ad6be00000)]
  0x000001b9f9087220 JavaThread "Unconstrained build operations Thread 42" [_thread_blocked, id=9824, stack(0x000000ad6be00000,0x000000ad6bf00000)]
  0x000001b9f9085540 JavaThread "Unconstrained build operations Thread 43" [_thread_blocked, id=6840, stack(0x000000ad6bf00000,0x000000ad6c000000)]
  0x000001b9f9085a10 JavaThread "Unconstrained build operations Thread 44" [_thread_blocked, id=10192, stack(0x000000ad6c000000,0x000000ad6c100000)]
  0x000001b9f9086880 JavaThread "Unconstrained build operations Thread 45" [_thread_blocked, id=7400, stack(0x000000ad6c100000,0x000000ad6c200000)]
  0x000001b9f9085ee0 JavaThread "Unconstrained build operations Thread 46" [_thread_blocked, id=2088, stack(0x000000ad6c200000,0x000000ad6c300000)]
  0x000001b9f9087bc0 JavaThread "Unconstrained build operations Thread 47" [_thread_blocked, id=4192, stack(0x000000ad6c300000,0x000000ad6c400000)]
  0x000001b9ecb20980 JavaThread "Unconstrained build operations Thread 48" [_thread_blocked, id=6104, stack(0x000000ad6c400000,0x000000ad6c500000)]
  0x000001b9ecb20e50 JavaThread "Unconstrained build operations Thread 49" [_thread_blocked, id=12788, stack(0x000000ad6c500000,0x000000ad6c600000)]
  0x000001b9ecb23000 JavaThread "Unconstrained build operations Thread 50" [_thread_blocked, id=7576, stack(0x000000ad6c600000,0x000000ad6c700000)]
  0x000001b9ecb234d0 JavaThread "Unconstrained build operations Thread 51" [_thread_blocked, id=2076, stack(0x000000ad6c700000,0x000000ad6c800000)]
  0x000001b9ecb1ffe0 JavaThread "Unconstrained build operations Thread 52" [_thread_blocked, id=9516, stack(0x000000ad6c800000,0x000000ad6c900000)]
  0x000001b9f0ccbd40 JavaThread "Unconstrained build operations Thread 53" [_thread_blocked, id=12548, stack(0x000000ad6c900000,0x000000ad6ca00000)]
  0x000001b9f0ccc210 JavaThread "Unconstrained build operations Thread 54" [_thread_blocked, id=7336, stack(0x000000ad6ca00000,0x000000ad6cb00000)]
  0x000001b9f0ccaed0 JavaThread "Unconstrained build operations Thread 55" [_thread_blocked, id=808, stack(0x000000ad6cb00000,0x000000ad6cc00000)]
  0x000001b9f0cc91f0 JavaThread "Unconstrained build operations Thread 56" [_thread_blocked, id=15008, stack(0x000000ad6cc00000,0x000000ad6cd00000)]
  0x000001b9f0cc9b90 JavaThread "Unconstrained build operations Thread 57" [_thread_blocked, id=3504, stack(0x000000ad6cd00000,0x000000ad6ce00000)]
  0x000001b9f0ccc6e0 JavaThread "Unconstrained build operations Thread 58" [_thread_blocked, id=9692, stack(0x000000ad6ce00000,0x000000ad6cf00000)]
  0x000001b9f0cca060 JavaThread "Unconstrained build operations Thread 59" [_thread_blocked, id=5084, stack(0x000000ad6cf00000,0x000000ad6d000000)]
  0x000001b9f0cca530 JavaThread "Unconstrained build operations Thread 60" [_thread_blocked, id=15108, stack(0x000000ad6d000000,0x000000ad6d100000)]
  0x000001b9f0ccb870 JavaThread "Unconstrained build operations Thread 61" [_thread_blocked, id=10328, stack(0x000000ad6d100000,0x000000ad6d200000)]
  0x000001b9f302b230 JavaThread "Unconstrained build operations Thread 62" [_thread_blocked, id=13608, stack(0x000000ad6d200000,0x000000ad6d300000)]
  0x000001b9f302d3e0 JavaThread "Unconstrained build operations Thread 63" [_thread_blocked, id=13260, stack(0x000000ad6d300000,0x000000ad6d400000)]
  0x000001b9f302a3c0 JavaThread "Unconstrained build operations Thread 64" [_thread_blocked, id=8008, stack(0x000000ad6d400000,0x000000ad6d500000)]
  0x000001b9f302b700 JavaThread "Unconstrained build operations Thread 65" [_thread_blocked, id=2292, stack(0x000000ad6d500000,0x000000ad6d600000)]
  0x000001b9f302d8b0 JavaThread "Unconstrained build operations Thread 66" [_thread_blocked, id=2448, stack(0x000000ad6d600000,0x000000ad6d700000)]
  0x000001b9f302ad60 JavaThread "Unconstrained build operations Thread 67" [_thread_blocked, id=7652, stack(0x000000ad6d700000,0x000000ad6d800000)]
  0x000001b9f302cf10 JavaThread "Unconstrained build operations Thread 68" [_thread_blocked, id=5388, stack(0x000000ad6d800000,0x000000ad6d900000)]
  0x000001b9f302c570 JavaThread "Unconstrained build operations Thread 69" [_thread_blocked, id=13064, stack(0x000000ad6d900000,0x000000ad6da00000)]
  0x000001b9f302bbd0 JavaThread "Unconstrained build operations Thread 70" [_thread_blocked, id=12896, stack(0x000000ad6da00000,0x000000ad6db00000)]
  0x000001b9f302c0a0 JavaThread "Unconstrained build operations Thread 71" [_thread_blocked, id=12536, stack(0x000000ad6db00000,0x000000ad6dc00000)]
  0x000001b9f302ca40 JavaThread "Unconstrained build operations Thread 72" [_thread_blocked, id=9296, stack(0x000000ad6dc00000,0x000000ad6dd00000)]
  0x000001b9f302dd80 JavaThread "Unconstrained build operations Thread 73" [_thread_blocked, id=1028, stack(0x000000ad6dd00000,0x000000ad6de00000)]
  0x000001b9f302a890 JavaThread "Unconstrained build operations Thread 74" [_thread_blocked, id=4728, stack(0x000000ad6de00000,0x000000ad6df00000)]
  0x000001b9f3884dc0 JavaThread "Unconstrained build operations Thread 75" [_thread_blocked, id=11960, stack(0x000000ad6df00000,0x000000ad6e000000)]
  0x000001b9f3886100 JavaThread "Unconstrained build operations Thread 76" [_thread_blocked, id=8900, stack(0x000000ad6e000000,0x000000ad6e100000)]
  0x000001b9f3883a80 JavaThread "Unconstrained build operations Thread 77" [_thread_blocked, id=4820, stack(0x000000ad6e100000,0x000000ad6e200000)]
  0x000001b9f38865d0 JavaThread "Unconstrained build operations Thread 78" [_thread_blocked, id=2768, stack(0x000000ad6e200000,0x000000ad6e300000)]
  0x000001b9f3884420 JavaThread "Unconstrained build operations Thread 79" [_thread_blocked, id=6812, stack(0x000000ad6e300000,0x000000ad6e400000)]
  0x000001b9f3885760 JavaThread "Unconstrained build operations Thread 80" [_thread_blocked, id=11680, stack(0x000000ad6e400000,0x000000ad6e500000)]
  0x000001b9fd6bd150 JavaThread "C2 CompilerThread1" daemon [_thread_blocked, id=3968, stack(0x000000ad68b00000,0x000000ad68c00000)]

Other Threads:
=>0x000001b9eb7dc810 VMThread "VM Thread" [stack: 0x000000ad66500000,0x000000ad66600000] [id=856]
  0x000001b9ca7f1930 WatcherThread [stack: 0x000000ad67100000,0x000000ad67200000] [id=15024]
  0x000001b9ca7d4340 GCTaskThread "GC Thread#0" [stack: 0x000000ad66000000,0x000000ad66100000] [id=14308]
  0x000001b9ed5e5bc0 GCTaskThread "GC Thread#1" [stack: 0x000000ad67400000,0x000000ad67500000] [id=2012]
  0x000001b9ece66470 GCTaskThread "GC Thread#2" [stack: 0x000000ad67500000,0x000000ad67600000] [id=14860]
  0x000001b9ec57bf50 GCTaskThread "GC Thread#3" [stack: 0x000000ad67600000,0x000000ad67700000] [id=3616]
  0x000001b9ecf549f0 GCTaskThread "GC Thread#4" [stack: 0x000000ad67700000,0x000000ad67800000] [id=1368]
  0x000001b9ef0c1a90 GCTaskThread "GC Thread#5" [stack: 0x000000ad67200000,0x000000ad67300000] [id=3600]
  0x000001b9eeab0c20 GCTaskThread "GC Thread#6" [stack: 0x000000ad68100000,0x000000ad68200000] [id=5096]
  0x000001b9eeab0ed0 GCTaskThread "GC Thread#7" [stack: 0x000000ad68200000,0x000000ad68300000] [id=5048]
  0x000001b9ca7e01a0 ConcurrentGCThread "G1 Main Marker" [stack: 0x000000ad66100000,0x000000ad66200000] [id=1080]
  0x000001b9ca7e1260 ConcurrentGCThread "G1 Conc#0" [stack: 0x000000ad66200000,0x000000ad66300000] [id=10500]
  0x000001b9ed4ca3f0 ConcurrentGCThread "G1 Conc#1" [stack: 0x000000ad68500000,0x000000ad68600000] [id=11664]
  0x000001b9eb620090 ConcurrentGCThread "G1 Refine#0" [stack: 0x000000ad66300000,0x000000ad66400000] [id=5452]
  0x000001b9f0acac10 ConcurrentGCThread "G1 Refine#1" [stack: 0x000000ad6ed00000,0x000000ad6ee00000] [id=3844]
  0x000001b9f0acb790 ConcurrentGCThread "G1 Refine#2" [stack: 0x000000ad6ee00000,0x000000ad6ef00000] [id=3588]
  0x000001b9f0acba70 ConcurrentGCThread "G1 Refine#3" [stack: 0x000000ad6ef00000,0x000000ad6f000000] [id=2668]
  0x000001b9f0acc030 ConcurrentGCThread "G1 Refine#4" [stack: 0x000000ad6f000000,0x000000ad6f100000] [id=13896]
  0x000001b9f93c2350 ConcurrentGCThread "G1 Refine#5" [stack: 0x000000ad6fa00000,0x000000ad6fb00000] [id=1252]
  0x000001b9eb6209c0 ConcurrentGCThread "G1 Service" [stack: 0x000000ad66400000,0x000000ad66500000] [id=6220]

Threads with active compile tasks:
C2 CompilerThread0  3249770 24920       4       org.gradle.util.internal.ConfigureUtil::configureTarget (48 bytes)
C2 CompilerThread1  3249770 24907       4       org.gradle.api.internal.artifacts.dsl.ArtifactFile::<init> (281 bytes)

VM state: at safepoint (normal execution)

VM Mutex/Monitor currently owned by a thread:  ([mutex/lock_event])
[0x000001b9ca75a810] Threads_lock - owner thread: 0x000001b9eb7dc810
[0x000001b9ca759fa0] Heap_lock - owner thread: 0x000001b9f8d8c250

Heap address: 0x00000006c0000000, size: 5120 MB, Compressed Oops mode: Zero based, Oop shift amount: 3

CDS archive(s) not mapped
Compressed class space mapped at: 0x0000000800000000-0x0000000840000000, reserved size: 1073741824
Narrow klass base: 0x0000000800000000, Narrow klass shift: 0, Narrow klass range: 0x40000000

GC Precious Log:
 CPUs: 8 total, 8 available
 Memory: 8097M
 Large Page Support: Disabled
 NUMA Support: Disabled
 Compressed Oops: Enabled (Zero based)
 Heap Region Size: 4M
 Heap Min Capacity: 8M
 Heap Initial Capacity: 128M
 Heap Max Capacity: 5G
 Pre-touch: Disabled
 Parallel Workers: 8
 Concurrent Workers: 2
 Concurrent Refinement Workers: 8
 Periodic GC: Disabled

Heap:
 garbage-first heap   total 1114112K, used 548864K [0x00000006c0000000, 0x0000000800000000)
  region size 4096K, 2 young (8192K), 2 survivors (8192K)
 Metaspace       used 115473K, committed 117952K, reserved 1155072K
  class space    used 15724K, committed 16704K, reserved 1048576K

Heap Regions: E=young(eden), S=young(survivor), O=old, HS=humongous(starts), HC=humongous(continues), CS=collection set, F=free, OA=open archive, CA=closed archive, TAMS=top-at-mark-start (previous, next)
|   0|0x00000006c0000000, 0x00000006c0400000, 0x00000006c0400000|100%| O|  |TAMS 0x00000006c0400000, 0x00000006c0000000| Untracked 
|   1|0x00000006c0400000, 0x00000006c0800000, 0x00000006c0800000|100%|HS|  |TAMS 0x00000006c0800000, 0x00000006c0400000| Complete 
|   2|0x00000006c0800000, 0x00000006c0c00000, 0x00000006c0c00000|100%| O|  |TAMS 0x00000006c0c00000, 0x00000006c0800000| Untracked 
|   3|0x00000006c0c00000, 0x00000006c1000000, 0x00000006c1000000|100%| O|  |TAMS 0x00000006c1000000, 0x00000006c0c00000| Untracked 
|   4|0x00000006c1000000, 0x00000006c1400000, 0x00000006c1400000|100%| O|  |TAMS 0x00000006c1400000, 0x00000006c1000000| Untracked 
|   5|0x00000006c1400000, 0x00000006c1800000, 0x00000006c1800000|100%| O|  |TAMS 0x00000006c1800000, 0x00000006c1400000| Untracked 
|   6|0x00000006c1800000, 0x00000006c1c00000, 0x00000006c1c00000|100%| O|  |TAMS 0x00000006c1c00000, 0x00000006c1800000| Untracked 
|   7|0x00000006c1c00000, 0x00000006c2000000, 0x00000006c2000000|100%| O|  |TAMS 0x00000006c2000000, 0x00000006c1c00000| Untracked 
|   8|0x00000006c2000000, 0x00000006c2400000, 0x00000006c2400000|100%|HS|  |TAMS 0x00000006c2400000, 0x00000006c2000000| Complete 
|   9|0x00000006c2400000, 0x00000006c2800000, 0x00000006c2800000|100%| O|  |TAMS 0x00000006c2800000, 0x00000006c2400000| Untracked 
|  10|0x00000006c2800000, 0x00000006c2c00000, 0x00000006c2c00000|100%| O|  |TAMS 0x00000006c2c00000, 0x00000006c2800000| Untracked 
|  11|0x00000006c2c00000, 0x00000006c3000000, 0x00000006c3000000|100%| O|  |TAMS 0x00000006c3000000, 0x00000006c2c00000| Untracked 
|  12|0x00000006c3000000, 0x00000006c3400000, 0x00000006c3400000|100%| O|  |TAMS 0x00000006c3400000, 0x00000006c3000000| Untracked 
|  13|0x00000006c3400000, 0x00000006c3800000, 0x00000006c3800000|100%| O|  |TAMS 0x00000006c3800000, 0x00000006c3400000| Untracked 
|  14|0x00000006c3800000, 0x00000006c3c00000, 0x00000006c3c00000|100%| O|  |TAMS 0x00000006c3c00000, 0x00000006c3800000| Untracked 
|  15|0x00000006c3c00000, 0x00000006c4000000, 0x00000006c4000000|100%| O|  |TAMS 0x00000006c4000000, 0x00000006c3c00000| Untracked 
|  16|0x00000006c4000000, 0x00000006c4400000, 0x00000006c4400000|100%| O|  |TAMS 0x00000006c4400000, 0x00000006c4000000| Untracked 
|  17|0x00000006c4400000, 0x00000006c4800000, 0x00000006c4800000|100%| O|  |TAMS 0x00000006c4800000, 0x00000006c4400000| Untracked 
|  18|0x00000006c4800000, 0x00000006c4c00000, 0x00000006c4c00000|100%| O|  |TAMS 0x00000006c4c00000, 0x00000006c4800000| Untracked 
|  19|0x00000006c4c00000, 0x00000006c5000000, 0x00000006c5000000|100%| O|  |TAMS 0x00000006c5000000, 0x00000006c4c00000| Untracked 
|  20|0x00000006c5000000, 0x00000006c5400000, 0x00000006c5400000|100%| O|  |TAMS 0x00000006c5400000, 0x00000006c5000000| Untracked 
|  21|0x00000006c5400000, 0x00000006c5800000, 0x00000006c5800000|100%| O|  |TAMS 0x00000006c5800000, 0x00000006c5400000| Untracked 
|  22|0x00000006c5800000, 0x00000006c5c00000, 0x00000006c5c00000|100%| O|  |TAMS 0x00000006c5c00000, 0x00000006c5800000| Untracked 
|  23|0x00000006c5c00000, 0x00000006c6000000, 0x00000006c6000000|100%| O|  |TAMS 0x00000006c6000000, 0x00000006c5c00000| Untracked 
|  24|0x00000006c6000000, 0x00000006c6400000, 0x00000006c6400000|100%| O|  |TAMS 0x00000006c6400000, 0x00000006c6000000| Untracked 
|  25|0x00000006c6400000, 0x00000006c6800000, 0x00000006c6800000|100%| O|  |TAMS 0x00000006c6800000, 0x00000006c6400000| Untracked 
|  26|0x00000006c6800000, 0x00000006c6c00000, 0x00000006c6c00000|100%| O|  |TAMS 0x00000006c6c00000, 0x00000006c6800000| Untracked 
|  27|0x00000006c6c00000, 0x00000006c7000000, 0x00000006c7000000|100%| O|  |TAMS 0x00000006c7000000, 0x00000006c6c00000| Untracked 
|  28|0x00000006c7000000, 0x00000006c7400000, 0x00000006c7400000|100%| O|  |TAMS 0x00000006c7400000, 0x00000006c7000000| Untracked 
|  29|0x00000006c7400000, 0x00000006c7800000, 0x00000006c7800000|100%| O|  |TAMS 0x00000006c7800000, 0x00000006c7400000| Untracked 
|  30|0x00000006c7800000, 0x00000006c7c00000, 0x00000006c7c00000|100%| O|  |TAMS 0x00000006c7c00000, 0x00000006c7800000| Untracked 
|  31|0x00000006c7c00000, 0x00000006c8000000, 0x00000006c8000000|100%| O|  |TAMS 0x00000006c8000000, 0x00000006c7c00000| Untracked 
|  32|0x00000006c8000000, 0x00000006c8400000, 0x00000006c8400000|100%| O|  |TAMS 0x00000006c8400000, 0x00000006c8000000| Untracked 
|  33|0x00000006c8400000, 0x00000006c8800000, 0x00000006c8800000|100%| O|  |TAMS 0x00000006c8800000, 0x00000006c8400000| Untracked 
|  34|0x00000006c8800000, 0x00000006c8c00000, 0x00000006c8c00000|100%| O|  |TAMS 0x00000006c8c00000, 0x00000006c8800000| Untracked 
|  35|0x00000006c8c00000, 0x00000006c9000000, 0x00000006c9000000|100%| O|  |TAMS 0x00000006c9000000, 0x00000006c8c00000| Untracked 
|  36|0x00000006c9000000, 0x00000006c9400000, 0x00000006c9400000|100%|HS|  |TAMS 0x00000006c9400000, 0x00000006c9000000| Complete 
|  37|0x00000006c9400000, 0x00000006c9800000, 0x00000006c9800000|100%| O|  |TAMS 0x00000006c9800000, 0x00000006c9400000| Untracked 
|  38|0x00000006c9800000, 0x00000006c9c00000, 0x00000006c9c00000|100%| O|  |TAMS 0x00000006c9c00000, 0x00000006c9800000| Untracked 
|  39|0x00000006c9c00000, 0x00000006ca000000, 0x00000006ca000000|100%| O|  |TAMS 0x00000006ca000000, 0x00000006c9c00000| Untracked 
|  40|0x00000006ca000000, 0x00000006ca400000, 0x00000006ca400000|100%| O|  |TAMS 0x00000006ca400000, 0x00000006ca000000| Untracked 
|  41|0x00000006ca400000, 0x00000006ca800000, 0x00000006ca800000|100%| O|  |TAMS 0x00000006ca800000, 0x00000006ca400000| Untracked 
|  42|0x00000006ca800000, 0x00000006cac00000, 0x00000006cac00000|100%| O|  |TAMS 0x00000006cac00000, 0x00000006ca800000| Untracked 
|  43|0x00000006cac00000, 0x00000006cb000000, 0x00000006cb000000|100%| O|  |TAMS 0x00000006cb000000, 0x00000006cac00000| Untracked 
|  44|0x00000006cb000000, 0x00000006cb400000, 0x00000006cb400000|100%| O|  |TAMS 0x00000006cb400000, 0x00000006cb000000| Untracked 
|  45|0x00000006cb400000, 0x00000006cb800000, 0x00000006cb800000|100%| O|  |TAMS 0x00000006cb800000, 0x00000006cb400000| Untracked 
|  46|0x00000006cb800000, 0x00000006cbc00000, 0x00000006cbc00000|100%| O|  |TAMS 0x00000006cbc00000, 0x00000006cb800000| Untracked 
|  47|0x00000006cbc00000, 0x00000006cc000000, 0x00000006cc000000|100%| O|  |TAMS 0x00000006cc000000, 0x00000006cbc00000| Untracked 
|  48|0x00000006cc000000, 0x00000006cc400000, 0x00000006cc400000|100%| O|  |TAMS 0x00000006cc400000, 0x00000006cc000000| Untracked 
|  49|0x00000006cc400000, 0x00000006cc800000, 0x00000006cc800000|100%| O|  |TAMS 0x00000006cc800000, 0x00000006cc400000| Untracked 
|  50|0x00000006cc800000, 0x00000006ccc00000, 0x00000006ccc00000|100%| O|  |TAMS 0x00000006ccc00000, 0x00000006cc800000| Untracked 
|  51|0x00000006ccc00000, 0x00000006cd000000, 0x00000006cd000000|100%| O|  |TAMS 0x00000006cd000000, 0x00000006ccc00000| Untracked 
|  52|0x00000006cd000000, 0x00000006cd400000, 0x00000006cd400000|100%| O|  |TAMS 0x00000006cd400000, 0x00000006cd000000| Untracked 
|  53|0x00000006cd400000, 0x00000006cd800000, 0x00000006cd800000|100%| O|  |TAMS 0x00000006cd800000, 0x00000006cd400000| Untracked 
|  54|0x00000006cd800000, 0x00000006cdc00000, 0x00000006cdc00000|100%| O|  |TAMS 0x00000006cdc00000, 0x00000006cd800000| Untracked 
|  55|0x00000006cdc00000, 0x00000006ce000000, 0x00000006ce000000|100%| O|  |TAMS 0x00000006ce000000, 0x00000006cdc00000| Untracked 
|  56|0x00000006ce000000, 0x00000006ce400000, 0x00000006ce400000|100%| O|  |TAMS 0x00000006ce400000, 0x00000006ce000000| Untracked 
|  57|0x00000006ce400000, 0x00000006ce800000, 0x00000006ce800000|100%| O|  |TAMS 0x00000006ce800000, 0x00000006ce400000| Untracked 
|  58|0x00000006ce800000, 0x00000006cec00000, 0x00000006cec00000|100%| O|  |TAMS 0x00000006cec00000, 0x00000006ce800000| Untracked 
|  59|0x00000006cec00000, 0x00000006cf000000, 0x00000006cf000000|100%| O|  |TAMS 0x00000006cf000000, 0x00000006cec00000| Untracked 
|  60|0x00000006cf000000, 0x00000006cf400000, 0x00000006cf400000|100%| O|  |TAMS 0x00000006cf400000, 0x00000006cf000000| Untracked 
|  61|0x00000006cf400000, 0x00000006cf800000, 0x00000006cf800000|100%| O|  |TAMS 0x00000006cf800000, 0x00000006cf400000| Untracked 
|  62|0x00000006cf800000, 0x00000006cfc00000, 0x00000006cfc00000|100%| O|  |TAMS 0x00000006cfc00000, 0x00000006cf800000| Untracked 
|  63|0x00000006cfc00000, 0x00000006d0000000, 0x00000006d0000000|100%| O|  |TAMS 0x00000006d0000000, 0x00000006cfc00000| Untracked 
|  64|0x00000006d0000000, 0x00000006d0400000, 0x00000006d0400000|100%| O|  |TAMS 0x00000006d0400000, 0x00000006d0000000| Untracked 
|  65|0x00000006d0400000, 0x00000006d0800000, 0x00000006d0800000|100%| O|  |TAMS 0x00000006d0800000, 0x00000006d0400000| Untracked 
|  66|0x00000006d0800000, 0x00000006d0c00000, 0x00000006d0c00000|100%| O|  |TAMS 0x00000006d0c00000, 0x00000006d0800000| Untracked 
|  67|0x00000006d0c00000, 0x00000006d1000000, 0x00000006d1000000|100%| O|  |TAMS 0x00000006d1000000, 0x00000006d0c00000| Untracked 
|  68|0x00000006d1000000, 0x00000006d1400000, 0x00000006d1400000|100%| O|  |TAMS 0x00000006d1400000, 0x00000006d1000000| Untracked 
|  69|0x00000006d1400000, 0x00000006d1800000, 0x00000006d1800000|100%| O|  |TAMS 0x00000006d1800000, 0x00000006d1400000| Untracked 
|  70|0x00000006d1800000, 0x00000006d1c00000, 0x00000006d1c00000|100%| O|  |TAMS 0x00000006d1c00000, 0x00000006d1800000| Untracked 
|  71|0x00000006d1c00000, 0x00000006d1c00000, 0x00000006d2000000|  0%| F|  |TAMS 0x00000006d1c00000, 0x00000006d1c00000| Untracked 
|  72|0x00000006d2000000, 0x00000006d2400000, 0x00000006d2400000|100%| O|  |TAMS 0x00000006d2400000, 0x00000006d2000000| Untracked 
|  73|0x00000006d2400000, 0x00000006d2800000, 0x00000006d2800000|100%| O|  |TAMS 0x00000006d2800000, 0x00000006d2400000| Untracked 
|  74|0x00000006d2800000, 0x00000006d2c00000, 0x00000006d2c00000|100%| O|  |TAMS 0x00000006d2c00000, 0x00000006d2800000| Untracked 
|  75|0x00000006d2c00000, 0x00000006d3000000, 0x00000006d3000000|100%| O|  |TAMS 0x00000006d3000000, 0x00000006d2c00000| Untracked 
|  76|0x00000006d3000000, 0x00000006d3400000, 0x00000006d3400000|100%| O|  |TAMS 0x00000006d3400000, 0x00000006d3000000| Untracked 
|  77|0x00000006d3400000, 0x00000006d3800000, 0x00000006d3800000|100%| O|  |TAMS 0x00000006d3800000, 0x00000006d3400000| Untracked 
|  78|0x00000006d3800000, 0x00000006d3c00000, 0x00000006d3c00000|100%| O|  |TAMS 0x00000006d3c00000, 0x00000006d3800000| Untracked 
|  79|0x00000006d3c00000, 0x00000006d4000000, 0x00000006d4000000|100%| O|  |TAMS 0x00000006d4000000, 0x00000006d3c00000| Untracked 
|  80|0x00000006d4000000, 0x00000006d4400000, 0x00000006d4400000|100%| O|  |TAMS 0x00000006d4400000, 0x00000006d4000000| Untracked 
|  81|0x00000006d4400000, 0x00000006d4400000, 0x00000006d4800000|  0%| F|  |TAMS 0x00000006d4400000, 0x00000006d4400000| Untracked 
|  82|0x00000006d4800000, 0x00000006d4800000, 0x00000006d4c00000|  0%| F|  |TAMS 0x00000006d4800000, 0x00000006d4800000| Untracked 
|  83|0x00000006d4c00000, 0x00000006d5000000, 0x00000006d5000000|100%| O|  |TAMS 0x00000006d4cf4200, 0x00000006d4c00000| Untracked 
|  84|0x00000006d5000000, 0x00000006d5400000, 0x00000006d5400000|100%| O|  |TAMS 0x00000006d5400000, 0x00000006d5000000| Untracked 
|  85|0x00000006d5400000, 0x00000006d5800000, 0x00000006d5800000|100%| O|  |TAMS 0x00000006d5800000, 0x00000006d5400000| Untracked 
|  86|0x00000006d5800000, 0x00000006d5c00000, 0x00000006d5c00000|100%| O|  |TAMS 0x00000006d5c00000, 0x00000006d5800000| Untracked 
|  87|0x00000006d5c00000, 0x00000006d6000000, 0x00000006d6000000|100%| O|  |TAMS 0x00000006d6000000, 0x00000006d5c00000| Untracked 
|  88|0x00000006d6000000, 0x00000006d6400000, 0x00000006d6400000|100%| O|  |TAMS 0x00000006d6400000, 0x00000006d6000000| Untracked 
|  89|0x00000006d6400000, 0x00000006d6800000, 0x00000006d6800000|100%| O|  |TAMS 0x00000006d6800000, 0x00000006d6400000| Untracked 
|  90|0x00000006d6800000, 0x00000006d6800000, 0x00000006d6c00000|  0%| F|  |TAMS 0x00000006d6800000, 0x00000006d6800000| Untracked 
|  91|0x00000006d6c00000, 0x00000006d7000000, 0x00000006d7000000|100%| O|  |TAMS 0x00000006d6c00000, 0x00000006d6c00000| Untracked 
|  92|0x00000006d7000000, 0x00000006d7400000, 0x00000006d7400000|100%| O|  |TAMS 0x00000006d7400000, 0x00000006d7000000| Untracked 
|  93|0x00000006d7400000, 0x00000006d7800000, 0x00000006d7800000|100%| O|  |TAMS 0x00000006d7800000, 0x00000006d7400000| Untracked 
|  94|0x00000006d7800000, 0x00000006d7c00000, 0x00000006d7c00000|100%| O|  |TAMS 0x00000006d7c00000, 0x00000006d7800000| Untracked 
|  95|0x00000006d7c00000, 0x00000006d7c00000, 0x00000006d8000000|  0%| F|  |TAMS 0x00000006d7c00000, 0x00000006d7c00000| Untracked 
|  96|0x00000006d8000000, 0x00000006d8400000, 0x00000006d8400000|100%| O|  |TAMS 0x00000006d8400000, 0x00000006d8000000| Untracked 
|  97|0x00000006d8400000, 0x00000006d8800000, 0x00000006d8800000|100%| O|  |TAMS 0x00000006d8800000, 0x00000006d8400000| Untracked 
|  98|0x00000006d8800000, 0x00000006d8c00000, 0x00000006d8c00000|100%| O|  |TAMS 0x00000006d8c00000, 0x00000006d8800000| Untracked 
|  99|0x00000006d8c00000, 0x00000006d9000000, 0x00000006d9000000|100%| O|  |TAMS 0x00000006d9000000, 0x00000006d8c00000| Untracked 
| 100|0x00000006d9000000, 0x00000006d9400000, 0x00000006d9400000|100%| O|  |TAMS 0x00000006d9400000, 0x00000006d9000000| Untracked 
| 101|0x00000006d9400000, 0x00000006d9800000, 0x00000006d9800000|100%| O|  |TAMS 0x00000006d9800000, 0x00000006d9400000| Untracked 
| 102|0x00000006d9800000, 0x00000006d9800000, 0x00000006d9c00000|  0%| F|  |TAMS 0x00000006d9800000, 0x00000006d9800000| Untracked 
| 103|0x00000006d9c00000, 0x00000006da000000, 0x00000006da000000|100%| O|  |TAMS 0x00000006da000000, 0x00000006d9c00000| Untracked 
| 104|0x00000006da000000, 0x00000006da400000, 0x00000006da400000|100%| O|  |TAMS 0x00000006da400000, 0x00000006da000000| Untracked 
| 105|0x00000006da400000, 0x00000006da800000, 0x00000006da800000|100%| O|  |TAMS 0x00000006da800000, 0x00000006da400000| Untracked 
| 106|0x00000006da800000, 0x00000006dac00000, 0x00000006dac00000|100%| O|  |TAMS 0x00000006dac00000, 0x00000006da800000| Untracked 
| 107|0x00000006dac00000, 0x00000006db000000, 0x00000006db000000|100%| O|  |TAMS 0x00000006db000000, 0x00000006dac00000| Untracked 
| 108|0x00000006db000000, 0x00000006db400000, 0x00000006db400000|100%| O|  |TAMS 0x00000006db400000, 0x00000006db000000| Untracked 
| 109|0x00000006db400000, 0x00000006db800000, 0x00000006db800000|100%| O|  |TAMS 0x00000006db800000, 0x00000006db400000| Untracked 
| 110|0x00000006db800000, 0x00000006dbc00000, 0x00000006dbc00000|100%| O|  |TAMS 0x00000006dbc00000, 0x00000006db800000| Untracked 
| 111|0x00000006dbc00000, 0x00000006dc000000, 0x00000006dc000000|100%| O|  |TAMS 0x00000006dc000000, 0x00000006dbc00000| Untracked 
| 112|0x00000006dc000000, 0x00000006dc400000, 0x00000006dc400000|100%| O|  |TAMS 0x00000006dc400000, 0x00000006dc000000| Untracked 
| 113|0x00000006dc400000, 0x00000006dc800000, 0x00000006dc800000|100%| O|  |TAMS 0x00000006dc800000, 0x00000006dc400000| Untracked 
| 114|0x00000006dc800000, 0x00000006dcc00000, 0x00000006dcc00000|100%| O|  |TAMS 0x00000006dcc00000, 0x00000006dc800000| Untracked 
| 115|0x00000006dcc00000, 0x00000006dd000000, 0x00000006dd000000|100%| O|  |TAMS 0x00000006dcc00000, 0x00000006dcc00000| Untracked 
| 116|0x00000006dd000000, 0x00000006dd400000, 0x00000006dd400000|100%| O|  |TAMS 0x00000006dd000000, 0x00000006dd000000| Untracked 
| 117|0x00000006dd400000, 0x00000006dd800000, 0x00000006dd800000|100%| O|  |TAMS 0x00000006dd400000, 0x00000006dd400000| Untracked 
| 118|0x00000006dd800000, 0x00000006ddc00000, 0x00000006ddc00000|100%| O|  |TAMS 0x00000006dd800000, 0x00000006dd800000| Untracked 
| 119|0x00000006ddc00000, 0x00000006de000000, 0x00000006de000000|100%| O|  |TAMS 0x00000006ddc00000, 0x00000006ddc00000| Untracked 
| 120|0x00000006de000000, 0x00000006de400000, 0x00000006de400000|100%| O|  |TAMS 0x00000006de000000, 0x00000006de000000| Untracked 
| 121|0x00000006de400000, 0x00000006de800000, 0x00000006de800000|100%| O|  |TAMS 0x00000006de400000, 0x00000006de400000| Untracked 
| 122|0x00000006de800000, 0x00000006dec00000, 0x00000006dec00000|100%| O|  |TAMS 0x00000006de800000, 0x00000006de800000| Untracked 
| 123|0x00000006dec00000, 0x00000006df000000, 0x00000006df000000|100%| O|  |TAMS 0x00000006dec00000, 0x00000006dec00000| Untracked 
| 124|0x00000006df000000, 0x00000006df400000, 0x00000006df400000|100%| O|  |TAMS 0x00000006df000000, 0x00000006df000000| Untracked 
| 125|0x00000006df400000, 0x00000006df800000, 0x00000006df800000|100%| O|  |TAMS 0x00000006df400000, 0x00000006df400000| Untracked 
| 126|0x00000006df800000, 0x00000006dfc00000, 0x00000006dfc00000|100%| O|  |TAMS 0x00000006df800000, 0x00000006df800000| Untracked 
| 127|0x00000006dfc00000, 0x00000006e0000000, 0x00000006e0000000|100%| O|  |TAMS 0x00000006dfc00000, 0x00000006dfc00000| Untracked 
| 128|0x00000006e0000000, 0x00000006e0400000, 0x00000006e0400000|100%| O|  |TAMS 0x00000006e0000000, 0x00000006e0000000| Untracked 
| 129|0x00000006e0400000, 0x00000006e0800000, 0x00000006e0800000|100%| O|  |TAMS 0x00000006e0400000, 0x00000006e0400000| Untracked 
| 130|0x00000006e0800000, 0x00000006e0c00000, 0x00000006e0c00000|100%| O|  |TAMS 0x00000006e0800000, 0x00000006e0800000| Untracked 
| 131|0x00000006e0c00000, 0x00000006e1000000, 0x00000006e1000000|100%| O|  |TAMS 0x00000006e0c00000, 0x00000006e0c00000| Untracked 
| 132|0x00000006e1000000, 0x00000006e1400000, 0x00000006e1400000|100%| O|  |TAMS 0x00000006e1000000, 0x00000006e1000000| Untracked 
| 133|0x00000006e1400000, 0x00000006e1800000, 0x00000006e1800000|100%| O|  |TAMS 0x00000006e1800000, 0x00000006e1400000| Untracked 
| 134|0x00000006e1800000, 0x00000006e1c00000, 0x00000006e1c00000|100%| O|  |TAMS 0x00000006e1800000, 0x00000006e1800000| Untracked 
| 135|0x00000006e1c00000, 0x00000006e2000000, 0x00000006e2000000|100%| O|  |TAMS 0x00000006e1c00000, 0x00000006e1c00000| Untracked 
| 136|0x00000006e2000000, 0x00000006e2400000, 0x00000006e2400000|100%| O|  |TAMS 0x00000006e2000000, 0x00000006e2000000| Untracked 
| 137|0x00000006e2400000, 0x00000006e2800000, 0x00000006e2800000|100%| O|  |TAMS 0x00000006e2400000, 0x00000006e2400000| Untracked 
| 138|0x00000006e2800000, 0x00000006e2800000, 0x00000006e2c00000|  0%| F|  |TAMS 0x00000006e2800000, 0x00000006e2800000| Untracked 
| 139|0x00000006e2c00000, 0x00000006e2c00000, 0x00000006e3000000|  0%| F|  |TAMS 0x00000006e2c00000, 0x00000006e2c00000| Untracked 
| 140|0x00000006e3000000, 0x00000006e3000000, 0x00000006e3400000|  0%| F|  |TAMS 0x00000006e3000000, 0x00000006e3000000| Untracked 
| 141|0x00000006e3400000, 0x00000006e3400000, 0x00000006e3800000|  0%| F|  |TAMS 0x00000006e3400000, 0x00000006e3400000| Untracked 
| 142|0x00000006e3800000, 0x00000006e3800000, 0x00000006e3c00000|  0%| F|  |TAMS 0x00000006e3800000, 0x00000006e3800000| Untracked 
| 143|0x00000006e3c00000, 0x00000006e3c00000, 0x00000006e4000000|  0%| F|  |TAMS 0x00000006e3c00000, 0x00000006e3c00000| Untracked 
| 144|0x00000006e4000000, 0x00000006e4000000, 0x00000006e4400000|  0%| F|  |TAMS 0x00000006e4000000, 0x00000006e4000000| Untracked 
| 145|0x00000006e4400000, 0x00000006e4400000, 0x00000006e4800000|  0%| F|  |TAMS 0x00000006e4400000, 0x00000006e4400000| Untracked 
| 146|0x00000006e4800000, 0x00000006e4800000, 0x00000006e4c00000|  0%| F|  |TAMS 0x00000006e4800000, 0x00000006e4800000| Untracked 
| 147|0x00000006e4c00000, 0x00000006e4c00000, 0x00000006e5000000|  0%| F|  |TAMS 0x00000006e4c00000, 0x00000006e4c00000| Untracked 
| 148|0x00000006e5000000, 0x00000006e5000000, 0x00000006e5400000|  0%| F|  |TAMS 0x00000006e5000000, 0x00000006e5000000| Untracked 
| 149|0x00000006e5400000, 0x00000006e5400000, 0x00000006e5800000|  0%| F|  |TAMS 0x00000006e5400000, 0x00000006e5400000| Untracked 
| 150|0x00000006e5800000, 0x00000006e5800000, 0x00000006e5c00000|  0%| F|  |TAMS 0x00000006e5800000, 0x00000006e5800000| Untracked 
| 151|0x00000006e5c00000, 0x00000006e5c00000, 0x00000006e6000000|  0%| F|  |TAMS 0x00000006e5c00000, 0x00000006e5c00000| Untracked 
| 152|0x00000006e6000000, 0x00000006e6000000, 0x00000006e6400000|  0%| F|  |TAMS 0x00000006e6000000, 0x00000006e6000000| Untracked 
| 153|0x00000006e6400000, 0x00000006e6400000, 0x00000006e6800000|  0%| F|  |TAMS 0x00000006e6400000, 0x00000006e6400000| Untracked 
| 154|0x00000006e6800000, 0x00000006e6800000, 0x00000006e6c00000|  0%| F|  |TAMS 0x00000006e6800000, 0x00000006e6800000| Untracked 
| 155|0x00000006e6c00000, 0x00000006e6c00000, 0x00000006e7000000|  0%| F|  |TAMS 0x00000006e6c00000, 0x00000006e6c00000| Untracked 
| 156|0x00000006e7000000, 0x00000006e7000000, 0x00000006e7400000|  0%| F|  |TAMS 0x00000006e7000000, 0x00000006e7000000| Untracked 
| 157|0x00000006e7400000, 0x00000006e7400000, 0x00000006e7800000|  0%| F|  |TAMS 0x00000006e7400000, 0x00000006e7400000| Untracked 
| 158|0x00000006e7800000, 0x00000006e7800000, 0x00000006e7c00000|  0%| F|  |TAMS 0x00000006e7800000, 0x00000006e7800000| Untracked 
| 159|0x00000006e7c00000, 0x00000006e7c00000, 0x00000006e8000000|  0%| F|  |TAMS 0x00000006e7c00000, 0x00000006e7c00000| Untracked 
| 160|0x00000006e8000000, 0x00000006e8000000, 0x00000006e8400000|  0%| F|  |TAMS 0x00000006e8000000, 0x00000006e8000000| Untracked 
| 161|0x00000006e8400000, 0x00000006e8400000, 0x00000006e8800000|  0%| F|  |TAMS 0x00000006e8400000, 0x00000006e8400000| Untracked 
| 162|0x00000006e8800000, 0x00000006e8800000, 0x00000006e8c00000|  0%| F|  |TAMS 0x00000006e8800000, 0x00000006e8800000| Untracked 
| 163|0x00000006e8c00000, 0x00000006e8c00000, 0x00000006e9000000|  0%| F|  |TAMS 0x00000006e8c00000, 0x00000006e8c00000| Untracked 
| 164|0x00000006e9000000, 0x00000006e9000000, 0x00000006e9400000|  0%| F|  |TAMS 0x00000006e9000000, 0x00000006e9000000| Untracked 
| 165|0x00000006e9400000, 0x00000006e9400000, 0x00000006e9800000|  0%| F|  |TAMS 0x00000006e9400000, 0x00000006e9400000| Untracked 
| 166|0x00000006e9800000, 0x00000006e9800000, 0x00000006e9c00000|  0%| F|  |TAMS 0x00000006e9800000, 0x00000006e9800000| Untracked 
| 167|0x00000006e9c00000, 0x00000006e9c00000, 0x00000006ea000000|  0%| F|  |TAMS 0x00000006e9c00000, 0x00000006e9c00000| Untracked 
| 168|0x00000006ea000000, 0x00000006ea000000, 0x00000006ea400000|  0%| F|  |TAMS 0x00000006ea000000, 0x00000006ea000000| Untracked 
| 169|0x00000006ea400000, 0x00000006ea400000, 0x00000006ea800000|  0%| F|  |TAMS 0x00000006ea400000, 0x00000006ea400000| Untracked 
| 170|0x00000006ea800000, 0x00000006ea800000, 0x00000006eac00000|  0%| F|  |TAMS 0x00000006ea800000, 0x00000006ea800000| Untracked 
| 171|0x00000006eac00000, 0x00000006eac00000, 0x00000006eb000000|  0%| F|  |TAMS 0x00000006eac00000, 0x00000006eac00000| Untracked 
| 172|0x00000006eb000000, 0x00000006eb000000, 0x00000006eb400000|  0%| F|  |TAMS 0x00000006eb000000, 0x00000006eb000000| Untracked 
| 173|0x00000006eb400000, 0x00000006eb400000, 0x00000006eb800000|  0%| F|  |TAMS 0x00000006eb400000, 0x00000006eb400000| Untracked 
| 174|0x00000006eb800000, 0x00000006eb800000, 0x00000006ebc00000|  0%| F|  |TAMS 0x00000006eb800000, 0x00000006eb800000| Untracked 
| 175|0x00000006ebc00000, 0x00000006ebc00000, 0x00000006ec000000|  0%| F|  |TAMS 0x00000006ebc00000, 0x00000006ebc00000| Untracked 
| 176|0x00000006ec000000, 0x00000006ec000000, 0x00000006ec400000|  0%| F|  |TAMS 0x00000006ec000000, 0x00000006ec000000| Untracked 
| 177|0x00000006ec400000, 0x00000006ec400000, 0x00000006ec800000|  0%| F|  |TAMS 0x00000006ec400000, 0x00000006ec400000| Untracked 
| 178|0x00000006ec800000, 0x00000006ec800000, 0x00000006ecc00000|  0%| F|  |TAMS 0x00000006ec800000, 0x00000006ec800000| Untracked 
| 179|0x00000006ecc00000, 0x00000006ecc00000, 0x00000006ed000000|  0%| F|  |TAMS 0x00000006ecc00000, 0x00000006ecc00000| Untracked 
| 180|0x00000006ed000000, 0x00000006ed000000, 0x00000006ed400000|  0%| F|  |TAMS 0x00000006ed000000, 0x00000006ed000000| Untracked 
| 181|0x00000006ed400000, 0x00000006ed400000, 0x00000006ed800000|  0%| F|  |TAMS 0x00000006ed400000, 0x00000006ed400000| Untracked 
| 182|0x00000006ed800000, 0x00000006ed800000, 0x00000006edc00000|  0%| F|  |TAMS 0x00000006ed800000, 0x00000006ed800000| Untracked 
| 183|0x00000006edc00000, 0x00000006edc00000, 0x00000006ee000000|  0%| F|  |TAMS 0x00000006edc00000, 0x00000006edc00000| Untracked 
| 184|0x00000006ee000000, 0x00000006ee000000, 0x00000006ee400000|  0%| F|  |TAMS 0x00000006ee000000, 0x00000006ee000000| Untracked 
| 185|0x00000006ee400000, 0x00000006ee400000, 0x00000006ee800000|  0%| F|  |TAMS 0x00000006ee400000, 0x00000006ee400000| Untracked 
| 186|0x00000006ee800000, 0x00000006ee800000, 0x00000006eec00000|  0%| F|  |TAMS 0x00000006ee800000, 0x00000006ee800000| Untracked 
| 187|0x00000006eec00000, 0x00000006eec00000, 0x00000006ef000000|  0%| F|  |TAMS 0x00000006eec00000, 0x00000006eec00000| Untracked 
| 188|0x00000006ef000000, 0x00000006ef000000, 0x00000006ef400000|  0%| F|  |TAMS 0x00000006ef000000, 0x00000006ef000000| Untracked 
| 189|0x00000006ef400000, 0x00000006ef400000, 0x00000006ef800000|  0%| F|  |TAMS 0x00000006ef400000, 0x00000006ef400000| Untracked 
| 190|0x00000006ef800000, 0x00000006ef800000, 0x00000006efc00000|  0%| F|  |TAMS 0x00000006ef800000, 0x00000006ef800000| Untracked 
| 191|0x00000006efc00000, 0x00000006efc00000, 0x00000006f0000000|  0%| F|  |TAMS 0x00000006efc00000, 0x00000006efc00000| Untracked 
| 192|0x00000006f0000000, 0x00000006f0000000, 0x00000006f0400000|  0%| F|  |TAMS 0x00000006f0000000, 0x00000006f0000000| Untracked 
| 193|0x00000006f0400000, 0x00000006f0400000, 0x00000006f0800000|  0%| F|  |TAMS 0x00000006f0400000, 0x00000006f0400000| Untracked 
| 194|0x00000006f0800000, 0x00000006f0800000, 0x00000006f0c00000|  0%| F|  |TAMS 0x00000006f0800000, 0x00000006f0800000| Untracked 
| 195|0x00000006f0c00000, 0x00000006f0c00000, 0x00000006f1000000|  0%| F|  |TAMS 0x00000006f0c00000, 0x00000006f0c00000| Untracked 
| 196|0x00000006f1000000, 0x00000006f1000000, 0x00000006f1400000|  0%| F|  |TAMS 0x00000006f1000000, 0x00000006f1000000| Untracked 
| 197|0x00000006f1400000, 0x00000006f1400000, 0x00000006f1800000|  0%| F|  |TAMS 0x00000006f1400000, 0x00000006f1400000| Untracked 
| 198|0x00000006f1800000, 0x00000006f1800000, 0x00000006f1c00000|  0%| F|  |TAMS 0x00000006f1800000, 0x00000006f1800000| Untracked 
| 199|0x00000006f1c00000, 0x00000006f1c00000, 0x00000006f2000000|  0%| F|  |TAMS 0x00000006f1c00000, 0x00000006f1c00000| Untracked 
| 200|0x00000006f2000000, 0x00000006f2000000, 0x00000006f2400000|  0%| F|  |TAMS 0x00000006f2000000, 0x00000006f2000000| Untracked 
| 201|0x00000006f2400000, 0x00000006f2400000, 0x00000006f2800000|  0%| F|  |TAMS 0x00000006f2400000, 0x00000006f2400000| Untracked 
| 202|0x00000006f2800000, 0x00000006f2800000, 0x00000006f2c00000|  0%| F|  |TAMS 0x00000006f2800000, 0x00000006f2800000| Untracked 
| 203|0x00000006f2c00000, 0x00000006f2c00000, 0x00000006f3000000|  0%| F|  |TAMS 0x00000006f2c00000, 0x00000006f2c00000| Untracked 
| 204|0x00000006f3000000, 0x00000006f3000000, 0x00000006f3400000|  0%| F|  |TAMS 0x00000006f3000000, 0x00000006f3000000| Untracked 
| 205|0x00000006f3400000, 0x00000006f3400000, 0x00000006f3800000|  0%| F|  |TAMS 0x00000006f3400000, 0x00000006f3400000| Untracked 
| 206|0x00000006f3800000, 0x00000006f3800000, 0x00000006f3c00000|  0%| F|  |TAMS 0x00000006f3800000, 0x00000006f3800000| Untracked 
| 207|0x00000006f3c00000, 0x00000006f3c00000, 0x00000006f4000000|  0%| F|  |TAMS 0x00000006f3c00000, 0x00000006f3c00000| Untracked 
| 208|0x00000006f4000000, 0x00000006f4000000, 0x00000006f4400000|  0%| F|  |TAMS 0x00000006f4000000, 0x00000006f4000000| Untracked 
| 209|0x00000006f4400000, 0x00000006f4400000, 0x00000006f4800000|  0%| F|  |TAMS 0x00000006f4400000, 0x00000006f4400000| Untracked 
| 210|0x00000006f4800000, 0x00000006f4800000, 0x00000006f4c00000|  0%| F|  |TAMS 0x00000006f4800000, 0x00000006f4800000| Untracked 
| 211|0x00000006f4c00000, 0x00000006f4c00000, 0x00000006f5000000|  0%| F|  |TAMS 0x00000006f4c00000, 0x00000006f4c00000| Untracked 
| 212|0x00000006f5000000, 0x00000006f5000000, 0x00000006f5400000|  0%| F|  |TAMS 0x00000006f5000000, 0x00000006f5000000| Untracked 
| 213|0x00000006f5400000, 0x00000006f5400000, 0x00000006f5800000|  0%| F|  |TAMS 0x00000006f5400000, 0x00000006f5400000| Untracked 
| 214|0x00000006f5800000, 0x00000006f5800000, 0x00000006f5c00000|  0%| F|  |TAMS 0x00000006f5800000, 0x00000006f5800000| Untracked 
| 215|0x00000006f5c00000, 0x00000006f5c00000, 0x00000006f6000000|  0%| F|  |TAMS 0x00000006f5c00000, 0x00000006f5c00000| Untracked 
| 216|0x00000006f6000000, 0x00000006f6000000, 0x00000006f6400000|  0%| F|  |TAMS 0x00000006f6000000, 0x00000006f6000000| Untracked 
| 217|0x00000006f6400000, 0x00000006f6400000, 0x00000006f6800000|  0%| F|  |TAMS 0x00000006f6400000, 0x00000006f6400000| Untracked 
| 218|0x00000006f6800000, 0x00000006f6800000, 0x00000006f6c00000|  0%| F|  |TAMS 0x00000006f6800000, 0x00000006f6800000| Untracked 
| 219|0x00000006f6c00000, 0x00000006f6c00000, 0x00000006f7000000|  0%| F|  |TAMS 0x00000006f6c00000, 0x00000006f6c00000| Untracked 
| 220|0x00000006f7000000, 0x00000006f7000000, 0x00000006f7400000|  0%| F|  |TAMS 0x00000006f7000000, 0x00000006f7000000| Untracked 
| 221|0x00000006f7400000, 0x00000006f7400000, 0x00000006f7800000|  0%| F|  |TAMS 0x00000006f7400000, 0x00000006f7400000| Untracked 
| 222|0x00000006f7800000, 0x00000006f7800000, 0x00000006f7c00000|  0%| F|  |TAMS 0x00000006f7800000, 0x00000006f7800000| Untracked 
| 223|0x00000006f7c00000, 0x00000006f7c00000, 0x00000006f8000000|  0%| F|  |TAMS 0x00000006f7c00000, 0x00000006f7c00000| Untracked 
| 224|0x00000006f8000000, 0x00000006f8000000, 0x00000006f8400000|  0%| F|  |TAMS 0x00000006f8000000, 0x00000006f8000000| Untracked 
| 225|0x00000006f8400000, 0x00000006f8400000, 0x00000006f8800000|  0%| F|  |TAMS 0x00000006f8400000, 0x00000006f8400000| Untracked 
| 226|0x00000006f8800000, 0x00000006f8800000, 0x00000006f8c00000|  0%| F|  |TAMS 0x00000006f8800000, 0x00000006f8800000| Untracked 
| 227|0x00000006f8c00000, 0x00000006f8c00000, 0x00000006f9000000|  0%| F|  |TAMS 0x00000006f8c00000, 0x00000006f8c00000| Untracked 
| 228|0x00000006f9000000, 0x00000006f9000000, 0x00000006f9400000|  0%| F|  |TAMS 0x00000006f9000000, 0x00000006f9000000| Untracked 
| 229|0x00000006f9400000, 0x00000006f9400000, 0x00000006f9800000|  0%| F|  |TAMS 0x00000006f9400000, 0x00000006f9400000| Untracked 
| 230|0x00000006f9800000, 0x00000006f9800000, 0x00000006f9c00000|  0%| F|  |TAMS 0x00000006f9800000, 0x00000006f9800000| Untracked 
| 231|0x00000006f9c00000, 0x00000006f9c00000, 0x00000006fa000000|  0%| F|  |TAMS 0x00000006f9c00000, 0x00000006f9c00000| Untracked 
| 232|0x00000006fa000000, 0x00000006fa000000, 0x00000006fa400000|  0%| F|  |TAMS 0x00000006fa000000, 0x00000006fa000000| Untracked 
| 233|0x00000006fa400000, 0x00000006fa400000, 0x00000006fa800000|  0%| F|  |TAMS 0x00000006fa400000, 0x00000006fa400000| Untracked 
| 234|0x00000006fa800000, 0x00000006fa800000, 0x00000006fac00000|  0%| F|  |TAMS 0x00000006fa800000, 0x00000006fa800000| Untracked 
| 235|0x00000006fac00000, 0x00000006fac00000, 0x00000006fb000000|  0%| F|  |TAMS 0x00000006fac00000, 0x00000006fac00000| Untracked 
| 236|0x00000006fb000000, 0x00000006fb000000, 0x00000006fb400000|  0%| F|  |TAMS 0x00000006fb000000, 0x00000006fb000000| Untracked 
| 237|0x00000006fb400000, 0x00000006fb400000, 0x00000006fb800000|  0%| F|  |TAMS 0x00000006fb400000, 0x00000006fb400000| Untracked 
| 238|0x00000006fb800000, 0x00000006fb800000, 0x00000006fbc00000|  0%| F|  |TAMS 0x00000006fb800000, 0x00000006fb800000| Untracked 
| 239|0x00000006fbc00000, 0x00000006fbc00000, 0x00000006fc000000|  0%| F|  |TAMS 0x00000006fbc00000, 0x00000006fbc00000| Untracked 
| 240|0x00000006fc000000, 0x00000006fc000000, 0x00000006fc400000|  0%| F|  |TAMS 0x00000006fc000000, 0x00000006fc000000| Untracked 
| 241|0x00000006fc400000, 0x00000006fc400000, 0x00000006fc800000|  0%| F|  |TAMS 0x00000006fc400000, 0x00000006fc400000| Untracked 
| 242|0x00000006fc800000, 0x00000006fc800000, 0x00000006fcc00000|  0%| F|  |TAMS 0x00000006fc800000, 0x00000006fc800000| Untracked 
| 243|0x00000006fcc00000, 0x00000006fcc00000, 0x00000006fd000000|  0%| F|  |TAMS 0x00000006fcc00000, 0x00000006fcc00000| Untracked 
| 244|0x00000006fd000000, 0x00000006fd000000, 0x00000006fd400000|  0%| F|  |TAMS 0x00000006fd000000, 0x00000006fd000000| Untracked 
| 245|0x00000006fd400000, 0x00000006fd400000, 0x00000006fd800000|  0%| F|  |TAMS 0x00000006fd400000, 0x00000006fd400000| Untracked 
| 246|0x00000006fd800000, 0x00000006fd800000, 0x00000006fdc00000|  0%| F|  |TAMS 0x00000006fd800000, 0x00000006fd800000| Untracked 
| 247|0x00000006fdc00000, 0x00000006fdc00000, 0x00000006fe000000|  0%| F|  |TAMS 0x00000006fdc00000, 0x00000006fdc00000| Untracked 
| 248|0x00000006fe000000, 0x00000006fe000000, 0x00000006fe400000|  0%| F|  |TAMS 0x00000006fe000000, 0x00000006fe000000| Untracked 
| 249|0x00000006fe400000, 0x00000006fe400000, 0x00000006fe800000|  0%| F|  |TAMS 0x00000006fe400000, 0x00000006fe400000| Untracked 
| 250|0x00000006fe800000, 0x00000006fe800000, 0x00000006fec00000|  0%| F|  |TAMS 0x00000006fe800000, 0x00000006fe800000| Untracked 
| 251|0x00000006fec00000, 0x00000006fec00000, 0x00000006ff000000|  0%| F|  |TAMS 0x00000006fec00000, 0x00000006fec00000| Untracked 
| 252|0x00000006ff000000, 0x00000006ff000000, 0x00000006ff400000|  0%| F|  |TAMS 0x00000006ff000000, 0x00000006ff000000| Untracked 
| 253|0x00000006ff400000, 0x00000006ff400000, 0x00000006ff800000|  0%| F|  |TAMS 0x00000006ff400000, 0x00000006ff400000| Untracked 
| 254|0x00000006ff800000, 0x00000006ff800000, 0x00000006ffc00000|  0%| F|  |TAMS 0x00000006ff800000, 0x00000006ff800000| Untracked 
| 255|0x00000006ffc00000, 0x00000006ffc00000, 0x0000000700000000|  0%| F|  |TAMS 0x00000006ffc00000, 0x00000006ffc00000| Untracked 
| 256|0x0000000700000000, 0x0000000700000000, 0x0000000700400000|  0%| F|  |TAMS 0x0000000700000000, 0x0000000700000000| Untracked 
| 257|0x0000000700400000, 0x0000000700400000, 0x0000000700800000|  0%| F|  |TAMS 0x0000000700400000, 0x0000000700400000| Untracked 
| 258|0x0000000700800000, 0x0000000700800000, 0x0000000700c00000|  0%| F|  |TAMS 0x0000000700800000, 0x0000000700800000| Untracked 
| 259|0x0000000700c00000, 0x0000000700c00000, 0x0000000701000000|  0%| F|  |TAMS 0x0000000700c00000, 0x0000000700c00000| Untracked 
| 260|0x0000000701000000, 0x0000000701000000, 0x0000000701400000|  0%| F|  |TAMS 0x0000000701000000, 0x0000000701000000| Untracked 
| 261|0x0000000701400000, 0x0000000701400000, 0x0000000701800000|  0%| F|  |TAMS 0x0000000701400000, 0x0000000701400000| Untracked 
| 262|0x0000000701800000, 0x0000000701800000, 0x0000000701c00000|  0%| F|  |TAMS 0x0000000701800000, 0x0000000701800000| Untracked 
| 263|0x0000000701c00000, 0x0000000701c00000, 0x0000000702000000|  0%| F|  |TAMS 0x0000000701c00000, 0x0000000701c00000| Untracked 
| 264|0x0000000702000000, 0x0000000702000000, 0x0000000702400000|  0%| F|  |TAMS 0x0000000702000000, 0x0000000702000000| Untracked 
| 265|0x0000000702400000, 0x0000000702400000, 0x0000000702800000|  0%| F|  |TAMS 0x0000000702400000, 0x0000000702400000| Untracked 
| 266|0x0000000702800000, 0x0000000702800000, 0x0000000702c00000|  0%| F|  |TAMS 0x0000000702800000, 0x0000000702800000| Untracked 
| 267|0x0000000702c00000, 0x0000000703000000, 0x0000000703000000|100%| S|CS|TAMS 0x0000000702c00000, 0x0000000702c00000| Complete 
| 268|0x0000000703000000, 0x0000000703400000, 0x0000000703400000|100%| S|CS|TAMS 0x0000000703000000, 0x0000000703000000| Complete 
| 269|0x0000000703400000, 0x0000000703400000, 0x0000000703800000|  0%| F|  |TAMS 0x0000000703400000, 0x0000000703400000| Untracked 
| 270|0x0000000703800000, 0x0000000703800000, 0x0000000703c00000|  0%| F|  |TAMS 0x0000000703800000, 0x0000000703800000| Untracked 
| 271|0x0000000703c00000, 0x0000000703c00000, 0x0000000704000000|  0%| F|  |TAMS 0x0000000703c00000, 0x0000000703c00000| Untracked 

Card table byte_map: [0x000001b9dd970000,0x000001b9de370000] _byte_map_base: 0x000001b9da370000

Marking Bits (Prev, Next): (CMBitMap*) 0x000001b9ca7d58b0, (CMBitMap*) 0x000001b9ca7d5870
 Prev Bits: [0x000001b9e3d70000, 0x000001b9e8d70000)
 Next Bits: [0x000001b9ded70000, 0x000001b9e3d70000)

Polling page: 0x000001b9c85c0000

Metaspace:

Usage:
  Non-class:     97.41 MB used.
      Class:     15.36 MB used.
       Both:    112.77 MB used.

Virtual space:
  Non-class space:      104.00 MB reserved,      98.88 MB ( 95%) committed,  13 nodes.
      Class space:        1.00 GB reserved,      16.31 MB (  2%) committed,  1 nodes.
             Both:        1.10 GB reserved,     115.19 MB ( 10%) committed. 

Chunk freelists:
   Non-Class:  1.11 MB
       Class:  3.70 MB
        Both:  4.82 MB

MaxMetaspaceSize: unlimited
CompressedClassSpaceSize: 1.00 GB
Initial GC threshold: 21.00 MB
Current GC threshold: 191.56 MB
CDS: off
MetaspaceReclaimPolicy: balanced
 - commit_granule_bytes: 65536.
 - commit_granule_words: 8192.
 - virtual_space_node_default_size: 1048576.
 - enlarge_chunks_in_place: 1.
 - new_chunks_are_fully_committed: 0.
 - uncommit_free_chunks: 1.
 - use_allocation_guard: 0.
 - handle_deallocations: 1.


Internal statistics:

num_allocs_failed_limit: 6.
num_arena_births: 3028.
num_arena_deaths: 14.
num_vsnodes_births: 14.
num_vsnodes_deaths: 0.
num_space_committed: 1843.
num_space_uncommitted: 0.
num_chunks_returned_to_freelist: 24.
num_chunks_taken_from_freelist: 8392.
num_chunk_merges: 12.
num_chunk_splits: 4886.
num_chunks_enlarged: 2414.
num_purges: 2.
num_inconsistent_stats: 0.

CodeHeap 'non-profiled nmethods': size=120000Kb used=19959Kb max_used=19959Kb free=100040Kb
 bounds [0x000001b9d5700000, 0x000001b9d6a80000, 0x000001b9dcc30000]
CodeHeap 'profiled nmethods': size=120000Kb used=37364Kb max_used=37364Kb free=82635Kb
 bounds [0x000001b9cdc30000, 0x000001b9d00b0000, 0x000001b9d5160000]
CodeHeap 'non-nmethods': size=5760Kb used=2424Kb max_used=2506Kb free=3335Kb
 bounds [0x000001b9d5160000, 0x000001b9d53e0000, 0x000001b9d5700000]
 total_blobs=20773 nmethods=19820 adapters=864
 compilation: enabled
              stopped_count=0, restarted_count=0
 full_count=0

Compilation events (20 events):
Event: 3249.621 Thread 0x000001b9ec13a3a0 nmethod 24912 0x000001b9d00aab90 code [0x000001b9d00aae60, 0x000001b9d00abbd8]
Event: 3249.621 Thread 0x000001b9ec13a3a0 24913       3       kotlin.sequences.SequencesKt___SequencesJvmKt$filterIsInstance$1::<init> (11 bytes)
Event: 3249.621 Thread 0x000001b9ec13a3a0 nmethod 24913 0x000001b9d00ac090 code [0x000001b9d00ac240, 0x000001b9d00ac478]
Event: 3249.624 Thread 0x000001b9ec12e590 24914       4       com.google.common.collect.SingletonImmutableSet::contains (9 bytes)
Event: 3249.625 Thread 0x000001b9ec12e590 nmethod 24914 0x000001b9d6a7ae90 code [0x000001b9d6a7b020, 0x000001b9d6a7b0f8]
Event: 3249.626 Thread 0x000001b9ec12e590 24915       4       com.android.utils.FileUtils::join (23 bytes)
Event: 3249.631 Thread 0x000001b9ec13a3a0 24918       3       com.android.build.gradle.internal.services.VariantPropertiesApiServicesImpl::named (37 bytes)
Event: 3249.632 Thread 0x000001b9ec13a3a0 nmethod 24918 0x000001b9d00ac590 code [0x000001b9d00ac840, 0x000001b9d00ad3f8]
Event: 3249.646 Thread 0x000001b9ec13a3a0 24921       3       org.gradle.api.internal.plugins.DefaultObjectConfigurationAction::plugin (21 bytes)
Event: 3249.646 Thread 0x000001b9ec13a3a0 nmethod 24921 0x000001b9d00ad810 code [0x000001b9d00ad9c0, 0x000001b9d00add88]
Event: 3249.646 Thread 0x000001b9ec13a3a0 24922       3       org.gradle.api.internal.plugins.DefaultObjectConfigurationAction$3::<init> (15 bytes)
Event: 3249.646 Thread 0x000001b9ec13a3a0 nmethod 24922 0x000001b9d00adf10 code [0x000001b9d00ae0c0, 0x000001b9d00ae2f8]
Event: 3249.646 Thread 0x000001b9ec13a3a0 24923       3       org.gradle.api.internal.plugins.DefaultObjectConfigurationAction$3::run (12 bytes)
Event: 3249.646 Thread 0x000001b9ec13a3a0 nmethod 24923 0x000001b9d00ae410 code [0x000001b9d00ae5c0, 0x000001b9d00ae768]
Event: 3249.646 Thread 0x000001b9ec13a3a0 24924   !   3       org.gradle.internal.metaobject.BeanDynamicObject$MetaClassAdapter::findSetPropertyMissingMethod (83 bytes)
Event: 3249.647 Thread 0x000001b9ec13a3a0 nmethod 24924 0x000001b9d00ae890 code [0x000001b9d00aeb60, 0x000001b9d00af9f8]
Event: 3249.653 Thread 0x000001b9ec12e590 nmethod 24915 0x000001b9d6a7b210 code [0x000001b9d6a7b500, 0x000001b9d6a7caa8]
Event: 3249.653 Thread 0x000001b9ec12e590 24920       4       org.gradle.util.internal.ConfigureUtil::configureTarget (48 bytes)
Event: 3249.656 Thread 0x000001b9ec13a3a0 24925       1       com.android.build.gradle.internal.dsl.ApplicationExtensionImpl$AgpDecorated::get_compileSdkVersion (5 bytes)
Event: 3249.657 Thread 0x000001b9ec13a3a0 nmethod 24925 0x000001b9d6a7db90 code [0x000001b9d6a7dd20, 0x000001b9d6a7ddf8]

GC Heap History (20 events):
Event: 55.921 GC heap after
{Heap after GC invocations=63 (full 0):
 garbage-first heap   total 843776K, used 447441K [0x00000006c0000000, 0x0000000800000000)
  region size 4096K, 4 young (16384K), 4 survivors (16384K)
 Metaspace       used 104824K, committed 107008K, reserved 1146880K
  class space    used 14341K, committed 15232K, reserved 1048576K
}
Event: 58.387 GC heap before
{Heap before GC invocations=63 (full 0):
 garbage-first heap   total 843776K, used 680913K [0x00000006c0000000, 0x0000000800000000)
  region size 4096K, 62 young (253952K), 4 survivors (16384K)
 Metaspace       used 111372K, committed 113600K, reserved 1146880K
  class space    used 15230K, committed 16128K, reserved 1048576K
}
Event: 58.409 GC heap after
{Heap after GC invocations=64 (full 0):
 garbage-first heap   total 843776K, used 462599K [0x00000006c0000000, 0x0000000800000000)
  region size 4096K, 8 young (32768K), 8 survivors (32768K)
 Metaspace       used 111372K, committed 113600K, reserved 1146880K
  class space    used 15230K, committed 16128K, reserved 1048576K
}
Event: 58.452 GC heap before
{Heap before GC invocations=64 (full 0):
 garbage-first heap   total 843776K, used 470791K [0x00000006c0000000, 0x0000000800000000)
  region size 4096K, 10 young (40960K), 8 survivors (32768K)
 Metaspace       used 111409K, committed 113600K, reserved 1146880K
  class space    used 15230K, committed 16128K, reserved 1048576K
}
Event: 58.468 GC heap after
{Heap after GC invocations=65 (full 0):
 garbage-first heap   total 843776K, used 475035K [0x00000006c0000000, 0x0000000800000000)
  region size 4096K, 2 young (8192K), 2 survivors (8192K)
 Metaspace       used 111409K, committed 113600K, reserved 1146880K
  class space    used 15230K, committed 16128K, reserved 1048576K
}
Event: 58.677 GC heap before
{Heap before GC invocations=65 (full 0):
 garbage-first heap   total 843776K, used 573339K [0x00000006c0000000, 0x0000000800000000)
  region size 4096K, 8 young (32768K), 2 survivors (8192K)
 Metaspace       used 111422K, committed 113664K, reserved 1146880K
  class space    used 15231K, committed 16128K, reserved 1048576K
}
Event: 58.681 GC heap after
{Heap after GC invocations=66 (full 0):
 garbage-first heap   total 843776K, used 555006K [0x00000006c0000000, 0x0000000800000000)
  region size 4096K, 1 young (4096K), 1 survivors (4096K)
 Metaspace       used 111422K, committed 113664K, reserved 1146880K
  class space    used 15231K, committed 16128K, reserved 1048576K
}
Event: 59.855 GC heap before
{Heap before GC invocations=67 (full 0):
 garbage-first heap   total 1114112K, used 759806K [0x00000006c0000000, 0x0000000800000000)
  region size 4096K, 36 young (147456K), 1 survivors (4096K)
 Metaspace       used 111409K, committed 113664K, reserved 1146880K
  class space    used 15227K, committed 16128K, reserved 1048576K
}
Event: 59.867 GC heap after
{Heap after GC invocations=68 (full 0):
 garbage-first heap   total 1114112K, used 617095K [0x00000006c0000000, 0x0000000800000000)
  region size 4096K, 3 young (12288K), 3 survivors (12288K)
 Metaspace       used 111409K, committed 113664K, reserved 1146880K
  class space    used 15227K, committed 16128K, reserved 1048576K
}
Event: 60.018 GC heap before
{Heap before GC invocations=68 (full 0):
 garbage-first heap   total 1114112K, used 653959K [0x00000006c0000000, 0x0000000800000000)
  region size 4096K, 14 young (57344K), 3 survivors (12288K)
 Metaspace       used 111415K, committed 113664K, reserved 1146880K
  class space    used 15227K, committed 16128K, reserved 1048576K
}
Event: 60.032 GC heap after
{Heap after GC invocations=69 (full 0):
 garbage-first heap   total 1114112K, used 599258K [0x00000006c0000000, 0x0000000800000000)
  region size 4096K, 2 young (8192K), 2 survivors (8192K)
 Metaspace       used 111415K, committed 113664K, reserved 1146880K
  class space    used 15227K, committed 16128K, reserved 1048576K
}
Event: 61.963 GC heap before
{Heap before GC invocations=69 (full 0):
 garbage-first heap   total 1114112K, used 926938K [0x00000006c0000000, 0x0000000800000000)
  region size 4096K, 83 young (339968K), 2 survivors (8192K)
 Metaspace       used 113635K, committed 115968K, reserved 1155072K
  class space    used 15535K, committed 16512K, reserved 1048576K
}
Event: 61.981 GC heap after
{Heap after GC invocations=70 (full 0):
 garbage-first heap   total 1114112K, used 634084K [0x00000006c0000000, 0x0000000800000000)
  region size 4096K, 10 young (40960K), 10 survivors (40960K)
 Metaspace       used 113635K, committed 115968K, reserved 1155072K
  class space    used 15535K, committed 16512K, reserved 1048576K
}
Event: 63.334 GC heap before
{Heap before GC invocations=70 (full 0):
 garbage-first heap   total 1114112K, used 916708K [0x00000006c0000000, 0x0000000800000000)
  region size 4096K, 80 young (327680K), 10 survivors (40960K)
 Metaspace       used 113918K, committed 116288K, reserved 1155072K
  class space    used 15582K, committed 16576K, reserved 1048576K
}
Event: 63.349 GC heap after
{Heap after GC invocations=71 (full 0):
 garbage-first heap   total 1114112K, used 624408K [0x00000006c0000000, 0x0000000800000000)
  region size 4096K, 3 young (12288K), 3 survivors (12288K)
 Metaspace       used 113918K, committed 116288K, reserved 1155072K
  class space    used 15582K, committed 16576K, reserved 1048576K
}
Event: 3245.230 GC heap before
{Heap before GC invocations=71 (full 0):
 garbage-first heap   total 1114112K, used 931608K [0x00000006c0000000, 0x0000000800000000)
  region size 4096K, 78 young (319488K), 3 survivors (12288K)
 Metaspace       used 115085K, committed 117504K, reserved 1155072K
  class space    used 15712K, committed 16704K, reserved 1048576K
}
Event: 3245.303 GC heap after
{Heap after GC invocations=72 (full 0):
 garbage-first heap   total 1114112K, used 647444K [0x00000006c0000000, 0x0000000800000000)
  region size 4096K, 8 young (32768K), 8 survivors (32768K)
 Metaspace       used 115085K, committed 117504K, reserved 1155072K
  class space    used 15712K, committed 16704K, reserved 1048576K
}
Event: 3249.505 GC heap before
{Heap before GC invocations=73 (full 0):
 garbage-first heap   total 1114112K, used 782612K [0x00000006c0000000, 0x0000000800000000)
  region size 4096K, 77 young (315392K), 8 survivors (32768K)
 Metaspace       used 115458K, committed 117952K, reserved 1155072K
  class space    used 15722K, committed 16704K, reserved 1048576K
}
Event: 3249.606 GC heap after
{Heap after GC invocations=74 (full 0):
 garbage-first heap   total 1114112K, used 549941K [0x00000006c0000000, 0x0000000800000000)
  region size 4096K, 10 young (40960K), 10 survivors (40960K)
 Metaspace       used 115458K, committed 117952K, reserved 1155072K
  class space    used 15722K, committed 16704K, reserved 1048576K
}
Event: 3249.657 GC heap before
{Heap before GC invocations=74 (full 0):
 garbage-first heap   total 1114112K, used 562229K [0x00000006c0000000, 0x0000000800000000)
  region size 4096K, 13 young (53248K), 10 survivors (40960K)
 Metaspace       used 115473K, committed 117952K, reserved 1155072K
  class space    used 15724K, committed 16704K, reserved 1048576K
}

Dll operation events (2 events):
Event: 0.008 Loaded shared library C:\Program Files\Android\Android Studio\jbr\bin\java.dll
Event: 0.514 Loaded shared library C:\Program Files\Android\Android Studio\jbr\bin\verify.dll

Deoptimization events (20 events):
Event: 3245.039 Thread 0x000001b9f0ad45b0 DEOPT PACKING pc=0x000001b9d5d0971c sp=0x000000ad6e8fee30
Event: 3245.039 Thread 0x000001b9f0ad45b0 DEOPT UNPACKING pc=0x000001b9d51b69a3 sp=0x000000ad6e8fed70 mode 2
Event: 3245.049 Thread 0x000001b9f8d8c250 DEOPT PACKING pc=0x000001b9cedad74e sp=0x000000ad67af6b80
Event: 3245.049 Thread 0x000001b9f8d8c250 DEOPT UNPACKING pc=0x000001b9d51b7143 sp=0x000000ad67af5f80 mode 0
Event: 3245.355 Thread 0x000001b9f8d8c250 Uncommon trap: trap_request=0xffffff66 fr.pc=0x000001b9d690a6d0 relative=0x0000000000001790
Event: 3245.355 Thread 0x000001b9f8d8c250 Uncommon trap: reason=speculate_class_check action=maybe_recompile pc=0x000001b9d690a6d0 method=java.util.regex.Pattern$CharPredicate.lambda$negate$3(I)Z @ 2 c2
Event: 3245.355 Thread 0x000001b9f8d8c250 DEOPT PACKING pc=0x000001b9d690a6d0 sp=0x000000ad67af9ac0
Event: 3245.355 Thread 0x000001b9f8d8c250 DEOPT UNPACKING pc=0x000001b9d51b69a3 sp=0x000000ad67af9980 mode 2
Event: 3245.355 Thread 0x000001b9f8d8c250 Uncommon trap: trap_request=0xffffff66 fr.pc=0x000001b9d690a6d0 relative=0x0000000000001790
Event: 3245.355 Thread 0x000001b9f8d8c250 Uncommon trap: reason=speculate_class_check action=maybe_recompile pc=0x000001b9d690a6d0 method=java.util.regex.Pattern$CharPredicate.lambda$negate$3(I)Z @ 2 c2
Event: 3245.355 Thread 0x000001b9f8d8c250 DEOPT PACKING pc=0x000001b9d690a6d0 sp=0x000000ad67af9890
Event: 3245.355 Thread 0x000001b9f8d8c250 DEOPT UNPACKING pc=0x000001b9d51b69a3 sp=0x000000ad67af9750 mode 2
Event: 3246.049 Thread 0x000001b9f8d8c250 DEOPT PACKING pc=0x000001b9cf6a43d7 sp=0x000000ad67af9420
Event: 3246.049 Thread 0x000001b9f8d8c250 DEOPT UNPACKING pc=0x000001b9d51b7143 sp=0x000000ad67af8990 mode 0
Event: 3247.321 Thread 0x000001b9f8d8c250 DEOPT PACKING pc=0x000001b9cea23bdb sp=0x000000ad67af8b80
Event: 3247.321 Thread 0x000001b9f8d8c250 DEOPT UNPACKING pc=0x000001b9d51b7143 sp=0x000000ad67af8018 mode 0
Event: 3248.809 Thread 0x000001b9f8d8c250 Uncommon trap: trap_request=0xfffffff4 fr.pc=0x000001b9d691f260 relative=0x00000000000047e0
Event: 3248.809 Thread 0x000001b9f8d8c250 Uncommon trap: reason=null_check action=make_not_entrant pc=0x000001b9d691f260 method=org.gradle.api.internal.artifacts.dsl.dependencies.DynamicAddDependencyMethods.tryInvokeMethod(Ljava/lang/String;[Ljava/lang/Object;)Lorg/gradle/internal/metaobject/Dyna
Event: 3248.809 Thread 0x000001b9f8d8c250 DEOPT PACKING pc=0x000001b9d691f260 sp=0x000000ad67af7f30
Event: 3248.809 Thread 0x000001b9f8d8c250 DEOPT UNPACKING pc=0x000001b9d51b69a3 sp=0x000000ad67af7e48 mode 2

Classes unloaded (7 events):
Event: 59.278 Thread 0x000001b9eb7dc810 Unloading class 0x0000000800e95c00 'java/lang/invoke/LambdaForm$DMH+0x0000000800e95c00'
Event: 59.278 Thread 0x000001b9eb7dc810 Unloading class 0x0000000800e95800 'java/lang/invoke/LambdaForm$DMH+0x0000000800e95800'
Event: 59.278 Thread 0x000001b9eb7dc810 Unloading class 0x0000000800e95400 'java/lang/invoke/LambdaForm$DMH+0x0000000800e95400'
Event: 59.278 Thread 0x000001b9eb7dc810 Unloading class 0x0000000800e95000 'java/lang/invoke/LambdaForm$DMH+0x0000000800e95000'
Event: 59.278 Thread 0x000001b9eb7dc810 Unloading class 0x0000000800e94c00 'java/lang/invoke/LambdaForm$DMH+0x0000000800e94c00'
Event: 59.278 Thread 0x000001b9eb7dc810 Unloading class 0x0000000800e94400 'java/lang/invoke/LambdaForm$DMH+0x0000000800e94400'
Event: 59.278 Thread 0x000001b9eb7dc810 Unloading class 0x0000000800e94800 'java/lang/invoke/LambdaForm$DMH+0x0000000800e94800'

Classes redefined (0 events):
No events

Internal exceptions (20 events):
Event: 64.091 Thread 0x000001b9f3751d20 Exception <a 'java/lang/ClassNotFoundException'{0x0000000702178240}: com/android/build/gradle/tasks/PackageApplicationCustomizer> (0x0000000702178240) 
thrown [s\src\hotspot\share\classfile\systemDictionary.cpp, line 256]
Event: 64.092 Thread 0x000001b9f3751d20 Exception <a 'java/lang/ClassNotFoundException'{0x000000070219e9e8}: com/android/build/gradle/tasks/PackageApplication_DecoratedCustomizer> (0x000000070219e9e8) 
thrown [s\src\hotspot\share\classfile\systemDictionary.cpp, line 256]
Event: 64.095 Thread 0x000001b9f3751d20 Exception <a 'java/lang/ClassNotFoundException'{0x0000000702249888}: com/android/build/OutputFileBeanInfo> (0x0000000702249888) 
thrown [s\src\hotspot\share\classfile\systemDictionary.cpp, line 256]
Event: 64.095 Thread 0x000001b9f3751d20 Exception <a 'java/lang/ClassNotFoundException'{0x0000000702252a78}: com/android/build/OutputFileCustomizer> (0x0000000702252a78) 
thrown [s\src\hotspot\share\classfile\systemDictionary.cpp, line 256]
Event: 65.144 Thread 0x000001b9ed473330 Exception <a 'java/lang/NoSuchMethodError'{0x0000000701857738}: 'java.lang.Object java.lang.invoke.DirectMethodHandle$Holder.invokeSpecial(java.lang.Object, java.lang.Object, java.lang.Object, java.lang.Object, int, java.lang.Object, java.lang.Object)'> (0x0000000701857738) 
thrown [s\src\hotspot\share\interpreter\linkResolver.cpp, line 771]
Event: 65.213 Thread 0x000001b9ed473330 Implicit null exception at 0x000001b9d5b5633b to 0x000001b9d5b56b1c
Event: 65.213 Thread 0x000001b9ed473330 Implicit null exception at 0x000001b9d5b654ef to 0x000001b9d5b66d54
Event: 72.337 Thread 0x000001b9eef614d0 Implicit null exception at 0x000001b9d5754372 to 0x000001b9d5754954
Event: 72.337 Thread 0x000001b9eef614d0 Implicit null exception at 0x000001b9d5ac4472 to 0x000001b9d5ac4b7c
Event: 3242.900 Thread 0x000001b9f8d8c250 Implicit null exception at 0x000001b9d6507bcc to 0x000001b9d650d810
Event: 3242.901 Thread 0x000001b9f8d8c250 Implicit null exception at 0x000001b9d5cb808f to 0x000001b9d5cb80e0
Event: 3243.095 Thread 0x000001b9f8d8c250 Implicit null exception at 0x000001b9d672e244 to 0x000001b9d672e9a9
Event: 3243.095 Thread 0x000001b9f8d8c250 Implicit null exception at 0x000001b9d5e4aa61 to 0x000001b9d5e4ab41
Event: 3243.095 Thread 0x000001b9f8d8c250 Implicit null exception at 0x000001b9d5e491fb to 0x000001b9d5e492db
Event: 3243.536 Thread 0x000001b9f8d8c250 Implicit null exception at 0x000001b9d5e02673 to 0x000001b9d5e02e50
Event: 3243.574 Thread 0x000001b9f8d8c250 Exception <a 'sun/nio/fs/WindowsException'{0x00000006f888c568}> (0x00000006f888c568) 
thrown [s\src\hotspot\share\prims\jni.cpp, line 517]
Event: 3243.857 Thread 0x000001b9f8d8c250 Implicit null exception at 0x000001b9d607915f to 0x000001b9d6079214
Event: 3243.967 Thread 0x000001b9f8d8c250 Exception <a 'java/lang/reflect/InvocationTargetException'{0x00000006f796fa00}> (0x00000006f796fa00) 
thrown [s\src\hotspot\share\runtime\reflection.cpp, line 1127]
Event: 3243.967 Thread 0x000001b9f8d8c250 Exception <a 'java/lang/reflect/InvocationTargetException'{0x00000006f7978d10}> (0x00000006f7978d10) 
thrown [s\src\hotspot\share\runtime\reflection.cpp, line 1127]
Event: 3248.809 Thread 0x000001b9f8d8c250 Implicit null exception at 0x000001b9d691babf to 0x000001b9d691f250

VM Operations (20 events):
Event: 3243.638 Executing VM operation: HandshakeAllThreads done
Event: 3243.998 Executing VM operation: ICBufferFull
Event: 3243.999 Executing VM operation: ICBufferFull done
Event: 3245.012 Executing VM operation: Cleanup
Event: 3245.028 Executing VM operation: Cleanup done
Event: 3245.230 Executing VM operation: G1CollectForAllocation
Event: 3245.303 Executing VM operation: G1CollectForAllocation done
Event: 3246.306 Executing VM operation: Cleanup
Event: 3246.308 Executing VM operation: Cleanup done
Event: 3247.010 Executing VM operation: HandshakeAllThreads
Event: 3247.010 Executing VM operation: HandshakeAllThreads done
Event: 3247.406 Executing VM operation: G1Concurrent
Event: 3247.416 Executing VM operation: G1Concurrent done
Event: 3247.677 Executing VM operation: G1Concurrent
Event: 3247.679 Executing VM operation: G1Concurrent done
Event: 3248.688 Executing VM operation: Cleanup
Event: 3248.689 Executing VM operation: Cleanup done
Event: 3249.504 Executing VM operation: G1CollectForAllocation
Event: 3249.606 Executing VM operation: G1CollectForAllocation done
Event: 3249.657 Executing VM operation: G1CollectForAllocation

Events (20 events):
Event: 3243.281 Thread 0x000001b9f3883a80 Thread added: 0x000001b9f3883a80
Event: 3243.282 Thread 0x000001b9f38865d0 Thread added: 0x000001b9f38865d0
Event: 3243.282 Thread 0x000001b9f3884420 Thread added: 0x000001b9f3884420
Event: 3243.282 Thread 0x000001b9f3885760 Thread added: 0x000001b9f3885760
Event: 3246.523 Thread 0x000001b9f9baf8d0 Thread exited: 0x000001b9f9baf8d0
Event: 3246.800 Thread 0x000001b9f2062210 Thread exited: 0x000001b9f2062210
Event: 3247.024 Thread 0x000001b9ec13f0c0 flushing nmethod 0x000001b9cdf61c90
Event: 3247.028 Thread 0x000001b9ec13f0c0 flushing nmethod 0x000001b9ce39c990
Event: 3247.031 Thread 0x000001b9ec13f0c0 flushing nmethod 0x000001b9ce6cbe90
Event: 3247.032 Thread 0x000001b9ec13f0c0 flushing nmethod 0x000001b9ce711810
Event: 3247.038 Thread 0x000001b9ec13f0c0 flushing nmethod 0x000001b9ceea1290
Event: 3247.042 Thread 0x000001b9ec13f0c0 flushing nmethod 0x000001b9cf44ae90
Event: 3247.049 Thread 0x000001b9ec13f0c0 flushing nmethod 0x000001b9cfd8ef90
Event: 3247.050 Thread 0x000001b9ec13f0c0 flushing nmethod 0x000001b9cfeaa410
Event: 3247.050 Thread 0x000001b9ec13f0c0 flushing nmethod 0x000001b9cfeb1590
Event: 3247.050 Thread 0x000001b9ec13f0c0 flushing nmethod 0x000001b9cfeb3c90
Event: 3247.050 Thread 0x000001b9ec13f0c0 flushing nmethod 0x000001b9cfeb8910
Event: 3247.050 Thread 0x000001b9ec13f0c0 flushing nmethod 0x000001b9cfec0090
Event: 3247.050 Thread 0x000001b9ec13f0c0 flushing nmethod 0x000001b9cfedb110
Event: 3247.069 Thread 0x000001b9fd6bd150 Thread added: 0x000001b9fd6bd150


Dynamic libraries:
0x00007ff7175e0000 - 0x00007ff7175ea000 	C:\Program Files\Android\Android Studio\jbr\bin\java.exe
0x00007ffeb1dd0000 - 0x00007ffeb1fc8000 	C:\Windows\SYSTEM32\ntdll.dll
0x00007ffeb15e0000 - 0x00007ffeb169f000 	C:\Windows\System32\KERNEL32.DLL
0x00007ffeaf860000 - 0x00007ffeafb56000 	C:\Windows\System32\KERNELBASE.dll
0x00007ffeafb60000 - 0x00007ffeafc60000 	C:\Windows\System32\ucrtbase.dll
0x00007ffea4870000 - 0x00007ffea4887000 	C:\Program Files\Android\Android Studio\jbr\bin\jli.dll
0x00007ffeb0360000 - 0x00007ffeb04fd000 	C:\Windows\System32\USER32.dll
0x00007ffeafd60000 - 0x00007ffeafd82000 	C:\Windows\System32\win32u.dll
0x00007ffeb16a0000 - 0x00007ffeb16cc000 	C:\Windows\System32\GDI32.dll
0x00007ffeaf4e0000 - 0x00007ffeaf5f5000 	C:\Windows\System32\gdi32full.dll
0x00007ffeafd90000 - 0x00007ffeafe2d000 	C:\Windows\System32\msvcp_win.dll
0x00007ffe9d060000 - 0x00007ffe9d07b000 	C:\Program Files\Android\Android Studio\jbr\bin\VCRUNTIME140.dll
0x00007ffe849b0000 - 0x00007ffe84c4a000 	C:\Windows\WinSxS\amd64_microsoft.windows.common-controls_6595b64144ccf1df_6.0.19041.1110_none_60b5254171f9507e\COMCTL32.dll
0x00007ffeb1c80000 - 0x00007ffeb1d1e000 	C:\Windows\System32\msvcrt.dll
0x00007ffeafe30000 - 0x00007ffeafe60000 	C:\Windows\System32\IMM32.DLL
0x00007ffe9ec60000 - 0x00007ffe9ec6c000 	C:\Program Files\Android\Android Studio\jbr\bin\vcruntime140_1.dll
0x00007ffe78a20000 - 0x00007ffe78aad000 	C:\Program Files\Android\Android Studio\jbr\bin\msvcp140.dll
0x00007ffe717e0000 - 0x00007ffe7244d000 	C:\Program Files\Android\Android Studio\jbr\bin\server\jvm.dll
0x00007ffeb1770000 - 0x00007ffeb181f000 	C:\Windows\System32\ADVAPI32.dll
0x00007ffeb16d0000 - 0x00007ffeb176c000 	C:\Windows\System32\sechost.dll
0x00007ffeb00c0000 - 0x00007ffeb01e6000 	C:\Windows\System32\RPCRT4.dll
0x00007ffeaccd0000 - 0x00007ffeaccd9000 	C:\Windows\SYSTEM32\WSOCK32.dll
0x00007ffea0590000 - 0x00007ffea059a000 	C:\Windows\SYSTEM32\VERSION.dll
0x00007ffeb0e10000 - 0x00007ffeb0e7b000 	C:\Windows\System32\WS2_32.dll
0x00007ffe8daa0000 - 0x00007ffe8dac7000 	C:\Windows\SYSTEM32\WINMM.dll
0x00007ffead380000 - 0x00007ffead392000 	C:\Windows\SYSTEM32\kernel.appcore.dll
0x00007ffeaccc0000 - 0x00007ffeaccca000 	C:\Program Files\Android\Android Studio\jbr\bin\jimage.dll
0x00007ffe993d0000 - 0x00007ffe995b4000 	C:\Windows\SYSTEM32\DBGHELP.DLL
0x00007ffe992c0000 - 0x00007ffe992f4000 	C:\Windows\SYSTEM32\dbgcore.DLL
0x00007ffeaf760000 - 0x00007ffeaf7e2000 	C:\Windows\System32\bcryptPrimitives.dll
0x00007ffeaaed0000 - 0x00007ffeaaef5000 	C:\Program Files\Android\Android Studio\jbr\bin\java.dll
0x00007ffeacca0000 - 0x00007ffeaccb8000 	C:\Program Files\Android\Android Studio\jbr\bin\zip.dll
0x00007ffeb0e90000 - 0x00007ffeb15d4000 	C:\Windows\System32\SHELL32.dll
0x00007ffead580000 - 0x00007ffeadd14000 	C:\Windows\SYSTEM32\windows.storage.dll
0x00007ffeb0500000 - 0x00007ffeb0854000 	C:\Windows\System32\combase.dll
0x00007ffeaee20000 - 0x00007ffeaee4e000 	C:\Windows\SYSTEM32\Wldp.dll
0x00007ffeb01f0000 - 0x00007ffeb029d000 	C:\Windows\System32\SHCORE.dll
0x00007ffeb1d20000 - 0x00007ffeb1d75000 	C:\Windows\System32\shlwapi.dll
0x00007ffeaf3e0000 - 0x00007ffeaf405000 	C:\Windows\SYSTEM32\profapi.dll
0x00007ffeaaeb0000 - 0x00007ffeaaec9000 	C:\Program Files\Android\Android Studio\jbr\bin\net.dll
0x00007ffea9ab0000 - 0x00007ffea9bba000 	C:\Windows\SYSTEM32\WINHTTP.dll
0x00007ffeaeb80000 - 0x00007ffeaebea000 	C:\Windows\system32\mswsock.dll
0x00007ffeaa940000 - 0x00007ffeaa956000 	C:\Program Files\Android\Android Studio\jbr\bin\nio.dll
0x00007ffeaa930000 - 0x00007ffeaa940000 	C:\Program Files\Android\Android Studio\jbr\bin\verify.dll
0x00007ffe8bb80000 - 0x00007ffe8bba7000 	C:\Users\ITS\.gradle\native\e1d6ef7f7dcc3fd88c89a11ec53ec762bb8ba0a96d01ffa2cd45eb1d1d8dd5c5\windows-amd64\native-platform.dll
0x00007ffe747b0000 - 0x00007ffe748f4000 	C:\Users\ITS\.gradle\native\0d407fdbe67a94daf76414ababcb853783967236a71b16ec16e742cd7a986fd3\windows-amd64\native-platform-file-events.dll
0x00007ffeacc70000 - 0x00007ffeacc79000 	C:\Program Files\Android\Android Studio\jbr\bin\management.dll
0x00007ffeaafd0000 - 0x00007ffeaafdb000 	C:\Program Files\Android\Android Studio\jbr\bin\management_ext.dll
0x00007ffeb1d80000 - 0x00007ffeb1d88000 	C:\Windows\System32\PSAPI.DLL
0x00007ffeaed70000 - 0x00007ffeaed88000 	C:\Windows\SYSTEM32\CRYPTSP.dll
0x00007ffeae4a0000 - 0x00007ffeae4d4000 	C:\Windows\system32\rsaenh.dll
0x00007ffeaf4b0000 - 0x00007ffeaf4d7000 	C:\Windows\System32\bcrypt.dll
0x00007ffeaf3a0000 - 0x00007ffeaf3ce000 	C:\Windows\SYSTEM32\USERENV.dll
0x00007ffeaed90000 - 0x00007ffeaed9c000 	C:\Windows\SYSTEM32\CRYPTBASE.dll
0x00007ffeae870000 - 0x00007ffeae8ac000 	C:\Windows\SYSTEM32\IPHLPAPI.DLL
0x00007ffeb0d80000 - 0x00007ffeb0d88000 	C:\Windows\System32\NSI.dll
0x00007ffea7a90000 - 0x00007ffea7aa7000 	C:\Windows\SYSTEM32\dhcpcsvc6.DLL
0x00007ffea7950000 - 0x00007ffea796d000 	C:\Windows\SYSTEM32\dhcpcsvc.DLL
0x00007ffeae8b0000 - 0x00007ffeae97a000 	C:\Windows\SYSTEM32\DNSAPI.dll
0x00007ffeaa920000 - 0x00007ffeaa927000 	C:\Windows\system32\wshunix.dll
0x00007ffeae5c0000 - 0x00007ffeae5f3000 	C:\Windows\SYSTEM32\ntmarta.dll

dbghelp: loaded successfully - version: 4.0.5 - missing functions: none
symbol engine: initialized successfully - sym options: 0x614 - pdb path: .;C:\Program Files\Android\Android Studio\jbr\bin;C:\Windows\SYSTEM32;C:\Windows\WinSxS\amd64_microsoft.windows.common-controls_6595b64144ccf1df_6.0.19041.1110_none_60b5254171f9507e;C:\Program Files\Android\Android Studio\jbr\bin\server;C:\Users\ITS\.gradle\native\e1d6ef7f7dcc3fd88c89a11ec53ec762bb8ba0a96d01ffa2cd45eb1d1d8dd5c5\windows-amd64;C:\Users\ITS\.gradle\native\0d407fdbe67a94daf76414ababcb853783967236a71b16ec16e742cd7a986fd3\windows-amd64

VM Arguments:
jvm_args: --add-opens=java.base/java.util=ALL-UNNAMED --add-opens=java.base/java.lang=ALL-UNNAMED --add-opens=java.base/java.lang.invoke=ALL-UNNAMED --add-opens=java.base/java.util=ALL-UNNAMED --add-opens=java.prefs/java.util.prefs=ALL-UNNAMED --add-opens=java.prefs/java.util.prefs=ALL-UNNAMED --add-opens=java.base/java.nio.charset=ALL-UNNAMED --add-opens=java.base/java.net=ALL-UNNAMED --add-opens=java.base/java.util.concurrent.atomic=ALL-UNNAMED -Xmx5120M -Dfile.encoding=windows-1252 -Duser.country=GB -Duser.language=en -Duser.variant 
java_command: org.gradle.launcher.daemon.bootstrap.GradleDaemon 7.4
java_class_path (initial): C:\Users\ITS\.gradle\wrapper\dists\gradle-7.4-all\aadb4xli5jkdsnukm30eibyiu\gradle-7.4\lib\gradle-launcher-7.4.jar
Launcher Type: SUN_STANDARD

[Global flags]
     intx CICompilerCount                          = 4                                         {product} {ergonomic}
     uint ConcGCThreads                            = 2                                         {product} {ergonomic}
     uint G1ConcRefinementThreads                  = 8                                         {product} {ergonomic}
   size_t G1HeapRegionSize                         = 4194304                                   {product} {ergonomic}
    uintx GCDrainStackTargetSize                   = 64                                        {product} {ergonomic}
   size_t InitialHeapSize                          = 134217728                                 {product} {ergonomic}
   size_t MarkStackSize                            = 4194304                                   {product} {ergonomic}
   size_t MaxHeapSize                              = 5368709120                                {product} {command line}
   size_t MaxNewSize                               = 3221225472                                {product} {ergonomic}
   size_t MinHeapDeltaBytes                        = 4194304                                   {product} {ergonomic}
   size_t MinHeapSize                              = 8388608                                   {product} {ergonomic}
    uintx NonNMethodCodeHeapSize                   = 5839372                                {pd product} {ergonomic}
    uintx NonProfiledCodeHeapSize                  = 122909434                              {pd product} {ergonomic}
    uintx ProfiledCodeHeapSize                     = 122909434                              {pd product} {ergonomic}
    uintx ReservedCodeCacheSize                    = 251658240                              {pd product} {ergonomic}
     bool SegmentedCodeCache                       = true                                      {product} {ergonomic}
   size_t SoftMaxHeapSize                          = 5368709120                             {manageable} {ergonomic}
     bool UseCompressedClassPointers               = true                           {product lp64_product} {ergonomic}
     bool UseCompressedOops                        = true                           {product lp64_product} {ergonomic}
     bool UseG1GC                                  = true                                      {product} {ergonomic}
     bool UseLargePagesIndividualAllocation        = false                                  {pd product} {ergonomic}

Logging:
Log output configuration:
 #0: stdout all=warning uptime,level,tags
 #1: stderr all=off uptime,level,tags

Environment Variables:
JAVA_HOME=C:\Program Files\Android\Android Studio\jbr
CLASSPATH=C:\Users\ITS\Documents\Flutter_Projects\p\Flutter-Restaurant(v2.7)\Mobile Source\android\\gradle\wrapper\gradle-wrapper.jar
PATH=C:\Program Files\Common Files\Oracle\Java\javapath;C:\Program Files\Microsoft MPI\Bin\;C:\Windows\system32;C:\Windows;C:\Windows\System32\Wbem;C:\Windows\System32\WindowsPowerShell\v1.0\;C:\Windows\System32\OpenSSH\;C:\Program Files (x86)\Microsoft SQL Server\140\Tools\Binn\;C:\Program Files\Microsoft SQL Server\140\Tools\Binn\;C:\Program Files (x86)\Microsoft SQL Server\140\DTS\Binn\;C:\Program Files\Microsoft SQL Server\140\DTS\Binn\;C:\Program Files\Microsoft SQL Server\Client SDK\ODBC\130\Tools\Binn\;C:\Program Files (x86)\Microsoft SQL Server\150\DTS\Binn\;C:\Program Files\Azure Data Studio\bin;C:\Program Files\Git\cmd;C:\Users\ITS\AppData\Local\Microsoft\WindowsApps;C:\Program Files\Azure Data Studio\bin;C:\flutter\bin;C:\Program Files\Android\Android Studio\jbr\bin\keytool;C:\Users\ITS\AppData\Local\Pub\Cache\bin;C:\Users\ITS\Downloads;C:\Program Files;C:\Program Files\Java\jdk-20;C:\Program Files\Java\jdk-20\bin;C:\Users\ITS\AppData\Local\Programs\Microsoft VS Code\bin;C:\Users\ITS\Downloads\scrcpy-win64-v2.0\scrcpy-win64-v2.0;;C:\flutter\bin\mingit\cmd
USERNAME=ITS
OS=Windows_NT
PROCESSOR_IDENTIFIER=Intel64 Family 6 Model 60 Stepping 3, GenuineIntel
TMP=C:\Users\ITS\AppData\Local\Temp
TEMP=C:\Users\ITS\AppData\Local\Temp



---------------  S Y S T E M  ---------------

OS:
 Windows 10 , 64 bit Build 19041 (10.0.19041.3155)
OS uptime: 0 days 7:30 hours

CPU: total 8 (initial active 8) (4 cores per cpu, 2 threads per core) family 6 model 60 stepping 3 microcode 0x27, cx8, cmov, fxsr, ht, mmx, sse, sse2, sse3, ssse3, sse4.1, sse4.2, popcnt, lzcnt, tsc, tscinvbit, avx, avx2, aes, erms, clmul, bmi1, bmi2, fma, vzeroupper, clflush

Memory: 4k page, system-wide physical 8097M (428M free)
TotalPageFile size 22337M (AvailPageFile size 52M)
current process WorkingSet (physical memory assigned to process): 822M, peak: 1575M
current process commit charge ("private bytes"): 1536M, peak: 2336M

vm_info: OpenJDK 64-Bit Server VM (17.0.6+0-b2043.56-9586694) for windows-amd64 JRE (17.0.6+0-b2043.56-9586694), built on Feb  9 2023 20:06:20 by "androidbuild" with MS VC++ 16.10 / 16.11 (VS2019)

END.
