#
# There is insufficient memory for the Java Runtime Environment to continue.
# Native memory allocation (malloc) failed to allocate 1249616 bytes for Chunk::new
# Possible reasons:
#   The system is out of physical RAM or swap space
#   The process is running with CompressedOops enabled, and the Java Heap may be blocking the growth of the native heap
# Possible solutions:
#   Reduce memory load on the system
#   Increase physical memory or swap space
#   Check if swap backing store is full
#   Decrease Java heap size (-Xmx/-Xms)
#   Decrease number of Java threads
#   Decrease Java thread stack sizes (-Xss)
#   Set larger code cache with -XX:ReservedCodeCacheSize=
#   JVM is running with Zero Based Compressed Oops mode in which the Java heap is
#     placed in the first 32GB address space. The Java Heap base address is the
#     maximum limit for the native heap growth. Please use -XX:HeapBaseMinAddress
#     to set the Java Heap base and to place the Java Heap above 32GB virtual address.
# This output file may be truncated or incomplete.
#
#  Out of Memory Error (arena.cpp:189), pid=8976, tid=3336
#
# JRE version: OpenJDK Runtime Environment (17.0.6) (build 17.0.6+0-b2043.56-9586694)
# Java VM: OpenJDK 64-Bit Server VM (17.0.6+0-b2043.56-9586694, mixed mode, tiered, compressed oops, compressed class ptrs, g1 gc, windows-amd64)
# No core dump will be written. Minidumps are not enabled by default on client versions of Windows
#

---------------  S U M M A R Y ------------

Command Line: --add-opens=java.base/java.util=ALL-UNNAMED --add-opens=java.base/java.lang=ALL-UNNAMED --add-opens=java.base/java.lang.invoke=ALL-UNNAMED --add-opens=java.base/java.util=ALL-UNNAMED --add-opens=java.prefs/java.util.prefs=ALL-UNNAMED --add-opens=java.prefs/java.util.prefs=ALL-UNNAMED --add-opens=java.base/java.nio.charset=ALL-UNNAMED --add-opens=java.base/java.net=ALL-UNNAMED --add-opens=java.base/java.util.concurrent.atomic=ALL-UNNAMED -Xmx5120M -Dfile.encoding=windows-1252 -Duser.country=GB -Duser.language=en -Duser.variant org.gradle.launcher.daemon.bootstrap.GradleDaemon 7.4

Host: Intel(R) Core(TM) i7-4790 CPU @ 3.60GHz, 8 cores, 7G,  Windows 10 , 64 bit Build 19041 (10.0.19041.2788)
Time: Thu Apr 20 12:12:07 2023 GMT Summer Time elapsed time: 23.235511 seconds (0d 0h 0m 23s)

---------------  T H R E A D  ---------------

Current thread (0x000001b977af4df0):  JavaThread "C2 CompilerThread1" daemon [_thread_in_native, id=3336, stack(0x0000003e24c00000,0x0000003e24d00000)]


Current CompileTask:
C2:  23235 8676  s    4       java.beans.MethodDescriptor::setMethod (41 bytes)

Stack: [0x0000003e24c00000,0x0000003e24d00000]
Native frames: (J=compiled Java code, j=interpreted, Vv=VM code, C=native code)
V  [jvm.dll+0x683b4a]
V  [jvm.dll+0x842654]
V  [jvm.dll+0x843dfe]
V  [jvm.dll+0x844463]
V  [jvm.dll+0x249b75]
V  [jvm.dll+0xabcac]
V  [jvm.dll+0xac27c]
V  [jvm.dll+0x368802]
V  [jvm.dll+0x332f31]
V  [jvm.dll+0x3323da]
V  [jvm.dll+0x21c201]
V  [jvm.dll+0x21b621]
V  [jvm.dll+0x1a4fdd]
V  [jvm.dll+0x22b098]
V  [jvm.dll+0x229159]
V  [jvm.dll+0x7f809c]
V  [jvm.dll+0x7f25fa]
V  [jvm.dll+0x682985]
C  [ucrtbase.dll+0x21bb2]
C  [KERNEL32.DLL+0x17604]
C  [ntdll.dll+0x526a1]


---------------  P R O C E S S  ---------------

Threads class SMR info:
_java_thread_list=0x000001b96dac90d0, length=128, elements={
0x000001b94bae0010, 0x000001b96cb1b850, 0x000001b96cb1cbf0, 0x000001b96cb652b0,
0x000001b96d524000, 0x000001b96d524c70, 0x000001b96d525cd0, 0x000001b96d53c340,
0x000001b96d53d3e0, 0x000001b96d542890, 0x000001b96d6ab360, 0x000001b96d6c9b30,
0x000001b96ede9880, 0x000001b96edea6f0, 0x000001b96edeb090, 0x000001b96edeabc0,
0x000001b96ede93b0, 0x000001b96edeb560, 0x000001b96ede7ba0, 0x000001b96ede8ee0,
0x000001b96ede8070, 0x000001b96ede8540, 0x000001b96ede8a10, 0x000001b96ede9d50,
0x000001b96edea220, 0x000001b971e874d0, 0x000001b971e8d510, 0x000001b971e8deb0,
0x000001b971e8bd00, 0x000001b971e879a0, 0x000001b971e87000, 0x000001b971e8b830,
0x000001b971e891b0, 0x000001b971e8d040, 0x000001b971e8d9e0, 0x000001b971e87e70,
0x000001b971e8e380, 0x000001b971e86b30, 0x000001b971e8a9c0, 0x000001b971e88340,
0x000001b971e8a4f0, 0x000001b971e88810, 0x000001b971e8ae90, 0x000001b971e8c1d0,
0x000001b971e8c6a0, 0x000001b9709ce550, 0x000001b9709cd6e0, 0x000001b9709ccd40,
0x000001b9709cd210, 0x000001b9709cbed0, 0x000001b9709cb060, 0x000001b9709cdbb0,
0x000001b9709cc870, 0x000001b9709ce080, 0x000001b9709cea20, 0x000001b9709cb530,
0x000001b9709cba00, 0x000001b9709cc3a0, 0x000001b973241130, 0x000001b97323e5e0,
0x000001b97323eab0, 0x000001b97323fdf0, 0x000001b973243c80, 0x000001b9732402c0,
0x000001b973244150, 0x000001b973244af0, 0x000001b973240790, 0x000001b973240c60,
0x000001b973244620, 0x000001b973242e10, 0x000001b973241600, 0x000001b9732432e0,
0x000001b9732437b0, 0x000001b97323d2a0, 0x000001b973241fa0, 0x000001b97323d770,
0x000001b973241ad0, 0x000001b973242470, 0x000001b973242940, 0x000001b97323dc40,
0x000001b97323e110, 0x000001b97323ef80, 0x000001b97323f450, 0x000001b97323f920,
0x000001b973592d90, 0x000001b973594f40, 0x000001b9735940d0, 0x000001b9735945a0,
0x000001b973593730, 0x000001b9735958e0, 0x000001b973591f20, 0x000001b973594a70,
0x000001b973593c00, 0x000001b973595410, 0x000001b9735923f0, 0x000001b9735928c0,
0x000001b973593260, 0x000001b96d8977e0, 0x000001b96d897cb0, 0x000001b96d898ff0,
0x000001b96d89a800, 0x000001b96d897310, 0x000001b96d895fd0, 0x000001b96d899e60,
0x000001b96d89a330, 0x000001b96d898650, 0x000001b96d89acd0, 0x000001b96d898b20,
0x000001b96d895160, 0x000001b96d89b1a0, 0x000001b96d8994c0, 0x000001b96d893950,
0x000001b96d898180, 0x000001b96d895b00, 0x000001b96d899990, 0x000001b96d893e20,
0x000001b96d895630, 0x000001b96d8942f0, 0x000001b96d8947c0, 0x000001b96d896e40,
0x000001b96d894c90, 0x000001b96d8964a0, 0x000001b96d896970, 0x000001b9721334f0,
0x000001b972133e90, 0x000001b972136510, 0x000001b977af4df0, 0x000001b977af8090
}

Java Threads: ( => current thread )
  0x000001b94bae0010 JavaThread "main" [_thread_blocked, id=13228, stack(0x0000003e1c100000,0x0000003e1c200000)]
  0x000001b96cb1b850 JavaThread "Reference Handler" daemon [_thread_blocked, id=7200, stack(0x0000003e1c800000,0x0000003e1c900000)]
  0x000001b96cb1cbf0 JavaThread "Finalizer" daemon [_thread_blocked, id=4236, stack(0x0000003e1c900000,0x0000003e1ca00000)]
  0x000001b96cb652b0 JavaThread "Signal Dispatcher" daemon [_thread_blocked, id=4772, stack(0x0000003e1ca00000,0x0000003e1cb00000)]
  0x000001b96d524000 JavaThread "Attach Listener" daemon [_thread_blocked, id=11824, stack(0x0000003e1cb00000,0x0000003e1cc00000)]
  0x000001b96d524c70 JavaThread "Service Thread" daemon [_thread_blocked, id=12796, stack(0x0000003e1cc00000,0x0000003e1cd00000)]
  0x000001b96d525cd0 JavaThread "Monitor Deflation Thread" daemon [_thread_blocked, id=5392, stack(0x0000003e1cd00000,0x0000003e1ce00000)]
  0x000001b96d53c340 JavaThread "C2 CompilerThread0" daemon [_thread_in_native, id=5452, stack(0x0000003e1ce00000,0x0000003e1cf00000)]
  0x000001b96d53d3e0 JavaThread "C1 CompilerThread0" daemon [_thread_blocked, id=6084, stack(0x0000003e1cf00000,0x0000003e1d000000)]
  0x000001b96d542890 JavaThread "Sweeper thread" daemon [_thread_blocked, id=13116, stack(0x0000003e1d000000,0x0000003e1d100000)]
  0x000001b96d6ab360 JavaThread "Common-Cleaner" daemon [_thread_blocked, id=10564, stack(0x0000003e1d100000,0x0000003e1d200000)]
  0x000001b96d6c9b30 JavaThread "Notification Thread" daemon [_thread_blocked, id=1552, stack(0x0000003e1d200000,0x0000003e1d300000)]
  0x000001b96ede9880 JavaThread "Daemon health stats" [_thread_blocked, id=3808, stack(0x0000003e1d900000,0x0000003e1da00000)]
  0x000001b96edea6f0 JavaThread "Incoming local TCP Connector on port 54256" [_thread_in_native, id=14408, stack(0x0000003e1da00000,0x0000003e1db00000)]
  0x000001b96edeb090 JavaThread "Daemon periodic checks" [_thread_blocked, id=6404, stack(0x0000003e1db00000,0x0000003e1dc00000)]
  0x000001b96edeabc0 JavaThread "Daemon" [_thread_blocked, id=13080, stack(0x0000003e1dc00000,0x0000003e1dd00000)]
  0x000001b96ede93b0 JavaThread "Handler for socket connection from /127.0.0.1:54256 to /127.0.0.1:54257" [_thread_in_native, id=4076, stack(0x0000003e1dd00000,0x0000003e1de00000)]
  0x000001b96edeb560 JavaThread "Cancel handler" [_thread_blocked, id=9116, stack(0x0000003e1de00000,0x0000003e1df00000)]
  0x000001b96ede7ba0 JavaThread "Daemon worker" [_thread_in_vm, id=9660, stack(0x0000003e1df00000,0x0000003e1e000000)]
  0x000001b96ede8ee0 JavaThread "Asynchronous log dispatcher for DefaultDaemonConnection: socket connection from /127.0.0.1:54256 to /127.0.0.1:54257" [_thread_blocked, id=6968, stack(0x0000003e1e000000,0x0000003e1e100000)]
  0x000001b96ede8070 JavaThread "Stdin handler" [_thread_blocked, id=3868, stack(0x0000003e1e100000,0x0000003e1e200000)]
  0x000001b96ede8540 JavaThread "Daemon client event forwarder" [_thread_blocked, id=15096, stack(0x0000003e1e200000,0x0000003e1e300000)]
  0x000001b96ede8a10 JavaThread "Cache worker for journal cache (C:\Users\ITS\.gradle\caches\journal-1)" [_thread_blocked, id=12744, stack(0x0000003e1e500000,0x0000003e1e600000)]
  0x000001b96ede9d50 JavaThread "File lock request listener" [_thread_in_native, id=2308, stack(0x0000003e1e600000,0x0000003e1e700000)]
  0x000001b96edea220 JavaThread "Cache worker for file hash cache (C:\Users\ITS\.gradle\caches\7.4\fileHashes)" [_thread_blocked, id=12600, stack(0x0000003e1e800000,0x0000003e1e900000)]
  0x000001b971e874d0 JavaThread "File watcher server" daemon [_thread_in_native, id=11292, stack(0x0000003e1ea00000,0x0000003e1eb00000)]
  0x000001b971e8d510 JavaThread "File watcher consumer" daemon [_thread_blocked, id=5444, stack(0x0000003e1eb00000,0x0000003e1ec00000)]
  0x000001b971e8deb0 JavaThread "Cache worker for checksums cache (C:\Users\ITS\Documents\Flutter_Projects\p\Flutter-Restaurant(v2.7)\Mobile Source\android\.gradle\7.4\checksums)" [_thread_blocked, id=14960, stack(0x0000003e1ec00000,0x0000003e1ed00000)]
  0x000001b971e8bd00 JavaThread "Cache worker for cache directory md-rule (C:\Users\ITS\.gradle\caches\7.4\md-rule)" [_thread_blocked, id=14436, stack(0x0000003e1ed00000,0x0000003e1ee00000)]
  0x000001b971e879a0 JavaThread "Cache worker for file hash cache (C:\Users\ITS\Documents\Flutter_Projects\p\Flutter-Restaurant(v2.7)\Mobile Source\android\.gradle\7.4\fileHashes)" [_thread_blocked, id=6500, stack(0x0000003e1e900000,0x0000003e1ea00000)]
  0x000001b971e87000 JavaThread "Cache worker for cache directory md-supplier (C:\Users\ITS\.gradle\caches\7.4\md-supplier)" [_thread_blocked, id=8228, stack(0x0000003e1ee00000,0x0000003e1ef00000)]
  0x000001b971e8b830 JavaThread "Cache worker for execution history cache (C:\Users\ITS\.gradle\caches\7.4\executionHistory)" [_thread_blocked, id=6148, stack(0x0000003e1ef00000,0x0000003e1f000000)]
  0x000001b971e891b0 JavaThread "jar transforms" [_thread_blocked, id=13276, stack(0x0000003e1f200000,0x0000003e1f300000)]
  0x000001b971e8d040 JavaThread "jar transforms Thread 2" [_thread_blocked, id=10988, stack(0x0000003e1f300000,0x0000003e1f400000)]
  0x000001b971e8d9e0 JavaThread "Cache worker for file content cache (C:\Users\ITS\.gradle\caches\7.4\fileContent)" [_thread_blocked, id=6356, stack(0x0000003e1f400000,0x0000003e1f500000)]
  0x000001b971e87e70 JavaThread "jar transforms Thread 3" [_thread_blocked, id=7264, stack(0x0000003e1f500000,0x0000003e1f600000)]
  0x000001b971e8e380 JavaThread "jar transforms Thread 4" [_thread_blocked, id=4356, stack(0x0000003e1f600000,0x0000003e1f700000)]
  0x000001b971e86b30 JavaThread "Cache worker for dependencies-accessors (C:\Users\ITS\Documents\Flutter_Projects\p\Flutter-Restaurant(v2.7)\Mobile Source\android\.gradle\7.4\dependencies-accessors)" [_thread_blocked, id=4876, stack(0x0000003e1f700000,0x0000003e1f800000)]
  0x000001b971e8a9c0 JavaThread "File lock release action executor" [_thread_blocked, id=12608, stack(0x0000003e1f800000,0x0000003e1f900000)]
  0x000001b971e88340 JavaThread "jar transforms Thread 5" [_thread_blocked, id=10060, stack(0x0000003e1f900000,0x0000003e1fa00000)]
  0x000001b971e8a4f0 JavaThread "Cache worker for Build Output Cleanup Cache (C:\Users\ITS\Documents\Flutter_Projects\p\Flutter-Restaurant(v2.7)\Mobile Source\android\.gradle\buildOutputCleanup)" [_thread_blocked, id=5228, stack(0x0000003e1fa00000,0x0000003e1fb00000)]
  0x000001b971e88810 JavaThread "Unconstrained build operations" [_thread_blocked, id=10404, stack(0x0000003e1f000000,0x0000003e1f100000)]
  0x000001b971e8ae90 JavaThread "Unconstrained build operations Thread 2" [_thread_blocked, id=5884, stack(0x0000003e1f100000,0x0000003e1f200000)]
  0x000001b971e8c1d0 JavaThread "Unconstrained build operations Thread 3" [_thread_blocked, id=6748, stack(0x0000003e1fb00000,0x0000003e1fc00000)]
  0x000001b971e8c6a0 JavaThread "Unconstrained build operations Thread 4" [_thread_blocked, id=14772, stack(0x0000003e1fc00000,0x0000003e1fd00000)]
  0x000001b9709ce550 JavaThread "Unconstrained build operations Thread 5" [_thread_blocked, id=10812, stack(0x0000003e1fd00000,0x0000003e1fe00000)]
  0x000001b9709cd6e0 JavaThread "Unconstrained build operations Thread 6" [_thread_blocked, id=11724, stack(0x0000003e1fe00000,0x0000003e1ff00000)]
  0x000001b9709ccd40 JavaThread "Unconstrained build operations Thread 7" [_thread_blocked, id=8452, stack(0x0000003e1ff00000,0x0000003e20000000)]
  0x000001b9709cd210 JavaThread "Unconstrained build operations Thread 8" [_thread_blocked, id=3780, stack(0x0000003e20000000,0x0000003e20100000)]
  0x000001b9709cbed0 JavaThread "Unconstrained build operations Thread 9" [_thread_blocked, id=9724, stack(0x0000003e20100000,0x0000003e20200000)]
  0x000001b9709cb060 JavaThread "Unconstrained build operations Thread 10" [_thread_blocked, id=6208, stack(0x0000003e20200000,0x0000003e20300000)]
  0x000001b9709cdbb0 JavaThread "Unconstrained build operations Thread 11" [_thread_blocked, id=2624, stack(0x0000003e20300000,0x0000003e20400000)]
  0x000001b9709cc870 JavaThread "Unconstrained build operations Thread 12" [_thread_blocked, id=9332, stack(0x0000003e20400000,0x0000003e20500000)]
  0x000001b9709ce080 JavaThread "Unconstrained build operations Thread 13" [_thread_blocked, id=6416, stack(0x0000003e20500000,0x0000003e20600000)]
  0x000001b9709cea20 JavaThread "Unconstrained build operations Thread 14" [_thread_blocked, id=1372, stack(0x0000003e20600000,0x0000003e20700000)]
  0x000001b9709cb530 JavaThread "Unconstrained build operations Thread 15" [_thread_blocked, id=7244, stack(0x0000003e20700000,0x0000003e20800000)]
  0x000001b9709cba00 JavaThread "Unconstrained build operations Thread 16" [_thread_blocked, id=12804, stack(0x0000003e20800000,0x0000003e20900000)]
  0x000001b9709cc3a0 JavaThread "Unconstrained build operations Thread 17" [_thread_blocked, id=9308, stack(0x0000003e20900000,0x0000003e20a00000)]
  0x000001b973241130 JavaThread "Unconstrained build operations Thread 18" [_thread_blocked, id=8420, stack(0x0000003e20a00000,0x0000003e20b00000)]
  0x000001b97323e5e0 JavaThread "Unconstrained build operations Thread 19" [_thread_blocked, id=8988, stack(0x0000003e20b00000,0x0000003e20c00000)]
  0x000001b97323eab0 JavaThread "Unconstrained build operations Thread 20" [_thread_blocked, id=7896, stack(0x0000003e20c00000,0x0000003e20d00000)]
  0x000001b97323fdf0 JavaThread "Unconstrained build operations Thread 21" [_thread_blocked, id=11140, stack(0x0000003e20d00000,0x0000003e20e00000)]
  0x000001b973243c80 JavaThread "Unconstrained build operations Thread 22" [_thread_blocked, id=11304, stack(0x0000003e20e00000,0x0000003e20f00000)]
  0x000001b9732402c0 JavaThread "Unconstrained build operations Thread 23" [_thread_blocked, id=2144, stack(0x0000003e20f00000,0x0000003e21000000)]
  0x000001b973244150 JavaThread "Unconstrained build operations Thread 24" [_thread_blocked, id=7236, stack(0x0000003e21000000,0x0000003e21100000)]
  0x000001b973244af0 JavaThread "Unconstrained build operations Thread 25" [_thread_blocked, id=3592, stack(0x0000003e21100000,0x0000003e21200000)]
  0x000001b973240790 JavaThread "Unconstrained build operations Thread 26" [_thread_blocked, id=3120, stack(0x0000003e21200000,0x0000003e21300000)]
  0x000001b973240c60 JavaThread "Unconstrained build operations Thread 27" [_thread_blocked, id=11032, stack(0x0000003e21300000,0x0000003e21400000)]
  0x000001b973244620 JavaThread "Unconstrained build operations Thread 28" [_thread_blocked, id=8620, stack(0x0000003e21400000,0x0000003e21500000)]
  0x000001b973242e10 JavaThread "Unconstrained build operations Thread 29" [_thread_blocked, id=3504, stack(0x0000003e21500000,0x0000003e21600000)]
  0x000001b973241600 JavaThread "Unconstrained build operations Thread 30" [_thread_blocked, id=6044, stack(0x0000003e21600000,0x0000003e21700000)]
  0x000001b9732432e0 JavaThread "Unconstrained build operations Thread 31" [_thread_blocked, id=12340, stack(0x0000003e21700000,0x0000003e21800000)]
  0x000001b9732437b0 JavaThread "Unconstrained build operations Thread 32" [_thread_blocked, id=7016, stack(0x0000003e21800000,0x0000003e21900000)]
  0x000001b97323d2a0 JavaThread "Unconstrained build operations Thread 33" [_thread_blocked, id=8600, stack(0x0000003e21900000,0x0000003e21a00000)]
  0x000001b973241fa0 JavaThread "Unconstrained build operations Thread 34" [_thread_blocked, id=11420, stack(0x0000003e21a00000,0x0000003e21b00000)]
  0x000001b97323d770 JavaThread "Unconstrained build operations Thread 35" [_thread_blocked, id=9164, stack(0x0000003e21b00000,0x0000003e21c00000)]
  0x000001b973241ad0 JavaThread "Unconstrained build operations Thread 36" [_thread_blocked, id=10504, stack(0x0000003e21c00000,0x0000003e21d00000)]
  0x000001b973242470 JavaThread "Unconstrained build operations Thread 37" [_thread_blocked, id=5848, stack(0x0000003e21d00000,0x0000003e21e00000)]
  0x000001b973242940 JavaThread "Unconstrained build operations Thread 38" [_thread_blocked, id=3544, stack(0x0000003e21e00000,0x0000003e21f00000)]
  0x000001b97323dc40 JavaThread "Unconstrained build operations Thread 39" [_thread_blocked, id=2664, stack(0x0000003e21f00000,0x0000003e22000000)]
  0x000001b97323e110 JavaThread "Unconstrained build operations Thread 40" [_thread_blocked, id=11612, stack(0x0000003e22000000,0x0000003e22100000)]
  0x000001b97323ef80 JavaThread "Unconstrained build operations Thread 41" [_thread_blocked, id=15276, stack(0x0000003e22100000,0x0000003e22200000)]
  0x000001b97323f450 JavaThread "Unconstrained build operations Thread 42" [_thread_blocked, id=1420, stack(0x0000003e22200000,0x0000003e22300000)]
  0x000001b97323f920 JavaThread "Unconstrained build operations Thread 43" [_thread_blocked, id=11108, stack(0x0000003e22300000,0x0000003e22400000)]
  0x000001b973592d90 JavaThread "Unconstrained build operations Thread 44" [_thread_blocked, id=3628, stack(0x0000003e22400000,0x0000003e22500000)]
  0x000001b973594f40 JavaThread "Unconstrained build operations Thread 45" [_thread_blocked, id=7668, stack(0x0000003e22500000,0x0000003e22600000)]
  0x000001b9735940d0 JavaThread "Unconstrained build operations Thread 46" [_thread_blocked, id=15040, stack(0x0000003e22600000,0x0000003e22700000)]
  0x000001b9735945a0 JavaThread "Unconstrained build operations Thread 47" [_thread_blocked, id=10152, stack(0x0000003e22700000,0x0000003e22800000)]
  0x000001b973593730 JavaThread "Unconstrained build operations Thread 48" [_thread_blocked, id=5732, stack(0x0000003e22800000,0x0000003e22900000)]
  0x000001b9735958e0 JavaThread "Unconstrained build operations Thread 49" [_thread_blocked, id=5652, stack(0x0000003e22900000,0x0000003e22a00000)]
  0x000001b973591f20 JavaThread "Unconstrained build operations Thread 50" [_thread_blocked, id=13148, stack(0x0000003e22a00000,0x0000003e22b00000)]
  0x000001b973594a70 JavaThread "Unconstrained build operations Thread 51" [_thread_blocked, id=15140, stack(0x0000003e22b00000,0x0000003e22c00000)]
  0x000001b973593c00 JavaThread "Unconstrained build operations Thread 52" [_thread_blocked, id=12944, stack(0x0000003e22c00000,0x0000003e22d00000)]
  0x000001b973595410 JavaThread "Unconstrained build operations Thread 53" [_thread_blocked, id=10976, stack(0x0000003e22d00000,0x0000003e22e00000)]
  0x000001b9735923f0 JavaThread "Unconstrained build operations Thread 54" [_thread_blocked, id=9784, stack(0x0000003e22e00000,0x0000003e22f00000)]
  0x000001b9735928c0 JavaThread "Unconstrained build operations Thread 55" [_thread_blocked, id=10608, stack(0x0000003e22f00000,0x0000003e23000000)]
  0x000001b973593260 JavaThread "Unconstrained build operations Thread 56" [_thread_blocked, id=7380, stack(0x0000003e23000000,0x0000003e23100000)]
  0x000001b96d8977e0 JavaThread "Unconstrained build operations Thread 57" [_thread_blocked, id=5820, stack(0x0000003e23100000,0x0000003e23200000)]
  0x000001b96d897cb0 JavaThread "Unconstrained build operations Thread 58" [_thread_blocked, id=6188, stack(0x0000003e23200000,0x0000003e23300000)]
  0x000001b96d898ff0 JavaThread "Unconstrained build operations Thread 59" [_thread_blocked, id=3360, stack(0x0000003e23300000,0x0000003e23400000)]
  0x000001b96d89a800 JavaThread "Unconstrained build operations Thread 60" [_thread_blocked, id=10272, stack(0x0000003e23400000,0x0000003e23500000)]
  0x000001b96d897310 JavaThread "Unconstrained build operations Thread 61" [_thread_blocked, id=8376, stack(0x0000003e23500000,0x0000003e23600000)]
  0x000001b96d895fd0 JavaThread "Unconstrained build operations Thread 62" [_thread_blocked, id=6492, stack(0x0000003e23600000,0x0000003e23700000)]
  0x000001b96d899e60 JavaThread "Unconstrained build operations Thread 63" [_thread_blocked, id=3432, stack(0x0000003e23700000,0x0000003e23800000)]
  0x000001b96d89a330 JavaThread "Unconstrained build operations Thread 64" [_thread_blocked, id=13672, stack(0x0000003e23800000,0x0000003e23900000)]
  0x000001b96d898650 JavaThread "Unconstrained build operations Thread 65" [_thread_blocked, id=3012, stack(0x0000003e23900000,0x0000003e23a00000)]
  0x000001b96d89acd0 JavaThread "Unconstrained build operations Thread 66" [_thread_blocked, id=13916, stack(0x0000003e23a00000,0x0000003e23b00000)]
  0x000001b96d898b20 JavaThread "Unconstrained build operations Thread 67" [_thread_blocked, id=1604, stack(0x0000003e23b00000,0x0000003e23c00000)]
  0x000001b96d895160 JavaThread "Unconstrained build operations Thread 68" [_thread_blocked, id=6080, stack(0x0000003e23c00000,0x0000003e23d00000)]
  0x000001b96d89b1a0 JavaThread "Unconstrained build operations Thread 69" [_thread_blocked, id=10544, stack(0x0000003e23d00000,0x0000003e23e00000)]
  0x000001b96d8994c0 JavaThread "Unconstrained build operations Thread 70" [_thread_blocked, id=9268, stack(0x0000003e23e00000,0x0000003e23f00000)]
  0x000001b96d893950 JavaThread "Unconstrained build operations Thread 71" [_thread_blocked, id=13192, stack(0x0000003e23f00000,0x0000003e24000000)]
  0x000001b96d898180 JavaThread "Unconstrained build operations Thread 72" [_thread_blocked, id=11112, stack(0x0000003e24000000,0x0000003e24100000)]
  0x000001b96d895b00 JavaThread "Unconstrained build operations Thread 73" [_thread_blocked, id=12716, stack(0x0000003e24100000,0x0000003e24200000)]
  0x000001b96d899990 JavaThread "Unconstrained build operations Thread 74" [_thread_blocked, id=8292, stack(0x0000003e24200000,0x0000003e24300000)]
  0x000001b96d893e20 JavaThread "Unconstrained build operations Thread 75" [_thread_blocked, id=12364, stack(0x0000003e24300000,0x0000003e24400000)]
  0x000001b96d895630 JavaThread "Unconstrained build operations Thread 76" [_thread_blocked, id=12512, stack(0x0000003e24400000,0x0000003e24500000)]
  0x000001b96d8942f0 JavaThread "Unconstrained build operations Thread 77" [_thread_blocked, id=5928, stack(0x0000003e24500000,0x0000003e24600000)]
  0x000001b96d8947c0 JavaThread "Unconstrained build operations Thread 78" [_thread_blocked, id=2692, stack(0x0000003e24600000,0x0000003e24700000)]
  0x000001b96d896e40 JavaThread "Unconstrained build operations Thread 79" [_thread_blocked, id=14456, stack(0x0000003e24700000,0x0000003e24800000)]
  0x000001b96d894c90 JavaThread "Unconstrained build operations Thread 80" [_thread_blocked, id=10688, stack(0x0000003e24800000,0x0000003e24900000)]
  0x000001b96d8964a0 JavaThread "jar transforms Thread 6" [_thread_blocked, id=15312, stack(0x0000003e24900000,0x0000003e24a00000)]
  0x000001b96d896970 JavaThread "jar transforms Thread 7" [_thread_blocked, id=6724, stack(0x0000003e24a00000,0x0000003e24b00000)]
  0x000001b9721334f0 JavaThread "jar transforms Thread 8" [_thread_blocked, id=13076, stack(0x0000003e24b00000,0x0000003e24c00000)]
  0x000001b972133e90 JavaThread "Memory manager" [_thread_blocked, id=7904, stack(0x0000003e24e00000,0x0000003e24f00000)]
  0x000001b972136510 JavaThread "Cache worker for kotlin-dsl (C:\Users\ITS\.gradle\caches\7.4\kotlin-dsl)" [_thread_blocked, id=8212, stack(0x0000003e24f00000,0x0000003e25000000)]
=>0x000001b977af4df0 JavaThread "C2 CompilerThread1" daemon [_thread_in_native, id=3336, stack(0x0000003e24c00000,0x0000003e24d00000)]
  0x000001b977af8090 JavaThread "C2 CompilerThread2" daemon [_thread_in_native, id=8236, stack(0x0000003e24d00000,0x0000003e24e00000)]

Other Threads:
  0x000001b96cb13e80 VMThread "VM Thread" [stack: 0x0000003e1c700000,0x0000003e1c800000] [id=9192]
  0x000001b96d6ab830 WatcherThread [stack: 0x0000003e1d300000,0x0000003e1d400000] [id=5900]
  0x000001b94bb57310 GCTaskThread "GC Thread#0" [stack: 0x0000003e1c200000,0x0000003e1c300000] [id=10160]
  0x000001b96e432c40 GCTaskThread "GC Thread#1" [stack: 0x0000003e1d500000,0x0000003e1d600000] [id=2156]
  0x000001b96e45e570 GCTaskThread "GC Thread#2" [stack: 0x0000003e1d600000,0x0000003e1d700000] [id=9856]
  0x000001b96e287550 GCTaskThread "GC Thread#3" [stack: 0x0000003e1d700000,0x0000003e1d800000] [id=13044]
  0x000001b96e03dcb0 GCTaskThread "GC Thread#4" [stack: 0x0000003e1d800000,0x0000003e1d900000] [id=7968]
  0x000001b96d788790 GCTaskThread "GC Thread#5" [stack: 0x0000003e1d400000,0x0000003e1d500000] [id=2968]
  0x000001b96fc0c0a0 GCTaskThread "GC Thread#6" [stack: 0x0000003e1e300000,0x0000003e1e400000] [id=8540]
  0x000001b96fc0c350 GCTaskThread "GC Thread#7" [stack: 0x0000003e1e400000,0x0000003e1e500000] [id=11996]
  0x000001b94bb62000 ConcurrentGCThread "G1 Main Marker" [stack: 0x0000003e1c300000,0x0000003e1c400000] [id=11028]
  0x000001b94bb627c0 ConcurrentGCThread "G1 Conc#0" [stack: 0x0000003e1c400000,0x0000003e1c500000] [id=3416]
  0x000001b96ef735b0 ConcurrentGCThread "G1 Conc#1" [stack: 0x0000003e1e700000,0x0000003e1e800000] [id=13144]
  0x000001b96c990090 ConcurrentGCThread "G1 Refine#0" [stack: 0x0000003e1c500000,0x0000003e1c600000] [id=1956]
  0x000001b96c990860 ConcurrentGCThread "G1 Service" [stack: 0x0000003e1c600000,0x0000003e1c700000] [id=13536]

Threads with active compile tasks:
C2 CompilerThread0    23272 8736 %     4       org.gradle.internal.instantiation.generator.AbstractClassGenerator::inspectType @ 387 (560 bytes)
C2 CompilerThread1    23272 8676  s    4       java.beans.MethodDescriptor::setMethod (41 bytes)
C2 CompilerThread2    23272 8673       4       java.beans.MethodDescriptor::<init> (48 bytes)

VM state: not at safepoint (normal execution)

VM Mutex/Monitor currently owned by a thread: None

Heap address: 0x00000006c0000000, size: 5120 MB, Compressed Oops mode: Zero based, Oop shift amount: 3

CDS archive(s) not mapped
Compressed class space mapped at: 0x0000000800000000-0x0000000840000000, reserved size: 1073741824
Narrow klass base: 0x0000000800000000, Narrow klass shift: 0, Narrow klass range: 0x40000000

GC Precious Log:
 CPUs: 8 total, 8 available
 Memory: 8097M
 Large Page Support: Disabled
 NUMA Support: Disabled
 Compressed Oops: Enabled (Zero based)
 Heap Region Size: 4M
 Heap Min Capacity: 8M
 Heap Initial Capacity: 128M
 Heap Max Capacity: 5G
 Pre-touch: Disabled
 Parallel Workers: 8
 Concurrent Workers: 2
 Concurrent Refinement Workers: 8
 Periodic GC: Disabled

Heap:
 garbage-first heap   total 167936K, used 119617K [0x00000006c0000000, 0x0000000800000000)
  region size 4096K, 12 young (49152K), 2 survivors (8192K)
 Metaspace       used 78241K, committed 78976K, reserved 1122304K
  class space    used 10547K, committed 10880K, reserved 1048576K

Heap Regions: E=young(eden), S=young(survivor), O=old, HS=humongous(starts), HC=humongous(continues), CS=collection set, F=free, OA=open archive, CA=closed archive, TAMS=top-at-mark-start (previous, next)
|   0|0x00000006c0000000, 0x00000006c0400000, 0x00000006c0400000|100%| O|  |TAMS 0x00000006c0400000, 0x00000006c0000000| Untracked 
|   1|0x00000006c0400000, 0x00000006c0800000, 0x00000006c0800000|100%|HS|  |TAMS 0x00000006c0800000, 0x00000006c0400000| Complete 
|   2|0x00000006c0800000, 0x00000006c0c00000, 0x00000006c0c00000|100%| O|  |TAMS 0x00000006c0c00000, 0x00000006c0800000| Untracked 
|   3|0x00000006c0c00000, 0x00000006c1000000, 0x00000006c1000000|100%| O|  |TAMS 0x00000006c1000000, 0x00000006c0c00000| Untracked 
|   4|0x00000006c1000000, 0x00000006c1400000, 0x00000006c1400000|100%| O|  |TAMS 0x00000006c1400000, 0x00000006c1000000| Untracked 
|   5|0x00000006c1400000, 0x00000006c17ffff8, 0x00000006c1800000| 99%| O|  |TAMS 0x00000006c17ffff8, 0x00000006c1400000| Untracked 
|   6|0x00000006c1800000, 0x00000006c1c00000, 0x00000006c1c00000|100%| O|  |TAMS 0x00000006c1c00000, 0x00000006c1800000| Untracked 
|   7|0x00000006c1c00000, 0x00000006c2000000, 0x00000006c2000000|100%| O|  |TAMS 0x00000006c2000000, 0x00000006c1c00000| Untracked 
|   8|0x00000006c2000000, 0x00000006c2400000, 0x00000006c2400000|100%|HS|  |TAMS 0x00000006c2400000, 0x00000006c2000000| Complete 
|   9|0x00000006c2400000, 0x00000006c2800000, 0x00000006c2800000|100%| O|  |TAMS 0x00000006c2800000, 0x00000006c2400000| Untracked 
|  10|0x00000006c2800000, 0x00000006c2c00000, 0x00000006c2c00000|100%| O|  |TAMS 0x00000006c2c00000, 0x00000006c2800000| Untracked 
|  11|0x00000006c2c00000, 0x00000006c3000000, 0x00000006c3000000|100%| O|  |TAMS 0x00000006c3000000, 0x00000006c2c00000| Untracked 
|  12|0x00000006c3000000, 0x00000006c3400000, 0x00000006c3400000|100%| O|  |TAMS 0x00000006c3400000, 0x00000006c3000000| Untracked 
|  13|0x00000006c3400000, 0x00000006c3800000, 0x00000006c3800000|100%| O|  |TAMS 0x00000006c3800000, 0x00000006c3400000| Untracked 
|  14|0x00000006c3800000, 0x00000006c3c00000, 0x00000006c3c00000|100%| O|  |TAMS 0x00000006c3c00000, 0x00000006c3800000| Untracked 
|  15|0x00000006c3c00000, 0x00000006c4000000, 0x00000006c4000000|100%| O|  |TAMS 0x00000006c4000000, 0x00000006c3c00000| Untracked 
|  16|0x00000006c4000000, 0x00000006c4400000, 0x00000006c4400000|100%| O|  |TAMS 0x00000006c4281e00, 0x00000006c4000000| Untracked 
|  17|0x00000006c4400000, 0x00000006c4800000, 0x00000006c4800000|100%| O|  |TAMS 0x00000006c4400000, 0x00000006c4400000| Untracked 
|  18|0x00000006c4800000, 0x00000006c4bca600, 0x00000006c4c00000| 94%| O|  |TAMS 0x00000006c4800000, 0x00000006c4800000| Untracked 
|  19|0x00000006c4c00000, 0x00000006c4c00000, 0x00000006c5000000|  0%| F|  |TAMS 0x00000006c4c00000, 0x00000006c4c00000| Untracked 
|  20|0x00000006c5000000, 0x00000006c5000000, 0x00000006c5400000|  0%| F|  |TAMS 0x00000006c5000000, 0x00000006c5000000| Untracked 
|  21|0x00000006c5400000, 0x00000006c5400000, 0x00000006c5800000|  0%| F|  |TAMS 0x00000006c5400000, 0x00000006c5400000| Untracked 
|  22|0x00000006c5800000, 0x00000006c5800000, 0x00000006c5c00000|  0%| F|  |TAMS 0x00000006c5800000, 0x00000006c5800000| Untracked 
|  23|0x00000006c5c00000, 0x00000006c5c00000, 0x00000006c6000000|  0%| F|  |TAMS 0x00000006c5c00000, 0x00000006c5c00000| Untracked 
|  24|0x00000006c6000000, 0x00000006c6106020, 0x00000006c6400000| 25%| S|CS|TAMS 0x00000006c6000000, 0x00000006c6000000| Complete 
|  25|0x00000006c6400000, 0x00000006c6800000, 0x00000006c6800000|100%| S|CS|TAMS 0x00000006c6400000, 0x00000006c6400000| Complete 
|  26|0x00000006c6800000, 0x00000006c6800000, 0x00000006c6c00000|  0%| F|  |TAMS 0x00000006c6800000, 0x00000006c6800000| Untracked 
|  27|0x00000006c6c00000, 0x00000006c6c00000, 0x00000006c7000000|  0%| F|  |TAMS 0x00000006c6c00000, 0x00000006c6c00000| Untracked 
|  28|0x00000006c7000000, 0x00000006c7000000, 0x00000006c7400000|  0%| F|  |TAMS 0x00000006c7000000, 0x00000006c7000000| Untracked 
|  29|0x00000006c7400000, 0x00000006c7400000, 0x00000006c7800000|  0%| F|  |TAMS 0x00000006c7400000, 0x00000006c7400000| Untracked 
|  30|0x00000006c7800000, 0x00000006c7800000, 0x00000006c7c00000|  0%| F|  |TAMS 0x00000006c7800000, 0x00000006c7800000| Untracked 
|  31|0x00000006c7c00000, 0x00000006c7e97bf8, 0x00000006c8000000| 64%| E|  |TAMS 0x00000006c7c00000, 0x00000006c7c00000| Complete 
|  32|0x00000006c8000000, 0x00000006c8400000, 0x00000006c8400000|100%| E|CS|TAMS 0x00000006c8000000, 0x00000006c8000000| Complete 
|  33|0x00000006c8400000, 0x00000006c8800000, 0x00000006c8800000|100%| E|CS|TAMS 0x00000006c8400000, 0x00000006c8400000| Complete 
|  34|0x00000006c8800000, 0x00000006c8c00000, 0x00000006c8c00000|100%| E|CS|TAMS 0x00000006c8800000, 0x00000006c8800000| Complete 
|  35|0x00000006c8c00000, 0x00000006c9000000, 0x00000006c9000000|100%| E|CS|TAMS 0x00000006c8c00000, 0x00000006c8c00000| Complete 
|  36|0x00000006c9000000, 0x00000006c9400000, 0x00000006c9400000|100%| E|CS|TAMS 0x00000006c9000000, 0x00000006c9000000| Complete 
|  37|0x00000006c9400000, 0x00000006c9800000, 0x00000006c9800000|100%| E|CS|TAMS 0x00000006c9400000, 0x00000006c9400000| Complete 
|  38|0x00000006c9800000, 0x00000006c9c00000, 0x00000006c9c00000|100%| E|CS|TAMS 0x00000006c9800000, 0x00000006c9800000| Complete 
|  39|0x00000006c9c00000, 0x00000006ca000000, 0x00000006ca000000|100%| E|CS|TAMS 0x00000006c9c00000, 0x00000006c9c00000| Complete 
|  40|0x00000006ca000000, 0x00000006ca400000, 0x00000006ca400000|100%| E|CS|TAMS 0x00000006ca000000, 0x00000006ca000000| Complete 

Card table byte_map: [0x000001b95ece0000,0x000001b95f6e0000] _byte_map_base: 0x000001b95b6e0000

Marking Bits (Prev, Next): (CMBitMap*) 0x000001b94bb576d0, (CMBitMap*) 0x000001b94bb57710
 Prev Bits: [0x000001b9600e0000, 0x000001b9650e0000)
 Next Bits: [0x000001b9650e0000, 0x000001b96a0e0000)

Polling page: 0x000001b949ad0000

Metaspace:

Usage:
  Non-class:     66.11 MB used.
      Class:     10.30 MB used.
       Both:     76.41 MB used.

Virtual space:
  Non-class space:       72.00 MB reserved,      66.50 MB ( 92%) committed,  9 nodes.
      Class space:        1.00 GB reserved,      10.62 MB (  1%) committed,  1 nodes.
             Both:        1.07 GB reserved,      77.12 MB (  7%) committed. 

Chunk freelists:
   Non-Class:  1.39 MB
       Class:  1.33 MB
        Both:  2.72 MB

MaxMetaspaceSize: unlimited
CompressedClassSpaceSize: 1.00 GB
Initial GC threshold: 21.00 MB
Current GC threshold: 114.00 MB
CDS: off
MetaspaceReclaimPolicy: balanced
 - commit_granule_bytes: 65536.
 - commit_granule_words: 8192.
 - virtual_space_node_default_size: 1048576.
 - enlarge_chunks_in_place: 1.
 - new_chunks_are_fully_committed: 0.
 - uncommit_free_chunks: 1.
 - use_allocation_guard: 0.
 - handle_deallocations: 1.


Internal statistics:

num_allocs_failed_limit: 6.
num_arena_births: 810.
num_arena_deaths: 0.
num_vsnodes_births: 10.
num_vsnodes_deaths: 0.
num_space_committed: 1234.
num_space_uncommitted: 0.
num_chunks_returned_to_freelist: 6.
num_chunks_taken_from_freelist: 3581.
num_chunk_merges: 3.
num_chunk_splits: 2342.
num_chunks_enlarged: 1557.
num_purges: 0.
num_inconsistent_stats: 0.

CodeHeap 'non-profiled nmethods': size=120000Kb used=5308Kb max_used=5308Kb free=114691Kb
 bounds [0x000001b956a80000, 0x000001b956fb0000, 0x000001b95dfb0000]
CodeHeap 'profiled nmethods': size=120000Kb used=16626Kb max_used=16626Kb free=103373Kb
 bounds [0x000001b94efb0000, 0x000001b94fff0000, 0x000001b9564e0000]
CodeHeap 'non-nmethods': size=5760Kb used=2362Kb max_used=2477Kb free=3397Kb
 bounds [0x000001b9564e0000, 0x000001b956770000, 0x000001b956a80000]
 total_blobs=8872 nmethods=7985 adapters=797
 compilation: enabled
              stopped_count=0, restarted_count=0
 full_count=0

Compilation events (20 events):
Event: 23.221 Thread 0x000001b96d53d3e0 8717       3       java.lang.String::toUpperCase (8 bytes)
Event: 23.222 Thread 0x000001b96d53d3e0 nmethod 8717 0x000001b94ffd1f10 code [0x000001b94ffd20e0, 0x000001b94ffd2478]
Event: 23.222 Thread 0x000001b96d53d3e0 8718       3       org.apache.groovy.util.BeanUtils::capitalize (64 bytes)
Event: 23.223 Thread 0x000001b96d53d3e0 nmethod 8718 0x000001b94ffd2590 code [0x000001b94ffd2980, 0x000001b94ffd4268]
Event: 23.223 Thread 0x000001b96d53d3e0 8719       3       org.gradle.api.internal.project.taskfactory.DefaultTaskClassInfoStore::createTaskAction (215 bytes)
Event: 23.226 Thread 0x000001b96d53d3e0 nmethod 8719 0x000001b94ffd4b10 code [0x000001b94ffd50e0, 0x000001b94ffd89b8]
Event: 23.226 Thread 0x000001b96d53d3e0 8720       3       org.gradle.util.internal.ClosureBackedAction::<init> (20 bytes)
Event: 23.227 Thread 0x000001b96d53d3e0 nmethod 8720 0x000001b94ffd9a10 code [0x000001b94ffd9ba0, 0x000001b94ffd9d78]
Event: 23.227 Thread 0x000001b96d53d3e0 8721   !   3       org.gradle.util.internal.ClosureBackedAction::execute (133 bytes)
Event: 23.228 Thread 0x000001b96d53d3e0 nmethod 8721 0x000001b94ffd9e90 code [0x000001b94ffda140, 0x000001b94ffdb4c8]
Event: 23.228 Thread 0x000001b96d53d3e0 8724 %     3       org.apache.commons.io.FilenameUtils::doNormalize @ 134 (534 bytes)
Event: 23.229 Thread 0x000001b96d53d3e0 nmethod 8724% 0x000001b94ffdba10 code [0x000001b94ffdbd40, 0x000001b94ffdd6f8]
Event: 23.229 Thread 0x000001b96d53d3e0 8725       3       groovy.lang.MetaClassImpl::findMethodInClassHierarchy (256 bytes)
Event: 23.230 Thread 0x000001b96d53d3e0 nmethod 8725 0x000001b94ffdde90 code [0x000001b94ffde280, 0x000001b94ffe0038]
Event: 23.230 Thread 0x000001b96d53d3e0 8722       3       org.codehaus.groovy.runtime.callsite.AbstractCallSite::noWrappers (27 bytes)
Event: 23.231 Thread 0x000001b96d53d3e0 nmethod 8722 0x000001b94ffe0790 code [0x000001b94ffe0940, 0x000001b94ffe0c78]
Event: 23.231 Thread 0x000001b96d53d3e0 8723       3       org.codehaus.groovy.runtime.callsite.AbstractCallSite::noCoerce (54 bytes)
Event: 23.231 Thread 0x000001b96d53d3e0 nmethod 8723 0x000001b94ffe0d90 code [0x000001b94ffe0f80, 0x000001b94ffe14b8]
Event: 23.231 Thread 0x000001b96d53d3e0 8726       3       org.codehaus.groovy.runtime.callsite.MetaClassSite::<init> (11 bytes)
Event: 23.231 Thread 0x000001b96d53d3e0 nmethod 8726 0x000001b94ffe1690 code [0x000001b94ffe1860, 0x000001b94ffe1df8]

GC Heap History (20 events):
Event: 18.435 GC heap before
{Heap before GC invocations=20 (full 0):
 garbage-first heap   total 102400K, used 69258K [0x00000006c0000000, 0x0000000800000000)
  region size 4096K, 6 young (24576K), 1 survivors (4096K)
 Metaspace       used 62602K, committed 63040K, reserved 1105920K
  class space    used 8120K, committed 8320K, reserved 1048576K
}
Event: 18.439 GC heap after
{Heap after GC invocations=21 (full 0):
 garbage-first heap   total 102400K, used 55511K [0x00000006c0000000, 0x0000000800000000)
  region size 4096K, 1 young (4096K), 1 survivors (4096K)
 Metaspace       used 62602K, committed 63040K, reserved 1105920K
  class space    used 8120K, committed 8320K, reserved 1048576K
}
Event: 18.746 GC heap before
{Heap before GC invocations=21 (full 0):
 garbage-first heap   total 102400K, used 75991K [0x00000006c0000000, 0x0000000800000000)
  region size 4096K, 6 young (24576K), 1 survivors (4096K)
 Metaspace       used 64264K, committed 64704K, reserved 1105920K
  class space    used 8326K, committed 8512K, reserved 1048576K
}
Event: 18.751 GC heap after
{Heap after GC invocations=22 (full 0):
 garbage-first heap   total 102400K, used 57079K [0x00000006c0000000, 0x0000000800000000)
  region size 4096K, 1 young (4096K), 1 survivors (4096K)
 Metaspace       used 64264K, committed 64704K, reserved 1105920K
  class space    used 8326K, committed 8512K, reserved 1048576K
}
Event: 19.120 GC heap before
{Heap before GC invocations=23 (full 0):
 garbage-first heap   total 110592K, used 77559K [0x00000006c0000000, 0x0000000800000000)
  region size 4096K, 6 young (24576K), 1 survivors (4096K)
 Metaspace       used 65855K, committed 66304K, reserved 1114112K
  class space    used 8524K, committed 8704K, reserved 1048576K
}
Event: 19.124 GC heap after
{Heap after GC invocations=24 (full 0):
 garbage-first heap   total 110592K, used 58380K [0x00000006c0000000, 0x0000000800000000)
  region size 4096K, 1 young (4096K), 1 survivors (4096K)
 Metaspace       used 65855K, committed 66304K, reserved 1114112K
  class space    used 8524K, committed 8704K, reserved 1048576K
}
Event: 19.552 GC heap before
{Heap before GC invocations=24 (full 0):
 garbage-first heap   total 110592K, used 82956K [0x00000006c0000000, 0x0000000800000000)
  region size 4096K, 7 young (28672K), 1 survivors (4096K)
 Metaspace       used 66163K, committed 66624K, reserved 1114112K
  class space    used 8555K, committed 8768K, reserved 1048576K
}
Event: 19.558 GC heap after
{Heap after GC invocations=25 (full 0):
 garbage-first heap   total 110592K, used 65752K [0x00000006c0000000, 0x0000000800000000)
  region size 4096K, 1 young (4096K), 1 survivors (4096K)
 Metaspace       used 66163K, committed 66624K, reserved 1114112K
  class space    used 8555K, committed 8768K, reserved 1048576K
}
Event: 19.717 GC heap before
{Heap before GC invocations=26 (full 0):
 garbage-first heap   total 122880K, used 82136K [0x00000006c0000000, 0x0000000800000000)
  region size 4096K, 5 young (20480K), 1 survivors (4096K)
 Metaspace       used 66346K, committed 66816K, reserved 1114112K
  class space    used 8577K, committed 8768K, reserved 1048576K
}
Event: 19.720 GC heap after
{Heap after GC invocations=27 (full 0):
 garbage-first heap   total 122880K, used 68019K [0x00000006c0000000, 0x0000000800000000)
  region size 4096K, 1 young (4096K), 1 survivors (4096K)
 Metaspace       used 66346K, committed 66816K, reserved 1114112K
  class space    used 8577K, committed 8768K, reserved 1048576K
}
Event: 20.031 GC heap before
{Heap before GC invocations=27 (full 0):
 garbage-first heap   total 122880K, used 92595K [0x00000006c0000000, 0x0000000800000000)
  region size 4096K, 7 young (28672K), 1 survivors (4096K)
 Metaspace       used 67142K, committed 67712K, reserved 1114112K
  class space    used 8707K, committed 8960K, reserved 1048576K
}
Event: 20.035 GC heap after
{Heap after GC invocations=28 (full 0):
 garbage-first heap   total 122880K, used 69787K [0x00000006c0000000, 0x0000000800000000)
  region size 4096K, 1 young (4096K), 1 survivors (4096K)
 Metaspace       used 67142K, committed 67712K, reserved 1114112K
  class space    used 8707K, committed 8960K, reserved 1048576K
}
Event: 20.377 GC heap before
{Heap before GC invocations=29 (full 0):
 garbage-first heap   total 139264K, used 94363K [0x00000006c0000000, 0x0000000800000000)
  region size 4096K, 7 young (28672K), 1 survivors (4096K)
 Metaspace       used 67841K, committed 68480K, reserved 1114112K
  class space    used 8853K, committed 9152K, reserved 1048576K
}
Event: 20.380 GC heap after
{Heap after GC invocations=30 (full 0):
 garbage-first heap   total 139264K, used 70729K [0x00000006c0000000, 0x0000000800000000)
  region size 4096K, 1 young (4096K), 1 survivors (4096K)
 Metaspace       used 67841K, committed 68480K, reserved 1114112K
  class space    used 8853K, committed 9152K, reserved 1048576K
}
Event: 20.743 GC heap before
{Heap before GC invocations=30 (full 0):
 garbage-first heap   total 139264K, used 103497K [0x00000006c0000000, 0x0000000800000000)
  region size 4096K, 9 young (36864K), 1 survivors (4096K)
 Metaspace       used 69113K, committed 69760K, reserved 1114112K
  class space    used 9024K, committed 9344K, reserved 1048576K
}
Event: 20.748 GC heap after
{Heap after GC invocations=31 (full 0):
 garbage-first heap   total 167936K, used 73035K [0x00000006c0000000, 0x0000000800000000)
  region size 4096K, 2 young (8192K), 2 survivors (8192K)
 Metaspace       used 69113K, committed 69760K, reserved 1114112K
  class space    used 9024K, committed 9344K, reserved 1048576K
}
Event: 21.964 GC heap before
{Heap before GC invocations=32 (full 0):
 garbage-first heap   total 167936K, used 126283K [0x00000006c0000000, 0x0000000800000000)
  region size 4096K, 15 young (61440K), 2 survivors (8192K)
 Metaspace       used 73128K, committed 73856K, reserved 1114112K
  class space    used 9641K, committed 9984K, reserved 1048576K
}
Event: 21.971 GC heap after
{Heap after GC invocations=33 (full 0):
 garbage-first heap   total 167936K, used 77781K [0x00000006c0000000, 0x0000000800000000)
  region size 4096K, 2 young (8192K), 2 survivors (8192K)
 Metaspace       used 73128K, committed 73856K, reserved 1114112K
  class space    used 9641K, committed 9984K, reserved 1048576K
}
Event: 23.002 GC heap before
{Heap before GC invocations=33 (full 0):
 garbage-first heap   total 167936K, used 131029K [0x00000006c0000000, 0x0000000800000000)
  region size 4096K, 15 young (61440K), 2 survivors (8192K)
 Metaspace       used 77540K, committed 78272K, reserved 1122304K
  class space    used 10404K, committed 10752K, reserved 1048576K
}
Event: 23.010 GC heap after
{Heap after GC invocations=34 (full 0):
 garbage-first heap   total 167936K, used 82753K [0x00000006c0000000, 0x0000000800000000)
  region size 4096K, 2 young (8192K), 2 survivors (8192K)
 Metaspace       used 77540K, committed 78272K, reserved 1122304K
  class space    used 10404K, committed 10752K, reserved 1048576K
}

Dll operation events (2 events):
Event: 0.007 Loaded shared library C:\Program Files\Android\Android Studio\jbr\bin\java.dll
Event: 0.619 Loaded shared library C:\Program Files\Android\Android Studio\jbr\bin\verify.dll

Deoptimization events (20 events):
Event: 23.207 Thread 0x000001b96ede7ba0 Uncommon trap: trap_request=0xffffffc6 fr.pc=0x000001b956f91ff8 relative=0x00000000000006f8
Event: 23.207 Thread 0x000001b96ede7ba0 Uncommon trap: reason=bimorphic_or_optimized_type_check action=maybe_recompile pc=0x000001b956f91ff8 method=java.util.Arrays.binarySearch0([Ljava/lang/Object;IILjava/lang/Object;Ljava/util/Comparator;)I @ 48 c2
Event: 23.207 Thread 0x000001b96ede7ba0 DEOPT PACKING pc=0x000001b956f91ff8 sp=0x0000003e1dff0db0
Event: 23.207 Thread 0x000001b96ede7ba0 DEOPT UNPACKING pc=0x000001b9565369a3 sp=0x0000003e1dff0d30 mode 2
Event: 23.207 Thread 0x000001b96ede7ba0 Uncommon trap: trap_request=0xffffffc6 fr.pc=0x000001b956f91ff8 relative=0x00000000000006f8
Event: 23.207 Thread 0x000001b96ede7ba0 Uncommon trap: reason=bimorphic_or_optimized_type_check action=maybe_recompile pc=0x000001b956f91ff8 method=java.util.Arrays.binarySearch0([Ljava/lang/Object;IILjava/lang/Object;Ljava/util/Comparator;)I @ 48 c2
Event: 23.207 Thread 0x000001b96ede7ba0 DEOPT PACKING pc=0x000001b956f91ff8 sp=0x0000003e1dff0db0
Event: 23.207 Thread 0x000001b96ede7ba0 DEOPT UNPACKING pc=0x000001b9565369a3 sp=0x0000003e1dff0d30 mode 2
Event: 23.207 Thread 0x000001b96ede7ba0 Uncommon trap: trap_request=0xffffffc6 fr.pc=0x000001b956f91ff8 relative=0x00000000000006f8
Event: 23.207 Thread 0x000001b96ede7ba0 Uncommon trap: reason=bimorphic_or_optimized_type_check action=maybe_recompile pc=0x000001b956f91ff8 method=java.util.Arrays.binarySearch0([Ljava/lang/Object;IILjava/lang/Object;Ljava/util/Comparator;)I @ 48 c2
Event: 23.207 Thread 0x000001b96ede7ba0 DEOPT PACKING pc=0x000001b956f91ff8 sp=0x0000003e1dff0db0
Event: 23.207 Thread 0x000001b96ede7ba0 DEOPT UNPACKING pc=0x000001b9565369a3 sp=0x0000003e1dff0d30 mode 2
Event: 23.207 Thread 0x000001b96ede7ba0 Uncommon trap: trap_request=0xffffffc6 fr.pc=0x000001b956f91ff8 relative=0x00000000000006f8
Event: 23.207 Thread 0x000001b96ede7ba0 Uncommon trap: reason=bimorphic_or_optimized_type_check action=maybe_recompile pc=0x000001b956f91ff8 method=java.util.Arrays.binarySearch0([Ljava/lang/Object;IILjava/lang/Object;Ljava/util/Comparator;)I @ 48 c2
Event: 23.207 Thread 0x000001b96ede7ba0 DEOPT PACKING pc=0x000001b956f91ff8 sp=0x0000003e1dff0db0
Event: 23.207 Thread 0x000001b96ede7ba0 DEOPT UNPACKING pc=0x000001b9565369a3 sp=0x0000003e1dff0d30 mode 2
Event: 23.227 Thread 0x000001b96ede7ba0 Uncommon trap: trap_request=0xffffff45 fr.pc=0x000001b956f25e7c relative=0x0000000000001c1c
Event: 23.227 Thread 0x000001b96ede7ba0 Uncommon trap: reason=unstable_if action=reinterpret pc=0x000001b956f25e7c method=org.apache.commons.io.FilenameUtils.doNormalize(Ljava/lang/String;CZ)Ljava/lang/String; @ 501 c2
Event: 23.227 Thread 0x000001b96ede7ba0 DEOPT PACKING pc=0x000001b956f25e7c sp=0x0000003e1dfefa10
Event: 23.227 Thread 0x000001b96ede7ba0 DEOPT UNPACKING pc=0x000001b9565369a3 sp=0x0000003e1dfef9c8 mode 2

Classes unloaded (0 events):
No events

Classes redefined (0 events):
No events

Internal exceptions (20 events):
Event: 23.127 Thread 0x000001b96ede7ba0 Exception <a 'java/lang/ClassNotFoundException'{0x00000006c8420d40}: org/gradle/api/internal/provider/DefaultPropertyBeanInfo> (0x00000006c8420d40) 
thrown [s\src\hotspot\share\classfile\systemDictionary.cpp, line 256]
Event: 23.128 Thread 0x000001b96ede7ba0 Exception <a 'java/lang/ClassNotFoundException'{0x00000006c843e590}: org/gradle/api/internal/provider/AbstractPropertyBeanInfo> (0x00000006c843e590) 
thrown [s\src\hotspot\share\classfile\systemDictionary.cpp, line 256]
Event: 23.130 Thread 0x000001b96ede7ba0 Exception <a 'java/lang/ClassNotFoundException'{0x00000006c845bb38}: org/gradle/api/internal/provider/AbstractPropertyCustomizer> (0x00000006c845bb38) 
thrown [s\src\hotspot\share\classfile\systemDictionary.cpp, line 256]
Event: 23.131 Thread 0x000001b96ede7ba0 Exception <a 'java/lang/ClassNotFoundException'{0x00000006c84844a8}: org/gradle/api/internal/provider/DefaultPropertyCustomizer> (0x00000006c84844a8) 
thrown [s\src\hotspot\share\classfile\systemDictionary.cpp, line 256]
Event: 23.133 Thread 0x000001b96ede7ba0 Exception <a 'java/lang/ClassNotFoundException'{0x00000006c84b3e48}: org/gradle/api/internal/file/DefaultFilePropertyFactory$AbstractFileVarCustomizer> (0x00000006c84b3e48) 
thrown [s\src\hotspot\share\classfile\systemDictionary.cpp, line 256]
Event: 23.136 Thread 0x000001b96ede7ba0 Exception <a 'java/lang/ClassNotFoundException'{0x00000006c84f7fe0}: org/gradle/api/internal/file/DefaultFilePropertyFactory$DefaultDirectoryVarCustomizer> (0x00000006c84f7fe0) 
thrown [s\src\hotspot\share\classfile\systemDictionary.cpp, line 256]
Event: 23.142 Thread 0x000001b96ede7ba0 Exception <a 'java/lang/ClassNotFoundException'{0x00000006c85584d8}: org/gradle/api/internal/model/DefaultObjectFactoryBeanInfo> (0x00000006c85584d8) 
thrown [s\src\hotspot\share\classfile\systemDictionary.cpp, line 256]
Event: 23.144 Thread 0x000001b96ede7ba0 Exception <a 'java/lang/ClassNotFoundException'{0x00000006c8573ff8}: org/gradle/api/internal/model/DefaultObjectFactoryCustomizer> (0x00000006c8573ff8) 
thrown [s\src\hotspot\share\classfile\systemDictionary.cpp, line 256]
Event: 23.152 Thread 0x000001b96ede7ba0 Exception <a 'java/lang/ClassNotFoundException'{0x00000006c85e2060}: org/gradle/api/internal/file/DefaultFilePropertyFactory$DefaultRegularFileVarBeanInfo> (0x00000006c85e2060) 
thrown [s\src\hotspot\share\classfile\systemDictionary.cpp, line 256]
Event: 23.154 Thread 0x000001b96ede7ba0 Exception <a 'java/lang/ClassNotFoundException'{0x00000006c85fe088}: org/gradle/api/internal/file/DefaultFilePropertyFactory$DefaultRegularFileVarCustomizer> (0x00000006c85fe088) 
thrown [s\src\hotspot\share\classfile\systemDictionary.cpp, line 256]
Event: 23.163 Thread 0x000001b96ede7ba0 Exception <a 'java/lang/ClassNotFoundException'{0x00000006c86fb180}: org/gradle/api/internal/file/collections/DefaultConfigurableFileCollectionBeanInfo> (0x00000006c86fb180) 
thrown [s\src\hotspot\share\classfile\systemDictionary.cpp, line 256]
Event: 23.164 Thread 0x000001b96ede7ba0 Exception <a 'java/lang/ClassNotFoundException'{0x00000006c8716ce0}: org/gradle/api/internal/file/CompositeFileCollectionBeanInfo> (0x00000006c8716ce0) 
thrown [s\src\hotspot\share\classfile\systemDictionary.cpp, line 256]
Event: 23.166 Thread 0x000001b96ede7ba0 Exception <a 'java/lang/ClassNotFoundException'{0x00000006c8732810}: org/gradle/api/internal/file/CompositeFileCollectionCustomizer> (0x00000006c8732810) 
thrown [s\src\hotspot\share\classfile\systemDictionary.cpp, line 256]
Event: 23.168 Thread 0x000001b96ede7ba0 Exception <a 'java/lang/ClassNotFoundException'{0x00000006c87571f0}: org/gradle/api/internal/file/collections/DefaultConfigurableFileCollectionCustomizer> (0x00000006c87571f0) 
thrown [s\src\hotspot\share\classfile\systemDictionary.cpp, line 256]
Event: 23.210 Thread 0x000001b96ede7ba0 Exception <a 'java/lang/ClassNotFoundException'{0x00000006c8208a68}: FlutterTask_DecoratedBeanInfo> (0x00000006c8208a68) 
thrown [s\src\hotspot\share\classfile\systemDictionary.cpp, line 256]
Event: 23.211 Thread 0x000001b96ede7ba0 Exception <a 'java/lang/ClassNotFoundException'{0x00000006c821aad0}: FlutterTaskBeanInfo> (0x00000006c821aad0) 
thrown [s\src\hotspot\share\classfile\systemDictionary.cpp, line 256]
Event: 23.213 Thread 0x000001b96ede7ba0 Exception <a 'java/lang/ClassNotFoundException'{0x00000006c822ce58}: BaseFlutterTaskBeanInfo> (0x00000006c822ce58) 
thrown [s\src\hotspot\share\classfile\systemDictionary.cpp, line 256]
Event: 23.214 Thread 0x000001b96ede7ba0 Exception <a 'java/lang/ClassNotFoundException'{0x00000006c823f228}: BaseFlutterTaskCustomizer> (0x00000006c823f228) 
thrown [s\src\hotspot\share\classfile\systemDictionary.cpp, line 256]
Event: 23.217 Thread 0x000001b96ede7ba0 Exception <a 'java/lang/ClassNotFoundException'{0x00000006c8292bb0}: FlutterTaskCustomizer> (0x00000006c8292bb0) 
thrown [s\src\hotspot\share\classfile\systemDictionary.cpp, line 256]
Event: 23.219 Thread 0x000001b96ede7ba0 Exception <a 'java/lang/ClassNotFoundException'{0x00000006c82bf150}: FlutterTask_DecoratedCustomizer> (0x00000006c82bf150) 
thrown [s\src\hotspot\share\classfile\systemDictionary.cpp, line 256]

VM Operations (20 events):
Event: 20.839 Executing VM operation: G1Concurrent
Event: 20.839 Executing VM operation: G1Concurrent done
Event: 20.997 Executing VM operation: HandshakeAllThreads
Event: 20.997 Executing VM operation: HandshakeAllThreads done
Event: 21.411 Executing VM operation: HandshakeAllThreads
Event: 21.411 Executing VM operation: HandshakeAllThreads done
Event: 21.964 Executing VM operation: G1CollectForAllocation
Event: 21.971 Executing VM operation: G1CollectForAllocation done
Event: 22.914 Executing VM operation: HandshakeAllThreads
Event: 22.914 Executing VM operation: HandshakeAllThreads done
Event: 22.979 Executing VM operation: ICBufferFull
Event: 22.979 Executing VM operation: ICBufferFull done
Event: 23.001 Executing VM operation: G1CollectForAllocation
Event: 23.011 Executing VM operation: G1CollectForAllocation done
Event: 23.014 Executing VM operation: HandshakeAllThreads
Event: 23.014 Executing VM operation: HandshakeAllThreads done
Event: 23.075 Executing VM operation: HandshakeAllThreads
Event: 23.076 Executing VM operation: HandshakeAllThreads done
Event: 23.106 Executing VM operation: HandshakeAllThreads
Event: 23.107 Executing VM operation: HandshakeAllThreads done

Events (20 events):
Event: 22.977 loading class java/util/Collections$SingletonListCustomizer
Event: 22.977 loading class java/util/Collections$SingletonListCustomizer done
Event: 23.035 loading class java/lang/StringBuilderBeanInfo
Event: 23.035 loading class java/lang/StringBuilderBeanInfo done
Event: 23.036 loading class java/lang/StringBuilderBeanInfo
Event: 23.036 loading class java/lang/StringBuilderBeanInfo done
Event: 23.036 loading class java/lang/AbstractStringBuilderBeanInfo
Event: 23.036 loading class java/lang/AbstractStringBuilderBeanInfo done
Event: 23.036 loading class java/lang/AbstractStringBuilderBeanInfo
Event: 23.036 loading class java/lang/AbstractStringBuilderBeanInfo done
Event: 23.036 loading class java/lang/AbstractStringBuilderCustomizer
Event: 23.036 loading class java/lang/AbstractStringBuilderCustomizer done
Event: 23.037 loading class java/lang/AbstractStringBuilderCustomizer
Event: 23.037 loading class java/lang/AbstractStringBuilderCustomizer done
Event: 23.044 loading class java/lang/StringBuilderCustomizer
Event: 23.044 loading class java/lang/StringBuilderCustomizer done
Event: 23.045 loading class java/lang/StringBuilderCustomizer
Event: 23.045 loading class java/lang/StringBuilderCustomizer done
Event: 23.086 loading class java/beans/ParameterDescriptor
Event: 23.086 loading class java/beans/ParameterDescriptor done


Dynamic libraries:
0x00007ff739740000 - 0x00007ff73974a000 	C:\Program Files\Android\Android Studio\jbr\bin\java.exe
0x00007fff9ac10000 - 0x00007fff9ae08000 	C:\Windows\SYSTEM32\ntdll.dll
0x00007fff9a650000 - 0x00007fff9a70f000 	C:\Windows\System32\KERNEL32.DLL
0x00007fff98480000 - 0x00007fff9875a000 	C:\Windows\System32\KERNELBASE.dll
0x00007fff988b0000 - 0x00007fff989b0000 	C:\Windows\System32\ucrtbase.dll
0x00007fff6a860000 - 0x00007fff6a877000 	C:\Program Files\Android\Android Studio\jbr\bin\jli.dll
0x00007fff9a880000 - 0x00007fff9aa1d000 	C:\Windows\System32\USER32.dll
0x00007fff6c0f0000 - 0x00007fff6c38a000 	C:\Windows\WinSxS\amd64_microsoft.windows.common-controls_6595b64144ccf1df_6.0.19041.1110_none_60b5254171f9507e\COMCTL32.dll
0x00007fff989b0000 - 0x00007fff989d2000 	C:\Windows\System32\win32u.dll
0x00007fff66960000 - 0x00007fff6697b000 	C:\Program Files\Android\Android Studio\jbr\bin\VCRUNTIME140.dll
0x00007fff9a5b0000 - 0x00007fff9a64e000 	C:\Windows\System32\msvcrt.dll
0x00007fff99d30000 - 0x00007fff99d5b000 	C:\Windows\System32\GDI32.dll
0x00007fff98370000 - 0x00007fff98480000 	C:\Windows\System32\gdi32full.dll
0x00007fff989e0000 - 0x00007fff98a7d000 	C:\Windows\System32\msvcp_win.dll
0x00007fff9a840000 - 0x00007fff9a870000 	C:\Windows\System32\IMM32.DLL
0x00007fff6ac00000 - 0x00007fff6ac0c000 	C:\Program Files\Android\Android Studio\jbr\bin\vcruntime140_1.dll
0x00007fff5c3e0000 - 0x00007fff5c46d000 	C:\Program Files\Android\Android Studio\jbr\bin\msvcp140.dll
0x00007fff2f260000 - 0x00007fff2fecd000 	C:\Program Files\Android\Android Studio\jbr\bin\server\jvm.dll
0x00007fff9ab20000 - 0x00007fff9abce000 	C:\Windows\System32\ADVAPI32.dll
0x00007fff9aa20000 - 0x00007fff9aabc000 	C:\Windows\System32\sechost.dll
0x00007fff99d60000 - 0x00007fff99e86000 	C:\Windows\System32\RPCRT4.dll
0x00007fff76b30000 - 0x00007fff76b39000 	C:\Windows\SYSTEM32\WSOCK32.dll
0x00007fff7bb20000 - 0x00007fff7bb47000 	C:\Windows\SYSTEM32\WINMM.dll
0x00007fff9a1f0000 - 0x00007fff9a25b000 	C:\Windows\System32\WS2_32.dll
0x00007fff89b90000 - 0x00007fff89b9a000 	C:\Windows\SYSTEM32\VERSION.dll
0x00007fff96200000 - 0x00007fff96212000 	C:\Windows\SYSTEM32\kernel.appcore.dll
0x00007fff6b2d0000 - 0x00007fff6b2da000 	C:\Program Files\Android\Android Studio\jbr\bin\jimage.dll
0x00007fff86040000 - 0x00007fff86224000 	C:\Windows\SYSTEM32\DBGHELP.DLL
0x00007fff84190000 - 0x00007fff841c4000 	C:\Windows\SYSTEM32\dbgcore.DLL
0x00007fff98a80000 - 0x00007fff98b02000 	C:\Windows\System32\bcryptPrimitives.dll
0x00007fff6aae0000 - 0x00007fff6ab05000 	C:\Program Files\Android\Android Studio\jbr\bin\java.dll
0x00007fff6aa60000 - 0x00007fff6aa78000 	C:\Program Files\Android\Android Studio\jbr\bin\zip.dll
0x00007fff98c70000 - 0x00007fff993b4000 	C:\Windows\System32\SHELL32.dll
0x00007fff96400000 - 0x00007fff96b93000 	C:\Windows\SYSTEM32\windows.storage.dll
0x00007fff99970000 - 0x00007fff99cc4000 	C:\Windows\System32\combase.dll
0x00007fff97d10000 - 0x00007fff97d3e000 	C:\Windows\SYSTEM32\Wldp.dll
0x00007fff9a140000 - 0x00007fff9a1ed000 	C:\Windows\System32\SHCORE.dll
0x00007fff99cd0000 - 0x00007fff99d25000 	C:\Windows\System32\shlwapi.dll
0x00007fff98260000 - 0x00007fff9827f000 	C:\Windows\SYSTEM32\profapi.dll
0x00007fff53980000 - 0x00007fff53999000 	C:\Program Files\Android\Android Studio\jbr\bin\net.dll
0x00007fff8fec0000 - 0x00007fff8ffca000 	C:\Windows\SYSTEM32\WINHTTP.dll
0x00007fff97a00000 - 0x00007fff97a6a000 	C:\Windows\system32\mswsock.dll
0x00007fff53300000 - 0x00007fff53316000 	C:\Program Files\Android\Android Studio\jbr\bin\nio.dll
0x00007fff54010000 - 0x00007fff54020000 	C:\Program Files\Android\Android Studio\jbr\bin\verify.dll
0x00007fff62750000 - 0x00007fff62777000 	C:\Users\ITS\.gradle\native\e1d6ef7f7dcc3fd88c89a11ec53ec762bb8ba0a96d01ffa2cd45eb1d1d8dd5c5\windows-amd64\native-platform.dll
0x00007fff5c0c0000 - 0x00007fff5c204000 	C:\Users\ITS\.gradle\native\0d407fdbe67a94daf76414ababcb853783967236a71b16ec16e742cd7a986fd3\windows-amd64\native-platform-file-events.dll
0x00007fff6a850000 - 0x00007fff6a859000 	C:\Program Files\Android\Android Studio\jbr\bin\management.dll
0x00007fff6a810000 - 0x00007fff6a81b000 	C:\Program Files\Android\Android Studio\jbr\bin\management_ext.dll
0x00007fff9a870000 - 0x00007fff9a878000 	C:\Windows\System32\PSAPI.DLL
0x00007fff97c60000 - 0x00007fff97c78000 	C:\Windows\SYSTEM32\CRYPTSP.dll
0x00007fff97320000 - 0x00007fff97354000 	C:\Windows\system32\rsaenh.dll
0x00007fff98880000 - 0x00007fff988a7000 	C:\Windows\System32\bcrypt.dll
0x00007fff981e0000 - 0x00007fff9820e000 	C:\Windows\SYSTEM32\USERENV.dll
0x00007fff97c80000 - 0x00007fff97c8c000 	C:\Windows\SYSTEM32\CRYPTBASE.dll
0x00007fff976f0000 - 0x00007fff9772c000 	C:\Windows\SYSTEM32\IPHLPAPI.DLL
0x00007fff9a5a0000 - 0x00007fff9a5a8000 	C:\Windows\System32\NSI.dll
0x00007fff91600000 - 0x00007fff91617000 	C:\Windows\SYSTEM32\dhcpcsvc6.DLL
0x00007fff915e0000 - 0x00007fff915fd000 	C:\Windows\SYSTEM32\dhcpcsvc.DLL
0x00007fff97730000 - 0x00007fff977fb000 	C:\Windows\SYSTEM32\DNSAPI.dll
0x00007fff53970000 - 0x00007fff53977000 	C:\Windows\system32\wshunix.dll

dbghelp: loaded successfully - version: 4.0.5 - missing functions: none
symbol engine: initialized successfully - sym options: 0x614 - pdb path: .;C:\Program Files\Android\Android Studio\jbr\bin;C:\Windows\SYSTEM32;C:\Windows\WinSxS\amd64_microsoft.windows.common-controls_6595b64144ccf1df_6.0.19041.1110_none_60b5254171f9507e;C:\Program Files\Android\Android Studio\jbr\bin\server;C:\Users\ITS\.gradle\native\e1d6ef7f7dcc3fd88c89a11ec53ec762bb8ba0a96d01ffa2cd45eb1d1d8dd5c5\windows-amd64;C:\Users\ITS\.gradle\native\0d407fdbe67a94daf76414ababcb853783967236a71b16ec16e742cd7a986fd3\windows-amd64

VM Arguments:
jvm_args: --add-opens=java.base/java.util=ALL-UNNAMED --add-opens=java.base/java.lang=ALL-UNNAMED --add-opens=java.base/java.lang.invoke=ALL-UNNAMED --add-opens=java.base/java.util=ALL-UNNAMED --add-opens=java.prefs/java.util.prefs=ALL-UNNAMED --add-opens=java.prefs/java.util.prefs=ALL-UNNAMED --add-opens=java.base/java.nio.charset=ALL-UNNAMED --add-opens=java.base/java.net=ALL-UNNAMED --add-opens=java.base/java.util.concurrent.atomic=ALL-UNNAMED -Xmx5120M -Dfile.encoding=windows-1252 -Duser.country=GB -Duser.language=en -Duser.variant 
java_command: org.gradle.launcher.daemon.bootstrap.GradleDaemon 7.4
java_class_path (initial): C:\Users\ITS\.gradle\wrapper\dists\gradle-7.4-all\aadb4xli5jkdsnukm30eibyiu\gradle-7.4\lib\gradle-launcher-7.4.jar
Launcher Type: SUN_STANDARD

[Global flags]
     intx CICompilerCount                          = 4                                         {product} {ergonomic}
     uint ConcGCThreads                            = 2                                         {product} {ergonomic}
     uint G1ConcRefinementThreads                  = 8                                         {product} {ergonomic}
   size_t G1HeapRegionSize                         = 4194304                                   {product} {ergonomic}
    uintx GCDrainStackTargetSize                   = 64                                        {product} {ergonomic}
   size_t InitialHeapSize                          = 134217728                                 {product} {ergonomic}
   size_t MarkStackSize                            = 4194304                                   {product} {ergonomic}
   size_t MaxHeapSize                              = 5368709120                                {product} {command line}
   size_t MaxNewSize                               = 3221225472                                {product} {ergonomic}
   size_t MinHeapDeltaBytes                        = 4194304                                   {product} {ergonomic}
   size_t MinHeapSize                              = 8388608                                   {product} {ergonomic}
    uintx NonNMethodCodeHeapSize                   = 5839372                                {pd product} {ergonomic}
    uintx NonProfiledCodeHeapSize                  = 122909434                              {pd product} {ergonomic}
    uintx ProfiledCodeHeapSize                     = 122909434                              {pd product} {ergonomic}
    uintx ReservedCodeCacheSize                    = 251658240                              {pd product} {ergonomic}
     bool SegmentedCodeCache                       = true                                      {product} {ergonomic}
   size_t SoftMaxHeapSize                          = 5368709120                             {manageable} {ergonomic}
     bool UseCompressedClassPointers               = true                           {product lp64_product} {ergonomic}
     bool UseCompressedOops                        = true                           {product lp64_product} {ergonomic}
     bool UseG1GC                                  = true                                      {product} {ergonomic}
     bool UseLargePagesIndividualAllocation        = false                                  {pd product} {ergonomic}

Logging:
Log output configuration:
 #0: stdout all=warning uptime,level,tags
 #1: stderr all=off uptime,level,tags

Environment Variables:
JAVA_HOME=C:\Program Files\Android\Android Studio\jbr
CLASSPATH=C:\Users\ITS\Documents\Flutter_Projects\p\Flutter-Restaurant(v2.7)\Mobile Source\android\\gradle\wrapper\gradle-wrapper.jar
PATH=C:\Program Files\Microsoft MPI\Bin\;C:\Windows\system32;C:\Windows;C:\Windows\System32\Wbem;C:\Windows\System32\WindowsPowerShell\v1.0\;C:\Windows\System32\OpenSSH\;C:\Program Files (x86)\Microsoft SQL Server\140\Tools\Binn\;C:\Program Files\Microsoft SQL Server\140\Tools\Binn\;C:\Program Files (x86)\Microsoft SQL Server\140\DTS\Binn\;C:\Program Files\Microsoft SQL Server\140\DTS\Binn\;C:\Program Files\Microsoft SQL Server\Client SDK\ODBC\130\Tools\Binn\;C:\Program Files (x86)\Microsoft SQL Server\150\DTS\Binn\;C:\Program Files\Azure Data Studio\bin;C:\Program Files\Git\cmd;C:\Users\ITS\AppData\Local\Microsoft\WindowsApps;C:\Program Files\Azure Data Studio\bin;C:\flutter\bin;C:\Program Files\Android\Android Studio\jbr\bin\keytool;C:\Users\ITS\AppData\Local\Pub\Cache\bin;C:\Users\ITS\Downloads;C:\Program Files;;C:\flutter\bin\mingit\cmd
USERNAME=ITS
OS=Windows_NT
PROCESSOR_IDENTIFIER=Intel64 Family 6 Model 60 Stepping 3, GenuineIntel
TMP=C:\Users\ITS\AppData\Local\Temp
TEMP=C:\Users\ITS\AppData\Local\Temp



---------------  S Y S T E M  ---------------

OS:
 Windows 10 , 64 bit Build 19041 (10.0.19041.2788)
OS uptime: 0 days 3:11 hours

CPU: total 8 (initial active 8) (4 cores per cpu, 2 threads per core) family 6 model 60 stepping 3 microcode 0x27, cx8, cmov, fxsr, ht, mmx, sse, sse2, sse3, ssse3, sse4.1, sse4.2, popcnt, lzcnt, tsc, tscinvbit, avx, avx2, aes, erms, clmul, bmi1, bmi2, fma, vzeroupper, clflush

Memory: 4k page, system-wide physical 8097M (684M free)
TotalPageFile size 22337M (AvailPageFile size 5M)
current process WorkingSet (physical memory assigned to process): 420M, peak: 420M
current process commit charge ("private bytes"): 459M, peak: 462M

vm_info: OpenJDK 64-Bit Server VM (17.0.6+0-b2043.56-9586694) for windows-amd64 JRE (17.0.6+0-b2043.56-9586694), built on Feb  9 2023 20:06:20 by "androidbuild" with MS VC++ 16.10 / 16.11 (VS2019)

END.
