#
# There is insufficient memory for the Java Runtime Environment to continue.
# Native memory allocation (mmap) failed to map 1128267776 bytes for G1 virtual space
# Possible reasons:
#   The system is out of physical RAM or swap space
#   The process is running with CompressedOops enabled, and the Java Heap may be blocking the growth of the native heap
# Possible solutions:
#   Reduce memory load on the system
#   Increase physical memory or swap space
#   Check if swap backing store is full
#   Decrease Java heap size (-Xmx/-Xms)
#   Decrease number of Java threads
#   Decrease Java thread stack sizes (-Xss)
#   Set larger code cache with -XX:ReservedCodeCacheSize=
#   JVM is running with Zero Based Compressed Oops mode in which the Java heap is
#     placed in the first 32GB address space. The Java Heap base address is the
#     maximum limit for the native heap growth. Please use -XX:HeapBaseMinAddress
#     to set the Java Heap base and to place the Java Heap above 32GB virtual address.
# This output file may be truncated or incomplete.
#
#  Out of Memory Error (os_windows.cpp:3769), pid=14948, tid=6056
#
# JRE version: OpenJDK Runtime Environment (17.0.6) (build 17.0.6+0-b2043.56-9586694)
# Java VM: OpenJDK 64-Bit Server VM (17.0.6+0-b2043.56-9586694, mixed mode, tiered, compressed oops, compressed class ptrs, g1 gc, windows-amd64)
# No core dump will be written. Minidumps are not enabled by default on client versions of Windows
#

---------------  S U M M A R Y ------------

Command Line: --add-opens=java.base/java.util=ALL-UNNAMED --add-opens=java.base/java.lang=ALL-UNNAMED --add-opens=java.base/java.lang.invoke=ALL-UNNAMED --add-opens=java.base/java.util=ALL-UNNAMED --add-opens=java.prefs/java.util.prefs=ALL-UNNAMED --add-opens=java.prefs/java.util.prefs=ALL-UNNAMED --add-opens=java.base/java.nio.charset=ALL-UNNAMED --add-opens=java.base/java.net=ALL-UNNAMED --add-opens=java.base/java.util.concurrent.atomic=ALL-UNNAMED -Xmx5120M -Dfile.encoding=windows-1252 -Duser.country=GB -Duser.language=en -Duser.variant org.gradle.launcher.daemon.bootstrap.GradleDaemon 7.4

Host: Intel(R) Core(TM) i7-4790 CPU @ 3.60GHz, 8 cores, 7G,  Windows 10 , 64 bit Build 19041 (10.0.19041.3155)
Time: Thu Jul 27 13:59:04 2023 GMT Summer Time elapsed time: 244.525714 seconds (0d 0h 4m 4s)

---------------  T H R E A D  ---------------

Current thread (0x00000184a69bb730):  VMThread "VM Thread" [stack: 0x0000007ff2700000,0x0000007ff2800000] [id=6056]

Stack: [0x0000007ff2700000,0x0000007ff2800000]
Native frames: (J=compiled Java code, j=interpreted, Vv=VM code, C=native code)
V  [jvm.dll+0x683b4a]
V  [jvm.dll+0x842654]
V  [jvm.dll+0x843dfe]
V  [jvm.dll+0x844463]
V  [jvm.dll+0x249b75]
V  [jvm.dll+0x680a19]
V  [jvm.dll+0x674f0a]
V  [jvm.dll+0x309acb]
V  [jvm.dll+0x310f86]
V  [jvm.dll+0x3608ee]
V  [jvm.dll+0x360b1f]
V  [jvm.dll+0x2dfbf8]
V  [jvm.dll+0x2ddec4]
V  [jvm.dll+0x2dd4cc]
V  [jvm.dll+0x321f3b]
V  [jvm.dll+0x84893b]
V  [jvm.dll+0x849674]
V  [jvm.dll+0x849b8d]
V  [jvm.dll+0x849f64]
V  [jvm.dll+0x84a030]
V  [jvm.dll+0x7f25fa]
V  [jvm.dll+0x682985]
C  [ucrtbase.dll+0x21bb2]
C  [KERNEL32.DLL+0x17614]
C  [ntdll.dll+0x526b1]

VM_Operation (0x0000007ff47fe630): G1CollectForAllocation, mode: safepoint, requested by thread 0x00000184a9fc99a0


---------------  P R O C E S S  ---------------

Threads class SMR info:
_java_thread_list=0x00000184b5e4f540, length=132, elements={
0x0000018483990a00, 0x00000184a698ded0, 0x00000184a698ec50, 0x00000184a69dc950,
0x00000184a69de480, 0x00000184a740a080, 0x00000184a740d160, 0x00000184a740dd50,
0x00000184a743d920, 0x00000184a7444650, 0x00000184a7599d80, 0x00000184a759ae70,
0x00000184a99cba10, 0x00000184aa928c10, 0x00000184a9f8e790, 0x00000184a9fc99a0,
0x00000184a9fc77f0, 0x00000184a9fc9000, 0x00000184a9fca340, 0x00000184a9fc7cc0,
0x00000184aa5fe530, 0x00000184aa5fe060, 0x00000184aa604f10, 0x00000184aa5ff870,
0x00000184aa602d60, 0x00000184aa5ffd40, 0x00000184aa602890, 0x00000184a8986ca0,
0x00000184a8982940, 0x00000184a8982e10, 0x00000184a8984af0, 0x00000184aa1ccc00,
0x00000184a8e5fd80, 0x00000184ab4813f0, 0x00000184b996cbe0, 0x00000184a8e5f8b0,
0x00000184b6b9bc50, 0x00000184b3fc0210, 0x00000184a8986300, 0x00000184a89867d0,
0x00000184a8985490, 0x00000184b6b9cf90, 0x00000184b6b9ade0, 0x00000184a8279db0,
0x00000184a8277c00, 0x00000184a827a280, 0x00000184a827b0f0, 0x00000184a8278a70,
0x00000184b1345560, 0x00000184a827a750, 0x00000184a8279410, 0x00000184a82798e0,
0x00000184a8277730, 0x00000184b996c710, 0x00000184b996d580, 0x00000184b996da50,
0x00000184b996df20, 0x00000184b996bd70, 0x00000184b996e3f0, 0x00000184b996e8c0,
0x00000184b996ed90, 0x00000184b996f260, 0x00000184b996f730, 0x00000184b6a87880,
0x00000184b6a86540, 0x00000184b6a89090, 0x00000184b6a88bc0, 0x00000184b6a89560,
0x00000184b6a86a10, 0x00000184b6a89f00, 0x00000184b6a89a30, 0x00000184b6a86ee0,
0x00000184b6a87d50, 0x00000184b6a886f0, 0x00000184b6a873b0, 0x00000184b6a88220,
0x00000184b335d010, 0x00000184b335bcd0, 0x00000184b335c670, 0x00000184b335cb40,
0x00000184b335a4c0, 0x00000184b335c1a0, 0x00000184b335d4e0, 0x00000184b335d9b0,
0x00000184b3359ff0, 0x00000184b335b800, 0x00000184b335a990, 0x00000184b335ae60,
0x00000184b335b330, 0x00000184b69c5090, 0x00000184b69c63d0, 0x00000184b69c2a10,
0x00000184b69c4bc0, 0x00000184b69c3880, 0x00000184b69c2ee0, 0x00000184b69c5560,
0x00000184b69c5f00, 0x00000184b69c3d50, 0x00000184b69c4220, 0x00000184b69c46f0,
0x00000184b69c5a30, 0x00000184b69c33b0, 0x00000184b7af96d0, 0x00000184b7afa540,
0x00000184b7afaa10, 0x00000184b7af9ba0, 0x00000184b7afa070, 0x00000184b7af9200,
0x00000184a9813a70, 0x00000184a9812260, 0x00000184a98130d0, 0x00000184a9812c00,
0x00000184a9810f20, 0x00000184a98100b0, 0x00000184a9811d90, 0x00000184a9810a50,
0x00000184a98113f0, 0x00000184a9810580, 0x00000184a98118c0, 0x00000184a9812730,
0x00000184a98135a0, 0x00000184ad0e31b0, 0x00000184ad0e4020, 0x00000184ad0e3680,
0x00000184ad0e4e90, 0x00000184ad0e2ce0, 0x00000184ad0e61d0, 0x00000184ad0e44f0,
0x00000184ad0e3b50, 0x00000184ad0e66a0, 0x00000184ad0e5360, 0x00000184b1345f80
}

Java Threads: ( => current thread )
  0x0000018483990a00 JavaThread "main" [_thread_blocked, id=14956, stack(0x0000007ff2100000,0x0000007ff2200000)]
  0x00000184a698ded0 JavaThread "Reference Handler" daemon [_thread_blocked, id=828, stack(0x0000007ff2800000,0x0000007ff2900000)]
  0x00000184a698ec50 JavaThread "Finalizer" daemon [_thread_blocked, id=8228, stack(0x0000007ff2900000,0x0000007ff2a00000)]
  0x00000184a69dc950 JavaThread "Signal Dispatcher" daemon [_thread_blocked, id=13532, stack(0x0000007ff2a00000,0x0000007ff2b00000)]
  0x00000184a69de480 JavaThread "Attach Listener" daemon [_thread_blocked, id=12388, stack(0x0000007ff2b00000,0x0000007ff2c00000)]
  0x00000184a740a080 JavaThread "Service Thread" daemon [_thread_blocked, id=13788, stack(0x0000007ff2c00000,0x0000007ff2d00000)]
  0x00000184a740d160 JavaThread "Monitor Deflation Thread" daemon [_thread_blocked, id=7744, stack(0x0000007ff2d00000,0x0000007ff2e00000)]
  0x00000184a740dd50 JavaThread "C2 CompilerThread0" daemon [_thread_in_native, id=14980, stack(0x0000007ff2e00000,0x0000007ff2f00000)]
  0x00000184a743d920 JavaThread "C1 CompilerThread0" daemon [_thread_blocked, id=1888, stack(0x0000007ff2f00000,0x0000007ff3000000)]
  0x00000184a7444650 JavaThread "Sweeper thread" daemon [_thread_blocked, id=3588, stack(0x0000007ff3000000,0x0000007ff3100000)]
  0x00000184a7599d80 JavaThread "Common-Cleaner" daemon [_thread_blocked, id=12876, stack(0x0000007ff3100000,0x0000007ff3200000)]
  0x00000184a759ae70 JavaThread "Notification Thread" daemon [_thread_blocked, id=3820, stack(0x0000007ff3200000,0x0000007ff3300000)]
  0x00000184a99cba10 JavaThread "Daemon health stats" [_thread_blocked, id=6564, stack(0x0000007ff3a00000,0x0000007ff3b00000)]
  0x00000184aa928c10 JavaThread "Incoming local TCP Connector on port 61650" [_thread_in_native, id=11600, stack(0x0000007ff3b00000,0x0000007ff3c00000)]
  0x00000184a9f8e790 JavaThread "Daemon periodic checks" [_thread_blocked, id=3348, stack(0x0000007ff3c00000,0x0000007ff3d00000)]
  0x00000184a9fc99a0 JavaThread "Cache worker for journal cache (C:\Users\ITS\.gradle\caches\journal-1)" [_thread_blocked, id=5260, stack(0x0000007ff4700000,0x0000007ff4800000)]
  0x00000184a9fc77f0 JavaThread "File lock request listener" [_thread_in_native, id=9296, stack(0x0000007ff4800000,0x0000007ff4900000)]
  0x00000184a9fc9000 JavaThread "Cache worker for file hash cache (C:\Users\ITS\.gradle\caches\7.4\fileHashes)" [_thread_blocked, id=13196, stack(0x0000007ff4a00000,0x0000007ff4b00000)]
  0x00000184a9fca340 JavaThread "File watcher server" daemon [_thread_in_native, id=4228, stack(0x0000007ff4b00000,0x0000007ff4c00000)]
  0x00000184a9fc7cc0 JavaThread "File watcher consumer" daemon [_thread_blocked, id=6476, stack(0x0000007ff4c00000,0x0000007ff4d00000)]
  0x00000184aa5fe530 JavaThread "Cache worker for execution history cache (C:\Users\ITS\.gradle\caches\7.4\executionHistory)" [_thread_blocked, id=12324, stack(0x0000007ff5100000,0x0000007ff5200000)]
  0x00000184aa5fe060 JavaThread "jar transforms" [_thread_blocked, id=10020, stack(0x0000007ff5200000,0x0000007ff5300000)]
  0x00000184aa604f10 JavaThread "jar transforms Thread 2" [_thread_blocked, id=12752, stack(0x0000007ff5300000,0x0000007ff5400000)]
  0x00000184aa5ff870 JavaThread "Cache worker for file content cache (C:\Users\ITS\.gradle\caches\7.4\fileContent)" [_thread_blocked, id=11632, stack(0x0000007ff5400000,0x0000007ff5500000)]
  0x00000184aa602d60 JavaThread "jar transforms Thread 3" [_thread_blocked, id=10016, stack(0x0000007ff5500000,0x0000007ff5600000)]
  0x00000184aa5ffd40 JavaThread "jar transforms Thread 4" [_thread_blocked, id=8316, stack(0x0000007ff5600000,0x0000007ff5700000)]
  0x00000184aa602890 JavaThread "jar transforms Thread 5" [_thread_blocked, id=8396, stack(0x0000007ff5800000,0x0000007ff5900000)]
  0x00000184a8986ca0 JavaThread "jar transforms Thread 6" [_thread_blocked, id=15356, stack(0x0000007ffaa00000,0x0000007ffab00000)]
  0x00000184a8982940 JavaThread "jar transforms Thread 7" [_thread_blocked, id=5792, stack(0x0000007ffab00000,0x0000007ffac00000)]
  0x00000184a8982e10 JavaThread "jar transforms Thread 8" [_thread_blocked, id=5048, stack(0x0000007ffac00000,0x0000007ffad00000)]
  0x00000184a8984af0 JavaThread "Memory manager" [_thread_blocked, id=7232, stack(0x0000007ffad00000,0x0000007ffae00000)]
  0x00000184aa1ccc00 JavaThread "Cache worker for kotlin-dsl (C:\Users\ITS\.gradle\caches\7.4\kotlin-dsl)" [_thread_blocked, id=2920, stack(0x0000007ffae00000,0x0000007ffaf00000)]
  0x00000184a8e5fd80 JavaThread "ForkJoinPool.commonPool-worker-1" daemon [_thread_blocked, id=8892, stack(0x0000007ff2000000,0x0000007ff2100000)]
  0x00000184ab4813f0 JavaThread "ForkJoinPool.commonPool-worker-2" daemon [_thread_blocked, id=15056, stack(0x0000007ffbc00000,0x0000007ffbd00000)]
  0x00000184b996cbe0 JavaThread "ForkJoinPool.commonPool-worker-3" daemon [_thread_blocked, id=9844, stack(0x0000007ffbd00000,0x0000007ffbe00000)]
  0x00000184a8e5f8b0 JavaThread "ForkJoinPool.commonPool-worker-5" daemon [_thread_blocked, id=1088, stack(0x0000007ffc700000,0x0000007ffc800000)]
  0x00000184b6b9bc50 JavaThread "ForkJoinPool.commonPool-worker-6" daemon [_thread_blocked, id=14996, stack(0x0000007ffc800000,0x0000007ffc900000)]
  0x00000184b3fc0210 JavaThread "Daemon Thread 2" [_thread_blocked, id=12736, stack(0x0000007ff1e00000,0x0000007ff1f00000)]
  0x00000184a8986300 JavaThread "Handler for socket connection from /127.0.0.1:61650 to /127.0.0.1:62089" [_thread_in_native, id=7376, stack(0x0000007ff1f00000,0x0000007ff2000000)]
  0x00000184a89867d0 JavaThread "Cancel handler" [_thread_blocked, id=3656, stack(0x0000007ff3400000,0x0000007ff3500000)]
  0x00000184a8985490 JavaThread "Daemon worker Thread 2" [_thread_blocked, id=7492, stack(0x0000007ff3d00000,0x0000007ff3e00000)]
  0x00000184b6b9cf90 JavaThread "Asynchronous log dispatcher for DefaultDaemonConnection: socket connection from /127.0.0.1:61650 to /127.0.0.1:62089" [_thread_blocked, id=2448, stack(0x0000007ff3e00000,0x0000007ff3f00000)]
  0x00000184b6b9ade0 JavaThread "Stdin handler" [_thread_blocked, id=9080, stack(0x0000007ff3f00000,0x0000007ff4000000)]
  0x00000184a8279db0 JavaThread "Daemon client event forwarder" [_thread_blocked, id=9692, stack(0x0000007ff4000000,0x0000007ff4100000)]
  0x00000184a8277c00 JavaThread "Cache worker for checksums cache (C:\Users\ITS\Documents\Flutter_Projects\p\Flutter-Restaurant(v2.7)\Mobile Source\android\.gradle\7.4\checksums)" [_thread_blocked, id=12060, stack(0x0000007ff4100000,0x0000007ff4200000)]
  0x00000184a827a280 JavaThread "Cache worker for cache directory md-rule (C:\Users\ITS\.gradle\caches\7.4\md-rule)" [_thread_blocked, id=4704, stack(0x0000007ff4200000,0x0000007ff4300000)]
  0x00000184a827b0f0 JavaThread "Cache worker for file hash cache (C:\Users\ITS\Documents\Flutter_Projects\p\Flutter-Restaurant(v2.7)\Mobile Source\android\.gradle\7.4\fileHashes)" [_thread_blocked, id=10664, stack(0x0000007ff4300000,0x0000007ff4400000)]
  0x00000184a8278a70 JavaThread "Cache worker for cache directory md-supplier (C:\Users\ITS\.gradle\caches\7.4\md-supplier)" [_thread_blocked, id=4624, stack(0x0000007ff4d00000,0x0000007ff4e00000)]
  0x00000184b1345560 JavaThread "C2 CompilerThread1" daemon [_thread_blocked, id=10808, stack(0x0000007ff4e00000,0x0000007ff4f00000)]
  0x00000184a827a750 JavaThread "Cache worker for dependencies-accessors (C:\Users\ITS\Documents\Flutter_Projects\p\Flutter-Restaurant(v2.7)\Mobile Source\android\.gradle\7.4\dependencies-accessors)" [_thread_blocked, id=10460, stack(0x0000007ff4f00000,0x0000007ff5000000)]
  0x00000184a8279410 JavaThread "Cache worker for Build Output Cleanup Cache (C:\Users\ITS\Documents\Flutter_Projects\p\Flutter-Restaurant(v2.7)\Mobile Source\android\.gradle\buildOutputCleanup)" [_thread_blocked, id=2324, stack(0x0000007ff5000000,0x0000007ff5100000)]
  0x00000184a82798e0 JavaThread "Unconstrained build operations" [_thread_blocked, id=7164, stack(0x0000007ff5900000,0x0000007ff5a00000)]
  0x00000184a8277730 JavaThread "Unconstrained build operations Thread 2" [_thread_blocked, id=11172, stack(0x0000007ff5a00000,0x0000007ff5b00000)]
  0x00000184b996c710 JavaThread "Unconstrained build operations Thread 3" [_thread_blocked, id=8104, stack(0x0000007ff5b00000,0x0000007ff5c00000)]
  0x00000184b996d580 JavaThread "Unconstrained build operations Thread 4" [_thread_blocked, id=252, stack(0x0000007ff5c00000,0x0000007ff5d00000)]
  0x00000184b996da50 JavaThread "Unconstrained build operations Thread 5" [_thread_blocked, id=10844, stack(0x0000007ff5d00000,0x0000007ff5e00000)]
  0x00000184b996df20 JavaThread "Unconstrained build operations Thread 6" [_thread_blocked, id=7628, stack(0x0000007ff5e00000,0x0000007ff5f00000)]
  0x00000184b996bd70 JavaThread "Unconstrained build operations Thread 7" [_thread_blocked, id=4356, stack(0x0000007ff5f00000,0x0000007ff6000000)]
  0x00000184b996e3f0 JavaThread "Unconstrained build operations Thread 8" [_thread_blocked, id=13300, stack(0x0000007ff6000000,0x0000007ff6100000)]
  0x00000184b996e8c0 JavaThread "Unconstrained build operations Thread 9" [_thread_blocked, id=5688, stack(0x0000007ff6100000,0x0000007ff6200000)]
  0x00000184b996ed90 JavaThread "Unconstrained build operations Thread 10" [_thread_blocked, id=11744, stack(0x0000007ff6200000,0x0000007ff6300000)]
  0x00000184b996f260 JavaThread "Unconstrained build operations Thread 11" [_thread_blocked, id=12196, stack(0x0000007ff6300000,0x0000007ff6400000)]
  0x00000184b996f730 JavaThread "Unconstrained build operations Thread 12" [_thread_blocked, id=14520, stack(0x0000007ff6400000,0x0000007ff6500000)]
  0x00000184b6a87880 JavaThread "Unconstrained build operations Thread 13" [_thread_blocked, id=8832, stack(0x0000007ff6500000,0x0000007ff6600000)]
  0x00000184b6a86540 JavaThread "Unconstrained build operations Thread 14" [_thread_blocked, id=11008, stack(0x0000007ff6600000,0x0000007ff6700000)]
  0x00000184b6a89090 JavaThread "Unconstrained build operations Thread 15" [_thread_blocked, id=9764, stack(0x0000007ff6700000,0x0000007ff6800000)]
  0x00000184b6a88bc0 JavaThread "Unconstrained build operations Thread 16" [_thread_blocked, id=5960, stack(0x0000007ff6800000,0x0000007ff6900000)]
  0x00000184b6a89560 JavaThread "Unconstrained build operations Thread 17" [_thread_blocked, id=13492, stack(0x0000007ff6900000,0x0000007ff6a00000)]
  0x00000184b6a86a10 JavaThread "Unconstrained build operations Thread 18" [_thread_blocked, id=1644, stack(0x0000007ff6a00000,0x0000007ff6b00000)]
  0x00000184b6a89f00 JavaThread "Unconstrained build operations Thread 19" [_thread_blocked, id=13524, stack(0x0000007ff6b00000,0x0000007ff6c00000)]
  0x00000184b6a89a30 JavaThread "Unconstrained build operations Thread 20" [_thread_blocked, id=14868, stack(0x0000007ff6c00000,0x0000007ff6d00000)]
  0x00000184b6a86ee0 JavaThread "Unconstrained build operations Thread 21" [_thread_blocked, id=5824, stack(0x0000007ff6d00000,0x0000007ff6e00000)]
  0x00000184b6a87d50 JavaThread "Unconstrained build operations Thread 22" [_thread_blocked, id=14760, stack(0x0000007ff6e00000,0x0000007ff6f00000)]
  0x00000184b6a886f0 JavaThread "Unconstrained build operations Thread 23" [_thread_blocked, id=9408, stack(0x0000007ff6f00000,0x0000007ff7000000)]
  0x00000184b6a873b0 JavaThread "Unconstrained build operations Thread 24" [_thread_blocked, id=13396, stack(0x0000007ff7000000,0x0000007ff7100000)]
  0x00000184b6a88220 JavaThread "Unconstrained build operations Thread 25" [_thread_blocked, id=11400, stack(0x0000007ff7100000,0x0000007ff7200000)]
  0x00000184b335d010 JavaThread "Unconstrained build operations Thread 26" [_thread_blocked, id=2152, stack(0x0000007ff7200000,0x0000007ff7300000)]
  0x00000184b335bcd0 JavaThread "Unconstrained build operations Thread 27" [_thread_blocked, id=8400, stack(0x0000007ff7300000,0x0000007ff7400000)]
  0x00000184b335c670 JavaThread "Unconstrained build operations Thread 28" [_thread_blocked, id=2452, stack(0x0000007ff7400000,0x0000007ff7500000)]
  0x00000184b335cb40 JavaThread "Unconstrained build operations Thread 29" [_thread_blocked, id=9724, stack(0x0000007ff7500000,0x0000007ff7600000)]
  0x00000184b335a4c0 JavaThread "Unconstrained build operations Thread 30" [_thread_blocked, id=5888, stack(0x0000007ff7600000,0x0000007ff7700000)]
  0x00000184b335c1a0 JavaThread "Unconstrained build operations Thread 31" [_thread_blocked, id=7096, stack(0x0000007ff7700000,0x0000007ff7800000)]
  0x00000184b335d4e0 JavaThread "Unconstrained build operations Thread 32" [_thread_blocked, id=3976, stack(0x0000007ff7800000,0x0000007ff7900000)]
  0x00000184b335d9b0 JavaThread "Unconstrained build operations Thread 33" [_thread_blocked, id=8556, stack(0x0000007ff7900000,0x0000007ff7a00000)]
  0x00000184b3359ff0 JavaThread "Unconstrained build operations Thread 34" [_thread_blocked, id=7728, stack(0x0000007ff7a00000,0x0000007ff7b00000)]
  0x00000184b335b800 JavaThread "Unconstrained build operations Thread 35" [_thread_blocked, id=3828, stack(0x0000007ff7b00000,0x0000007ff7c00000)]
  0x00000184b335a990 JavaThread "Unconstrained build operations Thread 36" [_thread_blocked, id=3408, stack(0x0000007ff7c00000,0x0000007ff7d00000)]
  0x00000184b335ae60 JavaThread "Unconstrained build operations Thread 37" [_thread_blocked, id=8516, stack(0x0000007ff7d00000,0x0000007ff7e00000)]
  0x00000184b335b330 JavaThread "Unconstrained build operations Thread 38" [_thread_blocked, id=13904, stack(0x0000007ff7e00000,0x0000007ff7f00000)]
  0x00000184b69c5090 JavaThread "Unconstrained build operations Thread 39" [_thread_blocked, id=5176, stack(0x0000007ff7f00000,0x0000007ff8000000)]
  0x00000184b69c63d0 JavaThread "Unconstrained build operations Thread 40" [_thread_blocked, id=1260, stack(0x0000007ff8000000,0x0000007ff8100000)]
  0x00000184b69c2a10 JavaThread "Unconstrained build operations Thread 41" [_thread_blocked, id=11124, stack(0x0000007ff8100000,0x0000007ff8200000)]
  0x00000184b69c4bc0 JavaThread "Unconstrained build operations Thread 42" [_thread_blocked, id=7084, stack(0x0000007ff8200000,0x0000007ff8300000)]
  0x00000184b69c3880 JavaThread "Unconstrained build operations Thread 43" [_thread_blocked, id=1940, stack(0x0000007ff8300000,0x0000007ff8400000)]
  0x00000184b69c2ee0 JavaThread "Unconstrained build operations Thread 44" [_thread_blocked, id=14852, stack(0x0000007ff8400000,0x0000007ff8500000)]
  0x00000184b69c5560 JavaThread "Unconstrained build operations Thread 45" [_thread_blocked, id=15128, stack(0x0000007ff8500000,0x0000007ff8600000)]
  0x00000184b69c5f00 JavaThread "Unconstrained build operations Thread 46" [_thread_blocked, id=7588, stack(0x0000007ff8600000,0x0000007ff8700000)]
  0x00000184b69c3d50 JavaThread "Unconstrained build operations Thread 47" [_thread_blocked, id=1172, stack(0x0000007ff8700000,0x0000007ff8800000)]
  0x00000184b69c4220 JavaThread "Unconstrained build operations Thread 48" [_thread_blocked, id=12152, stack(0x0000007ff8800000,0x0000007ff8900000)]
  0x00000184b69c46f0 JavaThread "Unconstrained build operations Thread 49" [_thread_blocked, id=5540, stack(0x0000007ff8900000,0x0000007ff8a00000)]
  0x00000184b69c5a30 JavaThread "Unconstrained build operations Thread 50" [_thread_blocked, id=6680, stack(0x0000007ff8a00000,0x0000007ff8b00000)]
  0x00000184b69c33b0 JavaThread "Unconstrained build operations Thread 51" [_thread_blocked, id=4224, stack(0x0000007ff8b00000,0x0000007ff8c00000)]
  0x00000184b7af96d0 JavaThread "Unconstrained build operations Thread 52" [_thread_blocked, id=2064, stack(0x0000007ff8c00000,0x0000007ff8d00000)]
  0x00000184b7afa540 JavaThread "Unconstrained build operations Thread 53" [_thread_blocked, id=6544, stack(0x0000007ff8d00000,0x0000007ff8e00000)]
  0x00000184b7afaa10 JavaThread "Unconstrained build operations Thread 54" [_thread_blocked, id=15300, stack(0x0000007ff8e00000,0x0000007ff8f00000)]
  0x00000184b7af9ba0 JavaThread "Unconstrained build operations Thread 55" [_thread_blocked, id=12264, stack(0x0000007ff8f00000,0x0000007ff9000000)]
  0x00000184b7afa070 JavaThread "Unconstrained build operations Thread 56" [_thread_blocked, id=14504, stack(0x0000007ff9000000,0x0000007ff9100000)]
  0x00000184b7af9200 JavaThread "Unconstrained build operations Thread 57" [_thread_blocked, id=12540, stack(0x0000007ff9100000,0x0000007ff9200000)]
  0x00000184a9813a70 JavaThread "Unconstrained build operations Thread 58" [_thread_blocked, id=12600, stack(0x0000007ff9200000,0x0000007ff9300000)]
  0x00000184a9812260 JavaThread "Unconstrained build operations Thread 59" [_thread_blocked, id=14476, stack(0x0000007ff9300000,0x0000007ff9400000)]
  0x00000184a98130d0 JavaThread "Unconstrained build operations Thread 60" [_thread_blocked, id=8624, stack(0x0000007ff9400000,0x0000007ff9500000)]
  0x00000184a9812c00 JavaThread "Unconstrained build operations Thread 61" [_thread_blocked, id=1796, stack(0x0000007ff9500000,0x0000007ff9600000)]
  0x00000184a9810f20 JavaThread "Unconstrained build operations Thread 62" [_thread_blocked, id=2916, stack(0x0000007ff9600000,0x0000007ff9700000)]
  0x00000184a98100b0 JavaThread "Unconstrained build operations Thread 63" [_thread_blocked, id=8936, stack(0x0000007ff9700000,0x0000007ff9800000)]
  0x00000184a9811d90 JavaThread "Unconstrained build operations Thread 64" [_thread_blocked, id=7604, stack(0x0000007ff9800000,0x0000007ff9900000)]
  0x00000184a9810a50 JavaThread "Unconstrained build operations Thread 65" [_thread_blocked, id=7524, stack(0x0000007ff9900000,0x0000007ff9a00000)]
  0x00000184a98113f0 JavaThread "Unconstrained build operations Thread 66" [_thread_blocked, id=8452, stack(0x0000007ff9a00000,0x0000007ff9b00000)]
  0x00000184a9810580 JavaThread "Unconstrained build operations Thread 67" [_thread_blocked, id=700, stack(0x0000007ff9b00000,0x0000007ff9c00000)]
  0x00000184a98118c0 JavaThread "Unconstrained build operations Thread 68" [_thread_blocked, id=15172, stack(0x0000007ff9c00000,0x0000007ff9d00000)]
  0x00000184a9812730 JavaThread "Unconstrained build operations Thread 69" [_thread_blocked, id=12956, stack(0x0000007ff9d00000,0x0000007ff9e00000)]
  0x00000184a98135a0 JavaThread "Unconstrained build operations Thread 70" [_thread_blocked, id=10776, stack(0x0000007ff9e00000,0x0000007ff9f00000)]
  0x00000184ad0e31b0 JavaThread "Unconstrained build operations Thread 71" [_thread_blocked, id=3184, stack(0x0000007ff9f00000,0x0000007ffa000000)]
  0x00000184ad0e4020 JavaThread "Unconstrained build operations Thread 72" [_thread_blocked, id=12308, stack(0x0000007ffa000000,0x0000007ffa100000)]
  0x00000184ad0e3680 JavaThread "Unconstrained build operations Thread 73" [_thread_blocked, id=9460, stack(0x0000007ffa100000,0x0000007ffa200000)]
  0x00000184ad0e4e90 JavaThread "Unconstrained build operations Thread 74" [_thread_blocked, id=2888, stack(0x0000007ffa200000,0x0000007ffa300000)]
  0x00000184ad0e2ce0 JavaThread "Unconstrained build operations Thread 75" [_thread_blocked, id=8284, stack(0x0000007ffa300000,0x0000007ffa400000)]
  0x00000184ad0e61d0 JavaThread "Unconstrained build operations Thread 76" [_thread_blocked, id=15340, stack(0x0000007ffa400000,0x0000007ffa500000)]
  0x00000184ad0e44f0 JavaThread "Unconstrained build operations Thread 77" [_thread_blocked, id=1836, stack(0x0000007ffa500000,0x0000007ffa600000)]
  0x00000184ad0e3b50 JavaThread "Unconstrained build operations Thread 78" [_thread_blocked, id=8420, stack(0x0000007ffa600000,0x0000007ffa700000)]
  0x00000184ad0e66a0 JavaThread "Unconstrained build operations Thread 79" [_thread_blocked, id=12008, stack(0x0000007ffa700000,0x0000007ffa800000)]
  0x00000184ad0e5360 JavaThread "Unconstrained build operations Thread 80" [_thread_blocked, id=5708, stack(0x0000007ffa800000,0x0000007ffa900000)]
  0x00000184b1345f80 JavaThread "C2 CompilerThread2" daemon [_thread_blocked, id=15280, stack(0x0000007ff5700000,0x0000007ff5800000)]

Other Threads:
=>0x00000184a69bb730 VMThread "VM Thread" [stack: 0x0000007ff2700000,0x0000007ff2800000] [id=6056]
  0x00000184a759b740 WatcherThread [stack: 0x0000007ff3300000,0x0000007ff3400000] [id=5016]
  0x0000018483a05020 GCTaskThread "GC Thread#0" [stack: 0x0000007ff2200000,0x0000007ff2300000] [id=7216]
  0x00000184a8308fb0 GCTaskThread "GC Thread#1" [stack: 0x0000007ff3600000,0x0000007ff3700000] [id=11388]
  0x00000184a8247690 GCTaskThread "GC Thread#2" [stack: 0x0000007ff3700000,0x0000007ff3800000] [id=12136]
  0x00000184a85d2100 GCTaskThread "GC Thread#3" [stack: 0x0000007ff3800000,0x0000007ff3900000] [id=5456]
  0x00000184a8f195a0 GCTaskThread "GC Thread#4" [stack: 0x0000007ff3900000,0x0000007ff3a00000] [id=10220]
  0x00000184aa531ff0 GCTaskThread "GC Thread#5" [stack: 0x0000007ff4400000,0x0000007ff4500000] [id=9352]
  0x00000184aa248440 GCTaskThread "GC Thread#6" [stack: 0x0000007ff4500000,0x0000007ff4600000] [id=9628]
  0x00000184aa1b4480 GCTaskThread "GC Thread#7" [stack: 0x0000007ff4600000,0x0000007ff4700000] [id=12784]
  0x0000018483a10e80 ConcurrentGCThread "G1 Main Marker" [stack: 0x0000007ff2300000,0x0000007ff2400000] [id=424]
  0x0000018483a117a0 ConcurrentGCThread "G1 Conc#0" [stack: 0x0000007ff2400000,0x0000007ff2500000] [id=14960]
  0x00000184a9e3f840 ConcurrentGCThread "G1 Conc#1" [stack: 0x0000007ff4900000,0x0000007ff4a00000] [id=4848]
  0x00000184a6800090 ConcurrentGCThread "G1 Refine#0" [stack: 0x0000007ff2500000,0x0000007ff2600000] [id=10248]
  0x00000184ab5ea380 ConcurrentGCThread "G1 Refine#1" [stack: 0x0000007ff3500000,0x0000007ff3600000] [id=7768]
  0x00000184a68009c0 ConcurrentGCThread "G1 Service" [stack: 0x0000007ff2600000,0x0000007ff2700000] [id=8836]

Threads with active compile tasks:
C2 CompilerThread0   244562 23620       4       org.gradle.internal.classpath.DefaultCachedClasspathTransformer::cachedFile (81 bytes)
C2 CompilerThread1   244562 23653   !   4       java.util.concurrent.LinkedBlockingQueue::offer (131 bytes)
C2 CompilerThread2   244562 23646       4       org.gradle.internal.component.external.model.AbstractVariantBackedConfigurationMetadata::<init> (282 bytes)

VM state: at safepoint (normal execution)

VM Mutex/Monitor currently owned by a thread:  ([mutex/lock_event])
[0x000001848398ece0] Threads_lock - owner thread: 0x00000184a69bb730
[0x000001848398f280] Heap_lock - owner thread: 0x00000184a9fc99a0

Heap address: 0x00000006c0000000, size: 5120 MB, Compressed Oops mode: Zero based, Oop shift amount: 3

CDS archive(s) not mapped
Compressed class space mapped at: 0x0000000800000000-0x0000000840000000, reserved size: 1073741824
Narrow klass base: 0x0000000800000000, Narrow klass shift: 0, Narrow klass range: 0x40000000

GC Precious Log:
 CPUs: 8 total, 8 available
 Memory: 8097M
 Large Page Support: Disabled
 NUMA Support: Disabled
 Compressed Oops: Enabled (Zero based)
 Heap Region Size: 4M
 Heap Min Capacity: 8M
 Heap Initial Capacity: 128M
 Heap Max Capacity: 5G
 Pre-touch: Disabled
 Parallel Workers: 8
 Concurrent Workers: 2
 Concurrent Refinement Workers: 8
 Periodic GC: Disabled

Heap:
 garbage-first heap   total 1105920K, used 496724K [0x00000006c0000000, 0x0000000800000000)
  region size 4096K, 5 young (20480K), 5 survivors (20480K)
 Metaspace       used 114533K, committed 116864K, reserved 1155072K
  class space    used 15632K, committed 16576K, reserved 1048576K

Heap Regions: E=young(eden), S=young(survivor), O=old, HS=humongous(starts), HC=humongous(continues), CS=collection set, F=free, OA=open archive, CA=closed archive, TAMS=top-at-mark-start (previous, next)
|   0|0x00000006c0000000, 0x00000006c0400000, 0x00000006c0400000|100%| O|  |TAMS 0x00000006c0400000, 0x00000006c0000000| Untracked 
|   1|0x00000006c0400000, 0x00000006c0800000, 0x00000006c0800000|100%|HS|  |TAMS 0x00000006c0800000, 0x00000006c0400000| Complete 
|   2|0x00000006c0800000, 0x00000006c0c00000, 0x00000006c0c00000|100%| O|  |TAMS 0x00000006c0c00000, 0x00000006c0800000| Untracked 
|   3|0x00000006c0c00000, 0x00000006c1000000, 0x00000006c1000000|100%| O|  |TAMS 0x00000006c1000000, 0x00000006c0c00000| Untracked 
|   4|0x00000006c1000000, 0x00000006c1400000, 0x00000006c1400000|100%| O|  |TAMS 0x00000006c1400000, 0x00000006c1000000| Untracked 
|   5|0x00000006c1400000, 0x00000006c1800000, 0x00000006c1800000|100%| O|  |TAMS 0x00000006c1800000, 0x00000006c1400000| Untracked 
|   6|0x00000006c1800000, 0x00000006c1c00000, 0x00000006c1c00000|100%| O|  |TAMS 0x00000006c1c00000, 0x00000006c1800000| Untracked 
|   7|0x00000006c1c00000, 0x00000006c2000000, 0x00000006c2000000|100%| O|  |TAMS 0x00000006c2000000, 0x00000006c1c00000| Untracked 
|   8|0x00000006c2000000, 0x00000006c2400000, 0x00000006c2400000|100%|HS|  |TAMS 0x00000006c2400000, 0x00000006c2000000| Complete 
|   9|0x00000006c2400000, 0x00000006c2800000, 0x00000006c2800000|100%| O|  |TAMS 0x00000006c2800000, 0x00000006c2400000| Untracked 
|  10|0x00000006c2800000, 0x00000006c2c00000, 0x00000006c2c00000|100%| O|  |TAMS 0x00000006c2c00000, 0x00000006c2800000| Untracked 
|  11|0x00000006c2c00000, 0x00000006c3000000, 0x00000006c3000000|100%| O|  |TAMS 0x00000006c3000000, 0x00000006c2c00000| Untracked 
|  12|0x00000006c3000000, 0x00000006c3400000, 0x00000006c3400000|100%| O|  |TAMS 0x00000006c3400000, 0x00000006c3000000| Untracked 
|  13|0x00000006c3400000, 0x00000006c3800000, 0x00000006c3800000|100%| O|  |TAMS 0x00000006c3800000, 0x00000006c3400000| Untracked 
|  14|0x00000006c3800000, 0x00000006c3c00000, 0x00000006c3c00000|100%| O|  |TAMS 0x00000006c3c00000, 0x00000006c3800000| Untracked 
|  15|0x00000006c3c00000, 0x00000006c4000000, 0x00000006c4000000|100%| O|  |TAMS 0x00000006c4000000, 0x00000006c3c00000| Untracked 
|  16|0x00000006c4000000, 0x00000006c4400000, 0x00000006c4400000|100%| O|  |TAMS 0x00000006c4400000, 0x00000006c4000000| Untracked 
|  17|0x00000006c4400000, 0x00000006c4800000, 0x00000006c4800000|100%| O|  |TAMS 0x00000006c4800000, 0x00000006c4400000| Untracked 
|  18|0x00000006c4800000, 0x00000006c4c00000, 0x00000006c4c00000|100%| O|  |TAMS 0x00000006c4c00000, 0x00000006c4800000| Untracked 
|  19|0x00000006c4c00000, 0x00000006c5000000, 0x00000006c5000000|100%| O|  |TAMS 0x00000006c5000000, 0x00000006c4c00000| Untracked 
|  20|0x00000006c5000000, 0x00000006c5400000, 0x00000006c5400000|100%| O|  |TAMS 0x00000006c5400000, 0x00000006c5000000| Untracked 
|  21|0x00000006c5400000, 0x00000006c5800000, 0x00000006c5800000|100%| O|  |TAMS 0x00000006c5800000, 0x00000006c5400000| Untracked 
|  22|0x00000006c5800000, 0x00000006c5c00000, 0x00000006c5c00000|100%| O|  |TAMS 0x00000006c5c00000, 0x00000006c5800000| Untracked 
|  23|0x00000006c5c00000, 0x00000006c6000000, 0x00000006c6000000|100%| O|  |TAMS 0x00000006c6000000, 0x00000006c5c00000| Untracked 
|  24|0x00000006c6000000, 0x00000006c6400000, 0x00000006c6400000|100%| O|  |TAMS 0x00000006c6400000, 0x00000006c6000000| Untracked 
|  25|0x00000006c6400000, 0x00000006c6800000, 0x00000006c6800000|100%| O|  |TAMS 0x00000006c6800000, 0x00000006c6400000| Untracked 
|  26|0x00000006c6800000, 0x00000006c6c00000, 0x00000006c6c00000|100%| O|  |TAMS 0x00000006c6c00000, 0x00000006c6800000| Untracked 
|  27|0x00000006c6c00000, 0x00000006c7000000, 0x00000006c7000000|100%| O|  |TAMS 0x00000006c7000000, 0x00000006c6c00000| Untracked 
|  28|0x00000006c7000000, 0x00000006c7400000, 0x00000006c7400000|100%| O|  |TAMS 0x00000006c7400000, 0x00000006c7000000| Untracked 
|  29|0x00000006c7400000, 0x00000006c7800000, 0x00000006c7800000|100%| O|  |TAMS 0x00000006c7800000, 0x00000006c7400000| Untracked 
|  30|0x00000006c7800000, 0x00000006c7c00000, 0x00000006c7c00000|100%| O|  |TAMS 0x00000006c7c00000, 0x00000006c7800000| Untracked 
|  31|0x00000006c7c00000, 0x00000006c8000000, 0x00000006c8000000|100%| O|  |TAMS 0x00000006c8000000, 0x00000006c7c00000| Untracked 
|  32|0x00000006c8000000, 0x00000006c8400000, 0x00000006c8400000|100%| O|  |TAMS 0x00000006c8400000, 0x00000006c8000000| Untracked 
|  33|0x00000006c8400000, 0x00000006c8800000, 0x00000006c8800000|100%| O|  |TAMS 0x00000006c8800000, 0x00000006c8400000| Untracked 
|  34|0x00000006c8800000, 0x00000006c8c00000, 0x00000006c8c00000|100%| O|  |TAMS 0x00000006c8c00000, 0x00000006c8800000| Untracked 
|  35|0x00000006c8c00000, 0x00000006c9000000, 0x00000006c9000000|100%| O|  |TAMS 0x00000006c9000000, 0x00000006c8c00000| Untracked 
|  36|0x00000006c9000000, 0x00000006c9400000, 0x00000006c9400000|100%| O|  |TAMS 0x00000006c9400000, 0x00000006c9000000| Untracked 
|  37|0x00000006c9400000, 0x00000006c9800000, 0x00000006c9800000|100%|HS|  |TAMS 0x00000006c9800000, 0x00000006c9400000| Complete 
|  38|0x00000006c9800000, 0x00000006c9c00000, 0x00000006c9c00000|100%| O|  |TAMS 0x00000006c9c00000, 0x00000006c9800000| Untracked 
|  39|0x00000006c9c00000, 0x00000006ca000000, 0x00000006ca000000|100%| O|  |TAMS 0x00000006ca000000, 0x00000006c9c00000| Untracked 
|  40|0x00000006ca000000, 0x00000006ca000000, 0x00000006ca400000|  0%| F|  |TAMS 0x00000006ca000000, 0x00000006ca000000| Untracked 
|  41|0x00000006ca400000, 0x00000006ca800000, 0x00000006ca800000|100%| O|  |TAMS 0x00000006ca800000, 0x00000006ca400000| Untracked 
|  42|0x00000006ca800000, 0x00000006cac00000, 0x00000006cac00000|100%| O|  |TAMS 0x00000006cac00000, 0x00000006ca800000| Untracked 
|  43|0x00000006cac00000, 0x00000006cb000000, 0x00000006cb000000|100%| O|  |TAMS 0x00000006cb000000, 0x00000006cac00000| Untracked 
|  44|0x00000006cb000000, 0x00000006cb400000, 0x00000006cb400000|100%| O|  |TAMS 0x00000006cb400000, 0x00000006cb000000| Untracked 
|  45|0x00000006cb400000, 0x00000006cb800000, 0x00000006cb800000|100%| O|  |TAMS 0x00000006cb800000, 0x00000006cb400000| Untracked 
|  46|0x00000006cb800000, 0x00000006cbc00000, 0x00000006cbc00000|100%| O|  |TAMS 0x00000006cbc00000, 0x00000006cb800000| Untracked 
|  47|0x00000006cbc00000, 0x00000006cc000000, 0x00000006cc000000|100%| O|  |TAMS 0x00000006cc000000, 0x00000006cbc00000| Untracked 
|  48|0x00000006cc000000, 0x00000006cc400000, 0x00000006cc400000|100%| O|  |TAMS 0x00000006cc400000, 0x00000006cc000000| Untracked 
|  49|0x00000006cc400000, 0x00000006cc800000, 0x00000006cc800000|100%| O|  |TAMS 0x00000006cc800000, 0x00000006cc400000| Untracked 
|  50|0x00000006cc800000, 0x00000006ccc00000, 0x00000006ccc00000|100%| O|  |TAMS 0x00000006ccc00000, 0x00000006cc800000| Untracked 
|  51|0x00000006ccc00000, 0x00000006cd000000, 0x00000006cd000000|100%| O|  |TAMS 0x00000006cd000000, 0x00000006ccc00000| Untracked 
|  52|0x00000006cd000000, 0x00000006cd400000, 0x00000006cd400000|100%| O|  |TAMS 0x00000006cd400000, 0x00000006cd000000| Untracked 
|  53|0x00000006cd400000, 0x00000006cd800000, 0x00000006cd800000|100%| O|  |TAMS 0x00000006cd800000, 0x00000006cd400000| Untracked 
|  54|0x00000006cd800000, 0x00000006cdc00000, 0x00000006cdc00000|100%| O|  |TAMS 0x00000006cdc00000, 0x00000006cd800000| Untracked 
|  55|0x00000006cdc00000, 0x00000006ce000000, 0x00000006ce000000|100%| O|  |TAMS 0x00000006ce000000, 0x00000006cdc00000| Untracked 
|  56|0x00000006ce000000, 0x00000006ce400000, 0x00000006ce400000|100%| O|  |TAMS 0x00000006ce400000, 0x00000006ce000000| Untracked 
|  57|0x00000006ce400000, 0x00000006ce800000, 0x00000006ce800000|100%| O|  |TAMS 0x00000006ce800000, 0x00000006ce400000| Untracked 
|  58|0x00000006ce800000, 0x00000006cec00000, 0x00000006cec00000|100%| O|  |TAMS 0x00000006cec00000, 0x00000006ce800000| Untracked 
|  59|0x00000006cec00000, 0x00000006cf000000, 0x00000006cf000000|100%| O|  |TAMS 0x00000006cf000000, 0x00000006cec00000| Untracked 
|  60|0x00000006cf000000, 0x00000006cf400000, 0x00000006cf400000|100%| O|  |TAMS 0x00000006cf000000, 0x00000006cf000000| Untracked 
|  61|0x00000006cf400000, 0x00000006cf800000, 0x00000006cf800000|100%| O|  |TAMS 0x00000006cf800000, 0x00000006cf400000| Untracked 
|  62|0x00000006cf800000, 0x00000006cfc00000, 0x00000006cfc00000|100%| O|  |TAMS 0x00000006cfc00000, 0x00000006cf800000| Untracked 
|  63|0x00000006cfc00000, 0x00000006d0000000, 0x00000006d0000000|100%| O|  |TAMS 0x00000006d0000000, 0x00000006cfc00000| Untracked 
|  64|0x00000006d0000000, 0x00000006d0400000, 0x00000006d0400000|100%| O|  |TAMS 0x00000006d0400000, 0x00000006d0000000| Untracked 
|  65|0x00000006d0400000, 0x00000006d0800000, 0x00000006d0800000|100%| O|  |TAMS 0x00000006d0800000, 0x00000006d0400000| Untracked 
|  66|0x00000006d0800000, 0x00000006d0c00000, 0x00000006d0c00000|100%| O|  |TAMS 0x00000006d0c00000, 0x00000006d0800000| Untracked 
|  67|0x00000006d0c00000, 0x00000006d0c00000, 0x00000006d1000000|  0%| F|  |TAMS 0x00000006d0c00000, 0x00000006d0c00000| Untracked 
|  68|0x00000006d1000000, 0x00000006d1400000, 0x00000006d1400000|100%| O|  |TAMS 0x00000006d1400000, 0x00000006d1000000| Untracked 
|  69|0x00000006d1400000, 0x00000006d1800000, 0x00000006d1800000|100%| O|  |TAMS 0x00000006d1800000, 0x00000006d1400000| Untracked 
|  70|0x00000006d1800000, 0x00000006d1c00000, 0x00000006d1c00000|100%| O|  |TAMS 0x00000006d1800000, 0x00000006d1800000| Untracked 
|  71|0x00000006d1c00000, 0x00000006d1c00000, 0x00000006d2000000|  0%| F|  |TAMS 0x00000006d1c00000, 0x00000006d1c00000| Untracked 
|  72|0x00000006d2000000, 0x00000006d2400000, 0x00000006d2400000|100%| O|  |TAMS 0x00000006d2000000, 0x00000006d2000000| Untracked 
|  73|0x00000006d2400000, 0x00000006d2800000, 0x00000006d2800000|100%| O|  |TAMS 0x00000006d2400000, 0x00000006d2400000| Untracked 
|  74|0x00000006d2800000, 0x00000006d2c00000, 0x00000006d2c00000|100%| O|  |TAMS 0x00000006d2c00000, 0x00000006d2800000| Untracked 
|  75|0x00000006d2c00000, 0x00000006d3000000, 0x00000006d3000000|100%| O|  |TAMS 0x00000006d3000000, 0x00000006d2c00000| Untracked 
|  76|0x00000006d3000000, 0x00000006d3400000, 0x00000006d3400000|100%| O|  |TAMS 0x00000006d3000000, 0x00000006d3000000| Untracked 
|  77|0x00000006d3400000, 0x00000006d3800000, 0x00000006d3800000|100%| O|  |TAMS 0x00000006d3400000, 0x00000006d3400000| Untracked 
|  78|0x00000006d3800000, 0x00000006d3c00000, 0x00000006d3c00000|100%| O|  |TAMS 0x00000006d3c00000, 0x00000006d3800000| Untracked 
|  79|0x00000006d3c00000, 0x00000006d4000000, 0x00000006d4000000|100%| O|  |TAMS 0x00000006d3c00000, 0x00000006d3c00000| Untracked 
|  80|0x00000006d4000000, 0x00000006d4400000, 0x00000006d4400000|100%| O|  |TAMS 0x00000006d4000000, 0x00000006d4000000| Untracked 
|  81|0x00000006d4400000, 0x00000006d4800000, 0x00000006d4800000|100%| O|  |TAMS 0x00000006d4800000, 0x00000006d4400000| Untracked 
|  82|0x00000006d4800000, 0x00000006d4c00000, 0x00000006d4c00000|100%| O|  |TAMS 0x00000006d4c00000, 0x00000006d4800000| Untracked 
|  83|0x00000006d4c00000, 0x00000006d5000000, 0x00000006d5000000|100%| O|  |TAMS 0x00000006d4c00000, 0x00000006d4c00000| Untracked 
|  84|0x00000006d5000000, 0x00000006d5400000, 0x00000006d5400000|100%| O|  |TAMS 0x00000006d5400000, 0x00000006d5000000| Untracked 
|  85|0x00000006d5400000, 0x00000006d5800000, 0x00000006d5800000|100%| O|  |TAMS 0x00000006d5800000, 0x00000006d5400000| Untracked 
|  86|0x00000006d5800000, 0x00000006d5c00000, 0x00000006d5c00000|100%| O|  |TAMS 0x00000006d5c00000, 0x00000006d5800000| Untracked 
|  87|0x00000006d5c00000, 0x00000006d6000000, 0x00000006d6000000|100%| O|  |TAMS 0x00000006d6000000, 0x00000006d5c00000| Untracked 
|  88|0x00000006d6000000, 0x00000006d6000000, 0x00000006d6400000|  0%| F|  |TAMS 0x00000006d6000000, 0x00000006d6000000| Untracked 
|  89|0x00000006d6400000, 0x00000006d6800000, 0x00000006d6800000|100%| O|  |TAMS 0x00000006d6400000, 0x00000006d6400000| Untracked 
|  90|0x00000006d6800000, 0x00000006d6c00000, 0x00000006d6c00000|100%| O|  |TAMS 0x00000006d6800000, 0x00000006d6800000| Untracked 
|  91|0x00000006d6c00000, 0x00000006d7000000, 0x00000006d7000000|100%| O|  |TAMS 0x00000006d7000000, 0x00000006d6c00000| Untracked 
|  92|0x00000006d7000000, 0x00000006d7400000, 0x00000006d7400000|100%| O|  |TAMS 0x00000006d7400000, 0x00000006d7000000| Untracked 
|  93|0x00000006d7400000, 0x00000006d7800000, 0x00000006d7800000|100%| O|  |TAMS 0x00000006d7800000, 0x00000006d7400000| Untracked 
|  94|0x00000006d7800000, 0x00000006d7c00000, 0x00000006d7c00000|100%| O|  |TAMS 0x00000006d7c00000, 0x00000006d7800000| Untracked 
|  95|0x00000006d7c00000, 0x00000006d8000000, 0x00000006d8000000|100%| O|  |TAMS 0x00000006d8000000, 0x00000006d7c00000| Untracked 
|  96|0x00000006d8000000, 0x00000006d8400000, 0x00000006d8400000|100%| O|  |TAMS 0x00000006d8000000, 0x00000006d8000000| Untracked 
|  97|0x00000006d8400000, 0x00000006d8800000, 0x00000006d8800000|100%| O|  |TAMS 0x00000006d8800000, 0x00000006d8400000| Untracked 
|  98|0x00000006d8800000, 0x00000006d8c00000, 0x00000006d8c00000|100%| O|  |TAMS 0x00000006d8c00000, 0x00000006d8800000| Untracked 
|  99|0x00000006d8c00000, 0x00000006d9000000, 0x00000006d9000000|100%| O|  |TAMS 0x00000006d9000000, 0x00000006d8c00000| Untracked 
| 100|0x00000006d9000000, 0x00000006d9000000, 0x00000006d9400000|  0%| F|  |TAMS 0x00000006d9000000, 0x00000006d9000000| Untracked 
| 101|0x00000006d9400000, 0x00000006d9800000, 0x00000006d9800000|100%| O|  |TAMS 0x00000006d9800000, 0x00000006d9400000| Untracked 
| 102|0x00000006d9800000, 0x00000006d9c00000, 0x00000006d9c00000|100%| O|  |TAMS 0x00000006d9c00000, 0x00000006d9800000| Untracked 
| 103|0x00000006d9c00000, 0x00000006da000000, 0x00000006da000000|100%| O|  |TAMS 0x00000006da000000, 0x00000006d9c00000| Untracked 
| 104|0x00000006da000000, 0x00000006da400000, 0x00000006da400000|100%| O|  |TAMS 0x00000006da400000, 0x00000006da000000| Untracked 
| 105|0x00000006da400000, 0x00000006da800000, 0x00000006da800000|100%| O|  |TAMS 0x00000006da800000, 0x00000006da400000| Untracked 
| 106|0x00000006da800000, 0x00000006dac00000, 0x00000006dac00000|100%| O|  |TAMS 0x00000006dac00000, 0x00000006da800000| Untracked 
| 107|0x00000006dac00000, 0x00000006db000000, 0x00000006db000000|100%| O|  |TAMS 0x00000006db000000, 0x00000006dac00000| Untracked 
| 108|0x00000006db000000, 0x00000006db400000, 0x00000006db400000|100%| O|  |TAMS 0x00000006db400000, 0x00000006db000000| Untracked 
| 109|0x00000006db400000, 0x00000006db800000, 0x00000006db800000|100%| O|  |TAMS 0x00000006db800000, 0x00000006db400000| Untracked 
| 110|0x00000006db800000, 0x00000006dbc00000, 0x00000006dbc00000|100%| O|  |TAMS 0x00000006dbc00000, 0x00000006db800000| Untracked 
| 111|0x00000006dbc00000, 0x00000006dc000000, 0x00000006dc000000|100%| O|  |TAMS 0x00000006dc000000, 0x00000006dbc00000| Untracked 
| 112|0x00000006dc000000, 0x00000006dc000000, 0x00000006dc400000|  0%| F|  |TAMS 0x00000006dc000000, 0x00000006dc000000| Untracked 
| 113|0x00000006dc400000, 0x00000006dc800000, 0x00000006dc800000|100%| O|  |TAMS 0x00000006dc400000, 0x00000006dc400000| Untracked 
| 114|0x00000006dc800000, 0x00000006dcc00000, 0x00000006dcc00000|100%| O|  |TAMS 0x00000006dc800000, 0x00000006dc800000| Untracked 
| 115|0x00000006dcc00000, 0x00000006dcded600, 0x00000006dd000000| 48%| O|  |TAMS 0x00000006dcc00000, 0x00000006dcc00000| Untracked 
| 116|0x00000006dd000000, 0x00000006dd000000, 0x00000006dd400000|  0%| F|  |TAMS 0x00000006dd000000, 0x00000006dd000000| Untracked 
| 117|0x00000006dd400000, 0x00000006dd400000, 0x00000006dd800000|  0%| F|  |TAMS 0x00000006dd400000, 0x00000006dd400000| Untracked 
| 118|0x00000006dd800000, 0x00000006dd800000, 0x00000006ddc00000|  0%| F|  |TAMS 0x00000006dd800000, 0x00000006dd800000| Untracked 
| 119|0x00000006ddc00000, 0x00000006ddc00000, 0x00000006de000000|  0%| F|  |TAMS 0x00000006ddc00000, 0x00000006ddc00000| Untracked 
| 120|0x00000006de000000, 0x00000006de000000, 0x00000006de400000|  0%| F|  |TAMS 0x00000006de000000, 0x00000006de000000| Untracked 
| 121|0x00000006de400000, 0x00000006de400000, 0x00000006de800000|  0%| F|  |TAMS 0x00000006de400000, 0x00000006de400000| Untracked 
| 122|0x00000006de800000, 0x00000006de800000, 0x00000006dec00000|  0%| F|  |TAMS 0x00000006de800000, 0x00000006de800000| Untracked 
| 123|0x00000006dec00000, 0x00000006dec00000, 0x00000006df000000|  0%| F|  |TAMS 0x00000006dec00000, 0x00000006dec00000| Untracked 
| 124|0x00000006df000000, 0x00000006df000000, 0x00000006df400000|  0%| F|  |TAMS 0x00000006df000000, 0x00000006df000000| Untracked 
| 125|0x00000006df400000, 0x00000006df400000, 0x00000006df800000|  0%| F|  |TAMS 0x00000006df400000, 0x00000006df400000| Untracked 
| 126|0x00000006df800000, 0x00000006df800000, 0x00000006dfc00000|  0%| F|  |TAMS 0x00000006df800000, 0x00000006df800000| Untracked 
| 127|0x00000006dfc00000, 0x00000006dfc00000, 0x00000006e0000000|  0%| F|  |TAMS 0x00000006dfc00000, 0x00000006dfc00000| Untracked 
| 128|0x00000006e0000000, 0x00000006e0000000, 0x00000006e0400000|  0%| F|  |TAMS 0x00000006e0000000, 0x00000006e0000000| Untracked 
| 129|0x00000006e0400000, 0x00000006e0400000, 0x00000006e0800000|  0%| F|  |TAMS 0x00000006e0400000, 0x00000006e0400000| Untracked 
| 130|0x00000006e0800000, 0x00000006e0800000, 0x00000006e0c00000|  0%| F|  |TAMS 0x00000006e0800000, 0x00000006e0800000| Untracked 
| 131|0x00000006e0c00000, 0x00000006e1000000, 0x00000006e1000000|100%| O|  |TAMS 0x00000006e1000000, 0x00000006e0c00000| Untracked 
| 132|0x00000006e1000000, 0x00000006e1400000, 0x00000006e1400000|100%| O|  |TAMS 0x00000006e1400000, 0x00000006e1000000| Untracked 
| 133|0x00000006e1400000, 0x00000006e1400000, 0x00000006e1800000|  0%| F|  |TAMS 0x00000006e1400000, 0x00000006e1400000| Untracked 
| 134|0x00000006e1800000, 0x00000006e1800000, 0x00000006e1c00000|  0%| F|  |TAMS 0x00000006e1800000, 0x00000006e1800000| Untracked 
| 135|0x00000006e1c00000, 0x00000006e1c00000, 0x00000006e2000000|  0%| F|  |TAMS 0x00000006e1c00000, 0x00000006e1c00000| Untracked 
| 136|0x00000006e2000000, 0x00000006e2000000, 0x00000006e2400000|  0%| F|  |TAMS 0x00000006e2000000, 0x00000006e2000000| Untracked 
| 137|0x00000006e2400000, 0x00000006e2400000, 0x00000006e2800000|  0%| F|  |TAMS 0x00000006e2400000, 0x00000006e2400000| Untracked 
| 138|0x00000006e2800000, 0x00000006e2800000, 0x00000006e2c00000|  0%| F|  |TAMS 0x00000006e2800000, 0x00000006e2800000| Untracked 
| 139|0x00000006e2c00000, 0x00000006e2c00000, 0x00000006e3000000|  0%| F|  |TAMS 0x00000006e2c00000, 0x00000006e2c00000| Untracked 
| 140|0x00000006e3000000, 0x00000006e3000000, 0x00000006e3400000|  0%| F|  |TAMS 0x00000006e3000000, 0x00000006e3000000| Untracked 
| 141|0x00000006e3400000, 0x00000006e3400000, 0x00000006e3800000|  0%| F|  |TAMS 0x00000006e3400000, 0x00000006e3400000| Untracked 
| 142|0x00000006e3800000, 0x00000006e3800000, 0x00000006e3c00000|  0%| F|  |TAMS 0x00000006e3800000, 0x00000006e3800000| Untracked 
| 143|0x00000006e3c00000, 0x00000006e3c00000, 0x00000006e4000000|  0%| F|  |TAMS 0x00000006e3c00000, 0x00000006e3c00000| Untracked 
| 144|0x00000006e4000000, 0x00000006e4000000, 0x00000006e4400000|  0%| F|  |TAMS 0x00000006e4000000, 0x00000006e4000000| Untracked 
| 145|0x00000006e4400000, 0x00000006e4400000, 0x00000006e4800000|  0%| F|  |TAMS 0x00000006e4400000, 0x00000006e4400000| Untracked 
| 146|0x00000006e4800000, 0x00000006e4800000, 0x00000006e4c00000|  0%| F|  |TAMS 0x00000006e4800000, 0x00000006e4800000| Untracked 
| 147|0x00000006e4c00000, 0x00000006e4c00000, 0x00000006e5000000|  0%| F|  |TAMS 0x00000006e4c00000, 0x00000006e4c00000| Untracked 
| 148|0x00000006e5000000, 0x00000006e5000000, 0x00000006e5400000|  0%| F|  |TAMS 0x00000006e5000000, 0x00000006e5000000| Untracked 
| 149|0x00000006e5400000, 0x00000006e5400000, 0x00000006e5800000|  0%| F|  |TAMS 0x00000006e5400000, 0x00000006e5400000| Untracked 
| 150|0x00000006e5800000, 0x00000006e5800000, 0x00000006e5c00000|  0%| F|  |TAMS 0x00000006e5800000, 0x00000006e5800000| Untracked 
| 151|0x00000006e5c00000, 0x00000006e6000000, 0x00000006e6000000|100%| O|  |TAMS 0x00000006e6000000, 0x00000006e5c00000| Untracked 
| 152|0x00000006e6000000, 0x00000006e6400000, 0x00000006e6400000|100%| O|  |TAMS 0x00000006e6400000, 0x00000006e6000000| Untracked 
| 153|0x00000006e6400000, 0x00000006e6800000, 0x00000006e6800000|100%| O|  |TAMS 0x00000006e6800000, 0x00000006e6400000| Untracked 
| 154|0x00000006e6800000, 0x00000006e6c00000, 0x00000006e6c00000|100%| O|  |TAMS 0x00000006e6c00000, 0x00000006e6800000| Untracked 
| 155|0x00000006e6c00000, 0x00000006e7000000, 0x00000006e7000000|100%| O|  |TAMS 0x00000006e6e98000, 0x00000006e6c00000| Untracked 
| 156|0x00000006e7000000, 0x00000006e7000000, 0x00000006e7400000|  0%| F|  |TAMS 0x00000006e7000000, 0x00000006e7000000| Untracked 
| 157|0x00000006e7400000, 0x00000006e7400000, 0x00000006e7800000|  0%| F|  |TAMS 0x00000006e7400000, 0x00000006e7400000| Untracked 
| 158|0x00000006e7800000, 0x00000006e7800000, 0x00000006e7c00000|  0%| F|  |TAMS 0x00000006e7800000, 0x00000006e7800000| Untracked 
| 159|0x00000006e7c00000, 0x00000006e7c00000, 0x00000006e8000000|  0%| F|  |TAMS 0x00000006e7c00000, 0x00000006e7c00000| Untracked 
| 160|0x00000006e8000000, 0x00000006e8000000, 0x00000006e8400000|  0%| F|  |TAMS 0x00000006e8000000, 0x00000006e8000000| Untracked 
| 161|0x00000006e8400000, 0x00000006e8400000, 0x00000006e8800000|  0%| F|  |TAMS 0x00000006e8400000, 0x00000006e8400000| Untracked 
| 162|0x00000006e8800000, 0x00000006e8800000, 0x00000006e8c00000|  0%| F|  |TAMS 0x00000006e8800000, 0x00000006e8800000| Untracked 
| 163|0x00000006e8c00000, 0x00000006e8c00000, 0x00000006e9000000|  0%| F|  |TAMS 0x00000006e8c00000, 0x00000006e8c00000| Untracked 
| 164|0x00000006e9000000, 0x00000006e9000000, 0x00000006e9400000|  0%| F|  |TAMS 0x00000006e9000000, 0x00000006e9000000| Untracked 
| 165|0x00000006e9400000, 0x00000006e9400000, 0x00000006e9800000|  0%| F|  |TAMS 0x00000006e9400000, 0x00000006e9400000| Untracked 
| 166|0x00000006e9800000, 0x00000006e9800000, 0x00000006e9c00000|  0%| F|  |TAMS 0x00000006e9800000, 0x00000006e9800000| Untracked 
| 167|0x00000006e9c00000, 0x00000006e9c00000, 0x00000006ea000000|  0%| F|  |TAMS 0x00000006e9c00000, 0x00000006e9c00000| Untracked 
| 168|0x00000006ea000000, 0x00000006ea000000, 0x00000006ea400000|  0%| F|  |TAMS 0x00000006ea000000, 0x00000006ea000000| Untracked 
| 169|0x00000006ea400000, 0x00000006ea400000, 0x00000006ea800000|  0%| F|  |TAMS 0x00000006ea400000, 0x00000006ea400000| Untracked 
| 170|0x00000006ea800000, 0x00000006ea800000, 0x00000006eac00000|  0%| F|  |TAMS 0x00000006ea800000, 0x00000006ea800000| Untracked 
| 171|0x00000006eac00000, 0x00000006eac00000, 0x00000006eb000000|  0%| F|  |TAMS 0x00000006eac00000, 0x00000006eac00000| Untracked 
| 172|0x00000006eb000000, 0x00000006eb000000, 0x00000006eb400000|  0%| F|  |TAMS 0x00000006eb000000, 0x00000006eb000000| Untracked 
| 173|0x00000006eb400000, 0x00000006eb400000, 0x00000006eb800000|  0%| F|  |TAMS 0x00000006eb400000, 0x00000006eb400000| Untracked 
| 174|0x00000006eb800000, 0x00000006eb800000, 0x00000006ebc00000|  0%| F|  |TAMS 0x00000006eb800000, 0x00000006eb800000| Untracked 
| 175|0x00000006ebc00000, 0x00000006ebc00000, 0x00000006ec000000|  0%| F|  |TAMS 0x00000006ebc00000, 0x00000006ebc00000| Untracked 
| 176|0x00000006ec000000, 0x00000006ec000000, 0x00000006ec400000|  0%| F|  |TAMS 0x00000006ec000000, 0x00000006ec000000| Untracked 
| 177|0x00000006ec400000, 0x00000006ec400000, 0x00000006ec800000|  0%| F|  |TAMS 0x00000006ec400000, 0x00000006ec400000| Untracked 
| 178|0x00000006ec800000, 0x00000006ec800000, 0x00000006ecc00000|  0%| F|  |TAMS 0x00000006ec800000, 0x00000006ec800000| Untracked 
| 179|0x00000006ecc00000, 0x00000006ecc00000, 0x00000006ed000000|  0%| F|  |TAMS 0x00000006ecc00000, 0x00000006ecc00000| Untracked 
| 180|0x00000006ed000000, 0x00000006ed000000, 0x00000006ed400000|  0%| F|  |TAMS 0x00000006ed000000, 0x00000006ed000000| Untracked 
| 181|0x00000006ed400000, 0x00000006ed400000, 0x00000006ed800000|  0%| F|  |TAMS 0x00000006ed400000, 0x00000006ed400000| Untracked 
| 182|0x00000006ed800000, 0x00000006edb27db0, 0x00000006edc00000| 78%| S|CS|TAMS 0x00000006ed800000, 0x00000006ed800000| Complete 
| 183|0x00000006edc00000, 0x00000006ee000000, 0x00000006ee000000|100%| S|CS|TAMS 0x00000006edc00000, 0x00000006edc00000| Complete 
| 184|0x00000006ee000000, 0x00000006ee400000, 0x00000006ee400000|100%| S|CS|TAMS 0x00000006ee000000, 0x00000006ee000000| Complete 
| 185|0x00000006ee400000, 0x00000006ee800000, 0x00000006ee800000|100%| S|CS|TAMS 0x00000006ee400000, 0x00000006ee400000| Complete 
| 186|0x00000006ee800000, 0x00000006eec00000, 0x00000006eec00000|100%| S|CS|TAMS 0x00000006ee800000, 0x00000006ee800000| Complete 
| 187|0x00000006eec00000, 0x00000006eec00000, 0x00000006ef000000|  0%| F|  |TAMS 0x00000006eec00000, 0x00000006eec00000| Untracked 
| 188|0x00000006ef000000, 0x00000006ef000000, 0x00000006ef400000|  0%| F|  |TAMS 0x00000006ef000000, 0x00000006ef000000| Untracked 
| 189|0x00000006ef400000, 0x00000006ef400000, 0x00000006ef800000|  0%| F|  |TAMS 0x00000006ef400000, 0x00000006ef400000| Untracked 
| 190|0x00000006ef800000, 0x00000006ef800000, 0x00000006efc00000|  0%| F|  |TAMS 0x00000006ef800000, 0x00000006ef800000| Untracked 
| 191|0x00000006efc00000, 0x00000006efc00000, 0x00000006f0000000|  0%| F|  |TAMS 0x00000006efc00000, 0x00000006efc00000| Untracked 
| 192|0x00000006f0000000, 0x00000006f0000000, 0x00000006f0400000|  0%| F|  |TAMS 0x00000006f0000000, 0x00000006f0000000| Untracked 
| 193|0x00000006f0400000, 0x00000006f0400000, 0x00000006f0800000|  0%| F|  |TAMS 0x00000006f0400000, 0x00000006f0400000| Untracked 
| 194|0x00000006f0800000, 0x00000006f0800000, 0x00000006f0c00000|  0%| F|  |TAMS 0x00000006f0800000, 0x00000006f0800000| Untracked 
| 195|0x00000006f0c00000, 0x00000006f0c00000, 0x00000006f1000000|  0%| F|  |TAMS 0x00000006f0c00000, 0x00000006f0c00000| Untracked 
| 196|0x00000006f1000000, 0x00000006f1000000, 0x00000006f1400000|  0%| F|  |TAMS 0x00000006f1000000, 0x00000006f1000000| Untracked 
| 197|0x00000006f1400000, 0x00000006f1400000, 0x00000006f1800000|  0%| F|  |TAMS 0x00000006f1400000, 0x00000006f1400000| Untracked 
| 198|0x00000006f1800000, 0x00000006f1800000, 0x00000006f1c00000|  0%| F|  |TAMS 0x00000006f1800000, 0x00000006f1800000| Untracked 
| 199|0x00000006f1c00000, 0x00000006f1c00000, 0x00000006f2000000|  0%| F|  |TAMS 0x00000006f1c00000, 0x00000006f1c00000| Untracked 
| 200|0x00000006f2000000, 0x00000006f2000000, 0x00000006f2400000|  0%| F|  |TAMS 0x00000006f2000000, 0x00000006f2000000| Untracked 
| 201|0x00000006f2400000, 0x00000006f2400000, 0x00000006f2800000|  0%| F|  |TAMS 0x00000006f2400000, 0x00000006f2400000| Untracked 
| 202|0x00000006f2800000, 0x00000006f2800000, 0x00000006f2c00000|  0%| F|  |TAMS 0x00000006f2800000, 0x00000006f2800000| Untracked 
| 203|0x00000006f2c00000, 0x00000006f2c00000, 0x00000006f3000000|  0%| F|  |TAMS 0x00000006f2c00000, 0x00000006f2c00000| Untracked 
| 204|0x00000006f3000000, 0x00000006f3000000, 0x00000006f3400000|  0%| F|  |TAMS 0x00000006f3000000, 0x00000006f3000000| Untracked 
| 205|0x00000006f3400000, 0x00000006f3400000, 0x00000006f3800000|  0%| F|  |TAMS 0x00000006f3400000, 0x00000006f3400000| Untracked 
| 206|0x00000006f3800000, 0x00000006f3800000, 0x00000006f3c00000|  0%| F|  |TAMS 0x00000006f3800000, 0x00000006f3800000| Untracked 
| 207|0x00000006f3c00000, 0x00000006f3c00000, 0x00000006f4000000|  0%| F|  |TAMS 0x00000006f3c00000, 0x00000006f3c00000| Untracked 
| 208|0x00000006f4000000, 0x00000006f4000000, 0x00000006f4400000|  0%| F|  |TAMS 0x00000006f4000000, 0x00000006f4000000| Untracked 
| 209|0x00000006f4400000, 0x00000006f4400000, 0x00000006f4800000|  0%| F|  |TAMS 0x00000006f4400000, 0x00000006f4400000| Untracked 
| 210|0x00000006f4800000, 0x00000006f4800000, 0x00000006f4c00000|  0%| F|  |TAMS 0x00000006f4800000, 0x00000006f4800000| Untracked 
| 211|0x00000006f4c00000, 0x00000006f4c00000, 0x00000006f5000000|  0%| F|  |TAMS 0x00000006f4c00000, 0x00000006f4c00000| Untracked 
| 212|0x00000006f5000000, 0x00000006f5000000, 0x00000006f5400000|  0%| F|  |TAMS 0x00000006f5000000, 0x00000006f5000000| Untracked 
| 213|0x00000006f5400000, 0x00000006f5400000, 0x00000006f5800000|  0%| F|  |TAMS 0x00000006f5400000, 0x00000006f5400000| Untracked 
| 214|0x00000006f5800000, 0x00000006f5800000, 0x00000006f5c00000|  0%| F|  |TAMS 0x00000006f5800000, 0x00000006f5800000| Untracked 
| 215|0x00000006f5c00000, 0x00000006f5c00000, 0x00000006f6000000|  0%| F|  |TAMS 0x00000006f5c00000, 0x00000006f5c00000| Untracked 
| 216|0x00000006f6000000, 0x00000006f6000000, 0x00000006f6400000|  0%| F|  |TAMS 0x00000006f6000000, 0x00000006f6000000| Untracked 
| 217|0x00000006f6400000, 0x00000006f6400000, 0x00000006f6800000|  0%| F|  |TAMS 0x00000006f6400000, 0x00000006f6400000| Untracked 
| 218|0x00000006f6800000, 0x00000006f6800000, 0x00000006f6c00000|  0%| F|  |TAMS 0x00000006f6800000, 0x00000006f6800000| Untracked 
| 219|0x00000006f6c00000, 0x00000006f6c00000, 0x00000006f7000000|  0%| F|  |TAMS 0x00000006f6c00000, 0x00000006f6c00000| Untracked 
| 220|0x00000006f7000000, 0x00000006f7000000, 0x00000006f7400000|  0%| F|  |TAMS 0x00000006f7000000, 0x00000006f7000000| Untracked 
| 221|0x00000006f7400000, 0x00000006f7400000, 0x00000006f7800000|  0%| F|  |TAMS 0x00000006f7400000, 0x00000006f7400000| Untracked 
| 222|0x00000006f7800000, 0x00000006f7800000, 0x00000006f7c00000|  0%| F|  |TAMS 0x00000006f7800000, 0x00000006f7800000| Untracked 
| 223|0x00000006f7c00000, 0x00000006f7c00000, 0x00000006f8000000|  0%| F|  |TAMS 0x00000006f7c00000, 0x00000006f7c00000| Untracked 
| 224|0x00000006f8000000, 0x00000006f8000000, 0x00000006f8400000|  0%| F|  |TAMS 0x00000006f8000000, 0x00000006f8000000| Untracked 
| 225|0x00000006f8400000, 0x00000006f8400000, 0x00000006f8800000|  0%| F|  |TAMS 0x00000006f8400000, 0x00000006f8400000| Untracked 
| 226|0x00000006f8800000, 0x00000006f8800000, 0x00000006f8c00000|  0%| F|  |TAMS 0x00000006f8800000, 0x00000006f8800000| Untracked 
| 227|0x00000006f8c00000, 0x00000006f8c00000, 0x00000006f9000000|  0%| F|  |TAMS 0x00000006f8c00000, 0x00000006f8c00000| Untracked 
| 228|0x00000006f9000000, 0x00000006f9000000, 0x00000006f9400000|  0%| F|  |TAMS 0x00000006f9000000, 0x00000006f9000000| Untracked 
| 229|0x00000006f9400000, 0x00000006f9400000, 0x00000006f9800000|  0%| F|  |TAMS 0x00000006f9400000, 0x00000006f9400000| Untracked 
| 230|0x00000006f9800000, 0x00000006f9800000, 0x00000006f9c00000|  0%| F|  |TAMS 0x00000006f9800000, 0x00000006f9800000| Untracked 
| 231|0x00000006f9c00000, 0x00000006f9c00000, 0x00000006fa000000|  0%| F|  |TAMS 0x00000006f9c00000, 0x00000006f9c00000| Untracked 
| 232|0x00000006fa000000, 0x00000006fa000000, 0x00000006fa400000|  0%| F|  |TAMS 0x00000006fa000000, 0x00000006fa000000| Untracked 
| 233|0x00000006fa400000, 0x00000006fa400000, 0x00000006fa800000|  0%| F|  |TAMS 0x00000006fa400000, 0x00000006fa400000| Untracked 
| 234|0x00000006fa800000, 0x00000006fa800000, 0x00000006fac00000|  0%| F|  |TAMS 0x00000006fa800000, 0x00000006fa800000| Untracked 
| 235|0x00000006fac00000, 0x00000006fac00000, 0x00000006fb000000|  0%| F|  |TAMS 0x00000006fac00000, 0x00000006fac00000| Untracked 
| 236|0x00000006fb000000, 0x00000006fb000000, 0x00000006fb400000|  0%| F|  |TAMS 0x00000006fb000000, 0x00000006fb000000| Untracked 
| 237|0x00000006fb400000, 0x00000006fb400000, 0x00000006fb800000|  0%| F|  |TAMS 0x00000006fb400000, 0x00000006fb400000| Untracked 
| 238|0x00000006fb800000, 0x00000006fb800000, 0x00000006fbc00000|  0%| F|  |TAMS 0x00000006fb800000, 0x00000006fb800000| Untracked 
| 239|0x00000006fbc00000, 0x00000006fbc00000, 0x00000006fc000000|  0%| F|  |TAMS 0x00000006fbc00000, 0x00000006fbc00000| Untracked 
| 240|0x00000006fc000000, 0x00000006fc000000, 0x00000006fc400000|  0%| F|  |TAMS 0x00000006fc000000, 0x00000006fc000000| Untracked 
| 241|0x00000006fc400000, 0x00000006fc400000, 0x00000006fc800000|  0%| F|  |TAMS 0x00000006fc400000, 0x00000006fc400000| Untracked 
| 242|0x00000006fc800000, 0x00000006fc800000, 0x00000006fcc00000|  0%| F|  |TAMS 0x00000006fc800000, 0x00000006fc800000| Untracked 
| 243|0x00000006fcc00000, 0x00000006fcc00000, 0x00000006fd000000|  0%| F|  |TAMS 0x00000006fcc00000, 0x00000006fcc00000| Untracked 
| 244|0x00000006fd000000, 0x00000006fd000000, 0x00000006fd400000|  0%| F|  |TAMS 0x00000006fd000000, 0x00000006fd000000| Untracked 
| 245|0x00000006fd400000, 0x00000006fd400000, 0x00000006fd800000|  0%| F|  |TAMS 0x00000006fd400000, 0x00000006fd400000| Untracked 
| 246|0x00000006fd800000, 0x00000006fd800000, 0x00000006fdc00000|  0%| F|  |TAMS 0x00000006fd800000, 0x00000006fd800000| Untracked 
| 247|0x00000006fdc00000, 0x00000006fdc00000, 0x00000006fe000000|  0%| F|  |TAMS 0x00000006fdc00000, 0x00000006fdc00000| Untracked 
| 248|0x00000006fe000000, 0x00000006fe000000, 0x00000006fe400000|  0%| F|  |TAMS 0x00000006fe000000, 0x00000006fe000000| Untracked 
| 249|0x00000006fe400000, 0x00000006fe400000, 0x00000006fe800000|  0%| F|  |TAMS 0x00000006fe400000, 0x00000006fe400000| Untracked 
| 250|0x00000006fe800000, 0x00000006fe800000, 0x00000006fec00000|  0%| F|  |TAMS 0x00000006fe800000, 0x00000006fe800000| Untracked 
| 251|0x00000006fec00000, 0x00000006fec00000, 0x00000006ff000000|  0%| F|  |TAMS 0x00000006fec00000, 0x00000006fec00000| Untracked 
| 252|0x00000006ff000000, 0x00000006ff000000, 0x00000006ff400000|  0%| F|  |TAMS 0x00000006ff000000, 0x00000006ff000000| Untracked 
| 253|0x00000006ff400000, 0x00000006ff400000, 0x00000006ff800000|  0%| F|  |TAMS 0x00000006ff400000, 0x00000006ff400000| Untracked 
| 254|0x00000006ff800000, 0x00000006ff800000, 0x00000006ffc00000|  0%| F|  |TAMS 0x00000006ff800000, 0x00000006ff800000| Untracked 
| 255|0x00000006ffc00000, 0x00000006ffc00000, 0x0000000700000000|  0%| F|  |TAMS 0x00000006ffc00000, 0x00000006ffc00000| Untracked 
| 256|0x0000000700000000, 0x0000000700000000, 0x0000000700400000|  0%| F|  |TAMS 0x0000000700000000, 0x0000000700000000| Untracked 
| 257|0x0000000700400000, 0x0000000700400000, 0x0000000700800000|  0%| F|  |TAMS 0x0000000700400000, 0x0000000700400000| Untracked 
| 258|0x0000000700800000, 0x0000000700800000, 0x0000000700c00000|  0%| F|  |TAMS 0x0000000700800000, 0x0000000700800000| Untracked 
| 259|0x0000000700c00000, 0x0000000700c00000, 0x0000000701000000|  0%| F|  |TAMS 0x0000000700c00000, 0x0000000700c00000| Untracked 
| 260|0x0000000701000000, 0x0000000701000000, 0x0000000701400000|  0%| F|  |TAMS 0x0000000701000000, 0x0000000701000000| Untracked 
| 261|0x0000000701400000, 0x0000000701400000, 0x0000000701800000|  0%| F|  |TAMS 0x0000000701400000, 0x0000000701400000| Untracked 
| 262|0x0000000701800000, 0x0000000701800000, 0x0000000701c00000|  0%| F|  |TAMS 0x0000000701800000, 0x0000000701800000| Untracked 
| 263|0x0000000701c00000, 0x0000000701c00000, 0x0000000702000000|  0%| F|  |TAMS 0x0000000701c00000, 0x0000000701c00000| Untracked 
| 264|0x0000000702000000, 0x0000000702000000, 0x0000000702400000|  0%| F|  |TAMS 0x0000000702000000, 0x0000000702000000| Untracked 
| 265|0x0000000702400000, 0x0000000702400000, 0x0000000702800000|  0%| F|  |TAMS 0x0000000702400000, 0x0000000702400000| Untracked 
| 266|0x0000000702800000, 0x0000000702800000, 0x0000000702c00000|  0%| F|  |TAMS 0x0000000702800000, 0x0000000702800000| Untracked 
| 267|0x0000000702c00000, 0x0000000702c00000, 0x0000000703000000|  0%| F|  |TAMS 0x0000000702c00000, 0x0000000702c00000| Untracked 
| 268|0x0000000703000000, 0x0000000703000000, 0x0000000703400000|  0%| F|  |TAMS 0x0000000703000000, 0x0000000703000000| Untracked 
| 269|0x0000000703400000, 0x0000000703400000, 0x0000000703800000|  0%| F|  |TAMS 0x0000000703400000, 0x0000000703400000| Untracked 

Card table byte_map: [0x0000018498b00000,0x0000018499500000] _byte_map_base: 0x0000018495500000

Marking Bits (Prev, Next): (CMBitMap*) 0x0000018483a06590, (CMBitMap*) 0x0000018483a06550
 Prev Bits: [0x000001849ef00000, 0x00000184a3f00000)
 Next Bits: [0x0000018499f00000, 0x000001849ef00000)

Polling page: 0x0000018483a60000

Metaspace:

Usage:
  Non-class:     96.58 MB used.
      Class:     15.27 MB used.
       Both:    111.85 MB used.

Virtual space:
  Non-class space:      104.00 MB reserved,      97.94 MB ( 94%) committed,  13 nodes.
      Class space:        1.00 GB reserved,      16.19 MB (  2%) committed,  1 nodes.
             Both:        1.10 GB reserved,     114.12 MB ( 10%) committed. 

Chunk freelists:
   Non-Class:  1.26 MB
       Class:  3.73 MB
        Both:  4.99 MB

MaxMetaspaceSize: unlimited
CompressedClassSpaceSize: 1.00 GB
Initial GC threshold: 21.00 MB
Current GC threshold: 187.94 MB
CDS: off
MetaspaceReclaimPolicy: balanced
 - commit_granule_bytes: 65536.
 - commit_granule_words: 8192.
 - virtual_space_node_default_size: 1048576.
 - enlarge_chunks_in_place: 1.
 - new_chunks_are_fully_committed: 0.
 - uncommit_free_chunks: 1.
 - use_allocation_guard: 0.
 - handle_deallocations: 1.


Internal statistics:

num_allocs_failed_limit: 6.
num_arena_births: 2826.
num_arena_deaths: 10.
num_vsnodes_births: 14.
num_vsnodes_deaths: 0.
num_space_committed: 1826.
num_space_uncommitted: 0.
num_chunks_returned_to_freelist: 18.
num_chunks_taken_from_freelist: 8038.
num_chunk_merges: 8.
num_chunk_splits: 4734.
num_chunks_enlarged: 2444.
num_purges: 2.
num_inconsistent_stats: 0.

CodeHeap 'non-profiled nmethods': size=120000Kb used=18184Kb max_used=18184Kb free=101815Kb
 bounds [0x0000018490160000, 0x0000018491330000, 0x0000018497690000]
CodeHeap 'profiled nmethods': size=120000Kb used=36198Kb max_used=36198Kb free=83802Kb
 bounds [0x0000018488690000, 0x000001848a9f0000, 0x000001848fbc0000]
CodeHeap 'non-nmethods': size=5760Kb used=2423Kb max_used=2489Kb free=3336Kb
 bounds [0x000001848fbc0000, 0x000001848fe30000, 0x0000018490160000]
 total_blobs=20009 nmethods=19055 adapters=864
 compilation: enabled
              stopped_count=0, restarted_count=0
 full_count=0

Compilation events (20 events):
Event: 244.440 Thread 0x00000184a743d920 23638       3       com.android.build.gradle.internal.dsl.AbiSplitOptions$AgpDecorated_Decorated::isEnable (45 bytes)
Event: 244.441 Thread 0x00000184a743d920 nmethod 23638 0x000001848a9e4490 code [0x000001848a9e4660, 0x000001848a9e4ab8]
Event: 244.446 Thread 0x00000184a743d920 23640       3       com.android.build.api.variant.Renderscript_Decorated::getSupportModeBlasEnabled (34 bytes)
Event: 244.446 Thread 0x00000184a743d920 nmethod 23640 0x000001848a9e4c90 code [0x000001848a9e4e60, 0x000001848a9e5278]
Event: 244.447 Thread 0x00000184a743d920 23641       3       com.android.build.api.artifact.impl.MultipleArtifactContainer::transferFrom (69 bytes)
Event: 244.447 Thread 0x00000184b1345f80 nmethod 23628 0x000001849131b690 code [0x000001849131b840, 0x000001849131c2f8]
Event: 244.447 Thread 0x00000184b1345f80 23639   !   4       java.util.concurrent.ConcurrentHashMap::replaceNode (437 bytes)
Event: 244.449 Thread 0x00000184a743d920 nmethod 23641 0x000001848a9e5410 code [0x000001848a9e5920, 0x000001848a9e85b8]
Event: 244.457 Thread 0x00000184b1345f80 nmethod 23639 0x000001849131c810 code [0x000001849131c9c0, 0x000001849131d2c8]
Event: 244.458 Thread 0x00000184b1345f80 23642       4       org.gradle.api.internal.attributes.DefaultMutableAttributeContainer::keySet (29 bytes)
Event: 244.459 Thread 0x00000184a743d920 23644       3       com.android.build.gradle.internal.dsl.Splits$AgpDecorated_Decorated::getDensity (39 bytes)
Event: 244.459 Thread 0x00000184a743d920 nmethod 23644 0x000001848a9e9410 code [0x000001848a9e95e0, 0x000001848a9e9958]
Event: 244.459 Thread 0x00000184a743d920 23645       3       com.android.build.gradle.internal.dsl.Splits$AgpDecorated_Decorated::getAbi (39 bytes)
Event: 244.460 Thread 0x00000184a743d920 nmethod 23645 0x000001848a9e9a90 code [0x000001848a9e9c60, 0x000001848a9e9fd8]
Event: 244.466 Thread 0x00000184b1345f80 nmethod 23642 0x000001849131d810 code [0x000001849131d9c0, 0x000001849131def8]
Event: 244.466 Thread 0x00000184b1345f80 23646       4       org.gradle.internal.component.external.model.AbstractVariantBackedConfigurationMetadata::<init> (282 bytes)
Event: 244.477 Thread 0x00000184b1345560 nmethod 23626 0x000001849131e210 code [0x000001849131e500, 0x00000184913204d8]
Event: 244.478 Thread 0x00000184b1345560 23643       4       org.gradle.internal.typeconversion.CompositeNotationConverter::convert (55 bytes)
Event: 244.483 Thread 0x00000184b1345560 nmethod 23643 0x0000018491321b10 code [0x0000018491321cc0, 0x0000018491321fd8]
Event: 244.483 Thread 0x00000184b1345560 23653   !   4       java.util.concurrent.LinkedBlockingQueue::offer (131 bytes)

GC Heap History (20 events):
Event: 59.632 GC heap after
{Heap after GC invocations=62 (full 0):
 garbage-first heap   total 753664K, used 430472K [0x00000006c0000000, 0x0000000800000000)
  region size 4096K, 3 young (12288K), 3 survivors (12288K)
 Metaspace       used 104520K, committed 106752K, reserved 1146880K
  class space    used 14282K, committed 15168K, reserved 1048576K
}
Event: 60.483 GC heap before
{Heap before GC invocations=62 (full 0):
 garbage-first heap   total 753664K, used 606600K [0x00000006c0000000, 0x0000000800000000)
  region size 4096K, 47 young (192512K), 3 survivors (12288K)
 Metaspace       used 104771K, committed 106944K, reserved 1146880K
  class space    used 14310K, committed 15168K, reserved 1048576K
}
Event: 60.500 GC heap after
{Heap after GC invocations=63 (full 0):
 garbage-first heap   total 753664K, used 443705K [0x00000006c0000000, 0x0000000800000000)
  region size 4096K, 6 young (24576K), 6 survivors (24576K)
 Metaspace       used 104771K, committed 106944K, reserved 1146880K
  class space    used 14310K, committed 15168K, reserved 1048576K
}
Event: 62.154 GC heap before
{Heap before GC invocations=63 (full 0):
 garbage-first heap   total 753664K, used 615736K [0x00000006c0000000, 0x0000000800000000)
  region size 4096K, 49 young (200704K), 6 survivors (24576K)
 Metaspace       used 110823K, committed 113024K, reserved 1146880K
  class space    used 15129K, committed 16000K, reserved 1048576K
}
Event: 62.174 GC heap after
{Heap after GC invocations=64 (full 0):
 garbage-first heap   total 753664K, used 457024K [0x00000006c0000000, 0x0000000800000000)
  region size 4096K, 5 young (20480K), 5 survivors (20480K)
 Metaspace       used 110823K, committed 113024K, reserved 1146880K
  class space    used 15129K, committed 16000K, reserved 1048576K
}
Event: 63.323 GC heap before
{Heap before GC invocations=64 (full 0):
 garbage-first heap   total 753664K, used 571712K [0x00000006c0000000, 0x0000000800000000)
  region size 4096K, 33 young (135168K), 5 survivors (20480K)
 Metaspace       used 111363K, committed 113600K, reserved 1146880K
  class space    used 15201K, committed 16128K, reserved 1048576K
}
Event: 63.342 GC heap after
{Heap after GC invocations=65 (full 0):
 garbage-first heap   total 753664K, used 475252K [0x00000006c0000000, 0x0000000800000000)
  region size 4096K, 4 young (16384K), 4 survivors (16384K)
 Metaspace       used 111363K, committed 113600K, reserved 1146880K
  class space    used 15201K, committed 16128K, reserved 1048576K
}
Event: 63.385 GC heap before
{Heap before GC invocations=65 (full 0):
 garbage-first heap   total 753664K, used 548980K [0x00000006c0000000, 0x0000000800000000)
  region size 4096K, 5 young (20480K), 4 survivors (16384K)
 Metaspace       used 111363K, committed 113600K, reserved 1146880K
  class space    used 15201K, committed 16128K, reserved 1048576K
}
Event: 63.393 GC heap after
{Heap after GC invocations=66 (full 0):
 garbage-first heap   total 753664K, used 549565K [0x00000006c0000000, 0x0000000800000000)
  region size 4096K, 4 young (16384K), 4 survivors (16384K)
 Metaspace       used 111363K, committed 113600K, reserved 1146880K
  class space    used 15201K, committed 16128K, reserved 1048576K
}
Event: 64.690 GC heap before
{Heap before GC invocations=67 (full 0):
 garbage-first heap   total 1105920K, used 680637K [0x00000006c0000000, 0x0000000800000000)
  region size 4096K, 18 young (73728K), 4 survivors (16384K)
 Metaspace       used 111362K, committed 113600K, reserved 1146880K
  class space    used 15198K, committed 16128K, reserved 1048576K
}
Event: 64.701 GC heap after
{Heap after GC invocations=68 (full 0):
 garbage-first heap   total 1105920K, used 616254K [0x00000006c0000000, 0x0000000800000000)
  region size 4096K, 2 young (8192K), 2 survivors (8192K)
 Metaspace       used 111362K, committed 113600K, reserved 1146880K
  class space    used 15198K, committed 16128K, reserved 1048576K
}
Event: 64.998 GC heap before
{Heap before GC invocations=68 (full 0):
 garbage-first heap   total 1105920K, used 661310K [0x00000006c0000000, 0x0000000800000000)
  region size 4096K, 14 young (57344K), 2 survivors (8192K)
 Metaspace       used 111362K, committed 113600K, reserved 1146880K
  class space    used 15198K, committed 16128K, reserved 1048576K
}
Event: 65.026 GC heap after
{Heap after GC invocations=69 (full 0):
 garbage-first heap   total 1105920K, used 593181K [0x00000006c0000000, 0x0000000800000000)
  region size 4096K, 2 young (8192K), 2 survivors (8192K)
 Metaspace       used 111362K, committed 113600K, reserved 1146880K
  class space    used 15198K, committed 16128K, reserved 1048576K
}
Event: 67.253 GC heap before
{Heap before GC invocations=69 (full 0):
 garbage-first heap   total 1105920K, used 855325K [0x00000006c0000000, 0x0000000800000000)
  region size 4096K, 67 young (274432K), 2 survivors (8192K)
 Metaspace       used 111769K, committed 114048K, reserved 1155072K
  class space    used 15267K, committed 16192K, reserved 1048576K
}
Event: 67.342 GC heap after
{Heap after GC invocations=70 (full 0):
 garbage-first heap   total 1105920K, used 610043K [0x00000006c0000000, 0x0000000800000000)
  region size 4096K, 6 young (24576K), 6 survivors (24576K)
 Metaspace       used 111769K, committed 114048K, reserved 1155072K
  class space    used 15267K, committed 16192K, reserved 1048576K
}
Event: 70.450 GC heap before
{Heap before GC invocations=71 (full 0):
 garbage-first heap   total 1105920K, used 814843K [0x00000006c0000000, 0x0000000800000000)
  region size 4096K, 75 young (307200K), 6 survivors (24576K)
 Metaspace       used 113638K, committed 115968K, reserved 1155072K
  class space    used 15519K, committed 16448K, reserved 1048576K
}
Event: 70.479 GC heap after
{Heap after GC invocations=72 (full 0):
 garbage-first heap   total 1105920K, used 489472K [0x00000006c0000000, 0x0000000800000000)
  region size 4096K, 10 young (40960K), 10 survivors (40960K)
 Metaspace       used 113638K, committed 115968K, reserved 1155072K
  class space    used 15519K, committed 16448K, reserved 1048576K
}
Event: 70.510 GC heap before
{Heap before GC invocations=72 (full 0):
 garbage-first heap   total 1105920K, used 497664K [0x00000006c0000000, 0x0000000800000000)
  region size 4096K, 13 young (53248K), 10 survivors (40960K)
 Metaspace       used 113638K, committed 115968K, reserved 1155072K
  class space    used 15519K, committed 16448K, reserved 1048576K
}
Event: 70.564 GC heap after
{Heap after GC invocations=73 (full 0):
 garbage-first heap   total 1105920K, used 485301K [0x00000006c0000000, 0x0000000800000000)
  region size 4096K, 2 young (8192K), 2 survivors (8192K)
 Metaspace       used 113638K, committed 115968K, reserved 1155072K
  class space    used 15519K, committed 16448K, reserved 1048576K
}
Event: 244.484 GC heap before
{Heap before GC invocations=73 (full 0):
 garbage-first heap   total 1105920K, used 812981K [0x00000006c0000000, 0x0000000800000000)
  region size 4096K, 83 young (339968K), 2 survivors (8192K)
 Metaspace       used 114533K, committed 116864K, reserved 1155072K
  class space    used 15632K, committed 16576K, reserved 1048576K
}

Dll operation events (2 events):
Event: 0.007 Loaded shared library C:\Program Files\Android\Android Studio\jbr\bin\java.dll
Event: 0.435 Loaded shared library C:\Program Files\Android\Android Studio\jbr\bin\verify.dll

Deoptimization events (20 events):
Event: 243.434 Thread 0x00000184a8985490 Uncommon trap: trap_request=0xffffffc6 fr.pc=0x00000184909dc658 relative=0x0000000000000318
Event: 243.434 Thread 0x00000184a8985490 Uncommon trap: reason=bimorphic_or_optimized_type_check action=maybe_recompile pc=0x00000184909dc658 method=org.gradle.api.internal.plugins.DefaultPluginRegistry$PluginIdLookupCacheKey.equals(Ljava/lang/Object;)Z @ 37 c2
Event: 243.434 Thread 0x00000184a8985490 DEOPT PACKING pc=0x00000184909dc658 sp=0x0000007ff3df5040
Event: 243.434 Thread 0x00000184a8985490 DEOPT UNPACKING pc=0x000001848fc169a3 sp=0x0000007ff3df4fd0 mode 2
Event: 243.454 Thread 0x00000184a8985490 Uncommon trap: trap_request=0xfffffff4 fr.pc=0x0000018490a1de28 relative=0x0000000000000108
Event: 243.454 Thread 0x00000184a8985490 Uncommon trap: reason=null_check action=make_not_entrant pc=0x0000018490a1de28 method=org.gradle.api.internal.collections.CollectionFilter.filter(Ljava/lang/Object;)Ljava/lang/Object; @ 5 c2
Event: 243.454 Thread 0x00000184a8985490 DEOPT PACKING pc=0x0000018490a1de28 sp=0x0000007ff3df4380
Event: 243.454 Thread 0x00000184a8985490 DEOPT UNPACKING pc=0x000001848fc169a3 sp=0x0000007ff3df4320 mode 2
Event: 243.690 Thread 0x00000184a8985490 Uncommon trap: trap_request=0xffffffc6 fr.pc=0x0000018490d2228c relative=0x00000000000015ac
Event: 243.690 Thread 0x00000184a8985490 Uncommon trap: reason=bimorphic_or_optimized_type_check action=maybe_recompile pc=0x0000018490d2228c method=org.gradle.internal.fingerprint.impl.DefaultFileCollectionSnapshotter$SnapshottingVisitor.visitCollection(Lorg/gradle/api/internal/file/FileCollect
Event: 243.690 Thread 0x00000184a8985490 DEOPT PACKING pc=0x0000018490d2228c sp=0x0000007ff3df9e70
Event: 243.690 Thread 0x00000184a8985490 DEOPT UNPACKING pc=0x000001848fc169a3 sp=0x0000007ff3df9e58 mode 2
Event: 244.407 Thread 0x00000184a8985490 Uncommon trap: trap_request=0xffffffc6 fr.pc=0x0000018491022540 relative=0x0000000000000940
Event: 244.408 Thread 0x00000184a8985490 Uncommon trap: reason=bimorphic_or_optimized_type_check action=maybe_recompile pc=0x0000018491022540 method=java.util.stream.Streams$StreamBuilderImpl.tryAdvance(Ljava/util/function/Consumer;)Z @ 19 c2
Event: 244.408 Thread 0x00000184a8985490 DEOPT PACKING pc=0x0000018491022540 sp=0x0000007ff3df8360
Event: 244.408 Thread 0x00000184a8985490 DEOPT UNPACKING pc=0x000001848fc169a3 sp=0x0000007ff3df8328 mode 2
Event: 244.420 Thread 0x00000184a8985490 Uncommon trap: trap_request=0xffffffc6 fr.pc=0x00000184911b6254 relative=0x0000000000000b34
Event: 244.420 Thread 0x00000184a8985490 Uncommon trap: reason=bimorphic_or_optimized_type_check action=maybe_recompile pc=0x00000184911b6254 method=org.gradle.internal.resource.transport.http.HttpClientHelper.<init>(Lorg/gradle/api/internal/DocumentationRegistry;Lorg/gradle/internal/resource/tr
Event: 244.420 Thread 0x00000184a8985490 DEOPT PACKING pc=0x00000184911b6254 sp=0x0000007ff3df9dc0
Event: 244.420 Thread 0x00000184a8985490 DEOPT UNPACKING pc=0x000001848fc169a3 sp=0x0000007ff3df9c28 mode 2

Classes unloaded (5 events):
Event: 64.100 Thread 0x00000184a69bb730 Unloading class 0x0000000800e61400 'java/lang/invoke/LambdaForm$DMH+0x0000000800e61400'
Event: 64.100 Thread 0x00000184a69bb730 Unloading class 0x0000000800e61000 'java/lang/invoke/LambdaForm$DMH+0x0000000800e61000'
Event: 64.100 Thread 0x00000184a69bb730 Unloading class 0x0000000800e60c00 'java/lang/invoke/LambdaForm$DMH+0x0000000800e60c00'
Event: 64.100 Thread 0x00000184a69bb730 Unloading class 0x0000000800e60800 'java/lang/invoke/LambdaForm$DMH+0x0000000800e60800'
Event: 64.100 Thread 0x00000184a69bb730 Unloading class 0x0000000800e60000 'java/lang/invoke/LambdaForm$DMH+0x0000000800e60000'

Classes redefined (0 events):
No events

Internal exceptions (20 events):
Event: 72.057 Thread 0x00000184ab482260 Exception <a 'java/lang/ClassNotFoundException'{0x00000006f69edfc0}: com/android/build/gradle/tasks/PackageAndroidArtifactBeanInfo> (0x00000006f69edfc0) 
thrown [s\src\hotspot\share\classfile\systemDictionary.cpp, line 256]
Event: 72.057 Thread 0x00000184ab482260 Exception <a 'java/lang/ClassNotFoundException'{0x00000006f69f8588}: com/android/build/gradle/tasks/PackageAndroidArtifactCustomizer> (0x00000006f69f8588) 
thrown [s\src\hotspot\share\classfile\systemDictionary.cpp, line 256]
Event: 72.059 Thread 0x00000184ab482260 Exception <a 'java/lang/ClassNotFoundException'{0x00000006f6a4f318}: com/android/build/gradle/tasks/PackageApplicationCustomizer> (0x00000006f6a4f318) 
thrown [s\src\hotspot\share\classfile\systemDictionary.cpp, line 256]
Event: 72.059 Thread 0x00000184ab482260 Exception <a 'java/lang/ClassNotFoundException'{0x00000006f6a758b8}: com/android/build/gradle/tasks/PackageApplication_DecoratedCustomizer> (0x00000006f6a758b8) 
thrown [s\src\hotspot\share\classfile\systemDictionary.cpp, line 256]
Event: 72.065 Thread 0x00000184ab482260 Exception <a 'java/lang/ClassNotFoundException'{0x00000006f6b20370}: com/android/build/OutputFileBeanInfo> (0x00000006f6b20370) 
thrown [s\src\hotspot\share\classfile\systemDictionary.cpp, line 256]
Event: 72.066 Thread 0x00000184ab482260 Exception <a 'java/lang/ClassNotFoundException'{0x00000006f6b29448}: com/android/build/OutputFileCustomizer> (0x00000006f6b29448) 
thrown [s\src\hotspot\share\classfile\systemDictionary.cpp, line 256]
Event: 76.744 Thread 0x00000184aa33a050 Exception <a 'java/lang/NoSuchMethodError'{0x00000006f65d3b90}: 'java.lang.Object java.lang.invoke.DirectMethodHandle$Holder.invokeSpecial(java.lang.Object, java.lang.Object, java.lang.Object, java.lang.Object, int, java.lang.Object, java.lang.Object)'> (0x00000006f65d3b90) 
thrown [s\src\hotspot\share\interpreter\linkResolver.cpp, line 771]
Event: 76.907 Thread 0x00000184aa33a050 Implicit null exception at 0x000001849063c239 to 0x000001849063ca98
Event: 76.907 Thread 0x00000184aa33a050 Implicit null exception at 0x0000018490727b8f to 0x0000018490727be0
Event: 76.942 Thread 0x00000184aa33a050 Implicit null exception at 0x00000184908df33b to 0x00000184908df660
Event: 82.062 Thread 0x00000184a9f8e790 Implicit null exception at 0x00000184901b0c72 to 0x00000184901b1254
Event: 82.062 Thread 0x00000184a9f8e790 Implicit null exception at 0x000001849052e272 to 0x000001849052e97c
Event: 242.538 Thread 0x00000184a8985490 Implicit null exception at 0x00000184910c9427 to 0x00000184910ca710
Event: 242.690 Thread 0x00000184a8985490 Implicit null exception at 0x0000018490fa0e44 to 0x0000018490fa11ed
Event: 242.690 Thread 0x00000184a8985490 Implicit null exception at 0x0000018490840661 to 0x0000018490840744
Event: 243.165 Thread 0x00000184a8985490 Implicit null exception at 0x000001849084b373 to 0x000001849084bb50
Event: 243.192 Thread 0x00000184a8985490 Exception <a 'sun/nio/fs/WindowsException'{0x00000006f274b628}> (0x00000006f274b628) 
thrown [s\src\hotspot\share\prims\jni.cpp, line 517]
Event: 243.454 Thread 0x00000184a8985490 Implicit null exception at 0x0000018490a1dd5f to 0x0000018490a1de14
Event: 243.528 Thread 0x00000184a8985490 Exception <a 'java/lang/reflect/InvocationTargetException'{0x00000006f10803b0}> (0x00000006f10803b0) 
thrown [s\src\hotspot\share\runtime\reflection.cpp, line 1127]
Event: 243.529 Thread 0x00000184a8985490 Exception <a 'java/lang/reflect/InvocationTargetException'{0x00000006f10896c0}> (0x00000006f10896c0) 
thrown [s\src\hotspot\share\runtime\reflection.cpp, line 1127]

VM Operations (20 events):
Event: 123.033 Executing VM operation: Cleanup done
Event: 138.156 Executing VM operation: Cleanup
Event: 138.156 Executing VM operation: Cleanup done
Event: 142.183 Executing VM operation: Cleanup
Event: 142.183 Executing VM operation: Cleanup done
Event: 144.208 Executing VM operation: Cleanup
Event: 144.208 Executing VM operation: Cleanup done
Event: 152.269 Executing VM operation: Cleanup
Event: 152.269 Executing VM operation: Cleanup done
Event: 172.485 Executing VM operation: Cleanup
Event: 172.485 Executing VM operation: Cleanup done
Event: 174.500 Executing VM operation: Cleanup
Event: 174.500 Executing VM operation: Cleanup done
Event: 206.848 Executing VM operation: Cleanup
Event: 206.848 Executing VM operation: Cleanup done
Event: 243.161 Executing VM operation: ICBufferFull
Event: 243.161 Executing VM operation: ICBufferFull done
Event: 243.697 Executing VM operation: ICBufferFull
Event: 243.697 Executing VM operation: ICBufferFull done
Event: 244.483 Executing VM operation: G1CollectForAllocation

Events (20 events):
Event: 242.899 Thread 0x00000184a98100b0 Thread added: 0x00000184a98100b0
Event: 242.899 Thread 0x00000184a9811d90 Thread added: 0x00000184a9811d90
Event: 242.899 Thread 0x00000184a9810a50 Thread added: 0x00000184a9810a50
Event: 242.899 Thread 0x00000184a98113f0 Thread added: 0x00000184a98113f0
Event: 242.899 Thread 0x00000184a9810580 Thread added: 0x00000184a9810580
Event: 242.899 Thread 0x00000184a98118c0 Thread added: 0x00000184a98118c0
Event: 242.899 Thread 0x00000184a9812730 Thread added: 0x00000184a9812730
Event: 242.899 Thread 0x00000184a98135a0 Thread added: 0x00000184a98135a0
Event: 242.899 Thread 0x00000184ad0e31b0 Thread added: 0x00000184ad0e31b0
Event: 242.900 Thread 0x00000184ad0e4020 Thread added: 0x00000184ad0e4020
Event: 242.900 Thread 0x00000184ad0e3680 Thread added: 0x00000184ad0e3680
Event: 242.900 Thread 0x00000184ad0e4e90 Thread added: 0x00000184ad0e4e90
Event: 242.900 Thread 0x00000184ad0e2ce0 Thread added: 0x00000184ad0e2ce0
Event: 242.900 Thread 0x00000184ad0e61d0 Thread added: 0x00000184ad0e61d0
Event: 242.900 Thread 0x00000184ad0e44f0 Thread added: 0x00000184ad0e44f0
Event: 242.901 Thread 0x00000184ad0e3b50 Thread added: 0x00000184ad0e3b50
Event: 242.901 Thread 0x00000184ad0e66a0 Thread added: 0x00000184ad0e66a0
Event: 242.901 Thread 0x00000184ad0e5360 Thread added: 0x00000184ad0e5360
Event: 244.333 Thread 0x00000184b1343700 Thread exited: 0x00000184b1343700
Event: 244.433 Thread 0x00000184b1345f80 Thread added: 0x00000184b1345f80


Dynamic libraries:
0x00007ff7175e0000 - 0x00007ff7175ea000 	C:\Program Files\Android\Android Studio\jbr\bin\java.exe
0x00007ffeb1dd0000 - 0x00007ffeb1fc8000 	C:\Windows\SYSTEM32\ntdll.dll
0x00007ffeb15e0000 - 0x00007ffeb169f000 	C:\Windows\System32\KERNEL32.DLL
0x00007ffeaf860000 - 0x00007ffeafb56000 	C:\Windows\System32\KERNELBASE.dll
0x00007ffeafb60000 - 0x00007ffeafc60000 	C:\Windows\System32\ucrtbase.dll
0x00007ffeaa680000 - 0x00007ffeaa69b000 	C:\Program Files\Android\Android Studio\jbr\bin\VCRUNTIME140.dll
0x00007ffeaa0f0000 - 0x00007ffeaa107000 	C:\Program Files\Android\Android Studio\jbr\bin\jli.dll
0x00007ffeb0360000 - 0x00007ffeb04fd000 	C:\Windows\System32\USER32.dll
0x00007ffeafd60000 - 0x00007ffeafd82000 	C:\Windows\System32\win32u.dll
0x00007ffeb16a0000 - 0x00007ffeb16cc000 	C:\Windows\System32\GDI32.dll
0x00007ffe849b0000 - 0x00007ffe84c4a000 	C:\Windows\WinSxS\amd64_microsoft.windows.common-controls_6595b64144ccf1df_6.0.19041.1110_none_60b5254171f9507e\COMCTL32.dll
0x00007ffeaf4e0000 - 0x00007ffeaf5f5000 	C:\Windows\System32\gdi32full.dll
0x00007ffeb1c80000 - 0x00007ffeb1d1e000 	C:\Windows\System32\msvcrt.dll
0x00007ffeafd90000 - 0x00007ffeafe2d000 	C:\Windows\System32\msvcp_win.dll
0x00007ffeafe30000 - 0x00007ffeafe60000 	C:\Windows\System32\IMM32.DLL
0x00007ffeacc90000 - 0x00007ffeacc9c000 	C:\Program Files\Android\Android Studio\jbr\bin\vcruntime140_1.dll
0x00007ffea9880000 - 0x00007ffea990d000 	C:\Program Files\Android\Android Studio\jbr\bin\msvcp140.dll
0x00007ffe717e0000 - 0x00007ffe7244d000 	C:\Program Files\Android\Android Studio\jbr\bin\server\jvm.dll
0x00007ffeb1770000 - 0x00007ffeb181f000 	C:\Windows\System32\ADVAPI32.dll
0x00007ffeb16d0000 - 0x00007ffeb176c000 	C:\Windows\System32\sechost.dll
0x00007ffeb00c0000 - 0x00007ffeb01e6000 	C:\Windows\System32\RPCRT4.dll
0x00007ffe8daa0000 - 0x00007ffe8dac7000 	C:\Windows\SYSTEM32\WINMM.dll
0x00007ffe82260000 - 0x00007ffe82269000 	C:\Windows\SYSTEM32\WSOCK32.dll
0x00007ffeb0e10000 - 0x00007ffeb0e7b000 	C:\Windows\System32\WS2_32.dll
0x00007ffea0590000 - 0x00007ffea059a000 	C:\Windows\SYSTEM32\VERSION.dll
0x00007ffead380000 - 0x00007ffead392000 	C:\Windows\SYSTEM32\kernel.appcore.dll
0x00007ffe81280000 - 0x00007ffe8128a000 	C:\Program Files\Android\Android Studio\jbr\bin\jimage.dll
0x00007ffe993d0000 - 0x00007ffe995b4000 	C:\Windows\SYSTEM32\DBGHELP.DLL
0x00007ffe992c0000 - 0x00007ffe992f4000 	C:\Windows\SYSTEM32\dbgcore.DLL
0x00007ffeaf760000 - 0x00007ffeaf7e2000 	C:\Windows\System32\bcryptPrimitives.dll
0x00007ffe7c8a0000 - 0x00007ffe7c8c5000 	C:\Program Files\Android\Android Studio\jbr\bin\java.dll
0x00007ffe7b730000 - 0x00007ffe7b748000 	C:\Program Files\Android\Android Studio\jbr\bin\zip.dll
0x00007ffeb0e90000 - 0x00007ffeb15d4000 	C:\Windows\System32\SHELL32.dll
0x00007ffead580000 - 0x00007ffeadd14000 	C:\Windows\SYSTEM32\windows.storage.dll
0x00007ffeb0500000 - 0x00007ffeb0854000 	C:\Windows\System32\combase.dll
0x00007ffeaee20000 - 0x00007ffeaee4e000 	C:\Windows\SYSTEM32\Wldp.dll
0x00007ffeb01f0000 - 0x00007ffeb029d000 	C:\Windows\System32\SHCORE.dll
0x00007ffeb1d20000 - 0x00007ffeb1d75000 	C:\Windows\System32\shlwapi.dll
0x00007ffeaf3e0000 - 0x00007ffeaf405000 	C:\Windows\SYSTEM32\profapi.dll
0x00007ffe7b5b0000 - 0x00007ffe7b5c9000 	C:\Program Files\Android\Android Studio\jbr\bin\net.dll
0x00007ffea9ab0000 - 0x00007ffea9bba000 	C:\Windows\SYSTEM32\WINHTTP.dll
0x00007ffeaeb80000 - 0x00007ffeaebea000 	C:\Windows\system32\mswsock.dll
0x00007ffe7b590000 - 0x00007ffe7b5a6000 	C:\Program Files\Android\Android Studio\jbr\bin\nio.dll
0x00007ffe7b780000 - 0x00007ffe7b790000 	C:\Program Files\Android\Android Studio\jbr\bin\verify.dll
0x00007ffea9db0000 - 0x00007ffea9dd7000 	C:\Users\ITS\.gradle\native\e1d6ef7f7dcc3fd88c89a11ec53ec762bb8ba0a96d01ffa2cd45eb1d1d8dd5c5\windows-amd64\native-platform.dll
0x00007ffe7a6d0000 - 0x00007ffe7a814000 	C:\Users\ITS\.gradle\native\0d407fdbe67a94daf76414ababcb853783967236a71b16ec16e742cd7a986fd3\windows-amd64\native-platform-file-events.dll
0x00007ffe7cf50000 - 0x00007ffe7cf59000 	C:\Program Files\Android\Android Studio\jbr\bin\management.dll
0x00007ffe7c890000 - 0x00007ffe7c89b000 	C:\Program Files\Android\Android Studio\jbr\bin\management_ext.dll
0x00007ffeb1d80000 - 0x00007ffeb1d88000 	C:\Windows\System32\PSAPI.DLL
0x00007ffeaed70000 - 0x00007ffeaed88000 	C:\Windows\SYSTEM32\CRYPTSP.dll
0x00007ffeae4a0000 - 0x00007ffeae4d4000 	C:\Windows\system32\rsaenh.dll
0x00007ffeaf4b0000 - 0x00007ffeaf4d7000 	C:\Windows\System32\bcrypt.dll
0x00007ffeaf3a0000 - 0x00007ffeaf3ce000 	C:\Windows\SYSTEM32\USERENV.dll
0x00007ffeaed90000 - 0x00007ffeaed9c000 	C:\Windows\SYSTEM32\CRYPTBASE.dll
0x00007ffeae870000 - 0x00007ffeae8ac000 	C:\Windows\SYSTEM32\IPHLPAPI.DLL
0x00007ffeb0d80000 - 0x00007ffeb0d88000 	C:\Windows\System32\NSI.dll
0x00007ffea7a90000 - 0x00007ffea7aa7000 	C:\Windows\SYSTEM32\dhcpcsvc6.DLL
0x00007ffea7950000 - 0x00007ffea796d000 	C:\Windows\SYSTEM32\dhcpcsvc.DLL
0x00007ffeae8b0000 - 0x00007ffeae97a000 	C:\Windows\SYSTEM32\DNSAPI.dll
0x00007ffeaa450000 - 0x00007ffeaa457000 	C:\Windows\system32\wshunix.dll
0x00007ffeae5c0000 - 0x00007ffeae5f3000 	C:\Windows\SYSTEM32\ntmarta.dll

dbghelp: loaded successfully - version: 4.0.5 - missing functions: none
symbol engine: initialized successfully - sym options: 0x614 - pdb path: .;C:\Program Files\Android\Android Studio\jbr\bin;C:\Windows\SYSTEM32;C:\Windows\WinSxS\amd64_microsoft.windows.common-controls_6595b64144ccf1df_6.0.19041.1110_none_60b5254171f9507e;C:\Program Files\Android\Android Studio\jbr\bin\server;C:\Users\ITS\.gradle\native\e1d6ef7f7dcc3fd88c89a11ec53ec762bb8ba0a96d01ffa2cd45eb1d1d8dd5c5\windows-amd64;C:\Users\ITS\.gradle\native\0d407fdbe67a94daf76414ababcb853783967236a71b16ec16e742cd7a986fd3\windows-amd64

VM Arguments:
jvm_args: --add-opens=java.base/java.util=ALL-UNNAMED --add-opens=java.base/java.lang=ALL-UNNAMED --add-opens=java.base/java.lang.invoke=ALL-UNNAMED --add-opens=java.base/java.util=ALL-UNNAMED --add-opens=java.prefs/java.util.prefs=ALL-UNNAMED --add-opens=java.prefs/java.util.prefs=ALL-UNNAMED --add-opens=java.base/java.nio.charset=ALL-UNNAMED --add-opens=java.base/java.net=ALL-UNNAMED --add-opens=java.base/java.util.concurrent.atomic=ALL-UNNAMED -Xmx5120M -Dfile.encoding=windows-1252 -Duser.country=GB -Duser.language=en -Duser.variant 
java_command: org.gradle.launcher.daemon.bootstrap.GradleDaemon 7.4
java_class_path (initial): C:\Users\ITS\.gradle\wrapper\dists\gradle-7.4-all\aadb4xli5jkdsnukm30eibyiu\gradle-7.4\lib\gradle-launcher-7.4.jar
Launcher Type: SUN_STANDARD

[Global flags]
     intx CICompilerCount                          = 4                                         {product} {ergonomic}
     uint ConcGCThreads                            = 2                                         {product} {ergonomic}
     uint G1ConcRefinementThreads                  = 8                                         {product} {ergonomic}
   size_t G1HeapRegionSize                         = 4194304                                   {product} {ergonomic}
    uintx GCDrainStackTargetSize                   = 64                                        {product} {ergonomic}
   size_t InitialHeapSize                          = 134217728                                 {product} {ergonomic}
   size_t MarkStackSize                            = 4194304                                   {product} {ergonomic}
   size_t MaxHeapSize                              = 5368709120                                {product} {command line}
   size_t MaxNewSize                               = 3221225472                                {product} {ergonomic}
   size_t MinHeapDeltaBytes                        = 4194304                                   {product} {ergonomic}
   size_t MinHeapSize                              = 8388608                                   {product} {ergonomic}
    uintx NonNMethodCodeHeapSize                   = 5839372                                {pd product} {ergonomic}
    uintx NonProfiledCodeHeapSize                  = 122909434                              {pd product} {ergonomic}
    uintx ProfiledCodeHeapSize                     = 122909434                              {pd product} {ergonomic}
    uintx ReservedCodeCacheSize                    = 251658240                              {pd product} {ergonomic}
     bool SegmentedCodeCache                       = true                                      {product} {ergonomic}
   size_t SoftMaxHeapSize                          = 5368709120                             {manageable} {ergonomic}
     bool UseCompressedClassPointers               = true                           {product lp64_product} {ergonomic}
     bool UseCompressedOops                        = true                           {product lp64_product} {ergonomic}
     bool UseG1GC                                  = true                                      {product} {ergonomic}
     bool UseLargePagesIndividualAllocation        = false                                  {pd product} {ergonomic}

Logging:
Log output configuration:
 #0: stdout all=warning uptime,level,tags
 #1: stderr all=off uptime,level,tags

Environment Variables:
JAVA_HOME=C:\Program Files\Android\Android Studio\jbr
CLASSPATH=C:\Users\ITS\Documents\Flutter_Projects\p\Flutter-Restaurant(v2.7)\Mobile Source\android\\gradle\wrapper\gradle-wrapper.jar
PATH=C:\Program Files\Common Files\Oracle\Java\javapath;C:\Program Files\Microsoft MPI\Bin\;C:\Windows\system32;C:\Windows;C:\Windows\System32\Wbem;C:\Windows\System32\WindowsPowerShell\v1.0\;C:\Windows\System32\OpenSSH\;C:\Program Files (x86)\Microsoft SQL Server\140\Tools\Binn\;C:\Program Files\Microsoft SQL Server\140\Tools\Binn\;C:\Program Files (x86)\Microsoft SQL Server\140\DTS\Binn\;C:\Program Files\Microsoft SQL Server\140\DTS\Binn\;C:\Program Files\Microsoft SQL Server\Client SDK\ODBC\130\Tools\Binn\;C:\Program Files (x86)\Microsoft SQL Server\150\DTS\Binn\;C:\Program Files\Azure Data Studio\bin;C:\Program Files\Git\cmd;C:\Users\ITS\AppData\Local\Microsoft\WindowsApps;C:\Program Files\Azure Data Studio\bin;C:\flutter\bin;C:\Program Files\Android\Android Studio\jbr\bin\keytool;C:\Users\ITS\AppData\Local\Pub\Cache\bin;C:\Users\ITS\Downloads;C:\Program Files;C:\Program Files\Java\jdk-20;C:\Program Files\Java\jdk-20\bin;C:\Users\ITS\AppData\Local\Programs\Microsoft VS Code\bin;C:\Users\ITS\Downloads\scrcpy-win64-v2.0\scrcpy-win64-v2.0;;C:\flutter\bin\mingit\cmd
USERNAME=ITS
OS=Windows_NT
PROCESSOR_IDENTIFIER=Intel64 Family 6 Model 60 Stepping 3, GenuineIntel
TMP=C:\Users\ITS\AppData\Local\Temp
TEMP=C:\Users\ITS\AppData\Local\Temp



---------------  S Y S T E M  ---------------

OS:
 Windows 10 , 64 bit Build 19041 (10.0.19041.3155)
OS uptime: 0 days 4:58 hours

CPU: total 8 (initial active 8) (4 cores per cpu, 2 threads per core) family 6 model 60 stepping 3 microcode 0x27, cx8, cmov, fxsr, ht, mmx, sse, sse2, sse3, ssse3, sse4.1, sse4.2, popcnt, lzcnt, tsc, tscinvbit, avx, avx2, aes, erms, clmul, bmi1, bmi2, fma, vzeroupper, clflush

Memory: 4k page, system-wide physical 8097M (701M free)
TotalPageFile size 22337M (AvailPageFile size 503M)
current process WorkingSet (physical memory assigned to process): 932M, peak: 1356M
current process commit charge ("private bytes"): 1548M, peak: 2624M

vm_info: OpenJDK 64-Bit Server VM (17.0.6+0-b2043.56-9586694) for windows-amd64 JRE (17.0.6+0-b2043.56-9586694), built on Feb  9 2023 20:06:20 by "androidbuild" with MS VC++ 16.10 / 16.11 (VS2019)

END.
