#
# There is insufficient memory for the Java Runtime Environment to continue.
# Native memory allocation (mmap) failed to map 499122176 bytes for G1 virtual space
# Possible reasons:
#   The system is out of physical RAM or swap space
#   The process is running with CompressedOops enabled, and the Java Heap may be blocking the growth of the native heap
# Possible solutions:
#   Reduce memory load on the system
#   Increase physical memory or swap space
#   Check if swap backing store is full
#   Decrease Java heap size (-Xmx/-Xms)
#   Decrease number of Java threads
#   Decrease Java thread stack sizes (-Xss)
#   Set larger code cache with -XX:ReservedCodeCacheSize=
#   JVM is running with Zero Based Compressed Oops mode in which the Java heap is
#     placed in the first 32GB address space. The Java Heap base address is the
#     maximum limit for the native heap growth. Please use -XX:HeapBaseMinAddress
#     to set the Java Heap base and to place the Java Heap above 32GB virtual address.
# This output file may be truncated or incomplete.
#
#  Out of Memory Error (os_windows.cpp:3769), pid=13684, tid=6668
#
# JRE version: OpenJDK Runtime Environment (17.0.6) (build 17.0.6+0-b2043.56-9586694)
# Java VM: OpenJDK 64-Bit Server VM (17.0.6+0-b2043.56-9586694, mixed mode, tiered, compressed oops, compressed class ptrs, g1 gc, windows-amd64)
# No core dump will be written. Minidumps are not enabled by default on client versions of Windows
#

---------------  S U M M A R Y ------------

Command Line: --add-opens=java.base/java.util=ALL-UNNAMED --add-opens=java.base/java.lang=ALL-UNNAMED --add-opens=java.base/java.lang.invoke=ALL-UNNAMED --add-opens=java.base/java.util=ALL-UNNAMED --add-opens=java.prefs/java.util.prefs=ALL-UNNAMED --add-opens=java.prefs/java.util.prefs=ALL-UNNAMED --add-opens=java.base/java.nio.charset=ALL-UNNAMED --add-opens=java.base/java.net=ALL-UNNAMED --add-opens=java.base/java.util.concurrent.atomic=ALL-UNNAMED -Xmx5120M -Dfile.encoding=windows-1252 -Duser.country=GB -Duser.language=en -Duser.variant org.gradle.launcher.daemon.bootstrap.GradleDaemon 7.4

Host: Intel(R) Core(TM) i7-4790 CPU @ 3.60GHz, 8 cores, 7G,  Windows 10 , 64 bit Build 19041 (10.0.19041.3155)
Time: Thu Jul 27 15:32:45 2023 GMT Summer Time elapsed time: 26.523131 seconds (0d 0h 0m 26s)

---------------  T H R E A D  ---------------

Current thread (0x000001dd68d16290):  VMThread "VM Thread" [stack: 0x0000000ee8c00000,0x0000000ee8d00000] [id=6668]

Stack: [0x0000000ee8c00000,0x0000000ee8d00000]
Native frames: (J=compiled Java code, j=interpreted, Vv=VM code, C=native code)
V  [jvm.dll+0x683b4a]
V  [jvm.dll+0x842654]
V  [jvm.dll+0x843dfe]
V  [jvm.dll+0x844463]
V  [jvm.dll+0x249b75]
V  [jvm.dll+0x680a19]
V  [jvm.dll+0x674f0a]
V  [jvm.dll+0x309acb]
V  [jvm.dll+0x310f86]
V  [jvm.dll+0x3608ee]
V  [jvm.dll+0x360b1f]
V  [jvm.dll+0x2dfbf8]
V  [jvm.dll+0x2ddec4]
V  [jvm.dll+0x2dd4cc]
V  [jvm.dll+0x321f3b]
V  [jvm.dll+0x84893b]
V  [jvm.dll+0x849674]
V  [jvm.dll+0x849b8d]
V  [jvm.dll+0x849f64]
V  [jvm.dll+0x84a030]
V  [jvm.dll+0x7f25fa]
V  [jvm.dll+0x682985]
C  [ucrtbase.dll+0x21bb2]
C  [KERNEL32.DLL+0x17614]
C  [ntdll.dll+0x526b1]

VM_Operation (0x0000000eea4fa0c0): G1CollectForAllocation, mode: safepoint, requested by thread 0x000001dd6b3b7bb0


---------------  P R O C E S S  ---------------

Threads class SMR info:
_java_thread_list=0x000001dd71815be0, length=126, elements={
0x000001dd480dd9b0, 0x000001dd68d1b2c0, 0x000001dd68d1c040, 0x000001dd69c47a10,
0x000001dd69c4b3f0, 0x000001dd69c4dcc0, 0x000001dd69c4e580, 0x000001dd69c63b00,
0x000001dd69c6c8c0, 0x000001dd69c7b5d0, 0x000001dd69dcf620, 0x000001dd69dcff00,
0x000001dd69ee9630, 0x000001dd6b3f9280, 0x000001dd6c9ca030, 0x000001dd6c1cc280,
0x000001dd6b136bd0, 0x000001dd6b5b8020, 0x000001dd6b3b7bb0, 0x000001dd6b19da10,
0x000001dd6b247320, 0x000001dd6b248660, 0x000001dd6b2477f0, 0x000001dd6b247cc0,
0x000001dd6b248190, 0x000001dd6b248b30, 0x000001dd6b249000, 0x000001dd6b2494d0,
0x000001dd6b2499a0, 0x000001dd6b249e70, 0x000001dd6b246980, 0x000001dd6d536bb0,
0x000001dd6d537080, 0x000001dd6d5301d0, 0x000001dd6d531040, 0x000001dd6d537550,
0x000001dd6d5306a0, 0x000001dd6d532850, 0x000001dd6d530b70, 0x000001dd6d5331f0,
0x000001dd6d531510, 0x000001dd6d531eb0, 0x000001dd6d5336c0, 0x000001dd6d533b90,
0x000001dd6d534530, 0x000001dd6d534a00, 0x000001dd6d534ed0, 0x000001dd6d5353a0,
0x000001dd6d535870, 0x000001dd6d535d40, 0x000001dd6d978ae0, 0x000001dd6d97bfd0,
0x000001dd6d97ce40, 0x000001dd6d977c70, 0x000001dd6d978fb0, 0x000001dd6d978610,
0x000001dd6d97d7e0, 0x000001dd6d979480, 0x000001dd6d97ac90, 0x000001dd6d979950,
0x000001dd6d978140, 0x000001dd6d9777a0, 0x000001dd6d97e180, 0x000001dd6d97a2f0,
0x000001dd6d97b160, 0x000001dd6d97d310, 0x000001dd6d979e20, 0x000001dd6d97a7c0,
0x000001dd6d97b630, 0x000001dd6d97dcb0, 0x000001dd6d97bb00, 0x000001dd6d97e650,
0x000001dd6d97eb20, 0x000001dd6d97c4a0, 0x000001dd6d9772d0, 0x000001dd6d97c970,
0x000001dd6f59bb50, 0x000001dd6f597320, 0x000001dd6f59c020, 0x000001dd6f5977f0,
0x000001dd6f59c9c0, 0x000001dd6f59ace0, 0x000001dd6f59c4f0, 0x000001dd6f59b1b0,
0x000001dd6f598660, 0x000001dd6f59b680, 0x000001dd6f597cc0, 0x000001dd6f59ce90,
0x000001dd6f59d360, 0x000001dd6f5994d0, 0x000001dd6f598b30, 0x000001dd6f5999a0,
0x000001dd6f59a810, 0x000001dd6f598190, 0x000001dd6f59d830, 0x000001dd6f59dd00,
0x000001dd6f599e70, 0x000001dd6f59e1d0, 0x000001dd6f59e6a0, 0x000001dd6f596e50,
0x000001dd6f599000, 0x000001dd6f59a340, 0x000001dd6f67d210, 0x000001dd6f67e080,
0x000001dd6f6823e0, 0x000001dd6f67ba00, 0x000001dd6f67e550, 0x000001dd6f67d6e0,
0x000001dd6f67bed0, 0x000001dd6f67c870, 0x000001dd6f67cd40, 0x000001dd6f67dbb0,
0x000001dd6f67ea20, 0x000001dd6f67c3a0, 0x000001dd6f681570, 0x000001dd6f681a40,
0x000001dd6f681f10, 0x000001dd6f6828b0, 0x000001dd6f67f890, 0x000001dd6f67fd60,
0x000001dd6f67eef0, 0x000001dd6f680bd0, 0x000001dd6f67f3c0, 0x000001dd7003ac40,
0x000001dd6f6810a0, 0x000001dd6acda210
}

Java Threads: ( => current thread )
  0x000001dd480dd9b0 JavaThread "main" [_thread_blocked, id=10532, stack(0x0000000ee8600000,0x0000000ee8700000)]
  0x000001dd68d1b2c0 JavaThread "Reference Handler" daemon [_thread_blocked, id=13440, stack(0x0000000ee8d00000,0x0000000ee8e00000)]
  0x000001dd68d1c040 JavaThread "Finalizer" daemon [_thread_blocked, id=6956, stack(0x0000000ee8e00000,0x0000000ee8f00000)]
  0x000001dd69c47a10 JavaThread "Signal Dispatcher" daemon [_thread_blocked, id=2204, stack(0x0000000ee8f00000,0x0000000ee9000000)]
  0x000001dd69c4b3f0 JavaThread "Attach Listener" daemon [_thread_blocked, id=12120, stack(0x0000000ee9000000,0x0000000ee9100000)]
  0x000001dd69c4dcc0 JavaThread "Service Thread" daemon [_thread_blocked, id=7044, stack(0x0000000ee9100000,0x0000000ee9200000)]
  0x000001dd69c4e580 JavaThread "Monitor Deflation Thread" daemon [_thread_blocked, id=3148, stack(0x0000000ee9200000,0x0000000ee9300000)]
  0x000001dd69c63b00 JavaThread "C2 CompilerThread0" daemon [_thread_blocked, id=1348, stack(0x0000000ee9300000,0x0000000ee9400000)]
  0x000001dd69c6c8c0 JavaThread "C1 CompilerThread0" daemon [_thread_blocked, id=10208, stack(0x0000000ee9400000,0x0000000ee9500000)]
  0x000001dd69c7b5d0 JavaThread "Sweeper thread" daemon [_thread_blocked, id=3404, stack(0x0000000ee9500000,0x0000000ee9600000)]
  0x000001dd69dcf620 JavaThread "Common-Cleaner" daemon [_thread_blocked, id=7328, stack(0x0000000ee9600000,0x0000000ee9700000)]
  0x000001dd69dcff00 JavaThread "Notification Thread" daemon [_thread_blocked, id=14548, stack(0x0000000ee9700000,0x0000000ee9800000)]
  0x000001dd69ee9630 JavaThread "Daemon health stats" [_thread_blocked, id=2712, stack(0x0000000ee9a00000,0x0000000ee9b00000)]
  0x000001dd6b3f9280 JavaThread "Incoming local TCP Connector on port 54426" [_thread_in_native, id=10316, stack(0x0000000ee9f00000,0x0000000eea000000)]
  0x000001dd6c9ca030 JavaThread "Daemon periodic checks" [_thread_blocked, id=6784, stack(0x0000000eea000000,0x0000000eea100000)]
  0x000001dd6c1cc280 JavaThread "Daemon" [_thread_blocked, id=10364, stack(0x0000000eea100000,0x0000000eea200000)]
  0x000001dd6b136bd0 JavaThread "Handler for socket connection from /127.0.0.1:54426 to /127.0.0.1:54427" [_thread_in_native, id=9072, stack(0x0000000eea200000,0x0000000eea300000)]
  0x000001dd6b5b8020 JavaThread "Cancel handler" [_thread_blocked, id=5340, stack(0x0000000eea300000,0x0000000eea400000)]
  0x000001dd6b3b7bb0 JavaThread "Daemon worker" [_thread_blocked, id=6004, stack(0x0000000eea400000,0x0000000eea500000)]
  0x000001dd6b19da10 JavaThread "Asynchronous log dispatcher for DefaultDaemonConnection: socket connection from /127.0.0.1:54426 to /127.0.0.1:54427" [_thread_blocked, id=12464, stack(0x0000000eea500000,0x0000000eea600000)]
  0x000001dd6b247320 JavaThread "Stdin handler" [_thread_blocked, id=15288, stack(0x0000000eea600000,0x0000000eea700000)]
  0x000001dd6b248660 JavaThread "Daemon client event forwarder" [_thread_blocked, id=2968, stack(0x0000000eea700000,0x0000000eea800000)]
  0x000001dd6b2477f0 JavaThread "Cache worker for journal cache (C:\Users\ITS\.gradle\caches\journal-1)" [_thread_blocked, id=9320, stack(0x0000000eeab00000,0x0000000eeac00000)]
  0x000001dd6b247cc0 JavaThread "File lock request listener" [_thread_in_native, id=5572, stack(0x0000000eeac00000,0x0000000eead00000)]
  0x000001dd6b248190 JavaThread "Cache worker for file hash cache (C:\Users\ITS\.gradle\caches\7.4\fileHashes)" [_thread_blocked, id=2244, stack(0x0000000eeae00000,0x0000000eeaf00000)]
  0x000001dd6b248b30 JavaThread "File watcher server" daemon [_thread_in_native, id=13564, stack(0x0000000eeaf00000,0x0000000eeb000000)]
  0x000001dd6b249000 JavaThread "File watcher consumer" daemon [_thread_blocked, id=1984, stack(0x0000000eeb000000,0x0000000eeb100000)]
  0x000001dd6b2494d0 JavaThread "Cache worker for checksums cache (C:\Users\ITS\Documents\Flutter_Projects\p\Flutter-Restaurant(v2.7)\Mobile Source\android\.gradle\7.4\checksums)" [_thread_blocked, id=11168, stack(0x0000000ee9900000,0x0000000ee9a00000)]
  0x000001dd6b2499a0 JavaThread "Cache worker for cache directory md-rule (C:\Users\ITS\.gradle\caches\7.4\md-rule)" [_thread_blocked, id=7264, stack(0x0000000eeb100000,0x0000000eeb200000)]
  0x000001dd6b249e70 JavaThread "Cache worker for file hash cache (C:\Users\ITS\Documents\Flutter_Projects\p\Flutter-Restaurant(v2.7)\Mobile Source\android\.gradle\7.4\fileHashes)" [_thread_blocked, id=9732, stack(0x0000000eeb300000,0x0000000eeb400000)]
  0x000001dd6b246980 JavaThread "Cache worker for cache directory md-supplier (C:\Users\ITS\.gradle\caches\7.4\md-supplier)" [_thread_blocked, id=2248, stack(0x0000000eeb400000,0x0000000eeb500000)]
  0x000001dd6d536bb0 JavaThread "Cache worker for execution history cache (C:\Users\ITS\.gradle\caches\7.4\executionHistory)" [_thread_blocked, id=7684, stack(0x0000000eeb500000,0x0000000eeb600000)]
  0x000001dd6d537080 JavaThread "jar transforms" [_thread_blocked, id=1576, stack(0x0000000eeb600000,0x0000000eeb700000)]
  0x000001dd6d5301d0 JavaThread "jar transforms Thread 2" [_thread_blocked, id=8076, stack(0x0000000eeb700000,0x0000000eeb800000)]
  0x000001dd6d531040 JavaThread "Cache worker for file content cache (C:\Users\ITS\.gradle\caches\7.4\fileContent)" [_thread_blocked, id=11604, stack(0x0000000eeb800000,0x0000000eeb900000)]
  0x000001dd6d537550 JavaThread "jar transforms Thread 3" [_thread_blocked, id=8332, stack(0x0000000eeb900000,0x0000000eeba00000)]
  0x000001dd6d5306a0 JavaThread "jar transforms Thread 4" [_thread_blocked, id=14768, stack(0x0000000eeba00000,0x0000000eebb00000)]
  0x000001dd6d532850 JavaThread "Cache worker for dependencies-accessors (C:\Users\ITS\Documents\Flutter_Projects\p\Flutter-Restaurant(v2.7)\Mobile Source\android\.gradle\7.4\dependencies-accessors)" [_thread_blocked, id=2324, stack(0x0000000eebb00000,0x0000000eebc00000)]
  0x000001dd6d530b70 JavaThread "jar transforms Thread 5" [_thread_blocked, id=7412, stack(0x0000000eebc00000,0x0000000eebd00000)]
  0x000001dd6d5331f0 JavaThread "Cache worker for Build Output Cleanup Cache (C:\Users\ITS\Documents\Flutter_Projects\p\Flutter-Restaurant(v2.7)\Mobile Source\android\.gradle\buildOutputCleanup)" [_thread_blocked, id=14580, stack(0x0000000eebd00000,0x0000000eebe00000)]
  0x000001dd6d531510 JavaThread "Unconstrained build operations" [_thread_blocked, id=11076, stack(0x0000000eebe00000,0x0000000eebf00000)]
  0x000001dd6d531eb0 JavaThread "Unconstrained build operations Thread 2" [_thread_blocked, id=14968, stack(0x0000000eebf00000,0x0000000eec000000)]
  0x000001dd6d5336c0 JavaThread "Unconstrained build operations Thread 3" [_thread_blocked, id=14152, stack(0x0000000eec000000,0x0000000eec100000)]
  0x000001dd6d533b90 JavaThread "Unconstrained build operations Thread 4" [_thread_blocked, id=6216, stack(0x0000000eec100000,0x0000000eec200000)]
  0x000001dd6d534530 JavaThread "Unconstrained build operations Thread 5" [_thread_blocked, id=9348, stack(0x0000000eec200000,0x0000000eec300000)]
  0x000001dd6d534a00 JavaThread "Unconstrained build operations Thread 6" [_thread_blocked, id=14656, stack(0x0000000eec300000,0x0000000eec400000)]
  0x000001dd6d534ed0 JavaThread "Unconstrained build operations Thread 7" [_thread_blocked, id=2540, stack(0x0000000eec400000,0x0000000eec500000)]
  0x000001dd6d5353a0 JavaThread "Unconstrained build operations Thread 8" [_thread_blocked, id=4664, stack(0x0000000eec500000,0x0000000eec600000)]
  0x000001dd6d535870 JavaThread "Unconstrained build operations Thread 9" [_thread_blocked, id=11420, stack(0x0000000eec600000,0x0000000eec700000)]
  0x000001dd6d535d40 JavaThread "Unconstrained build operations Thread 10" [_thread_blocked, id=15348, stack(0x0000000eec700000,0x0000000eec800000)]
  0x000001dd6d978ae0 JavaThread "Unconstrained build operations Thread 11" [_thread_blocked, id=10732, stack(0x0000000eec800000,0x0000000eec900000)]
  0x000001dd6d97bfd0 JavaThread "Unconstrained build operations Thread 12" [_thread_blocked, id=12944, stack(0x0000000eec900000,0x0000000eeca00000)]
  0x000001dd6d97ce40 JavaThread "Unconstrained build operations Thread 13" [_thread_blocked, id=8372, stack(0x0000000eeca00000,0x0000000eecb00000)]
  0x000001dd6d977c70 JavaThread "Unconstrained build operations Thread 14" [_thread_blocked, id=11692, stack(0x0000000eecb00000,0x0000000eecc00000)]
  0x000001dd6d978fb0 JavaThread "Unconstrained build operations Thread 15" [_thread_blocked, id=6612, stack(0x0000000eecc00000,0x0000000eecd00000)]
  0x000001dd6d978610 JavaThread "Unconstrained build operations Thread 16" [_thread_blocked, id=12032, stack(0x0000000eecd00000,0x0000000eece00000)]
  0x000001dd6d97d7e0 JavaThread "Unconstrained build operations Thread 17" [_thread_blocked, id=7380, stack(0x0000000eece00000,0x0000000eecf00000)]
  0x000001dd6d979480 JavaThread "Unconstrained build operations Thread 18" [_thread_blocked, id=13596, stack(0x0000000eecf00000,0x0000000eed000000)]
  0x000001dd6d97ac90 JavaThread "Unconstrained build operations Thread 19" [_thread_blocked, id=5368, stack(0x0000000eed000000,0x0000000eed100000)]
  0x000001dd6d979950 JavaThread "Unconstrained build operations Thread 20" [_thread_blocked, id=10724, stack(0x0000000eed100000,0x0000000eed200000)]
  0x000001dd6d978140 JavaThread "Unconstrained build operations Thread 21" [_thread_blocked, id=14660, stack(0x0000000eed200000,0x0000000eed300000)]
  0x000001dd6d9777a0 JavaThread "Unconstrained build operations Thread 22" [_thread_blocked, id=1800, stack(0x0000000eed300000,0x0000000eed400000)]
  0x000001dd6d97e180 JavaThread "Unconstrained build operations Thread 23" [_thread_blocked, id=1160, stack(0x0000000eed400000,0x0000000eed500000)]
  0x000001dd6d97a2f0 JavaThread "Unconstrained build operations Thread 24" [_thread_blocked, id=11968, stack(0x0000000eed500000,0x0000000eed600000)]
  0x000001dd6d97b160 JavaThread "Unconstrained build operations Thread 25" [_thread_blocked, id=8904, stack(0x0000000eed600000,0x0000000eed700000)]
  0x000001dd6d97d310 JavaThread "Unconstrained build operations Thread 26" [_thread_blocked, id=9564, stack(0x0000000eed700000,0x0000000eed800000)]
  0x000001dd6d979e20 JavaThread "Unconstrained build operations Thread 27" [_thread_blocked, id=9712, stack(0x0000000eed800000,0x0000000eed900000)]
  0x000001dd6d97a7c0 JavaThread "Unconstrained build operations Thread 28" [_thread_blocked, id=1784, stack(0x0000000eed900000,0x0000000eeda00000)]
  0x000001dd6d97b630 JavaThread "Unconstrained build operations Thread 29" [_thread_blocked, id=4152, stack(0x0000000eeda00000,0x0000000eedb00000)]
  0x000001dd6d97dcb0 JavaThread "Unconstrained build operations Thread 30" [_thread_blocked, id=14648, stack(0x0000000eedb00000,0x0000000eedc00000)]
  0x000001dd6d97bb00 JavaThread "Unconstrained build operations Thread 31" [_thread_blocked, id=4384, stack(0x0000000eedc00000,0x0000000eedd00000)]
  0x000001dd6d97e650 JavaThread "Unconstrained build operations Thread 32" [_thread_blocked, id=11224, stack(0x0000000eedd00000,0x0000000eede00000)]
  0x000001dd6d97eb20 JavaThread "Unconstrained build operations Thread 33" [_thread_blocked, id=10720, stack(0x0000000eede00000,0x0000000eedf00000)]
  0x000001dd6d97c4a0 JavaThread "Unconstrained build operations Thread 34" [_thread_blocked, id=12564, stack(0x0000000eedf00000,0x0000000eee000000)]
  0x000001dd6d9772d0 JavaThread "Unconstrained build operations Thread 35" [_thread_blocked, id=9152, stack(0x0000000eee000000,0x0000000eee100000)]
  0x000001dd6d97c970 JavaThread "Unconstrained build operations Thread 36" [_thread_blocked, id=8256, stack(0x0000000eee100000,0x0000000eee200000)]
  0x000001dd6f59bb50 JavaThread "Unconstrained build operations Thread 37" [_thread_blocked, id=3280, stack(0x0000000eee200000,0x0000000eee300000)]
  0x000001dd6f597320 JavaThread "Unconstrained build operations Thread 38" [_thread_blocked, id=9300, stack(0x0000000eee300000,0x0000000eee400000)]
  0x000001dd6f59c020 JavaThread "Unconstrained build operations Thread 39" [_thread_blocked, id=1564, stack(0x0000000eee400000,0x0000000eee500000)]
  0x000001dd6f5977f0 JavaThread "Unconstrained build operations Thread 40" [_thread_blocked, id=13132, stack(0x0000000eee500000,0x0000000eee600000)]
  0x000001dd6f59c9c0 JavaThread "Unconstrained build operations Thread 41" [_thread_blocked, id=9256, stack(0x0000000eee600000,0x0000000eee700000)]
  0x000001dd6f59ace0 JavaThread "Unconstrained build operations Thread 42" [_thread_blocked, id=2676, stack(0x0000000eee700000,0x0000000eee800000)]
  0x000001dd6f59c4f0 JavaThread "Unconstrained build operations Thread 43" [_thread_blocked, id=10012, stack(0x0000000eee800000,0x0000000eee900000)]
  0x000001dd6f59b1b0 JavaThread "Unconstrained build operations Thread 44" [_thread_blocked, id=1048, stack(0x0000000eee900000,0x0000000eeea00000)]
  0x000001dd6f598660 JavaThread "Unconstrained build operations Thread 45" [_thread_blocked, id=11592, stack(0x0000000eeea00000,0x0000000eeeb00000)]
  0x000001dd6f59b680 JavaThread "Unconstrained build operations Thread 46" [_thread_blocked, id=4236, stack(0x0000000eeeb00000,0x0000000eeec00000)]
  0x000001dd6f597cc0 JavaThread "Unconstrained build operations Thread 47" [_thread_blocked, id=2064, stack(0x0000000eeec00000,0x0000000eeed00000)]
  0x000001dd6f59ce90 JavaThread "Unconstrained build operations Thread 48" [_thread_blocked, id=1908, stack(0x0000000eeed00000,0x0000000eeee00000)]
  0x000001dd6f59d360 JavaThread "Unconstrained build operations Thread 49" [_thread_blocked, id=8844, stack(0x0000000eeee00000,0x0000000eeef00000)]
  0x000001dd6f5994d0 JavaThread "Unconstrained build operations Thread 50" [_thread_blocked, id=7160, stack(0x0000000eeef00000,0x0000000eef000000)]
  0x000001dd6f598b30 JavaThread "Unconstrained build operations Thread 51" [_thread_blocked, id=3832, stack(0x0000000eef000000,0x0000000eef100000)]
  0x000001dd6f5999a0 JavaThread "Unconstrained build operations Thread 52" [_thread_blocked, id=6980, stack(0x0000000eef100000,0x0000000eef200000)]
  0x000001dd6f59a810 JavaThread "Unconstrained build operations Thread 53" [_thread_blocked, id=13552, stack(0x0000000eef200000,0x0000000eef300000)]
  0x000001dd6f598190 JavaThread "Unconstrained build operations Thread 54" [_thread_blocked, id=13232, stack(0x0000000eef300000,0x0000000eef400000)]
  0x000001dd6f59d830 JavaThread "Unconstrained build operations Thread 55" [_thread_blocked, id=4436, stack(0x0000000eef400000,0x0000000eef500000)]
  0x000001dd6f59dd00 JavaThread "Unconstrained build operations Thread 56" [_thread_blocked, id=4608, stack(0x0000000eef500000,0x0000000eef600000)]
  0x000001dd6f599e70 JavaThread "Unconstrained build operations Thread 57" [_thread_blocked, id=6108, stack(0x0000000eef600000,0x0000000eef700000)]
  0x000001dd6f59e1d0 JavaThread "Unconstrained build operations Thread 58" [_thread_blocked, id=13028, stack(0x0000000eef700000,0x0000000eef800000)]
  0x000001dd6f59e6a0 JavaThread "Unconstrained build operations Thread 59" [_thread_blocked, id=3592, stack(0x0000000eef800000,0x0000000eef900000)]
  0x000001dd6f596e50 JavaThread "Unconstrained build operations Thread 60" [_thread_blocked, id=10048, stack(0x0000000eef900000,0x0000000eefa00000)]
  0x000001dd6f599000 JavaThread "Unconstrained build operations Thread 61" [_thread_blocked, id=14492, stack(0x0000000eefa00000,0x0000000eefb00000)]
  0x000001dd6f59a340 JavaThread "Unconstrained build operations Thread 62" [_thread_blocked, id=7960, stack(0x0000000eefb00000,0x0000000eefc00000)]
  0x000001dd6f67d210 JavaThread "Unconstrained build operations Thread 63" [_thread_blocked, id=11988, stack(0x0000000eefc00000,0x0000000eefd00000)]
  0x000001dd6f67e080 JavaThread "Unconstrained build operations Thread 64" [_thread_blocked, id=13848, stack(0x0000000eefd00000,0x0000000eefe00000)]
  0x000001dd6f6823e0 JavaThread "Unconstrained build operations Thread 65" [_thread_blocked, id=4532, stack(0x0000000eefe00000,0x0000000eeff00000)]
  0x000001dd6f67ba00 JavaThread "Unconstrained build operations Thread 66" [_thread_blocked, id=6188, stack(0x0000000eeff00000,0x0000000ef0000000)]
  0x000001dd6f67e550 JavaThread "Unconstrained build operations Thread 67" [_thread_blocked, id=2092, stack(0x0000000ef0000000,0x0000000ef0100000)]
  0x000001dd6f67d6e0 JavaThread "Unconstrained build operations Thread 68" [_thread_blocked, id=1772, stack(0x0000000ef0100000,0x0000000ef0200000)]
  0x000001dd6f67bed0 JavaThread "Unconstrained build operations Thread 69" [_thread_blocked, id=3504, stack(0x0000000ef0200000,0x0000000ef0300000)]
  0x000001dd6f67c870 JavaThread "Unconstrained build operations Thread 70" [_thread_blocked, id=10448, stack(0x0000000ef0300000,0x0000000ef0400000)]
  0x000001dd6f67cd40 JavaThread "Unconstrained build operations Thread 71" [_thread_blocked, id=15104, stack(0x0000000ef0400000,0x0000000ef0500000)]
  0x000001dd6f67dbb0 JavaThread "Unconstrained build operations Thread 72" [_thread_blocked, id=12856, stack(0x0000000ef0500000,0x0000000ef0600000)]
  0x000001dd6f67ea20 JavaThread "Unconstrained build operations Thread 73" [_thread_blocked, id=4856, stack(0x0000000ef0600000,0x0000000ef0700000)]
  0x000001dd6f67c3a0 JavaThread "Unconstrained build operations Thread 74" [_thread_blocked, id=2376, stack(0x0000000ef0700000,0x0000000ef0800000)]
  0x000001dd6f681570 JavaThread "Unconstrained build operations Thread 75" [_thread_blocked, id=13612, stack(0x0000000ef0800000,0x0000000ef0900000)]
  0x000001dd6f681a40 JavaThread "Unconstrained build operations Thread 76" [_thread_blocked, id=10412, stack(0x0000000ef0900000,0x0000000ef0a00000)]
  0x000001dd6f681f10 JavaThread "Unconstrained build operations Thread 77" [_thread_blocked, id=9692, stack(0x0000000ef0a00000,0x0000000ef0b00000)]
  0x000001dd6f6828b0 JavaThread "Unconstrained build operations Thread 78" [_thread_blocked, id=6812, stack(0x0000000ef0b00000,0x0000000ef0c00000)]
  0x000001dd6f67f890 JavaThread "Unconstrained build operations Thread 79" [_thread_blocked, id=12108, stack(0x0000000ef0c00000,0x0000000ef0d00000)]
  0x000001dd6f67fd60 JavaThread "Unconstrained build operations Thread 80" [_thread_blocked, id=11852, stack(0x0000000ef0d00000,0x0000000ef0e00000)]
  0x000001dd6f67eef0 JavaThread "jar transforms Thread 6" [_thread_blocked, id=10520, stack(0x0000000eeb200000,0x0000000eeb300000)]
  0x000001dd6f680bd0 JavaThread "jar transforms Thread 7" [_thread_blocked, id=6564, stack(0x0000000ef0e00000,0x0000000ef0f00000)]
  0x000001dd6f67f3c0 JavaThread "jar transforms Thread 8" [_thread_blocked, id=9136, stack(0x0000000ef0f00000,0x0000000ef1000000)]
  0x000001dd7003ac40 JavaThread "C2 CompilerThread1" daemon [_thread_in_native, id=14628, stack(0x0000000ef1000000,0x0000000ef1100000)]
  0x000001dd6f6810a0 JavaThread "Memory manager" [_thread_blocked, id=12800, stack(0x0000000ef1100000,0x0000000ef1200000)]
  0x000001dd6acda210 JavaThread "Cache worker for kotlin-dsl (C:\Users\ITS\.gradle\caches\7.4\kotlin-dsl)" [_thread_blocked, id=14708, stack(0x0000000ef1200000,0x0000000ef1300000)]

Other Threads:
=>0x000001dd68d16290 VMThread "VM Thread" [stack: 0x0000000ee8c00000,0x0000000ee8d00000] [id=6668]
  0x000001dd4816b160 WatcherThread [stack: 0x0000000ee9800000,0x0000000ee9900000] [id=2292]
  0x000001dd48158100 GCTaskThread "GC Thread#0" [stack: 0x0000000ee8700000,0x0000000ee8800000] [id=15112]
  0x000001dd6a3b0b80 GCTaskThread "GC Thread#1" [stack: 0x0000000ee9b00000,0x0000000ee9c00000] [id=11196]
  0x000001dd6a3b1390 GCTaskThread "GC Thread#2" [stack: 0x0000000ee9c00000,0x0000000ee9d00000] [id=8660]
  0x000001dd6a3af8b0 GCTaskThread "GC Thread#3" [stack: 0x0000000ee9d00000,0x0000000ee9e00000] [id=6064]
  0x000001dd6a3b0370 GCTaskThread "GC Thread#4" [stack: 0x0000000ee9e00000,0x0000000ee9f00000] [id=5668]
  0x000001dd6a3b0620 GCTaskThread "GC Thread#5" [stack: 0x0000000eea800000,0x0000000eea900000] [id=7724]
  0x000001dd6a3b08d0 GCTaskThread "GC Thread#6" [stack: 0x0000000eea900000,0x0000000eeaa00000] [id=8684]
  0x000001dd6a3b10e0 GCTaskThread "GC Thread#7" [stack: 0x0000000eeaa00000,0x0000000eeab00000] [id=11836]
  0x000001dd48162f50 ConcurrentGCThread "G1 Main Marker" [stack: 0x0000000ee8800000,0x0000000ee8900000] [id=8816]
  0x000001dd48164010 ConcurrentGCThread "G1 Conc#0" [stack: 0x0000000ee8900000,0x0000000ee8a00000] [id=11028]
  0x000001dd6c1734e0 ConcurrentGCThread "G1 Conc#1" [stack: 0x0000000eead00000,0x0000000eeae00000] [id=1404]
  0x000001dd48197230 ConcurrentGCThread "G1 Refine#0" [stack: 0x0000000ee8a00000,0x0000000ee8b00000] [id=5216]
  0x000001dd72f07f50 ConcurrentGCThread "G1 Refine#1" [stack: 0x0000000ef1300000,0x0000000ef1400000] [id=6068]
  0x000001dd6f5a0840 ConcurrentGCThread "G1 Refine#2" [stack: 0x0000000ef1400000,0x0000000ef1500000] [id=13032]
  0x000001dd77c680a0 ConcurrentGCThread "G1 Refine#3" [stack: 0x0000000ef1500000,0x0000000ef1600000] [id=14600]
  0x000001dd48197b60 ConcurrentGCThread "G1 Service" [stack: 0x0000000ee8b00000,0x0000000ee8c00000] [id=10420]

Threads with active compile tasks:
C2 CompilerThread0    26552 15684       4       org.gradle.internal.instantiation.generator.AbstractClassGenerator$InjectionAnnotationValidator::validateMethod (502 bytes)
C2 CompilerThread1    26552 15658       4       org.gradle.api.internal.tasks.CachingTaskDependencyResolveContext$TaskGraphImpl::getNodeValues (271 bytes)

VM state: at safepoint (normal execution)

VM Mutex/Monitor currently owned by a thread:  ([mutex/lock_event])
[0x000001dd480d8eb0] Threads_lock - owner thread: 0x000001dd68d16290
[0x000001dd480d9690] Heap_lock - owner thread: 0x000001dd6b3b7bb0

Heap address: 0x00000006c0000000, size: 5120 MB, Compressed Oops mode: Zero based, Oop shift amount: 3

CDS archive(s) not mapped
Compressed class space mapped at: 0x0000000800000000-0x0000000840000000, reserved size: 1073741824
Narrow klass base: 0x0000000800000000, Narrow klass shift: 0, Narrow klass range: 0x40000000

GC Precious Log:
 CPUs: 8 total, 8 available
 Memory: 8097M
 Large Page Support: Disabled
 NUMA Support: Disabled
 Compressed Oops: Enabled (Zero based)
 Heap Region Size: 4M
 Heap Min Capacity: 8M
 Heap Initial Capacity: 128M
 Heap Max Capacity: 5G
 Pre-touch: Disabled
 Parallel Workers: 8
 Concurrent Workers: 2
 Concurrent Refinement Workers: 8
 Periodic GC: Disabled

Heap:
 garbage-first heap   total 487424K, used 311296K [0x00000006c0000000, 0x0000000800000000)
  region size 4096K, 3 young (12288K), 3 survivors (12288K)
 Metaspace       used 97228K, committed 99264K, reserved 1138688K
  class space    used 13331K, committed 14080K, reserved 1048576K

Heap Regions: E=young(eden), S=young(survivor), O=old, HS=humongous(starts), HC=humongous(continues), CS=collection set, F=free, OA=open archive, CA=closed archive, TAMS=top-at-mark-start (previous, next)
|   0|0x00000006c0000000, 0x00000006c0400000, 0x00000006c0400000|100%| O|  |TAMS 0x00000006c0400000, 0x00000006c0400000| Untracked 
|   1|0x00000006c0400000, 0x00000006c0800000, 0x00000006c0800000|100%|HS|  |TAMS 0x00000006c0800000, 0x00000006c0800000| Complete 
|   2|0x00000006c0800000, 0x00000006c0c00000, 0x00000006c0c00000|100%| O|  |TAMS 0x00000006c0c00000, 0x00000006c0c00000| Untracked 
|   3|0x00000006c0c00000, 0x00000006c1000000, 0x00000006c1000000|100%| O|  |TAMS 0x00000006c1000000, 0x00000006c1000000| Untracked 
|   4|0x00000006c1000000, 0x00000006c1400000, 0x00000006c1400000|100%| O|  |TAMS 0x00000006c1400000, 0x00000006c1400000| Untracked 
|   5|0x00000006c1400000, 0x00000006c1800000, 0x00000006c1800000|100%| O|  |TAMS 0x00000006c1800000, 0x00000006c1800000| Untracked 
|   6|0x00000006c1800000, 0x00000006c1c00000, 0x00000006c1c00000|100%| O|  |TAMS 0x00000006c1c00000, 0x00000006c1c00000| Untracked 
|   7|0x00000006c1c00000, 0x00000006c2000000, 0x00000006c2000000|100%| O|  |TAMS 0x00000006c2000000, 0x00000006c2000000| Untracked 
|   8|0x00000006c2000000, 0x00000006c2400000, 0x00000006c2400000|100%|HS|  |TAMS 0x00000006c2400000, 0x00000006c2400000| Complete 
|   9|0x00000006c2400000, 0x00000006c2800000, 0x00000006c2800000|100%| O|  |TAMS 0x00000006c2800000, 0x00000006c2800000| Untracked 
|  10|0x00000006c2800000, 0x00000006c2c00000, 0x00000006c2c00000|100%| O|  |TAMS 0x00000006c2c00000, 0x00000006c2c00000| Untracked 
|  11|0x00000006c2c00000, 0x00000006c3000000, 0x00000006c3000000|100%| O|  |TAMS 0x00000006c3000000, 0x00000006c3000000| Untracked 
|  12|0x00000006c3000000, 0x00000006c3400000, 0x00000006c3400000|100%| O|  |TAMS 0x00000006c3400000, 0x00000006c3400000| Untracked 
|  13|0x00000006c3400000, 0x00000006c3800000, 0x00000006c3800000|100%| O|  |TAMS 0x00000006c3800000, 0x00000006c3800000| Untracked 
|  14|0x00000006c3800000, 0x00000006c3c00000, 0x00000006c3c00000|100%| O|  |TAMS 0x00000006c3c00000, 0x00000006c3c00000| Untracked 
|  15|0x00000006c3c00000, 0x00000006c4000000, 0x00000006c4000000|100%| O|  |TAMS 0x00000006c4000000, 0x00000006c4000000| Untracked 
|  16|0x00000006c4000000, 0x00000006c4400000, 0x00000006c4400000|100%| O|  |TAMS 0x00000006c4400000, 0x00000006c4400000| Untracked 
|  17|0x00000006c4400000, 0x00000006c4800000, 0x00000006c4800000|100%| O|  |TAMS 0x00000006c4800000, 0x00000006c4800000| Untracked 
|  18|0x00000006c4800000, 0x00000006c4c00000, 0x00000006c4c00000|100%| O|  |TAMS 0x00000006c4c00000, 0x00000006c4c00000| Untracked 
|  19|0x00000006c4c00000, 0x00000006c5000000, 0x00000006c5000000|100%| O|  |TAMS 0x00000006c5000000, 0x00000006c5000000| Untracked 
|  20|0x00000006c5000000, 0x00000006c5400000, 0x00000006c5400000|100%| O|  |TAMS 0x00000006c5400000, 0x00000006c5400000| Untracked 
|  21|0x00000006c5400000, 0x00000006c5800000, 0x00000006c5800000|100%| O|  |TAMS 0x00000006c5800000, 0x00000006c5800000| Untracked 
|  22|0x00000006c5800000, 0x00000006c5c00000, 0x00000006c5c00000|100%| O|  |TAMS 0x00000006c5c00000, 0x00000006c5c00000| Untracked 
|  23|0x00000006c5c00000, 0x00000006c6000000, 0x00000006c6000000|100%| O|  |TAMS 0x00000006c6000000, 0x00000006c6000000| Untracked 
|  24|0x00000006c6000000, 0x00000006c6400000, 0x00000006c6400000|100%| O|  |TAMS 0x00000006c6400000, 0x00000006c6400000| Untracked 
|  25|0x00000006c6400000, 0x00000006c6800000, 0x00000006c6800000|100%| O|  |TAMS 0x00000006c6800000, 0x00000006c6800000| Untracked 
|  26|0x00000006c6800000, 0x00000006c6c00000, 0x00000006c6c00000|100%| O|  |TAMS 0x00000006c6800000, 0x00000006c6800000| Untracked 
|  27|0x00000006c6c00000, 0x00000006c7000000, 0x00000006c7000000|100%| O|  |TAMS 0x00000006c7000000, 0x00000006c7000000| Untracked 
|  28|0x00000006c7000000, 0x00000006c7400000, 0x00000006c7400000|100%| O|  |TAMS 0x00000006c7400000, 0x00000006c7400000| Untracked 
|  29|0x00000006c7400000, 0x00000006c7800000, 0x00000006c7800000|100%| O|  |TAMS 0x00000006c7800000, 0x00000006c7800000| Untracked 
|  30|0x00000006c7800000, 0x00000006c7c00000, 0x00000006c7c00000|100%| O|  |TAMS 0x00000006c7c00000, 0x00000006c7c00000| Untracked 
|  31|0x00000006c7c00000, 0x00000006c8000000, 0x00000006c8000000|100%| O|  |TAMS 0x00000006c8000000, 0x00000006c8000000| Untracked 
|  32|0x00000006c8000000, 0x00000006c8400000, 0x00000006c8400000|100%| O|  |TAMS 0x00000006c8400000, 0x00000006c8400000| Untracked 
|  33|0x00000006c8400000, 0x00000006c8800000, 0x00000006c8800000|100%| O|  |TAMS 0x00000006c8800000, 0x00000006c8800000| Untracked 
|  34|0x00000006c8800000, 0x00000006c8c00000, 0x00000006c8c00000|100%| O|  |TAMS 0x00000006c8c00000, 0x00000006c8c00000| Untracked 
|  35|0x00000006c8c00000, 0x00000006c9000000, 0x00000006c9000000|100%| O|  |TAMS 0x00000006c9000000, 0x00000006c9000000| Untracked 
|  36|0x00000006c9000000, 0x00000006c9400000, 0x00000006c9400000|100%| O|  |TAMS 0x00000006c9400000, 0x00000006c9400000| Untracked 
|  37|0x00000006c9400000, 0x00000006c9800000, 0x00000006c9800000|100%| O|  |TAMS 0x00000006c9800000, 0x00000006c9800000| Untracked 
|  38|0x00000006c9800000, 0x00000006c9c00000, 0x00000006c9c00000|100%| O|  |TAMS 0x00000006c9c00000, 0x00000006c9c00000| Untracked 
|  39|0x00000006c9c00000, 0x00000006ca000000, 0x00000006ca000000|100%| O|  |TAMS 0x00000006ca000000, 0x00000006ca000000| Untracked 
|  40|0x00000006ca000000, 0x00000006ca400000, 0x00000006ca400000|100%|HS|  |TAMS 0x00000006ca400000, 0x00000006ca400000| Complete 
|  41|0x00000006ca400000, 0x00000006ca800000, 0x00000006ca800000|100%| O|  |TAMS 0x00000006ca800000, 0x00000006ca800000| Untracked 
|  42|0x00000006ca800000, 0x00000006cac00000, 0x00000006cac00000|100%| O|  |TAMS 0x00000006cac00000, 0x00000006cac00000| Untracked 
|  43|0x00000006cac00000, 0x00000006cb000000, 0x00000006cb000000|100%| O|  |TAMS 0x00000006cb000000, 0x00000006cb000000| Untracked 
|  44|0x00000006cb000000, 0x00000006cb400000, 0x00000006cb400000|100%| O|  |TAMS 0x00000006cb400000, 0x00000006cb400000| Untracked 
|  45|0x00000006cb400000, 0x00000006cb800000, 0x00000006cb800000|100%| O|  |TAMS 0x00000006cb800000, 0x00000006cb800000| Untracked 
|  46|0x00000006cb800000, 0x00000006cbc00000, 0x00000006cbc00000|100%| O|  |TAMS 0x00000006cbc00000, 0x00000006cbc00000| Untracked 
|  47|0x00000006cbc00000, 0x00000006cc000000, 0x00000006cc000000|100%| O|  |TAMS 0x00000006cc000000, 0x00000006cc000000| Untracked 
|  48|0x00000006cc000000, 0x00000006cc400000, 0x00000006cc400000|100%| O|  |TAMS 0x00000006cc400000, 0x00000006cc400000| Untracked 
|  49|0x00000006cc400000, 0x00000006cc800000, 0x00000006cc800000|100%| O|  |TAMS 0x00000006cc800000, 0x00000006cc800000| Untracked 
|  50|0x00000006cc800000, 0x00000006ccc00000, 0x00000006ccc00000|100%| O|  |TAMS 0x00000006ccc00000, 0x00000006ccc00000| Untracked 
|  51|0x00000006ccc00000, 0x00000006cd000000, 0x00000006cd000000|100%| O|  |TAMS 0x00000006ccfaac00, 0x00000006cd000000| Untracked 
|  52|0x00000006cd000000, 0x00000006cd400000, 0x00000006cd400000|100%| O|  |TAMS 0x00000006cd000000, 0x00000006cd400000| Untracked 
|  53|0x00000006cd400000, 0x00000006cd800000, 0x00000006cd800000|100%| O|  |TAMS 0x00000006cd400000, 0x00000006cd800000| Untracked 
|  54|0x00000006cd800000, 0x00000006cdc00000, 0x00000006cdc00000|100%| O|  |TAMS 0x00000006cd800000, 0x00000006cdc00000| Untracked 
|  55|0x00000006cdc00000, 0x00000006ce000000, 0x00000006ce000000|100%| O|  |TAMS 0x00000006cdc00000, 0x00000006ce000000| Untracked 
|  56|0x00000006ce000000, 0x00000006ce400000, 0x00000006ce400000|100%| O|  |TAMS 0x00000006ce000000, 0x00000006ce400000| Untracked 
|  57|0x00000006ce400000, 0x00000006ce800000, 0x00000006ce800000|100%| O|  |TAMS 0x00000006ce400000, 0x00000006ce800000| Untracked 
|  58|0x00000006ce800000, 0x00000006cec00000, 0x00000006cec00000|100%| O|  |TAMS 0x00000006ce800000, 0x00000006cec00000| Untracked 
|  59|0x00000006cec00000, 0x00000006cf000000, 0x00000006cf000000|100%| O|  |TAMS 0x00000006cec00000, 0x00000006cf000000| Untracked 
|  60|0x00000006cf000000, 0x00000006cf400000, 0x00000006cf400000|100%| O|  |TAMS 0x00000006cf000000, 0x00000006cf400000| Untracked 
|  61|0x00000006cf400000, 0x00000006cf800000, 0x00000006cf800000|100%| O|  |TAMS 0x00000006cf400000, 0x00000006cf800000| Untracked 
|  62|0x00000006cf800000, 0x00000006cfc00000, 0x00000006cfc00000|100%| O|  |TAMS 0x00000006cf800000, 0x00000006cfc00000| Untracked 
|  63|0x00000006cfc00000, 0x00000006d0000000, 0x00000006d0000000|100%| O|  |TAMS 0x00000006cfc00000, 0x00000006d0000000| Untracked 
|  64|0x00000006d0000000, 0x00000006d0400000, 0x00000006d0400000|100%| O|  |TAMS 0x00000006d0000000, 0x00000006d0400000| Untracked 
|  65|0x00000006d0400000, 0x00000006d0800000, 0x00000006d0800000|100%| O|  |TAMS 0x00000006d0400000, 0x00000006d0800000| Untracked 
|  66|0x00000006d0800000, 0x00000006d0c00000, 0x00000006d0c00000|100%| O|  |TAMS 0x00000006d0800000, 0x00000006d0c00000| Untracked 
|  67|0x00000006d0c00000, 0x00000006d1000000, 0x00000006d1000000|100%| O|  |TAMS 0x00000006d0c00000, 0x00000006d1000000| Untracked 
|  68|0x00000006d1000000, 0x00000006d1400000, 0x00000006d1400000|100%| O|  |TAMS 0x00000006d1000000, 0x00000006d1400000| Untracked 
|  69|0x00000006d1400000, 0x00000006d1800000, 0x00000006d1800000|100%| O|  |TAMS 0x00000006d1400000, 0x00000006d1800000| Untracked 
|  70|0x00000006d1800000, 0x00000006d1c00000, 0x00000006d1c00000|100%| O|  |TAMS 0x00000006d1800000, 0x00000006d1c00000| Untracked 
|  71|0x00000006d1c00000, 0x00000006d2000000, 0x00000006d2000000|100%| O|  |TAMS 0x00000006d1c00000, 0x00000006d1c94400| Untracked 
|  72|0x00000006d2000000, 0x00000006d2400000, 0x00000006d2400000|100%| O|  |TAMS 0x00000006d2000000, 0x00000006d2000000| Untracked 
|  73|0x00000006d2400000, 0x00000006d2400000, 0x00000006d2800000|  0%| F|  |TAMS 0x00000006d2400000, 0x00000006d2400000| Untracked 
|  74|0x00000006d2800000, 0x00000006d2800000, 0x00000006d2c00000|  0%| F|  |TAMS 0x00000006d2800000, 0x00000006d2800000| Untracked 
|  75|0x00000006d2c00000, 0x00000006d2c00000, 0x00000006d3000000|  0%| F|  |TAMS 0x00000006d2c00000, 0x00000006d2c00000| Untracked 
|  76|0x00000006d3000000, 0x00000006d3000000, 0x00000006d3400000|  0%| F|  |TAMS 0x00000006d3000000, 0x00000006d3000000| Untracked 
|  77|0x00000006d3400000, 0x00000006d3400000, 0x00000006d3800000|  0%| F|  |TAMS 0x00000006d3400000, 0x00000006d3400000| Untracked 
|  78|0x00000006d3800000, 0x00000006d3800000, 0x00000006d3c00000|  0%| F|  |TAMS 0x00000006d3800000, 0x00000006d3800000| Untracked 
|  79|0x00000006d3c00000, 0x00000006d3c00000, 0x00000006d4000000|  0%| F|  |TAMS 0x00000006d3c00000, 0x00000006d3c00000| Untracked 
|  80|0x00000006d4000000, 0x00000006d4000000, 0x00000006d4400000|  0%| F|  |TAMS 0x00000006d4000000, 0x00000006d4000000| Untracked 
|  81|0x00000006d4400000, 0x00000006d4400000, 0x00000006d4800000|  0%| F|  |TAMS 0x00000006d4400000, 0x00000006d4400000| Untracked 
|  82|0x00000006d4800000, 0x00000006d4800000, 0x00000006d4c00000|  0%| F|  |TAMS 0x00000006d4800000, 0x00000006d4800000| Untracked 
|  83|0x00000006d4c00000, 0x00000006d4c00000, 0x00000006d5000000|  0%| F|  |TAMS 0x00000006d4c00000, 0x00000006d4c00000| Untracked 
|  84|0x00000006d5000000, 0x00000006d5000000, 0x00000006d5400000|  0%| F|  |TAMS 0x00000006d5000000, 0x00000006d5000000| Untracked 
|  85|0x00000006d5400000, 0x00000006d5400000, 0x00000006d5800000|  0%| F|  |TAMS 0x00000006d5400000, 0x00000006d5400000| Untracked 
|  86|0x00000006d5800000, 0x00000006d5800000, 0x00000006d5c00000|  0%| F|  |TAMS 0x00000006d5800000, 0x00000006d5800000| Untracked 
|  87|0x00000006d5c00000, 0x00000006d5c00000, 0x00000006d6000000|  0%| F|  |TAMS 0x00000006d5c00000, 0x00000006d5c00000| Untracked 
|  88|0x00000006d6000000, 0x00000006d6000000, 0x00000006d6400000|  0%| F|  |TAMS 0x00000006d6000000, 0x00000006d6000000| Untracked 
|  89|0x00000006d6400000, 0x00000006d6400000, 0x00000006d6800000|  0%| F|  |TAMS 0x00000006d6400000, 0x00000006d6400000| Untracked 
|  90|0x00000006d6800000, 0x00000006d6800000, 0x00000006d6c00000|  0%| F|  |TAMS 0x00000006d6800000, 0x00000006d6800000| Untracked 
|  91|0x00000006d6c00000, 0x00000006d6c00000, 0x00000006d7000000|  0%| F|  |TAMS 0x00000006d6c00000, 0x00000006d6c00000| Untracked 
|  92|0x00000006d7000000, 0x00000006d7000000, 0x00000006d7400000|  0%| F|  |TAMS 0x00000006d7000000, 0x00000006d7000000| Untracked 
|  93|0x00000006d7400000, 0x00000006d7400000, 0x00000006d7800000|  0%| F|  |TAMS 0x00000006d7400000, 0x00000006d7400000| Untracked 
|  94|0x00000006d7800000, 0x00000006d7800000, 0x00000006d7c00000|  0%| F|  |TAMS 0x00000006d7800000, 0x00000006d7800000| Untracked 
|  95|0x00000006d7c00000, 0x00000006d8000000, 0x00000006d8000000|100%| S|CS|TAMS 0x00000006d7c00000, 0x00000006d7c00000| Complete 
|  96|0x00000006d8000000, 0x00000006d8400000, 0x00000006d8400000|100%| S|CS|TAMS 0x00000006d8000000, 0x00000006d8000000| Complete 
|  97|0x00000006d8400000, 0x00000006d8800000, 0x00000006d8800000|100%| S|CS|TAMS 0x00000006d8400000, 0x00000006d8400000| Complete 
|  98|0x00000006d8800000, 0x00000006d8800000, 0x00000006d8c00000|  0%| F|  |TAMS 0x00000006d8800000, 0x00000006d8800000| Untracked 
|  99|0x00000006d8c00000, 0x00000006d8c00000, 0x00000006d9000000|  0%| F|  |TAMS 0x00000006d8c00000, 0x00000006d8c00000| Untracked 
| 100|0x00000006d9000000, 0x00000006d9000000, 0x00000006d9400000|  0%| F|  |TAMS 0x00000006d9000000, 0x00000006d9000000| Untracked 
| 101|0x00000006d9400000, 0x00000006d9400000, 0x00000006d9800000|  0%| F|  |TAMS 0x00000006d9400000, 0x00000006d9400000| Untracked 
| 102|0x00000006d9800000, 0x00000006d9800000, 0x00000006d9c00000|  0%| F|  |TAMS 0x00000006d9800000, 0x00000006d9800000| Untracked 
| 103|0x00000006d9c00000, 0x00000006d9c00000, 0x00000006da000000|  0%| F|  |TAMS 0x00000006d9c00000, 0x00000006d9c00000| Untracked 
| 104|0x00000006da000000, 0x00000006da000000, 0x00000006da400000|  0%| F|  |TAMS 0x00000006da000000, 0x00000006da000000| Untracked 
| 105|0x00000006da400000, 0x00000006da400000, 0x00000006da800000|  0%| F|  |TAMS 0x00000006da400000, 0x00000006da400000| Untracked 
| 106|0x00000006da800000, 0x00000006da800000, 0x00000006dac00000|  0%| F|  |TAMS 0x00000006da800000, 0x00000006da800000| Untracked 
| 107|0x00000006dac00000, 0x00000006dac00000, 0x00000006db000000|  0%| F|  |TAMS 0x00000006dac00000, 0x00000006dac00000| Untracked 
| 108|0x00000006db000000, 0x00000006db000000, 0x00000006db400000|  0%| F|  |TAMS 0x00000006db000000, 0x00000006db000000| Untracked 
| 109|0x00000006db400000, 0x00000006db400000, 0x00000006db800000|  0%| F|  |TAMS 0x00000006db400000, 0x00000006db400000| Untracked 
| 110|0x00000006db800000, 0x00000006db800000, 0x00000006dbc00000|  0%| F|  |TAMS 0x00000006db800000, 0x00000006db800000| Untracked 
| 111|0x00000006dbc00000, 0x00000006dbc00000, 0x00000006dc000000|  0%| F|  |TAMS 0x00000006dbc00000, 0x00000006dbc00000| Untracked 
| 112|0x00000006dc000000, 0x00000006dc000000, 0x00000006dc400000|  0%| F|  |TAMS 0x00000006dc000000, 0x00000006dc000000| Untracked 
| 113|0x00000006dc400000, 0x00000006dc400000, 0x00000006dc800000|  0%| F|  |TAMS 0x00000006dc400000, 0x00000006dc400000| Untracked 
| 114|0x00000006dc800000, 0x00000006dc800000, 0x00000006dcc00000|  0%| F|  |TAMS 0x00000006dc800000, 0x00000006dc800000| Untracked 
| 115|0x00000006dcc00000, 0x00000006dcc00000, 0x00000006dd000000|  0%| F|  |TAMS 0x00000006dcc00000, 0x00000006dcc00000| Untracked 
| 116|0x00000006dd000000, 0x00000006dd000000, 0x00000006dd400000|  0%| F|  |TAMS 0x00000006dd000000, 0x00000006dd000000| Untracked 
| 117|0x00000006dd400000, 0x00000006dd400000, 0x00000006dd800000|  0%| F|  |TAMS 0x00000006dd400000, 0x00000006dd400000| Untracked 
| 118|0x00000006dd800000, 0x00000006dd800000, 0x00000006ddc00000|  0%| F|  |TAMS 0x00000006dd800000, 0x00000006dd800000| Untracked 

Card table byte_map: [0x000001dd5b2e0000,0x000001dd5bce0000] _byte_map_base: 0x000001dd57ce0000

Marking Bits (Prev, Next): (CMBitMap*) 0x000001dd48158660, (CMBitMap*) 0x000001dd48158620
 Prev Bits: [0x000001dd616e0000, 0x000001dd666e0000)
 Next Bits: [0x000001dd5c6e0000, 0x000001dd616e0000)

Polling page: 0x000001dd46010000

Metaspace:

Usage:
  Non-class:     81.93 MB used.
      Class:     13.02 MB used.
       Both:     94.95 MB used.

Virtual space:
  Non-class space:       88.00 MB reserved,      83.19 MB ( 95%) committed,  11 nodes.
      Class space:        1.00 GB reserved,      13.75 MB (  1%) committed,  1 nodes.
             Both:        1.09 GB reserved,      96.94 MB (  9%) committed. 

Chunk freelists:
   Non-Class:  888.00 KB
       Class:  2.25 MB
        Both:  3.12 MB

MaxMetaspaceSize: unlimited
CompressedClassSpaceSize: 1.00 GB
Initial GC threshold: 21.00 MB
Current GC threshold: 151.81 MB
CDS: off
MetaspaceReclaimPolicy: balanced
 - commit_granule_bytes: 65536.
 - commit_granule_words: 8192.
 - virtual_space_node_default_size: 1048576.
 - enlarge_chunks_in_place: 1.
 - new_chunks_are_fully_committed: 0.
 - uncommit_free_chunks: 1.
 - use_allocation_guard: 0.
 - handle_deallocations: 1.


Internal statistics:

num_allocs_failed_limit: 6.
num_arena_births: 2110.
num_arena_deaths: 0.
num_vsnodes_births: 12.
num_vsnodes_deaths: 0.
num_space_committed: 1551.
num_space_uncommitted: 0.
num_chunks_returned_to_freelist: 6.
num_chunks_taken_from_freelist: 6383.
num_chunk_merges: 3.
num_chunk_splits: 3847.
num_chunks_enlarged: 2086.
num_purges: 0.
num_inconsistent_stats: 0.

CodeHeap 'non-profiled nmethods': size=120000Kb used=9256Kb max_used=9345Kb free=110743Kb
 bounds [0x000001dd53080000, 0x000001dd539c0000, 0x000001dd5a5b0000]
CodeHeap 'profiled nmethods': size=120000Kb used=25709Kb max_used=26940Kb free=94290Kb
 bounds [0x000001dd4b5b0000, 0x000001dd4d000000, 0x000001dd52ae0000]
CodeHeap 'non-nmethods': size=5760Kb used=2382Kb max_used=2471Kb free=3378Kb
 bounds [0x000001dd52ae0000, 0x000001dd52d50000, 0x000001dd53080000]
 total_blobs=14043 nmethods=13137 adapters=817
 compilation: enabled
              stopped_count=0, restarted_count=0
 full_count=0

Compilation events (20 events):
Event: 26.487 Thread 0x000001dd69c6c8c0 15706       2       org.gradle.internal.reflect.annotations.impl.DefaultTypeAnnotationMetadataStore$$Lambda$954/0x0000000800c98000::test (12 bytes)
Event: 26.488 Thread 0x000001dd69c6c8c0 nmethod 15706 0x000001dd4c097b10 code [0x000001dd4c097cc0, 0x000001dd4c097e48]
Event: 26.488 Thread 0x000001dd69c6c8c0 15707       2       org.gradle.internal.reflect.annotations.impl.DefaultTypeAnnotationMetadataStore::lambda$isSetterProhibitedForType$21 (6 bytes)
Event: 26.488 Thread 0x000001dd69c6c8c0 nmethod 15707 0x000001dd4cd79990 code [0x000001dd4cd79b20, 0x000001dd4cd79c28]
Event: 26.491 Thread 0x000001dd69c6c8c0 15709       2       com.android.build.gradle.internal.tasks.AarMetadataTask$CreationAction$handleProvider$1::get (8 bytes)
Event: 26.491 Thread 0x000001dd69c6c8c0 nmethod 15709 0x000001dd4c097710 code [0x000001dd4c0978c0, 0x000001dd4c097a28]
Event: 26.491 Thread 0x000001dd69c6c8c0 15711       2       org.gradle.internal.component.local.model.PublishArtifactLocalArtifactMetadata::getBuildDependencies (10 bytes)
Event: 26.491 Thread 0x000001dd69c6c8c0 nmethod 15711 0x000001dd4c097390 code [0x000001dd4c097520, 0x000001dd4c097648]
Event: 26.491 Thread 0x000001dd69c6c8c0 15712       2       org.gradle.api.internal.artifacts.publish.DecoratingPublishArtifact_Decorated::getBuildDependencies (39 bytes)
Event: 26.491 Thread 0x000001dd69c6c8c0 nmethod 15712 0x000001dd4cdae590 code [0x000001dd4cdae740, 0x000001dd4cdae958]
Event: 26.491 Thread 0x000001dd69c6c8c0 15713       2       org.gradle.api.internal.artifacts.dsl.LazyPublishArtifact$1::visitDependencies (14 bytes)
Event: 26.492 Thread 0x000001dd69c6c8c0 nmethod 15713 0x000001dd4cdae190 code [0x000001dd4cdae320, 0x000001dd4cdae468]
Event: 26.492 Thread 0x000001dd69c6c8c0 15710       2       com.android.build.gradle.internal.tasks.AarMetadataTask_Decorated::getOutput (43 bytes)
Event: 26.492 Thread 0x000001dd69c6c8c0 nmethod 15710 0x000001dd4c46cd90 code [0x000001dd4c46cf80, 0x000001dd4c46d398]
Event: 26.492 Thread 0x000001dd69c6c8c0 15714       2       org.gradle.execution.plan.TaskNodeDependencyResolver::attachActionTo (10 bytes)
Event: 26.492 Thread 0x000001dd69c6c8c0 nmethod 15714 0x000001dd4cdadb90 code [0x000001dd4cdadd40, 0x000001dd4cdadfc8]
Event: 26.492 Thread 0x000001dd69c6c8c0 15715       2       org.gradle.execution.plan.TaskNodeDependencyResolver::attachActionTo (21 bytes)
Event: 26.493 Thread 0x000001dd69c6c8c0 nmethod 15715 0x000001dd4c46c690 code [0x000001dd4c46c840, 0x000001dd4c46caa8]
Event: 26.493 Thread 0x000001dd69c6c8c0 15716       2       org.gradle.execution.plan.LocalTaskNode::appendPostAction (13 bytes)
Event: 26.493 Thread 0x000001dd69c6c8c0 nmethod 15716 0x000001dd4c70b910 code [0x000001dd4c70bac0, 0x000001dd4c70bc48]

GC Heap History (20 events):
Event: 19.223 GC heap after
{Heap after GC invocations=42 (full 0):
 garbage-first heap   total 274432K, used 159744K [0x00000006c0000000, 0x0000000800000000)
  region size 4096K, 2 young (8192K), 2 survivors (8192K)
 Metaspace       used 84880K, committed 86272K, reserved 1130496K
  class space    used 11572K, committed 12160K, reserved 1048576K
}
Event: 19.405 GC heap before
{Heap before GC invocations=42 (full 0):
 garbage-first heap   total 274432K, used 172032K [0x00000006c0000000, 0x0000000800000000)
  region size 4096K, 6 young (24576K), 2 survivors (8192K)
 Metaspace       used 85104K, committed 86464K, reserved 1130496K
  class space    used 11586K, committed 12160K, reserved 1048576K
}
Event: 19.414 GC heap after
{Heap after GC invocations=43 (full 0):
 garbage-first heap   total 274432K, used 166487K [0x00000006c0000000, 0x0000000800000000)
  region size 4096K, 2 young (8192K), 2 survivors (8192K)
 Metaspace       used 85104K, committed 86464K, reserved 1130496K
  class space    used 11586K, committed 12160K, reserved 1048576K
}
Event: 20.154 GC heap before
{Heap before GC invocations=44 (full 0):
 garbage-first heap   total 315392K, used 211543K [0x00000006c0000000, 0x0000000800000000)
  region size 4096K, 13 young (53248K), 2 survivors (8192K)
 Metaspace       used 85528K, committed 86912K, reserved 1130496K
  class space    used 11649K, committed 12224K, reserved 1048576K
}
Event: 20.166 GC heap after
{Heap after GC invocations=45 (full 0):
 garbage-first heap   total 315392K, used 180409K [0x00000006c0000000, 0x0000000800000000)
  region size 4096K, 2 young (8192K), 2 survivors (8192K)
 Metaspace       used 85528K, committed 86912K, reserved 1130496K
  class space    used 11649K, committed 12224K, reserved 1048576K
}
Event: 20.659 GC heap before
{Heap before GC invocations=45 (full 0):
 garbage-first heap   total 315392K, used 237753K [0x00000006c0000000, 0x0000000800000000)
  region size 4096K, 16 young (65536K), 2 survivors (8192K)
 Metaspace       used 86113K, committed 87680K, reserved 1130496K
  class space    used 11751K, committed 12352K, reserved 1048576K
}
Event: 20.672 GC heap after
{Heap after GC invocations=46 (full 0):
 garbage-first heap   total 315392K, used 192257K [0x00000006c0000000, 0x0000000800000000)
  region size 4096K, 2 young (8192K), 2 survivors (8192K)
 Metaspace       used 86113K, committed 87680K, reserved 1130496K
  class space    used 11751K, committed 12352K, reserved 1048576K
}
Event: 21.145 GC heap before
{Heap before GC invocations=47 (full 0):
 garbage-first heap   total 356352K, used 241409K [0x00000006c0000000, 0x0000000800000000)
  region size 4096K, 14 young (57344K), 2 survivors (8192K)
 Metaspace       used 86455K, committed 88128K, reserved 1130496K
  class space    used 11808K, committed 12480K, reserved 1048576K
}
Event: 21.157 GC heap after
{Heap after GC invocations=48 (full 0):
 garbage-first heap   total 356352K, used 202346K [0x00000006c0000000, 0x0000000800000000)
  region size 4096K, 2 young (8192K), 2 survivors (8192K)
 Metaspace       used 86455K, committed 88128K, reserved 1130496K
  class space    used 11808K, committed 12480K, reserved 1048576K
}
Event: 21.249 GC heap before
{Heap before GC invocations=48 (full 0):
 garbage-first heap   total 356352K, used 210538K [0x00000006c0000000, 0x0000000800000000)
  region size 4096K, 4 young (16384K), 2 survivors (8192K)
 Metaspace       used 86549K, committed 88192K, reserved 1130496K
  class space    used 11824K, committed 12480K, reserved 1048576K
}
Event: 21.278 GC heap after
{Heap after GC invocations=49 (full 0):
 garbage-first heap   total 471040K, used 204999K [0x00000006c0000000, 0x0000000800000000)
  region size 4096K, 1 young (4096K), 1 survivors (4096K)
 Metaspace       used 86549K, committed 88192K, reserved 1130496K
  class space    used 11824K, committed 12480K, reserved 1048576K
}
Event: 22.666 GC heap before
{Heap before GC invocations=49 (full 0):
 garbage-first heap   total 471040K, used 340167K [0x00000006c0000000, 0x0000000800000000)
  region size 4096K, 34 young (139264K), 1 survivors (4096K)
 Metaspace       used 88215K, committed 89984K, reserved 1130496K
  class space    used 12080K, committed 12800K, reserved 1048576K
}
Event: 22.686 GC heap after
{Heap after GC invocations=50 (full 0):
 garbage-first heap   total 471040K, used 233131K [0x00000006c0000000, 0x0000000800000000)
  region size 4096K, 5 young (20480K), 5 survivors (20480K)
 Metaspace       used 88215K, committed 89984K, reserved 1130496K
  class space    used 12080K, committed 12800K, reserved 1048576K
}
Event: 23.721 GC heap before
{Heap before GC invocations=50 (full 0):
 garbage-first heap   total 471040K, used 343723K [0x00000006c0000000, 0x0000000800000000)
  region size 4096K, 32 young (131072K), 5 survivors (20480K)
 Metaspace       used 91349K, committed 93248K, reserved 1130496K
  class space    used 12480K, committed 13248K, reserved 1048576K
}
Event: 23.749 GC heap after
{Heap after GC invocations=51 (full 0):
 garbage-first heap   total 471040K, used 261156K [0x00000006c0000000, 0x0000000800000000)
  region size 4096K, 4 young (16384K), 4 survivors (16384K)
 Metaspace       used 91349K, committed 93248K, reserved 1130496K
  class space    used 12480K, committed 13248K, reserved 1048576K
}
Event: 25.467 GC heap before
{Heap before GC invocations=52 (full 0):
 garbage-first heap   total 487424K, used 355364K [0x00000006c0000000, 0x0000000800000000)
  region size 4096K, 27 young (110592K), 4 survivors (16384K)
 Metaspace       used 93999K, committed 95872K, reserved 1138688K
  class space    used 12902K, committed 13632K, reserved 1048576K
}
Event: 25.509 GC heap after
{Heap after GC invocations=53 (full 0):
 garbage-first heap   total 487424K, used 286720K [0x00000006c0000000, 0x0000000800000000)
  region size 4096K, 4 young (16384K), 4 survivors (16384K)
 Metaspace       used 93999K, committed 95872K, reserved 1138688K
  class space    used 12902K, committed 13632K, reserved 1048576K
}
Event: 25.633 GC heap before
{Heap before GC invocations=53 (full 0):
 garbage-first heap   total 487424K, used 286720K [0x00000006c0000000, 0x0000000800000000)
  region size 4096K, 5 young (20480K), 4 survivors (16384K)
 Metaspace       used 94380K, committed 96256K, reserved 1138688K
  class space    used 12953K, committed 13696K, reserved 1048576K
}
Event: 25.652 GC heap after
{Heap after GC invocations=54 (full 0):
 garbage-first heap   total 487424K, used 290545K [0x00000006c0000000, 0x0000000800000000)
  region size 4096K, 1 young (4096K), 1 survivors (4096K)
 Metaspace       used 94380K, committed 96256K, reserved 1138688K
  class space    used 12953K, committed 13696K, reserved 1048576K
}
Event: 26.494 GC heap before
{Heap before GC invocations=54 (full 0):
 garbage-first heap   total 487424K, used 372465K [0x00000006c0000000, 0x0000000800000000)
  region size 4096K, 21 young (86016K), 1 survivors (4096K)
 Metaspace       used 97228K, committed 99264K, reserved 1138688K
  class space    used 13331K, committed 14080K, reserved 1048576K
}

Dll operation events (2 events):
Event: 0.005 Loaded shared library C:\Program Files\Android\Android Studio\jbr\bin\java.dll
Event: 0.363 Loaded shared library C:\Program Files\Android\Android Studio\jbr\bin\verify.dll

Deoptimization events (20 events):
Event: 26.385 Thread 0x000001dd6b3b7bb0 Uncommon trap: trap_request=0xffffffc6 fr.pc=0x000001dd5382e0dc relative=0x000000000000255c
Event: 26.385 Thread 0x000001dd6b3b7bb0 Uncommon trap: reason=bimorphic_or_optimized_type_check action=maybe_recompile pc=0x000001dd5382e0dc method=org.gradle.api.internal.attributes.DefaultAttributesSchema$MergedSchema.matchValue(Lorg/gradle/api/attributes/Attribute;Ljava/lang/Object;Ljava/lan
Event: 26.385 Thread 0x000001dd6b3b7bb0 DEOPT PACKING pc=0x000001dd5382e0dc sp=0x0000000eea4f9bc0
Event: 26.385 Thread 0x000001dd6b3b7bb0 DEOPT UNPACKING pc=0x000001dd52b369a3 sp=0x0000000eea4f9bc8 mode 2
Event: 26.385 Thread 0x000001dd6b3b7bb0 Uncommon trap: trap_request=0xffffffc6 fr.pc=0x000001dd5382e0dc relative=0x000000000000255c
Event: 26.385 Thread 0x000001dd6b3b7bb0 Uncommon trap: reason=bimorphic_or_optimized_type_check action=maybe_recompile pc=0x000001dd5382e0dc method=org.gradle.api.internal.attributes.DefaultAttributesSchema$MergedSchema.matchValue(Lorg/gradle/api/attributes/Attribute;Ljava/lang/Object;Ljava/lan
Event: 26.385 Thread 0x000001dd6b3b7bb0 DEOPT PACKING pc=0x000001dd5382e0dc sp=0x0000000eea4f9bc0
Event: 26.385 Thread 0x000001dd6b3b7bb0 DEOPT UNPACKING pc=0x000001dd52b369a3 sp=0x0000000eea4f9bc8 mode 2
Event: 26.385 Thread 0x000001dd6b3b7bb0 Uncommon trap: trap_request=0xffffffc6 fr.pc=0x000001dd5382e0dc relative=0x000000000000255c
Event: 26.385 Thread 0x000001dd6b3b7bb0 Uncommon trap: reason=bimorphic_or_optimized_type_check action=maybe_recompile pc=0x000001dd5382e0dc method=org.gradle.api.internal.attributes.DefaultAttributesSchema$MergedSchema.matchValue(Lorg/gradle/api/attributes/Attribute;Ljava/lang/Object;Ljava/lan
Event: 26.385 Thread 0x000001dd6b3b7bb0 DEOPT PACKING pc=0x000001dd5382e0dc sp=0x0000000eea4f9bc0
Event: 26.385 Thread 0x000001dd6b3b7bb0 DEOPT UNPACKING pc=0x000001dd52b369a3 sp=0x0000000eea4f9bc8 mode 2
Event: 26.422 Thread 0x000001dd6b3b7bb0 Uncommon trap: trap_request=0xffffffde fr.pc=0x000001dd538c1b08 relative=0x0000000000000768
Event: 26.422 Thread 0x000001dd6b3b7bb0 Uncommon trap: reason=class_check action=maybe_recompile pc=0x000001dd538c1b08 method=java.lang.reflect.Field.getAnnotation(Ljava/lang/Class;)Ljava/lang/annotation/Annotation; @ 19 c2
Event: 26.422 Thread 0x000001dd6b3b7bb0 DEOPT PACKING pc=0x000001dd538c1b08 sp=0x0000000eea4f9290
Event: 26.422 Thread 0x000001dd6b3b7bb0 DEOPT UNPACKING pc=0x000001dd52b369a3 sp=0x0000000eea4f9278 mode 2
Event: 26.443 Thread 0x000001dd6b3b7bb0 Uncommon trap: trap_request=0xffffff45 fr.pc=0x000001dd537415c8 relative=0x00000000000002a8
Event: 26.443 Thread 0x000001dd6b3b7bb0 Uncommon trap: reason=unstable_if action=reinterpret pc=0x000001dd537415c8 method=org.codehaus.groovy.runtime.MetaClassHelper.getClassWithNullAndWrapper(Ljava/lang/Object;)Ljava/lang/Class; @ 10 c2
Event: 26.443 Thread 0x000001dd6b3b7bb0 DEOPT PACKING pc=0x000001dd537415c8 sp=0x0000000eea4f6800
Event: 26.443 Thread 0x000001dd6b3b7bb0 DEOPT UNPACKING pc=0x000001dd52b369a3 sp=0x0000000eea4f6748 mode 2

Classes unloaded (0 events):
No events

Classes redefined (0 events):
No events

Internal exceptions (20 events):
Event: 26.366 Thread 0x000001dd6b3b7bb0 Exception <a 'java/lang/ClassNotFoundException'{0x00000006d959df68}: com/android/build/gradle/internal/tasks/NewIncrementalTaskBeanInfo> (0x00000006d959df68) 
thrown [s\src\hotspot\share\classfile\systemDictionary.cpp, line 256]
Event: 26.367 Thread 0x000001dd6b3b7bb0 Exception <a 'java/lang/ClassNotFoundException'{0x00000006d95abfd0}: com/android/build/gradle/internal/tasks/NewIncrementalTaskCustomizer> (0x00000006d95abfd0) 
thrown [s\src\hotspot\share\classfile\systemDictionary.cpp, line 256]
Event: 26.369 Thread 0x000001dd6b3b7bb0 Exception <a 'java/lang/ClassNotFoundException'{0x00000006d95c9468}: com/android/build/gradle/tasks/MergeResourcesCustomizer> (0x00000006d95c9468) 
thrown [s\src\hotspot\share\classfile\systemDictionary.cpp, line 256]
Event: 26.371 Thread 0x000001dd6b3b7bb0 Exception <a 'java/lang/ClassNotFoundException'{0x00000006d960e530}: com/android/build/gradle/tasks/MergeResources_DecoratedCustomizer> (0x00000006d960e530) 
thrown [s\src\hotspot\share\classfile\systemDictionary.cpp, line 256]
Event: 26.411 Thread 0x000001dd6b3b7bb0 Exception <a 'java/lang/ClassNotFoundException'{0x00000006d92e5900}: com/google/gms/googleservices/GoogleServicesTask_DecoratedBeanInfo> (0x00000006d92e5900) 
thrown [s\src\hotspot\share\classfile\systemDictionary.cpp, line 256]
Event: 26.411 Thread 0x000001dd6b3b7bb0 Exception <a 'java/lang/ClassNotFoundException'{0x00000006d92f2220}: com/google/gms/googleservices/GoogleServicesTaskBeanInfo> (0x00000006d92f2220) 
thrown [s\src\hotspot\share\classfile\systemDictionary.cpp, line 256]
Event: 26.412 Thread 0x000001dd6b3b7bb0 Exception <a 'java/lang/ClassNotFoundException'{0x00000006d92fedd8}: com/google/gms/googleservices/GoogleServicesTaskCustomizer> (0x00000006d92fedd8) 
thrown [s\src\hotspot\share\classfile\systemDictionary.cpp, line 256]
Event: 26.413 Thread 0x000001dd6b3b7bb0 Exception <a 'java/lang/ClassNotFoundException'{0x00000006d93210c8}: com/google/gms/googleservices/GoogleServicesTask_DecoratedCustomizer> (0x00000006d93210c8) 
thrown [s\src\hotspot\share\classfile\systemDictionary.cpp, line 256]
Event: 26.425 Thread 0x000001dd6b3b7bb0 Exception <a 'java/lang/ClassNotFoundException'{0x00000006d8c31820}: com/google/firebase/crashlytics/buildtools/gradle/tasks/InjectMappingFileIdTask_DecoratedBeanInfo> (0x00000006d8c31820) 
thrown [s\src\hotspot\share\classfile\systemDictionary.cpp, line 256]
Event: 26.426 Thread 0x000001dd6b3b7bb0 Exception <a 'java/lang/ClassNotFoundException'{0x00000006d8c3d5e8}: com/google/firebase/crashlytics/buildtools/gradle/tasks/InjectMappingFileIdTask_DecoratedCustomizer> (0x00000006d8c3d5e8) 
thrown [s\src\hotspot\share\classfile\systemDictionary.cpp, line 256]
Event: 26.430 Thread 0x000001dd6b3b7bb0 Exception <a 'java/lang/ClassNotFoundException'{0x00000006d8c97498}: org/gradle/api/internal/provider/DefaultProviderFactory_DecoratedBeanInfo> (0x00000006d8c97498) 
thrown [s\src\hotspot\share\classfile\systemDictionary.cpp, line 256]
Event: 26.430 Thread 0x000001dd6b3b7bb0 Exception <a 'java/lang/ClassNotFoundException'{0x00000006d8ca2e50}: org/gradle/api/internal/provider/DefaultProviderFactoryBeanInfo> (0x00000006d8ca2e50) 
thrown [s\src\hotspot\share\classfile\systemDictionary.cpp, line 256]
Event: 26.431 Thread 0x000001dd6b3b7bb0 Exception <a 'java/lang/ClassNotFoundException'{0x00000006d8cae820}: org/gradle/api/internal/provider/DefaultProviderFactoryCustomizer> (0x00000006d8cae820) 
thrown [s\src\hotspot\share\classfile\systemDictionary.cpp, line 256]
Event: 26.432 Thread 0x000001dd6b3b7bb0 Exception <a 'java/lang/ClassNotFoundException'{0x00000006d8cd0d48}: org/gradle/api/internal/provider/DefaultProviderFactory_DecoratedCustomizer> (0x00000006d8cd0d48) 
thrown [s\src\hotspot\share\classfile\systemDictionary.cpp, line 256]
Event: 26.433 Thread 0x000001dd6b3b7bb0 Exception <a 'java/lang/ClassNotFoundException'{0x00000006d8cf2198}: org/gradle/api/provider/ProviderBeanInfo> (0x00000006d8cf2198) 
thrown [s\src\hotspot\share\classfile\systemDictionary.cpp, line 256]
Event: 26.435 Thread 0x000001dd6b3b7bb0 Exception <a 'java/lang/ClassNotFoundException'{0x00000006d8cfd7d8}: org/gradle/api/provider/ProviderCustomizer> (0x00000006d8cfd7d8) 
thrown [s\src\hotspot\share\classfile\systemDictionary.cpp, line 256]
Event: 26.439 Thread 0x000001dd6b3b7bb0 Exception <a 'java/lang/ClassNotFoundException'{0x00000006d8df8190}: java/util/Collections$EmptyListBeanInfo> (0x00000006d8df8190) 
thrown [s\src\hotspot\share\classfile\systemDictionary.cpp, line 256]
Event: 26.440 Thread 0x000001dd6b3b7bb0 Exception <a 'java/lang/ClassNotFoundException'{0x00000006d8dfe780}: java/util/Collections$EmptyListCustomizer> (0x00000006d8dfe780) 
thrown [s\src\hotspot\share\classfile\systemDictionary.cpp, line 256]
Event: 26.447 Thread 0x000001dd6b3b7bb0 Exception <a 'java/lang/ClassNotFoundException'{0x00000006d8e8b000}: org/gradle/api/internal/tasks/DefaultTaskOutputsBeanInfo> (0x00000006d8e8b000) 
thrown [s\src\hotspot\share\classfile\systemDictionary.cpp, line 256]
Event: 26.448 Thread 0x000001dd6b3b7bb0 Exception <a 'java/lang/ClassNotFoundException'{0x00000006d8e96920}: org/gradle/api/internal/tasks/DefaultTaskOutputsCustomizer> (0x00000006d8e96920) 
thrown [s\src\hotspot\share\classfile\systemDictionary.cpp, line 256]

VM Operations (20 events):
Event: 25.091 Executing VM operation: HandshakeAllThreads done
Event: 25.134 Executing VM operation: HandshakeAllThreads
Event: 25.135 Executing VM operation: HandshakeAllThreads done
Event: 25.466 Executing VM operation: G1CollectForAllocation
Event: 25.509 Executing VM operation: G1CollectForAllocation done
Event: 25.633 Executing VM operation: G1CollectForAllocation
Event: 25.652 Executing VM operation: G1CollectForAllocation done
Event: 25.790 Executing VM operation: HandshakeAllThreads
Event: 25.790 Executing VM operation: HandshakeAllThreads done
Event: 26.133 Executing VM operation: ICBufferFull
Event: 26.133 Executing VM operation: ICBufferFull done
Event: 26.161 Executing VM operation: HandshakeAllThreads
Event: 26.161 Executing VM operation: HandshakeAllThreads done
Event: 26.191 Executing VM operation: HandshakeAllThreads
Event: 26.191 Executing VM operation: HandshakeAllThreads done
Event: 26.357 Executing VM operation: HandshakeAllThreads
Event: 26.357 Executing VM operation: HandshakeAllThreads done
Event: 26.398 Executing VM operation: ICBufferFull
Event: 26.398 Executing VM operation: ICBufferFull done
Event: 26.494 Executing VM operation: G1CollectForAllocation

Events (20 events):
Event: 26.213 Thread 0x000001dd69c7b5d0 flushing nmethod 0x000001dd4ce5fe10
Event: 26.213 Thread 0x000001dd69c7b5d0 flushing nmethod 0x000001dd4ce60390
Event: 26.213 Thread 0x000001dd69c7b5d0 flushing nmethod 0x000001dd4ce60710
Event: 26.213 Thread 0x000001dd69c7b5d0 flushing nmethod 0x000001dd4cebaf90
Event: 26.213 Thread 0x000001dd69c7b5d0 flushing nmethod 0x000001dd4cf88f90
Event: 26.213 Thread 0x000001dd69c7b5d0 flushing nmethod 0x000001dd4cf89310
Event: 26.214 Thread 0x000001dd69c7b5d0 flushing nmethod 0x000001dd4cf9ef90
Event: 26.214 Thread 0x000001dd69c7b5d0 flushing nmethod 0x000001dd4cf9f990
Event: 26.214 Thread 0x000001dd69c7b5d0 flushing nmethod 0x000001dd4cf9ff10
Event: 26.214 Thread 0x000001dd69c7b5d0 flushing nmethod 0x000001dd4cfa1c90
Event: 26.214 Thread 0x000001dd69c7b5d0 flushing nmethod 0x000001dd4cfa2010
Event: 26.214 Thread 0x000001dd69c7b5d0 flushing nmethod 0x000001dd4cfec510
Event: 26.439 loading class java/util/Collections$EmptyListBeanInfo
Event: 26.439 loading class java/util/Collections$EmptyListBeanInfo done
Event: 26.439 loading class java/util/Collections$EmptyListBeanInfo
Event: 26.439 loading class java/util/Collections$EmptyListBeanInfo done
Event: 26.439 loading class java/util/Collections$EmptyListCustomizer
Event: 26.439 loading class java/util/Collections$EmptyListCustomizer done
Event: 26.440 loading class java/util/Collections$EmptyListCustomizer
Event: 26.440 loading class java/util/Collections$EmptyListCustomizer done


Dynamic libraries:
0x00007ff7175e0000 - 0x00007ff7175ea000 	C:\Program Files\Android\Android Studio\jbr\bin\java.exe
0x00007ffeb1dd0000 - 0x00007ffeb1fc8000 	C:\Windows\SYSTEM32\ntdll.dll
0x00007ffeb15e0000 - 0x00007ffeb169f000 	C:\Windows\System32\KERNEL32.DLL
0x00007ffeaf860000 - 0x00007ffeafb56000 	C:\Windows\System32\KERNELBASE.dll
0x00007ffeafb60000 - 0x00007ffeafc60000 	C:\Windows\System32\ucrtbase.dll
0x00007ffeaa0f0000 - 0x00007ffeaa10b000 	C:\Program Files\Android\Android Studio\jbr\bin\VCRUNTIME140.dll
0x00007ffeaa680000 - 0x00007ffeaa697000 	C:\Program Files\Android\Android Studio\jbr\bin\jli.dll
0x00007ffeb0360000 - 0x00007ffeb04fd000 	C:\Windows\System32\USER32.dll
0x00007ffeafd60000 - 0x00007ffeafd82000 	C:\Windows\System32\win32u.dll
0x00007ffeb16a0000 - 0x00007ffeb16cc000 	C:\Windows\System32\GDI32.dll
0x00007ffe849b0000 - 0x00007ffe84c4a000 	C:\Windows\WinSxS\amd64_microsoft.windows.common-controls_6595b64144ccf1df_6.0.19041.1110_none_60b5254171f9507e\COMCTL32.dll
0x00007ffeaf4e0000 - 0x00007ffeaf5f5000 	C:\Windows\System32\gdi32full.dll
0x00007ffeb1c80000 - 0x00007ffeb1d1e000 	C:\Windows\System32\msvcrt.dll
0x00007ffeafd90000 - 0x00007ffeafe2d000 	C:\Windows\System32\msvcp_win.dll
0x00007ffeafe30000 - 0x00007ffeafe60000 	C:\Windows\System32\IMM32.DLL
0x00007ffeacc90000 - 0x00007ffeacc9c000 	C:\Program Files\Android\Android Studio\jbr\bin\vcruntime140_1.dll
0x00007ffea9880000 - 0x00007ffea990d000 	C:\Program Files\Android\Android Studio\jbr\bin\msvcp140.dll
0x00007ffe717e0000 - 0x00007ffe7244d000 	C:\Program Files\Android\Android Studio\jbr\bin\server\jvm.dll
0x00007ffeb1770000 - 0x00007ffeb181f000 	C:\Windows\System32\ADVAPI32.dll
0x00007ffeb16d0000 - 0x00007ffeb176c000 	C:\Windows\System32\sechost.dll
0x00007ffeb00c0000 - 0x00007ffeb01e6000 	C:\Windows\System32\RPCRT4.dll
0x00007ffe82260000 - 0x00007ffe82269000 	C:\Windows\SYSTEM32\WSOCK32.dll
0x00007ffea0590000 - 0x00007ffea059a000 	C:\Windows\SYSTEM32\VERSION.dll
0x00007ffe8daa0000 - 0x00007ffe8dac7000 	C:\Windows\SYSTEM32\WINMM.dll
0x00007ffeb0e10000 - 0x00007ffeb0e7b000 	C:\Windows\System32\WS2_32.dll
0x00007ffead380000 - 0x00007ffead392000 	C:\Windows\SYSTEM32\kernel.appcore.dll
0x00007ffe81280000 - 0x00007ffe8128a000 	C:\Program Files\Android\Android Studio\jbr\bin\jimage.dll
0x00007ffe993d0000 - 0x00007ffe995b4000 	C:\Windows\SYSTEM32\DBGHELP.DLL
0x00007ffe992c0000 - 0x00007ffe992f4000 	C:\Windows\SYSTEM32\dbgcore.DLL
0x00007ffeaf760000 - 0x00007ffeaf7e2000 	C:\Windows\System32\bcryptPrimitives.dll
0x00007ffe7c8a0000 - 0x00007ffe7c8c5000 	C:\Program Files\Android\Android Studio\jbr\bin\java.dll
0x00007ffe7b730000 - 0x00007ffe7b748000 	C:\Program Files\Android\Android Studio\jbr\bin\zip.dll
0x00007ffeb0e90000 - 0x00007ffeb15d4000 	C:\Windows\System32\SHELL32.dll
0x00007ffead580000 - 0x00007ffeadd14000 	C:\Windows\SYSTEM32\windows.storage.dll
0x00007ffeb0500000 - 0x00007ffeb0854000 	C:\Windows\System32\combase.dll
0x00007ffeaee20000 - 0x00007ffeaee4e000 	C:\Windows\SYSTEM32\Wldp.dll
0x00007ffeb01f0000 - 0x00007ffeb029d000 	C:\Windows\System32\SHCORE.dll
0x00007ffeb1d20000 - 0x00007ffeb1d75000 	C:\Windows\System32\shlwapi.dll
0x00007ffeaf3e0000 - 0x00007ffeaf405000 	C:\Windows\SYSTEM32\profapi.dll
0x00007ffe7b5b0000 - 0x00007ffe7b5c9000 	C:\Program Files\Android\Android Studio\jbr\bin\net.dll
0x00007ffea9ab0000 - 0x00007ffea9bba000 	C:\Windows\SYSTEM32\WINHTTP.dll
0x00007ffeaeb80000 - 0x00007ffeaebea000 	C:\Windows\system32\mswsock.dll
0x00007ffe7b590000 - 0x00007ffe7b5a6000 	C:\Program Files\Android\Android Studio\jbr\bin\nio.dll
0x00007ffe7b780000 - 0x00007ffe7b790000 	C:\Program Files\Android\Android Studio\jbr\bin\verify.dll
0x00007ffea9db0000 - 0x00007ffea9dd7000 	C:\Users\ITS\.gradle\native\e1d6ef7f7dcc3fd88c89a11ec53ec762bb8ba0a96d01ffa2cd45eb1d1d8dd5c5\windows-amd64\native-platform.dll
0x00007ffe7d2d0000 - 0x00007ffe7d414000 	C:\Users\ITS\.gradle\native\0d407fdbe67a94daf76414ababcb853783967236a71b16ec16e742cd7a986fd3\windows-amd64\native-platform-file-events.dll
0x00007ffe7cf50000 - 0x00007ffe7cf59000 	C:\Program Files\Android\Android Studio\jbr\bin\management.dll
0x00007ffe7c890000 - 0x00007ffe7c89b000 	C:\Program Files\Android\Android Studio\jbr\bin\management_ext.dll
0x00007ffeb1d80000 - 0x00007ffeb1d88000 	C:\Windows\System32\PSAPI.DLL
0x00007ffeaed70000 - 0x00007ffeaed88000 	C:\Windows\SYSTEM32\CRYPTSP.dll
0x00007ffeae4a0000 - 0x00007ffeae4d4000 	C:\Windows\system32\rsaenh.dll
0x00007ffeaf4b0000 - 0x00007ffeaf4d7000 	C:\Windows\System32\bcrypt.dll
0x00007ffeaf3a0000 - 0x00007ffeaf3ce000 	C:\Windows\SYSTEM32\USERENV.dll
0x00007ffeaed90000 - 0x00007ffeaed9c000 	C:\Windows\SYSTEM32\CRYPTBASE.dll
0x00007ffeae870000 - 0x00007ffeae8ac000 	C:\Windows\SYSTEM32\IPHLPAPI.DLL
0x00007ffeb0d80000 - 0x00007ffeb0d88000 	C:\Windows\System32\NSI.dll
0x00007ffea7a90000 - 0x00007ffea7aa7000 	C:\Windows\SYSTEM32\dhcpcsvc6.DLL
0x00007ffea7950000 - 0x00007ffea796d000 	C:\Windows\SYSTEM32\dhcpcsvc.DLL
0x00007ffeae8b0000 - 0x00007ffeae97a000 	C:\Windows\SYSTEM32\DNSAPI.dll
0x00007ffeaa450000 - 0x00007ffeaa457000 	C:\Windows\system32\wshunix.dll

dbghelp: loaded successfully - version: 4.0.5 - missing functions: none
symbol engine: initialized successfully - sym options: 0x614 - pdb path: .;C:\Program Files\Android\Android Studio\jbr\bin;C:\Windows\SYSTEM32;C:\Windows\WinSxS\amd64_microsoft.windows.common-controls_6595b64144ccf1df_6.0.19041.1110_none_60b5254171f9507e;C:\Program Files\Android\Android Studio\jbr\bin\server;C:\Users\ITS\.gradle\native\e1d6ef7f7dcc3fd88c89a11ec53ec762bb8ba0a96d01ffa2cd45eb1d1d8dd5c5\windows-amd64;C:\Users\ITS\.gradle\native\0d407fdbe67a94daf76414ababcb853783967236a71b16ec16e742cd7a986fd3\windows-amd64

VM Arguments:
jvm_args: --add-opens=java.base/java.util=ALL-UNNAMED --add-opens=java.base/java.lang=ALL-UNNAMED --add-opens=java.base/java.lang.invoke=ALL-UNNAMED --add-opens=java.base/java.util=ALL-UNNAMED --add-opens=java.prefs/java.util.prefs=ALL-UNNAMED --add-opens=java.prefs/java.util.prefs=ALL-UNNAMED --add-opens=java.base/java.nio.charset=ALL-UNNAMED --add-opens=java.base/java.net=ALL-UNNAMED --add-opens=java.base/java.util.concurrent.atomic=ALL-UNNAMED -Xmx5120M -Dfile.encoding=windows-1252 -Duser.country=GB -Duser.language=en -Duser.variant 
java_command: org.gradle.launcher.daemon.bootstrap.GradleDaemon 7.4
java_class_path (initial): C:\Users\ITS\.gradle\wrapper\dists\gradle-7.4-all\aadb4xli5jkdsnukm30eibyiu\gradle-7.4\lib\gradle-launcher-7.4.jar
Launcher Type: SUN_STANDARD

[Global flags]
     intx CICompilerCount                          = 4                                         {product} {ergonomic}
     uint ConcGCThreads                            = 2                                         {product} {ergonomic}
     uint G1ConcRefinementThreads                  = 8                                         {product} {ergonomic}
   size_t G1HeapRegionSize                         = 4194304                                   {product} {ergonomic}
    uintx GCDrainStackTargetSize                   = 64                                        {product} {ergonomic}
   size_t InitialHeapSize                          = 134217728                                 {product} {ergonomic}
   size_t MarkStackSize                            = 4194304                                   {product} {ergonomic}
   size_t MaxHeapSize                              = 5368709120                                {product} {command line}
   size_t MaxNewSize                               = 3221225472                                {product} {ergonomic}
   size_t MinHeapDeltaBytes                        = 4194304                                   {product} {ergonomic}
   size_t MinHeapSize                              = 8388608                                   {product} {ergonomic}
    uintx NonNMethodCodeHeapSize                   = 5839372                                {pd product} {ergonomic}
    uintx NonProfiledCodeHeapSize                  = 122909434                              {pd product} {ergonomic}
    uintx ProfiledCodeHeapSize                     = 122909434                              {pd product} {ergonomic}
    uintx ReservedCodeCacheSize                    = 251658240                              {pd product} {ergonomic}
     bool SegmentedCodeCache                       = true                                      {product} {ergonomic}
   size_t SoftMaxHeapSize                          = 5368709120                             {manageable} {ergonomic}
     bool UseCompressedClassPointers               = true                           {product lp64_product} {ergonomic}
     bool UseCompressedOops                        = true                           {product lp64_product} {ergonomic}
     bool UseG1GC                                  = true                                      {product} {ergonomic}
     bool UseLargePagesIndividualAllocation        = false                                  {pd product} {ergonomic}

Logging:
Log output configuration:
 #0: stdout all=warning uptime,level,tags
 #1: stderr all=off uptime,level,tags

Environment Variables:
JAVA_HOME=C:\Program Files\Android\Android Studio\jbr
CLASSPATH=C:\Users\ITS\Documents\Flutter_Projects\p\Flutter-Restaurant(v2.7)\Mobile Source\android\\gradle\wrapper\gradle-wrapper.jar
PATH=C:\Program Files\Common Files\Oracle\Java\javapath;C:\Program Files\Microsoft MPI\Bin\;C:\Windows\system32;C:\Windows;C:\Windows\System32\Wbem;C:\Windows\System32\WindowsPowerShell\v1.0\;C:\Windows\System32\OpenSSH\;C:\Program Files (x86)\Microsoft SQL Server\140\Tools\Binn\;C:\Program Files\Microsoft SQL Server\140\Tools\Binn\;C:\Program Files (x86)\Microsoft SQL Server\140\DTS\Binn\;C:\Program Files\Microsoft SQL Server\140\DTS\Binn\;C:\Program Files\Microsoft SQL Server\Client SDK\ODBC\130\Tools\Binn\;C:\Program Files (x86)\Microsoft SQL Server\150\DTS\Binn\;C:\Program Files\Azure Data Studio\bin;C:\Program Files\Git\cmd;C:\Users\ITS\AppData\Local\Microsoft\WindowsApps;C:\Program Files\Azure Data Studio\bin;C:\flutter\bin;C:\Program Files\Android\Android Studio\jbr\bin\keytool;C:\Users\ITS\AppData\Local\Pub\Cache\bin;C:\Users\ITS\Downloads;C:\Program Files;C:\Program Files\Java\jdk-20;C:\Program Files\Java\jdk-20\bin;C:\Users\ITS\AppData\Local\Programs\Microsoft VS Code\bin;C:\Users\ITS\Downloads\scrcpy-win64-v2.0\scrcpy-win64-v2.0;;C:\flutter\bin\mingit\cmd
USERNAME=ITS
OS=Windows_NT
PROCESSOR_IDENTIFIER=Intel64 Family 6 Model 60 Stepping 3, GenuineIntel
TMP=C:\Users\ITS\AppData\Local\Temp
TEMP=C:\Users\ITS\AppData\Local\Temp



---------------  S Y S T E M  ---------------

OS:
 Windows 10 , 64 bit Build 19041 (10.0.19041.3155)
OS uptime: 0 days 6:32 hours

CPU: total 8 (initial active 8) (4 cores per cpu, 2 threads per core) family 6 model 60 stepping 3 microcode 0x27, cx8, cmov, fxsr, ht, mmx, sse, sse2, sse3, ssse3, sse4.1, sse4.2, popcnt, lzcnt, tsc, tscinvbit, avx, avx2, aes, erms, clmul, bmi1, bmi2, fma, vzeroupper, clflush

Memory: 4k page, system-wide physical 8097M (376M free)
TotalPageFile size 22337M (AvailPageFile size 478M)
current process WorkingSet (physical memory assigned to process): 567M, peak: 666M
current process commit charge ("private bytes"): 843M, peak: 1318M

vm_info: OpenJDK 64-Bit Server VM (17.0.6+0-b2043.56-9586694) for windows-amd64 JRE (17.0.6+0-b2043.56-9586694), built on Feb  9 2023 20:06:20 by "androidbuild" with MS VC++ 16.10 / 16.11 (VS2019)

END.
