#
# There is insufficient memory for the Java Runtime Environment to continue.
# Native memory allocation (mmap) failed to map 8847360 bytes for G1 virtual space
# Possible reasons:
#   The system is out of physical RAM or swap space
#   The process is running with CompressedOops enabled, and the Java Heap may be blocking the growth of the native heap
# Possible solutions:
#   Reduce memory load on the system
#   Increase physical memory or swap space
#   Check if swap backing store is full
#   Decrease Java heap size (-Xmx/-Xms)
#   Decrease number of Java threads
#   Decrease Java thread stack sizes (-Xss)
#   Set larger code cache with -XX:ReservedCodeCacheSize=
#   JVM is running with Zero Based Compressed Oops mode in which the Java heap is
#     placed in the first 32GB address space. The Java Heap base address is the
#     maximum limit for the native heap growth. Please use -XX:HeapBaseMinAddress
#     to set the Java Heap base and to place the Java Heap above 32GB virtual address.
# This output file may be truncated or incomplete.
#
#  Out of Memory Error (os_windows.cpp:3769), pid=6472, tid=14180
#
# JRE version: OpenJDK Runtime Environment (17.0.6) (build 17.0.6+0-b2043.56-9586694)
# Java VM: OpenJDK 64-Bit Server VM (17.0.6+0-b2043.56-9586694, mixed mode, tiered, compressed oops, compressed class ptrs, g1 gc, windows-amd64)
# No core dump will be written. Minidumps are not enabled by default on client versions of Windows
#

---------------  S U M M A R Y ------------

Command Line: --add-opens=java.base/java.util=ALL-UNNAMED --add-opens=java.base/java.lang=ALL-UNNAMED --add-opens=java.base/java.lang.invoke=ALL-UNNAMED --add-opens=java.base/java.util=ALL-UNNAMED --add-opens=java.prefs/java.util.prefs=ALL-UNNAMED --add-opens=java.prefs/java.util.prefs=ALL-UNNAMED --add-opens=java.base/java.nio.charset=ALL-UNNAMED --add-opens=java.base/java.net=ALL-UNNAMED --add-opens=java.base/java.util.concurrent.atomic=ALL-UNNAMED -Xmx5120M -Dfile.encoding=windows-1252 -Duser.country=GB -Duser.language=en -Duser.variant org.gradle.launcher.daemon.bootstrap.GradleDaemon 7.4

Host: Intel(R) Core(TM) i7-4790 CPU @ 3.60GHz, 8 cores, 7G,  Windows 10 , 64 bit Build 19041 (10.0.19041.3155)
Time: Thu Jul 27 14:00:02 2023 GMT Summer Time elapsed time: 45.119453 seconds (0d 0h 0m 45s)

---------------  T H R E A D  ---------------

Current thread (0x00000262c4eb3c70):  VMThread "VM Thread" [stack: 0x000000d5ea100000,0x000000d5ea200000] [id=14180]

Stack: [0x000000d5ea100000,0x000000d5ea200000]
Native frames: (J=compiled Java code, j=interpreted, Vv=VM code, C=native code)
V  [jvm.dll+0x683b4a]
V  [jvm.dll+0x842654]
V  [jvm.dll+0x843dfe]
V  [jvm.dll+0x844463]
V  [jvm.dll+0x249b75]
V  [jvm.dll+0x680a19]
V  [jvm.dll+0x674f0a]
V  [jvm.dll+0x309acb]
V  [jvm.dll+0x310f86]
V  [jvm.dll+0x360918]
V  [jvm.dll+0x360b1f]
V  [jvm.dll+0x2dfbf8]
V  [jvm.dll+0x2ddec4]
V  [jvm.dll+0x2dd4cc]
V  [jvm.dll+0x321f3b]
V  [jvm.dll+0x84893b]
V  [jvm.dll+0x849674]
V  [jvm.dll+0x849b8d]
V  [jvm.dll+0x849f64]
V  [jvm.dll+0x84a030]
V  [jvm.dll+0x7f25fa]
V  [jvm.dll+0x682985]
C  [ucrtbase.dll+0x21bb2]
C  [KERNEL32.DLL+0x17614]
C  [ntdll.dll+0x526b1]

VM_Operation (0x000000d5f42fdbe0): G1CollectForAllocation, mode: safepoint, requested by thread 0x00000262cf665140


---------------  P R O C E S S  ---------------

Threads class SMR info:
_java_thread_list=0x00000262d1022cc0, length=147, elements={
0x00000262a1d7dff0, 0x00000262c4ed6620, 0x00000262c4ed7dc0, 0x00000262c4ec1850,
0x00000262c4ec3220, 0x00000262c58267b0, 0x00000262c5827810, 0x00000262c583e840,
0x00000262c583f140, 0x00000262c5844610, 0x00000262c59a7400, 0x00000262c59ac300,
0x00000262c83d5bb0, 0x00000262c6f4e5e0, 0x00000262c7d285f0, 0x00000262c86b7ad0,
0x00000262c883c7f0, 0x00000262c667ff80, 0x00000262c6680450, 0x00000262c667ec40,
0x00000262c6680920, 0x00000262c6681790, 0x00000262c667f110, 0x00000262c667ddd0,
0x00000262c667e2a0, 0x00000262c6680df0, 0x00000262c66812c0, 0x00000262c667e770,
0x00000262c667f5e0, 0x00000262c667fab0, 0x00000262ca7613d0, 0x00000262ca760a30,
0x00000262ca7618a0, 0x00000262ca761d70, 0x00000262ca75e880, 0x00000262ca762710,
0x00000262ca75d540, 0x00000262ca762240, 0x00000262ca762be0, 0x00000262ca75f6f0,
0x00000262ca75fbc0, 0x00000262ca75b390, 0x00000262ca75da10, 0x00000262ca75c6d0,
0x00000262ca75dee0, 0x00000262ca75b860, 0x00000262ca760090, 0x00000262ca75bd30,
0x00000262ca75c200, 0x00000262ca75cba0, 0x00000262ca75d070, 0x00000262c832d9e0,
0x00000262c8328810, 0x00000262c832f6c0, 0x00000262c832b830, 0x00000262c832b360,
0x00000262c8328ce0, 0x00000262c832a020, 0x00000262c8329b50, 0x00000262c832d510,
0x00000262c832cb70, 0x00000262c832fb90, 0x00000262c832a4f0, 0x00000262c832bd00,
0x00000262c832c1d0, 0x00000262c832d040, 0x00000262c832c6a0, 0x00000262c8329680,
0x00000262c832e380, 0x00000262c832deb0, 0x00000262c832ae90, 0x00000262c832e850,
0x00000262c832ed20, 0x00000262c832f1f0, 0x00000262c8330060, 0x00000262c83291b0,
0x00000262c832a9c0, 0x00000262c88c1810, 0x00000262c88c1ce0, 0x00000262c88c51d0,
0x00000262c88c39c0, 0x00000262c88c34f0, 0x00000262c88c2b50, 0x00000262c88c56a0,
0x00000262c88c81f0, 0x00000262c88c3020, 0x00000262c88c69e0, 0x00000262c88c4360,
0x00000262c88c5b70, 0x00000262c88c6040, 0x00000262c88c21b0, 0x00000262c88c3e90,
0x00000262c88c6eb0, 0x00000262c88c6510, 0x00000262c88c7380, 0x00000262c88c86c0,
0x00000262c88c7850, 0x00000262c88c7d20, 0x00000262c88c4830, 0x00000262c88c4d00,
0x00000262c88c0e70, 0x00000262c88c1340, 0x00000262c88c2680, 0x00000262cb322350,
0x00000262cb320b40, 0x00000262cb31f330, 0x00000262cb3201a0, 0x00000262cb324ea0,
0x00000262cb31d650, 0x00000262cb321010, 0x00000262cb31db20, 0x00000262cb31dff0,
0x00000262cb321e80, 0x00000262cb322820, 0x00000262cb3249d0, 0x00000262cb31e4c0,
0x00000262cb322cf0, 0x00000262cb3231c0, 0x00000262cb31f800, 0x00000262cb31e990,
0x00000262cb31ee60, 0x00000262cb323690, 0x00000262cb31fcd0, 0x00000262cb3214e0,
0x00000262cb324500, 0x00000262cef8cc70, 0x00000262cef892b0, 0x00000262cef8d140,
0x00000262cef8b930, 0x00000262cef8d610, 0x00000262cef89780, 0x00000262cef89c50,
0x00000262cef8dae0, 0x00000262cef8a5f0, 0x00000262cef8e480, 0x00000262cef8aac0,
0x00000262cef8e950, 0x00000262cf665610, 0x00000262cf6642d0, 0x00000262cf668160,
0x00000262cf662ac0, 0x00000262cf669970, 0x00000262cf665ae0, 0x00000262cf665140,
0x00000262cf666480, 0x00000262c6e7a4a0, 0x00000262d39a0230
}

Java Threads: ( => current thread )
  0x00000262a1d7dff0 JavaThread "main" [_thread_blocked, id=13584, stack(0x000000d5e9b00000,0x000000d5e9c00000)]
  0x00000262c4ed6620 JavaThread "Reference Handler" daemon [_thread_blocked, id=32, stack(0x000000d5ea200000,0x000000d5ea300000)]
  0x00000262c4ed7dc0 JavaThread "Finalizer" daemon [_thread_blocked, id=5232, stack(0x000000d5ea300000,0x000000d5ea400000)]
  0x00000262c4ec1850 JavaThread "Signal Dispatcher" daemon [_thread_blocked, id=5024, stack(0x000000d5ea400000,0x000000d5ea500000)]
  0x00000262c4ec3220 JavaThread "Attach Listener" daemon [_thread_blocked, id=2560, stack(0x000000d5ea500000,0x000000d5ea600000)]
  0x00000262c58267b0 JavaThread "Service Thread" daemon [_thread_blocked, id=1588, stack(0x000000d5ea600000,0x000000d5ea700000)]
  0x00000262c5827810 JavaThread "Monitor Deflation Thread" daemon [_thread_blocked, id=9668, stack(0x000000d5ea700000,0x000000d5ea800000)]
  0x00000262c583e840 JavaThread "C2 CompilerThread0" daemon [_thread_blocked, id=3676, stack(0x000000d5ea800000,0x000000d5ea900000)]
  0x00000262c583f140 JavaThread "C1 CompilerThread0" daemon [_thread_blocked, id=12480, stack(0x000000d5ea900000,0x000000d5eaa00000)]
  0x00000262c5844610 JavaThread "Sweeper thread" daemon [_thread_blocked, id=3468, stack(0x000000d5eaa00000,0x000000d5eab00000)]
  0x00000262c59a7400 JavaThread "Common-Cleaner" daemon [_thread_blocked, id=13268, stack(0x000000d5eab00000,0x000000d5eac00000)]
  0x00000262c59ac300 JavaThread "Notification Thread" daemon [_thread_blocked, id=9932, stack(0x000000d5eac00000,0x000000d5ead00000)]
  0x00000262c83d5bb0 JavaThread "Daemon health stats" [_thread_blocked, id=7776, stack(0x000000d5eb400000,0x000000d5eb500000)]
  0x00000262c6f4e5e0 JavaThread "Incoming local TCP Connector on port 62133" [_thread_in_native, id=9452, stack(0x000000d5eb500000,0x000000d5eb600000)]
  0x00000262c7d285f0 JavaThread "Daemon periodic checks" [_thread_blocked, id=10088, stack(0x000000d5eb600000,0x000000d5eb700000)]
  0x00000262c86b7ad0 JavaThread "Daemon" [_thread_blocked, id=9028, stack(0x000000d5eb700000,0x000000d5eb800000)]
  0x00000262c883c7f0 JavaThread "Handler for socket connection from /127.0.0.1:62133 to /127.0.0.1:62134" [_thread_in_native, id=372, stack(0x000000d5eb800000,0x000000d5eb900000)]
  0x00000262c667ff80 JavaThread "Cancel handler" [_thread_blocked, id=10172, stack(0x000000d5eb900000,0x000000d5eba00000)]
  0x00000262c6680450 JavaThread "Daemon worker" [_thread_blocked, id=12580, stack(0x000000d5eba00000,0x000000d5ebb00000)]
  0x00000262c667ec40 JavaThread "Asynchronous log dispatcher for DefaultDaemonConnection: socket connection from /127.0.0.1:62133 to /127.0.0.1:62134" [_thread_blocked, id=9344, stack(0x000000d5ebb00000,0x000000d5ebc00000)]
  0x00000262c6680920 JavaThread "Stdin handler" [_thread_blocked, id=2208, stack(0x000000d5ebc00000,0x000000d5ebd00000)]
  0x00000262c6681790 JavaThread "Daemon client event forwarder" [_thread_blocked, id=12976, stack(0x000000d5ebd00000,0x000000d5ebe00000)]
  0x00000262c667f110 JavaThread "Cache worker for journal cache (C:\Users\ITS\.gradle\caches\journal-1)" [_thread_blocked, id=7848, stack(0x000000d5ec000000,0x000000d5ec100000)]
  0x00000262c667ddd0 JavaThread "File lock request listener" [_thread_in_native, id=12440, stack(0x000000d5ec100000,0x000000d5ec200000)]
  0x00000262c667e2a0 JavaThread "Cache worker for file hash cache (C:\Users\ITS\.gradle\caches\7.4\fileHashes)" [_thread_blocked, id=12424, stack(0x000000d5ec300000,0x000000d5ec400000)]
  0x00000262c6680df0 JavaThread "File watcher server" daemon [_thread_in_native, id=9848, stack(0x000000d5ec500000,0x000000d5ec600000)]
  0x00000262c66812c0 JavaThread "File watcher consumer" daemon [_thread_blocked, id=13632, stack(0x000000d5ec600000,0x000000d5ec700000)]
  0x00000262c667e770 JavaThread "Cache worker for checksums cache (C:\Users\ITS\Documents\Flutter_Projects\p\Flutter-Restaurant(v2.7)\Mobile Source\android\.gradle\7.4\checksums)" [_thread_blocked, id=15180, stack(0x000000d5ec700000,0x000000d5ec800000)]
  0x00000262c667f5e0 JavaThread "Cache worker for cache directory md-rule (C:\Users\ITS\.gradle\caches\7.4\md-rule)" [_thread_blocked, id=12280, stack(0x000000d5ec800000,0x000000d5ec900000)]
  0x00000262c667fab0 JavaThread "Cache worker for file hash cache (C:\Users\ITS\Documents\Flutter_Projects\p\Flutter-Restaurant(v2.7)\Mobile Source\android\.gradle\7.4\fileHashes)" [_thread_blocked, id=2176, stack(0x000000d5ec900000,0x000000d5eca00000)]
  0x00000262ca7613d0 JavaThread "Cache worker for cache directory md-supplier (C:\Users\ITS\.gradle\caches\7.4\md-supplier)" [_thread_blocked, id=10424, stack(0x000000d5eca00000,0x000000d5ecb00000)]
  0x00000262ca760a30 JavaThread "Cache worker for execution history cache (C:\Users\ITS\.gradle\caches\7.4\executionHistory)" [_thread_blocked, id=13768, stack(0x000000d5ecb00000,0x000000d5ecc00000)]
  0x00000262ca7618a0 JavaThread "jar transforms" [_thread_blocked, id=1868, stack(0x000000d5ecc00000,0x000000d5ecd00000)]
  0x00000262ca761d70 JavaThread "jar transforms Thread 2" [_thread_blocked, id=10140, stack(0x000000d5ecd00000,0x000000d5ece00000)]
  0x00000262ca75e880 JavaThread "Cache worker for file content cache (C:\Users\ITS\.gradle\caches\7.4\fileContent)" [_thread_blocked, id=12632, stack(0x000000d5ece00000,0x000000d5ecf00000)]
  0x00000262ca762710 JavaThread "jar transforms Thread 3" [_thread_blocked, id=1620, stack(0x000000d5ecf00000,0x000000d5ed000000)]
  0x00000262ca75d540 JavaThread "jar transforms Thread 4" [_thread_blocked, id=13520, stack(0x000000d5ed000000,0x000000d5ed100000)]
  0x00000262ca762240 JavaThread "Cache worker for dependencies-accessors (C:\Users\ITS\Documents\Flutter_Projects\p\Flutter-Restaurant(v2.7)\Mobile Source\android\.gradle\7.4\dependencies-accessors)" [_thread_blocked, id=11640, stack(0x000000d5ed100000,0x000000d5ed200000)]
  0x00000262ca762be0 JavaThread "jar transforms Thread 5" [_thread_blocked, id=11656, stack(0x000000d5ed200000,0x000000d5ed300000)]
  0x00000262ca75f6f0 JavaThread "Cache worker for Build Output Cleanup Cache (C:\Users\ITS\Documents\Flutter_Projects\p\Flutter-Restaurant(v2.7)\Mobile Source\android\.gradle\buildOutputCleanup)" [_thread_blocked, id=12572, stack(0x000000d5ed300000,0x000000d5ed400000)]
  0x00000262ca75fbc0 JavaThread "Unconstrained build operations" [_thread_blocked, id=3228, stack(0x000000d5ed400000,0x000000d5ed500000)]
  0x00000262ca75b390 JavaThread "Unconstrained build operations Thread 2" [_thread_blocked, id=2700, stack(0x000000d5ed500000,0x000000d5ed600000)]
  0x00000262ca75da10 JavaThread "Unconstrained build operations Thread 3" [_thread_blocked, id=6396, stack(0x000000d5ed600000,0x000000d5ed700000)]
  0x00000262ca75c6d0 JavaThread "Unconstrained build operations Thread 4" [_thread_blocked, id=3196, stack(0x000000d5ed700000,0x000000d5ed800000)]
  0x00000262ca75dee0 JavaThread "Unconstrained build operations Thread 5" [_thread_blocked, id=1848, stack(0x000000d5ed800000,0x000000d5ed900000)]
  0x00000262ca75b860 JavaThread "Unconstrained build operations Thread 6" [_thread_blocked, id=13228, stack(0x000000d5ed900000,0x000000d5eda00000)]
  0x00000262ca760090 JavaThread "Unconstrained build operations Thread 7" [_thread_blocked, id=8488, stack(0x000000d5eda00000,0x000000d5edb00000)]
  0x00000262ca75bd30 JavaThread "Unconstrained build operations Thread 8" [_thread_blocked, id=14584, stack(0x000000d5edb00000,0x000000d5edc00000)]
  0x00000262ca75c200 JavaThread "Unconstrained build operations Thread 9" [_thread_blocked, id=2564, stack(0x000000d5edc00000,0x000000d5edd00000)]
  0x00000262ca75cba0 JavaThread "Unconstrained build operations Thread 10" [_thread_blocked, id=9376, stack(0x000000d5edd00000,0x000000d5ede00000)]
  0x00000262ca75d070 JavaThread "Unconstrained build operations Thread 11" [_thread_blocked, id=10452, stack(0x000000d5ede00000,0x000000d5edf00000)]
  0x00000262c832d9e0 JavaThread "Unconstrained build operations Thread 12" [_thread_blocked, id=8112, stack(0x000000d5edf00000,0x000000d5ee000000)]
  0x00000262c8328810 JavaThread "Unconstrained build operations Thread 13" [_thread_blocked, id=13828, stack(0x000000d5ee000000,0x000000d5ee100000)]
  0x00000262c832f6c0 JavaThread "Unconstrained build operations Thread 14" [_thread_blocked, id=13008, stack(0x000000d5ee100000,0x000000d5ee200000)]
  0x00000262c832b830 JavaThread "Unconstrained build operations Thread 15" [_thread_blocked, id=9484, stack(0x000000d5ee200000,0x000000d5ee300000)]
  0x00000262c832b360 JavaThread "Unconstrained build operations Thread 16" [_thread_blocked, id=2052, stack(0x000000d5ee300000,0x000000d5ee400000)]
  0x00000262c8328ce0 JavaThread "Unconstrained build operations Thread 17" [_thread_blocked, id=13184, stack(0x000000d5ee400000,0x000000d5ee500000)]
  0x00000262c832a020 JavaThread "Unconstrained build operations Thread 18" [_thread_blocked, id=2180, stack(0x000000d5ee500000,0x000000d5ee600000)]
  0x00000262c8329b50 JavaThread "Unconstrained build operations Thread 19" [_thread_blocked, id=12176, stack(0x000000d5ee600000,0x000000d5ee700000)]
  0x00000262c832d510 JavaThread "Unconstrained build operations Thread 20" [_thread_blocked, id=12664, stack(0x000000d5ee700000,0x000000d5ee800000)]
  0x00000262c832cb70 JavaThread "Unconstrained build operations Thread 21" [_thread_blocked, id=4768, stack(0x000000d5ee800000,0x000000d5ee900000)]
  0x00000262c832fb90 JavaThread "Unconstrained build operations Thread 22" [_thread_blocked, id=10464, stack(0x000000d5ee900000,0x000000d5eea00000)]
  0x00000262c832a4f0 JavaThread "Unconstrained build operations Thread 23" [_thread_blocked, id=3748, stack(0x000000d5eea00000,0x000000d5eeb00000)]
  0x00000262c832bd00 JavaThread "Unconstrained build operations Thread 24" [_thread_blocked, id=12712, stack(0x000000d5eeb00000,0x000000d5eec00000)]
  0x00000262c832c1d0 JavaThread "Unconstrained build operations Thread 25" [_thread_blocked, id=11136, stack(0x000000d5eec00000,0x000000d5eed00000)]
  0x00000262c832d040 JavaThread "Unconstrained build operations Thread 26" [_thread_blocked, id=10456, stack(0x000000d5eed00000,0x000000d5eee00000)]
  0x00000262c832c6a0 JavaThread "Unconstrained build operations Thread 27" [_thread_blocked, id=10744, stack(0x000000d5eee00000,0x000000d5eef00000)]
  0x00000262c8329680 JavaThread "Unconstrained build operations Thread 28" [_thread_blocked, id=5804, stack(0x000000d5eef00000,0x000000d5ef000000)]
  0x00000262c832e380 JavaThread "Unconstrained build operations Thread 29" [_thread_blocked, id=14488, stack(0x000000d5ef000000,0x000000d5ef100000)]
  0x00000262c832deb0 JavaThread "Unconstrained build operations Thread 30" [_thread_blocked, id=1712, stack(0x000000d5ef100000,0x000000d5ef200000)]
  0x00000262c832ae90 JavaThread "Unconstrained build operations Thread 31" [_thread_blocked, id=11204, stack(0x000000d5ef200000,0x000000d5ef300000)]
  0x00000262c832e850 JavaThread "Unconstrained build operations Thread 32" [_thread_blocked, id=11552, stack(0x000000d5ef300000,0x000000d5ef400000)]
  0x00000262c832ed20 JavaThread "Unconstrained build operations Thread 33" [_thread_blocked, id=7264, stack(0x000000d5ef400000,0x000000d5ef500000)]
  0x00000262c832f1f0 JavaThread "Unconstrained build operations Thread 34" [_thread_blocked, id=14740, stack(0x000000d5ef500000,0x000000d5ef600000)]
  0x00000262c8330060 JavaThread "Unconstrained build operations Thread 35" [_thread_blocked, id=8348, stack(0x000000d5ef600000,0x000000d5ef700000)]
  0x00000262c83291b0 JavaThread "Unconstrained build operations Thread 36" [_thread_blocked, id=4444, stack(0x000000d5ef700000,0x000000d5ef800000)]
  0x00000262c832a9c0 JavaThread "Unconstrained build operations Thread 37" [_thread_blocked, id=11376, stack(0x000000d5ef800000,0x000000d5ef900000)]
  0x00000262c88c1810 JavaThread "Unconstrained build operations Thread 38" [_thread_blocked, id=1312, stack(0x000000d5ef900000,0x000000d5efa00000)]
  0x00000262c88c1ce0 JavaThread "Unconstrained build operations Thread 39" [_thread_blocked, id=10360, stack(0x000000d5efa00000,0x000000d5efb00000)]
  0x00000262c88c51d0 JavaThread "Unconstrained build operations Thread 40" [_thread_blocked, id=13988, stack(0x000000d5efb00000,0x000000d5efc00000)]
  0x00000262c88c39c0 JavaThread "Unconstrained build operations Thread 41" [_thread_blocked, id=10364, stack(0x000000d5efc00000,0x000000d5efd00000)]
  0x00000262c88c34f0 JavaThread "Unconstrained build operations Thread 42" [_thread_blocked, id=3928, stack(0x000000d5efd00000,0x000000d5efe00000)]
  0x00000262c88c2b50 JavaThread "Unconstrained build operations Thread 43" [_thread_blocked, id=4384, stack(0x000000d5efe00000,0x000000d5eff00000)]
  0x00000262c88c56a0 JavaThread "Unconstrained build operations Thread 44" [_thread_blocked, id=6948, stack(0x000000d5eff00000,0x000000d5f0000000)]
  0x00000262c88c81f0 JavaThread "Unconstrained build operations Thread 45" [_thread_blocked, id=5324, stack(0x000000d5f0000000,0x000000d5f0100000)]
  0x00000262c88c3020 JavaThread "Unconstrained build operations Thread 46" [_thread_blocked, id=11536, stack(0x000000d5f0100000,0x000000d5f0200000)]
  0x00000262c88c69e0 JavaThread "Unconstrained build operations Thread 47" [_thread_blocked, id=11680, stack(0x000000d5f0200000,0x000000d5f0300000)]
  0x00000262c88c4360 JavaThread "Unconstrained build operations Thread 48" [_thread_blocked, id=15144, stack(0x000000d5f0300000,0x000000d5f0400000)]
  0x00000262c88c5b70 JavaThread "Unconstrained build operations Thread 49" [_thread_blocked, id=15064, stack(0x000000d5f0400000,0x000000d5f0500000)]
  0x00000262c88c6040 JavaThread "Unconstrained build operations Thread 50" [_thread_blocked, id=3924, stack(0x000000d5f0500000,0x000000d5f0600000)]
  0x00000262c88c21b0 JavaThread "Unconstrained build operations Thread 51" [_thread_blocked, id=8784, stack(0x000000d5f0600000,0x000000d5f0700000)]
  0x00000262c88c3e90 JavaThread "Unconstrained build operations Thread 52" [_thread_blocked, id=1556, stack(0x000000d5f0700000,0x000000d5f0800000)]
  0x00000262c88c6eb0 JavaThread "Unconstrained build operations Thread 53" [_thread_blocked, id=10800, stack(0x000000d5f0800000,0x000000d5f0900000)]
  0x00000262c88c6510 JavaThread "Unconstrained build operations Thread 54" [_thread_blocked, id=3344, stack(0x000000d5f0900000,0x000000d5f0a00000)]
  0x00000262c88c7380 JavaThread "Unconstrained build operations Thread 55" [_thread_blocked, id=10096, stack(0x000000d5f0a00000,0x000000d5f0b00000)]
  0x00000262c88c86c0 JavaThread "Unconstrained build operations Thread 56" [_thread_blocked, id=1792, stack(0x000000d5f0b00000,0x000000d5f0c00000)]
  0x00000262c88c7850 JavaThread "Unconstrained build operations Thread 57" [_thread_blocked, id=7472, stack(0x000000d5f0c00000,0x000000d5f0d00000)]
  0x00000262c88c7d20 JavaThread "Unconstrained build operations Thread 58" [_thread_blocked, id=7528, stack(0x000000d5f0d00000,0x000000d5f0e00000)]
  0x00000262c88c4830 JavaThread "Unconstrained build operations Thread 59" [_thread_blocked, id=13248, stack(0x000000d5f0e00000,0x000000d5f0f00000)]
  0x00000262c88c4d00 JavaThread "Unconstrained build operations Thread 60" [_thread_blocked, id=3404, stack(0x000000d5f0f00000,0x000000d5f1000000)]
  0x00000262c88c0e70 JavaThread "Unconstrained build operations Thread 61" [_thread_blocked, id=13420, stack(0x000000d5f1000000,0x000000d5f1100000)]
  0x00000262c88c1340 JavaThread "Unconstrained build operations Thread 62" [_thread_blocked, id=9788, stack(0x000000d5f1100000,0x000000d5f1200000)]
  0x00000262c88c2680 JavaThread "Unconstrained build operations Thread 63" [_thread_blocked, id=5308, stack(0x000000d5f1200000,0x000000d5f1300000)]
  0x00000262cb322350 JavaThread "Unconstrained build operations Thread 64" [_thread_blocked, id=14124, stack(0x000000d5f1300000,0x000000d5f1400000)]
  0x00000262cb320b40 JavaThread "Unconstrained build operations Thread 65" [_thread_blocked, id=8860, stack(0x000000d5f1400000,0x000000d5f1500000)]
  0x00000262cb31f330 JavaThread "Unconstrained build operations Thread 66" [_thread_blocked, id=1552, stack(0x000000d5f1500000,0x000000d5f1600000)]
  0x00000262cb3201a0 JavaThread "Unconstrained build operations Thread 67" [_thread_blocked, id=10128, stack(0x000000d5f1600000,0x000000d5f1700000)]
  0x00000262cb324ea0 JavaThread "Unconstrained build operations Thread 68" [_thread_blocked, id=6032, stack(0x000000d5f1700000,0x000000d5f1800000)]
  0x00000262cb31d650 JavaThread "Unconstrained build operations Thread 69" [_thread_blocked, id=3056, stack(0x000000d5f1800000,0x000000d5f1900000)]
  0x00000262cb321010 JavaThread "Unconstrained build operations Thread 70" [_thread_blocked, id=14388, stack(0x000000d5f1900000,0x000000d5f1a00000)]
  0x00000262cb31db20 JavaThread "Unconstrained build operations Thread 71" [_thread_blocked, id=7240, stack(0x000000d5f1a00000,0x000000d5f1b00000)]
  0x00000262cb31dff0 JavaThread "Unconstrained build operations Thread 72" [_thread_blocked, id=11492, stack(0x000000d5f1b00000,0x000000d5f1c00000)]
  0x00000262cb321e80 JavaThread "Unconstrained build operations Thread 73" [_thread_blocked, id=3440, stack(0x000000d5f1c00000,0x000000d5f1d00000)]
  0x00000262cb322820 JavaThread "Unconstrained build operations Thread 74" [_thread_blocked, id=976, stack(0x000000d5f1d00000,0x000000d5f1e00000)]
  0x00000262cb3249d0 JavaThread "Unconstrained build operations Thread 75" [_thread_blocked, id=3844, stack(0x000000d5f1e00000,0x000000d5f1f00000)]
  0x00000262cb31e4c0 JavaThread "Unconstrained build operations Thread 76" [_thread_blocked, id=12868, stack(0x000000d5f1f00000,0x000000d5f2000000)]
  0x00000262cb322cf0 JavaThread "Unconstrained build operations Thread 77" [_thread_blocked, id=7720, stack(0x000000d5f2000000,0x000000d5f2100000)]
  0x00000262cb3231c0 JavaThread "Unconstrained build operations Thread 78" [_thread_blocked, id=10340, stack(0x000000d5f2100000,0x000000d5f2200000)]
  0x00000262cb31f800 JavaThread "Unconstrained build operations Thread 79" [_thread_blocked, id=1196, stack(0x000000d5f2200000,0x000000d5f2300000)]
  0x00000262cb31e990 JavaThread "Unconstrained build operations Thread 80" [_thread_blocked, id=1396, stack(0x000000d5f2300000,0x000000d5f2400000)]
  0x00000262cb31ee60 JavaThread "jar transforms Thread 6" [_thread_blocked, id=11312, stack(0x000000d5f2400000,0x000000d5f2500000)]
  0x00000262cb323690 JavaThread "jar transforms Thread 7" [_thread_blocked, id=7484, stack(0x000000d5f2500000,0x000000d5f2600000)]
  0x00000262cb31fcd0 JavaThread "jar transforms Thread 8" [_thread_blocked, id=12512, stack(0x000000d5f2600000,0x000000d5f2700000)]
  0x00000262cb3214e0 JavaThread "Memory manager" [_thread_blocked, id=13516, stack(0x000000d5f2700000,0x000000d5f2800000)]
  0x00000262cb324500 JavaThread "Cache worker for kotlin-dsl (C:\Users\ITS\.gradle\caches\7.4\kotlin-dsl)" [_thread_blocked, id=11088, stack(0x000000d5f2800000,0x000000d5f2900000)]
  0x00000262cef8cc70 JavaThread "included builds" [_thread_blocked, id=9132, stack(0x000000d5f2d00000,0x000000d5f2e00000)]
  0x00000262cef892b0 JavaThread "Execution worker for ':'" [_thread_blocked, id=6840, stack(0x000000d5f2e00000,0x000000d5f2f00000)]
  0x00000262cef8d140 JavaThread "Execution worker for ':' Thread 2" [_thread_blocked, id=1100, stack(0x000000d5f2f00000,0x000000d5f3000000)]
  0x00000262cef8b930 JavaThread "Execution worker for ':' Thread 3" [_thread_blocked, id=13848, stack(0x000000d5f3000000,0x000000d5f3100000)]
  0x00000262cef8d610 JavaThread "Execution worker for ':' Thread 4" [_thread_blocked, id=1464, stack(0x000000d5f3100000,0x000000d5f3200000)]
  0x00000262cef89780 JavaThread "Execution worker for ':' Thread 5" [_thread_blocked, id=5988, stack(0x000000d5f3200000,0x000000d5f3300000)]
  0x00000262cef89c50 JavaThread "Execution worker for ':' Thread 6" [_thread_blocked, id=2456, stack(0x000000d5f3300000,0x000000d5f3400000)]
  0x00000262cef8dae0 JavaThread "Execution worker for ':' Thread 7" [_thread_blocked, id=11304, stack(0x000000d5f3400000,0x000000d5f3500000)]
  0x00000262cef8a5f0 JavaThread "Cache worker for execution history cache (C:\Users\ITS\Documents\Flutter_Projects\p\Flutter-Restaurant(v2.7)\Mobile Source\android\.gradle\7.4\executionHistory)" [_thread_blocked, id=15096, stack(0x000000d5f3500000,0x000000d5f3600000)]
  0x00000262cef8e480 JavaThread "Exec process" [_thread_blocked, id=15208, stack(0x000000d5f3600000,0x000000d5f3700000)]
  0x00000262cef8aac0 JavaThread "Exec process Thread 2" [_thread_blocked, id=11164, stack(0x000000d5f3700000,0x000000d5f3800000)]
  0x00000262cef8e950 JavaThread "Exec process Thread 3" [_thread_blocked, id=11848, stack(0x000000d5f3800000,0x000000d5f3900000)]
  0x00000262cf665610 JavaThread "WorkerExecutor Queue" [_thread_blocked, id=12600, stack(0x000000d5f3b00000,0x000000d5f3c00000)]
  0x00000262cf6642d0 JavaThread "WorkerExecutor Queue Thread 2" [_thread_blocked, id=15300, stack(0x000000d5f3c00000,0x000000d5f3d00000)]
  0x00000262cf668160 JavaThread "WorkerExecutor Queue Thread 3" [_thread_blocked, id=14868, stack(0x000000d5f3d00000,0x000000d5f3e00000)]
  0x00000262cf662ac0 JavaThread "WorkerExecutor Queue Thread 5" [_thread_blocked, id=9692, stack(0x000000d5f3f00000,0x000000d5f4000000)]
  0x00000262cf669970 JavaThread "WorkerExecutor Queue Thread 6" [_thread_blocked, id=9844, stack(0x000000d5f4000000,0x000000d5f4100000)]
  0x00000262cf665ae0 JavaThread "WorkerExecutor Queue Thread 7" [_thread_blocked, id=7376, stack(0x000000d5f4100000,0x000000d5f4200000)]
  0x00000262cf665140 JavaThread "WorkerExecutor Queue Thread 8" [_thread_blocked, id=1644, stack(0x000000d5f4200000,0x000000d5f4300000)]
  0x00000262cf666480 JavaThread "WorkerExecutor Queue Thread 9" [_thread_blocked, id=13492, stack(0x000000d5f4300000,0x000000d5f4400000)]
  0x00000262c6e7a4a0 JavaThread "C2 CompilerThread1" daemon [_thread_blocked, id=4224, stack(0x000000d5eae00000,0x000000d5eaf00000)]
  0x00000262d39a0230 JavaThread "C2 CompilerThread2" daemon [_thread_in_native, id=1088, stack(0x000000d5ec400000,0x000000d5ec500000)]

Other Threads:
=>0x00000262c4eb3c70 VMThread "VM Thread" [stack: 0x000000d5ea100000,0x000000d5ea200000] [id=14180]
  0x00000262c59ae7e0 WatcherThread [stack: 0x000000d5ead00000,0x000000d5eae00000] [id=15288]
  0x00000262a3ee7950 GCTaskThread "GC Thread#0" [stack: 0x000000d5e9c00000,0x000000d5e9d00000] [id=13448]
  0x00000262c65026f0 GCTaskThread "GC Thread#1" [stack: 0x000000d5eb000000,0x000000d5eb100000] [id=8280]
  0x00000262c68b1630 GCTaskThread "GC Thread#2" [stack: 0x000000d5eb100000,0x000000d5eb200000] [id=8844]
  0x00000262c697f7b0 GCTaskThread "GC Thread#3" [stack: 0x000000d5eb200000,0x000000d5eb300000] [id=10676]
  0x00000262c5bad310 GCTaskThread "GC Thread#4" [stack: 0x000000d5eb300000,0x000000d5eb400000] [id=4080]
  0x00000262c6c8c500 GCTaskThread "GC Thread#5" [stack: 0x000000d5eaf00000,0x000000d5eb000000] [id=10612]
  0x00000262c731c7d0 GCTaskThread "GC Thread#6" [stack: 0x000000d5ebe00000,0x000000d5ebf00000] [id=10152]
  0x00000262c5f6cd40 GCTaskThread "GC Thread#7" [stack: 0x000000d5ebf00000,0x000000d5ec000000] [id=5244]
  0x00000262a3ef27a0 ConcurrentGCThread "G1 Main Marker" [stack: 0x000000d5e9d00000,0x000000d5e9e00000] [id=12164]
  0x00000262a3ef30c0 ConcurrentGCThread "G1 Conc#0" [stack: 0x000000d5e9e00000,0x000000d5e9f00000] [id=11988]
  0x00000262c8666f10 ConcurrentGCThread "G1 Conc#1" [stack: 0x000000d5ec200000,0x000000d5ec300000] [id=3464]
  0x00000262c4d10090 ConcurrentGCThread "G1 Refine#0" [stack: 0x000000d5e9f00000,0x000000d5ea000000] [id=14548]
  0x00000262cf6b1500 ConcurrentGCThread "G1 Refine#1" [stack: 0x000000d5f2900000,0x000000d5f2a00000] [id=9980]
  0x00000262cf6b00e0 ConcurrentGCThread "G1 Refine#2" [stack: 0x000000d5f2a00000,0x000000d5f2b00000] [id=13308]
  0x00000262cf6afe00 ConcurrentGCThread "G1 Refine#3" [stack: 0x000000d5f2b00000,0x000000d5f2c00000] [id=3472]
  0x00000262cf6b1da0 ConcurrentGCThread "G1 Refine#4" [stack: 0x000000d5f2c00000,0x000000d5f2d00000] [id=10956]
  0x00000262c4d109c0 ConcurrentGCThread "G1 Service" [stack: 0x000000d5ea000000,0x000000d5ea100000] [id=12544]

Threads with active compile tasks:
C2 CompilerThread0    45156 21743   !   4       java.nio.charset.CharsetDecoder::decode (275 bytes)
C2 CompilerThread1    45156 21721       4       org.gradle.api.internal.artifacts.transform.TransformingAsyncArtifactListener$TransformedArtifact::lambda$visit$1 (65 bytes)
C2 CompilerThread2    45156 21751       4       org.gradle.api.internal.file.AbstractFileCollection$2::visitCollection (43 bytes)

VM state: at safepoint (normal execution)

VM Mutex/Monitor currently owned by a thread:  ([mutex/lock_event])
[0x00000262a1d7aec0] Threads_lock - owner thread: 0x00000262c4eb3c70
[0x00000262a1d7afe0] Heap_lock - owner thread: 0x00000262cf665140

Heap address: 0x00000006c0000000, size: 5120 MB, Compressed Oops mode: Zero based, Oop shift amount: 3

CDS archive(s) not mapped
Compressed class space mapped at: 0x0000000800000000-0x0000000840000000, reserved size: 1073741824
Narrow klass base: 0x0000000800000000, Narrow klass shift: 0, Narrow klass range: 0x40000000

GC Precious Log:
 CPUs: 8 total, 8 available
 Memory: 8097M
 Large Page Support: Disabled
 NUMA Support: Disabled
 Compressed Oops: Enabled (Zero based)
 Heap Region Size: 4M
 Heap Min Capacity: 8M
 Heap Initial Capacity: 128M
 Heap Max Capacity: 5G
 Pre-touch: Disabled
 Parallel Workers: 8
 Concurrent Workers: 2
 Concurrent Refinement Workers: 8
 Periodic GC: Disabled

Heap:
 garbage-first heap   total 839680K, used 596654K [0x00000006c0000000, 0x0000000800000000)
  region size 4096K, 5 young (20480K), 5 survivors (20480K)
 Metaspace       used 111238K, committed 113408K, reserved 1146880K
  class space    used 15185K, committed 16064K, reserved 1048576K

Heap Regions: E=young(eden), S=young(survivor), O=old, HS=humongous(starts), HC=humongous(continues), CS=collection set, F=free, OA=open archive, CA=closed archive, TAMS=top-at-mark-start (previous, next)
|   0|0x00000006c0000000, 0x00000006c0400000, 0x00000006c0400000|100%| O|  |TAMS 0x00000006c0400000, 0x00000006c0400000| Untracked 
|   1|0x00000006c0400000, 0x00000006c0800000, 0x00000006c0800000|100%|HS|  |TAMS 0x00000006c0800000, 0x00000006c0800000| Complete 
|   2|0x00000006c0800000, 0x00000006c0c00000, 0x00000006c0c00000|100%| O|  |TAMS 0x00000006c0c00000, 0x00000006c0c00000| Untracked 
|   3|0x00000006c0c00000, 0x00000006c1000000, 0x00000006c1000000|100%| O|  |TAMS 0x00000006c1000000, 0x00000006c1000000| Untracked 
|   4|0x00000006c1000000, 0x00000006c1400000, 0x00000006c1400000|100%| O|  |TAMS 0x00000006c1400000, 0x00000006c1400000| Untracked 
|   5|0x00000006c1400000, 0x00000006c1800000, 0x00000006c1800000|100%| O|  |TAMS 0x00000006c1800000, 0x00000006c1800000| Untracked 
|   6|0x00000006c1800000, 0x00000006c1c00000, 0x00000006c1c00000|100%| O|  |TAMS 0x00000006c1c00000, 0x00000006c1c00000| Untracked 
|   7|0x00000006c1c00000, 0x00000006c2000000, 0x00000006c2000000|100%| O|  |TAMS 0x00000006c2000000, 0x00000006c2000000| Untracked 
|   8|0x00000006c2000000, 0x00000006c2400000, 0x00000006c2400000|100%|HS|  |TAMS 0x00000006c2400000, 0x00000006c2400000| Complete 
|   9|0x00000006c2400000, 0x00000006c2800000, 0x00000006c2800000|100%| O|  |TAMS 0x00000006c2800000, 0x00000006c2800000| Untracked 
|  10|0x00000006c2800000, 0x00000006c2c00000, 0x00000006c2c00000|100%| O|  |TAMS 0x00000006c2c00000, 0x00000006c2c00000| Untracked 
|  11|0x00000006c2c00000, 0x00000006c3000000, 0x00000006c3000000|100%| O|  |TAMS 0x00000006c3000000, 0x00000006c3000000| Untracked 
|  12|0x00000006c3000000, 0x00000006c3400000, 0x00000006c3400000|100%| O|  |TAMS 0x00000006c3400000, 0x00000006c3400000| Untracked 
|  13|0x00000006c3400000, 0x00000006c3800000, 0x00000006c3800000|100%| O|  |TAMS 0x00000006c3800000, 0x00000006c3800000| Untracked 
|  14|0x00000006c3800000, 0x00000006c3c00000, 0x00000006c3c00000|100%| O|  |TAMS 0x00000006c3c00000, 0x00000006c3c00000| Untracked 
|  15|0x00000006c3c00000, 0x00000006c4000000, 0x00000006c4000000|100%| O|  |TAMS 0x00000006c4000000, 0x00000006c4000000| Untracked 
|  16|0x00000006c4000000, 0x00000006c4400000, 0x00000006c4400000|100%| O|  |TAMS 0x00000006c4400000, 0x00000006c4400000| Untracked 
|  17|0x00000006c4400000, 0x00000006c4800000, 0x00000006c4800000|100%| O|  |TAMS 0x00000006c4800000, 0x00000006c4800000| Untracked 
|  18|0x00000006c4800000, 0x00000006c4c00000, 0x00000006c4c00000|100%| O|  |TAMS 0x00000006c4c00000, 0x00000006c4c00000| Untracked 
|  19|0x00000006c4c00000, 0x00000006c5000000, 0x00000006c5000000|100%| O|  |TAMS 0x00000006c5000000, 0x00000006c5000000| Untracked 
|  20|0x00000006c5000000, 0x00000006c5400000, 0x00000006c5400000|100%| O|  |TAMS 0x00000006c5400000, 0x00000006c5400000| Untracked 
|  21|0x00000006c5400000, 0x00000006c5800000, 0x00000006c5800000|100%| O|  |TAMS 0x00000006c5800000, 0x00000006c5800000| Untracked 
|  22|0x00000006c5800000, 0x00000006c5c00000, 0x00000006c5c00000|100%| O|  |TAMS 0x00000006c5c00000, 0x00000006c5c00000| Untracked 
|  23|0x00000006c5c00000, 0x00000006c6000000, 0x00000006c6000000|100%| O|  |TAMS 0x00000006c6000000, 0x00000006c6000000| Untracked 
|  24|0x00000006c6000000, 0x00000006c6400000, 0x00000006c6400000|100%| O|  |TAMS 0x00000006c6400000, 0x00000006c6400000| Untracked 
|  25|0x00000006c6400000, 0x00000006c6800000, 0x00000006c6800000|100%| O|  |TAMS 0x00000006c6800000, 0x00000006c6800000| Untracked 
|  26|0x00000006c6800000, 0x00000006c6c00000, 0x00000006c6c00000|100%| O|  |TAMS 0x00000006c6c00000, 0x00000006c6c00000| Untracked 
|  27|0x00000006c6c00000, 0x00000006c7000000, 0x00000006c7000000|100%| O|  |TAMS 0x00000006c7000000, 0x00000006c7000000| Untracked 
|  28|0x00000006c7000000, 0x00000006c7400000, 0x00000006c7400000|100%| O|  |TAMS 0x00000006c7400000, 0x00000006c7400000| Untracked 
|  29|0x00000006c7400000, 0x00000006c7800000, 0x00000006c7800000|100%| O|  |TAMS 0x00000006c7800000, 0x00000006c7800000| Untracked 
|  30|0x00000006c7800000, 0x00000006c7c00000, 0x00000006c7c00000|100%| O|  |TAMS 0x00000006c7c00000, 0x00000006c7c00000| Untracked 
|  31|0x00000006c7c00000, 0x00000006c8000000, 0x00000006c8000000|100%| O|  |TAMS 0x00000006c8000000, 0x00000006c8000000| Untracked 
|  32|0x00000006c8000000, 0x00000006c8400000, 0x00000006c8400000|100%| O|  |TAMS 0x00000006c8400000, 0x00000006c8400000| Untracked 
|  33|0x00000006c8400000, 0x00000006c8800000, 0x00000006c8800000|100%|HS|  |TAMS 0x00000006c8800000, 0x00000006c8800000| Complete 
|  34|0x00000006c8800000, 0x00000006c8c00000, 0x00000006c8c00000|100%| O|  |TAMS 0x00000006c8c00000, 0x00000006c8c00000| Untracked 
|  35|0x00000006c8c00000, 0x00000006c9000000, 0x00000006c9000000|100%| O|  |TAMS 0x00000006c9000000, 0x00000006c9000000| Untracked 
|  36|0x00000006c9000000, 0x00000006c9400000, 0x00000006c9400000|100%| O|  |TAMS 0x00000006c9400000, 0x00000006c9400000| Untracked 
|  37|0x00000006c9400000, 0x00000006c9800000, 0x00000006c9800000|100%| O|  |TAMS 0x00000006c9800000, 0x00000006c9800000| Untracked 
|  38|0x00000006c9800000, 0x00000006c9c00000, 0x00000006c9c00000|100%| O|  |TAMS 0x00000006c9c00000, 0x00000006c9c00000| Untracked 
|  39|0x00000006c9c00000, 0x00000006ca000000, 0x00000006ca000000|100%| O|  |TAMS 0x00000006ca000000, 0x00000006ca000000| Untracked 
|  40|0x00000006ca000000, 0x00000006ca400000, 0x00000006ca400000|100%| O|  |TAMS 0x00000006ca400000, 0x00000006ca400000| Untracked 
|  41|0x00000006ca400000, 0x00000006ca800000, 0x00000006ca800000|100%| O|  |TAMS 0x00000006ca800000, 0x00000006ca800000| Untracked 
|  42|0x00000006ca800000, 0x00000006cac00000, 0x00000006cac00000|100%| O|  |TAMS 0x00000006cac00000, 0x00000006cac00000| Untracked 
|  43|0x00000006cac00000, 0x00000006cb000000, 0x00000006cb000000|100%| O|  |TAMS 0x00000006cb000000, 0x00000006cb000000| Untracked 
|  44|0x00000006cb000000, 0x00000006cb400000, 0x00000006cb400000|100%| O|  |TAMS 0x00000006cb400000, 0x00000006cb400000| Untracked 
|  45|0x00000006cb400000, 0x00000006cb800000, 0x00000006cb800000|100%| O|  |TAMS 0x00000006cb800000, 0x00000006cb800000| Untracked 
|  46|0x00000006cb800000, 0x00000006cbc00000, 0x00000006cbc00000|100%| O|  |TAMS 0x00000006cbc00000, 0x00000006cbc00000| Untracked 
|  47|0x00000006cbc00000, 0x00000006cc000000, 0x00000006cc000000|100%| O|  |TAMS 0x00000006cc000000, 0x00000006cc000000| Untracked 
|  48|0x00000006cc000000, 0x00000006cc400000, 0x00000006cc400000|100%| O|  |TAMS 0x00000006cc400000, 0x00000006cc400000| Untracked 
|  49|0x00000006cc400000, 0x00000006cc800000, 0x00000006cc800000|100%| O|  |TAMS 0x00000006cc800000, 0x00000006cc800000| Untracked 
|  50|0x00000006cc800000, 0x00000006cc800000, 0x00000006ccc00000|  0%| F|  |TAMS 0x00000006cc800000, 0x00000006cc800000| Untracked 
|  51|0x00000006ccc00000, 0x00000006cd000000, 0x00000006cd000000|100%| O|  |TAMS 0x00000006cd000000, 0x00000006cd000000| Untracked 
|  52|0x00000006cd000000, 0x00000006cd400000, 0x00000006cd400000|100%| O|  |TAMS 0x00000006cd400000, 0x00000006cd400000| Untracked 
|  53|0x00000006cd400000, 0x00000006cd400000, 0x00000006cd800000|  0%| F|  |TAMS 0x00000006cd400000, 0x00000006cd400000| Untracked 
|  54|0x00000006cd800000, 0x00000006cdc00000, 0x00000006cdc00000|100%| O|  |TAMS 0x00000006cdc00000, 0x00000006cdc00000| Untracked 
|  55|0x00000006cdc00000, 0x00000006ce000000, 0x00000006ce000000|100%| O|  |TAMS 0x00000006ce000000, 0x00000006ce000000| Untracked 
|  56|0x00000006ce000000, 0x00000006ce400000, 0x00000006ce400000|100%| O|  |TAMS 0x00000006ce400000, 0x00000006ce400000| Untracked 
|  57|0x00000006ce400000, 0x00000006ce800000, 0x00000006ce800000|100%| O|  |TAMS 0x00000006ce800000, 0x00000006ce800000| Untracked 
|  58|0x00000006ce800000, 0x00000006cec00000, 0x00000006cec00000|100%| O|  |TAMS 0x00000006cec00000, 0x00000006cec00000| Untracked 
|  59|0x00000006cec00000, 0x00000006cf000000, 0x00000006cf000000|100%| O|  |TAMS 0x00000006cf000000, 0x00000006cf000000| Untracked 
|  60|0x00000006cf000000, 0x00000006cf400000, 0x00000006cf400000|100%| O|  |TAMS 0x00000006cf400000, 0x00000006cf400000| Untracked 
|  61|0x00000006cf400000, 0x00000006cf800000, 0x00000006cf800000|100%| O|  |TAMS 0x00000006cf800000, 0x00000006cf800000| Untracked 
|  62|0x00000006cf800000, 0x00000006cfc00000, 0x00000006cfc00000|100%| O|  |TAMS 0x00000006cfc00000, 0x00000006cfc00000| Untracked 
|  63|0x00000006cfc00000, 0x00000006d0000000, 0x00000006d0000000|100%| O|  |TAMS 0x00000006d0000000, 0x00000006d0000000| Untracked 
|  64|0x00000006d0000000, 0x00000006d0400000, 0x00000006d0400000|100%| O|  |TAMS 0x00000006d0400000, 0x00000006d0400000| Untracked 
|  65|0x00000006d0400000, 0x00000006d0800000, 0x00000006d0800000|100%| O|  |TAMS 0x00000006d0800000, 0x00000006d0800000| Untracked 
|  66|0x00000006d0800000, 0x00000006d0c00000, 0x00000006d0c00000|100%| O|  |TAMS 0x00000006d0c00000, 0x00000006d0c00000| Untracked 
|  67|0x00000006d0c00000, 0x00000006d0c00000, 0x00000006d1000000|  0%| F|  |TAMS 0x00000006d0c00000, 0x00000006d0c00000| Untracked 
|  68|0x00000006d1000000, 0x00000006d1000000, 0x00000006d1400000|  0%| F|  |TAMS 0x00000006d1000000, 0x00000006d1000000| Untracked 
|  69|0x00000006d1400000, 0x00000006d1800000, 0x00000006d1800000|100%| O|  |TAMS 0x00000006d1800000, 0x00000006d1800000| Untracked 
|  70|0x00000006d1800000, 0x00000006d1c00000, 0x00000006d1c00000|100%| O|  |TAMS 0x00000006d1c00000, 0x00000006d1c00000| Untracked 
|  71|0x00000006d1c00000, 0x00000006d2000000, 0x00000006d2000000|100%| O|  |TAMS 0x00000006d2000000, 0x00000006d2000000| Untracked 
|  72|0x00000006d2000000, 0x00000006d2000000, 0x00000006d2400000|  0%| F|  |TAMS 0x00000006d2000000, 0x00000006d2000000| Untracked 
|  73|0x00000006d2400000, 0x00000006d2400000, 0x00000006d2800000|  0%| F|  |TAMS 0x00000006d2400000, 0x00000006d2400000| Untracked 
|  74|0x00000006d2800000, 0x00000006d2c00000, 0x00000006d2c00000|100%| O|  |TAMS 0x00000006d2c00000, 0x00000006d2c00000| Untracked 
|  75|0x00000006d2c00000, 0x00000006d2c00000, 0x00000006d3000000|  0%| F|  |TAMS 0x00000006d2c00000, 0x00000006d2c00000| Untracked 
|  76|0x00000006d3000000, 0x00000006d3000000, 0x00000006d3400000|  0%| F|  |TAMS 0x00000006d3000000, 0x00000006d3000000| Untracked 
|  77|0x00000006d3400000, 0x00000006d3800000, 0x00000006d3800000|100%| O|  |TAMS 0x00000006d3800000, 0x00000006d3800000| Untracked 
|  78|0x00000006d3800000, 0x00000006d3c00000, 0x00000006d3c00000|100%| O|  |TAMS 0x00000006d3c00000, 0x00000006d3c00000| Untracked 
|  79|0x00000006d3c00000, 0x00000006d4000000, 0x00000006d4000000|100%| O|  |TAMS 0x00000006d4000000, 0x00000006d4000000| Untracked 
|  80|0x00000006d4000000, 0x00000006d40524d0, 0x00000006d4400000|  8%| S|CS|TAMS 0x00000006d4000000, 0x00000006d4000000| Complete 
|  81|0x00000006d4400000, 0x00000006d4800000, 0x00000006d4800000|100%| O|  |TAMS 0x00000006d4800000, 0x00000006d4800000| Untracked 
|  82|0x00000006d4800000, 0x00000006d4c00000, 0x00000006d4c00000|100%| O|  |TAMS 0x00000006d4c00000, 0x00000006d4c00000| Untracked 
|  83|0x00000006d4c00000, 0x00000006d5000000, 0x00000006d5000000|100%| O|  |TAMS 0x00000006d5000000, 0x00000006d5000000| Untracked 
|  84|0x00000006d5000000, 0x00000006d5400000, 0x00000006d5400000|100%| O|  |TAMS 0x00000006d5400000, 0x00000006d5400000| Untracked 
|  85|0x00000006d5400000, 0x00000006d5800000, 0x00000006d5800000|100%| O|  |TAMS 0x00000006d5800000, 0x00000006d5800000| Untracked 
|  86|0x00000006d5800000, 0x00000006d5c00000, 0x00000006d5c00000|100%| O|  |TAMS 0x00000006d5c00000, 0x00000006d5c00000| Untracked 
|  87|0x00000006d5c00000, 0x00000006d6000000, 0x00000006d6000000|100%| O|  |TAMS 0x00000006d6000000, 0x00000006d6000000| Untracked 
|  88|0x00000006d6000000, 0x00000006d6400000, 0x00000006d6400000|100%| O|  |TAMS 0x00000006d6400000, 0x00000006d6400000| Untracked 
|  89|0x00000006d6400000, 0x00000006d6800000, 0x00000006d6800000|100%| O|  |TAMS 0x00000006d6800000, 0x00000006d6800000| Untracked 
|  90|0x00000006d6800000, 0x00000006d6c00000, 0x00000006d6c00000|100%| O|  |TAMS 0x00000006d6c00000, 0x00000006d6c00000| Untracked 
|  91|0x00000006d6c00000, 0x00000006d7000000, 0x00000006d7000000|100%| O|  |TAMS 0x00000006d7000000, 0x00000006d7000000| Untracked 
|  92|0x00000006d7000000, 0x00000006d7400000, 0x00000006d7400000|100%| O|  |TAMS 0x00000006d7400000, 0x00000006d7400000| Untracked 
|  93|0x00000006d7400000, 0x00000006d7800000, 0x00000006d7800000|100%| O|  |TAMS 0x00000006d7800000, 0x00000006d7800000| Untracked 
|  94|0x00000006d7800000, 0x00000006d7c00000, 0x00000006d7c00000|100%| O|  |TAMS 0x00000006d7c00000, 0x00000006d7c00000| Untracked 
|  95|0x00000006d7c00000, 0x00000006d8000000, 0x00000006d8000000|100%| O|  |TAMS 0x00000006d8000000, 0x00000006d8000000| Untracked 
|  96|0x00000006d8000000, 0x00000006d8400000, 0x00000006d8400000|100%| S|CS|TAMS 0x00000006d8000000, 0x00000006d8000000| Complete 
|  97|0x00000006d8400000, 0x00000006d8800000, 0x00000006d8800000|100%| O|  |TAMS 0x00000006d8800000, 0x00000006d8800000| Untracked 
|  98|0x00000006d8800000, 0x00000006d8c00000, 0x00000006d8c00000|100%| O|  |TAMS 0x00000006d8c00000, 0x00000006d8c00000| Untracked 
|  99|0x00000006d8c00000, 0x00000006d9000000, 0x00000006d9000000|100%| O|  |TAMS 0x00000006d9000000, 0x00000006d9000000| Untracked 
| 100|0x00000006d9000000, 0x00000006d9400000, 0x00000006d9400000|100%| O|  |TAMS 0x00000006d9400000, 0x00000006d9400000| Untracked 
| 101|0x00000006d9400000, 0x00000006d9800000, 0x00000006d9800000|100%| O|  |TAMS 0x00000006d9800000, 0x00000006d9800000| Untracked 
| 102|0x00000006d9800000, 0x00000006d9c00000, 0x00000006d9c00000|100%| O|  |TAMS 0x00000006d9c00000, 0x00000006d9c00000| Untracked 
| 103|0x00000006d9c00000, 0x00000006da000000, 0x00000006da000000|100%| O|  |TAMS 0x00000006d9d4fe00, 0x00000006da000000| Untracked 
| 104|0x00000006da000000, 0x00000006da400000, 0x00000006da400000|100%| O|  |TAMS 0x00000006da000000, 0x00000006da400000| Untracked 
| 105|0x00000006da400000, 0x00000006da800000, 0x00000006da800000|100%| O|  |TAMS 0x00000006da400000, 0x00000006da800000| Untracked 
| 106|0x00000006da800000, 0x00000006dac00000, 0x00000006dac00000|100%| O|  |TAMS 0x00000006da800000, 0x00000006dac00000| Untracked 
| 107|0x00000006dac00000, 0x00000006db000000, 0x00000006db000000|100%| O|  |TAMS 0x00000006dac00000, 0x00000006db000000| Untracked 
| 108|0x00000006db000000, 0x00000006db400000, 0x00000006db400000|100%| O|  |TAMS 0x00000006db000000, 0x00000006db400000| Untracked 
| 109|0x00000006db400000, 0x00000006db800000, 0x00000006db800000|100%| O|  |TAMS 0x00000006db400000, 0x00000006db800000| Untracked 
| 110|0x00000006db800000, 0x00000006dbc00000, 0x00000006dbc00000|100%| O|  |TAMS 0x00000006db800000, 0x00000006dbc00000| Untracked 
| 111|0x00000006dbc00000, 0x00000006dc000000, 0x00000006dc000000|100%| O|  |TAMS 0x00000006dbc00000, 0x00000006dc000000| Untracked 
| 112|0x00000006dc000000, 0x00000006dc400000, 0x00000006dc400000|100%| O|  |TAMS 0x00000006dc000000, 0x00000006dc400000| Untracked 
| 113|0x00000006dc400000, 0x00000006dc800000, 0x00000006dc800000|100%| O|  |TAMS 0x00000006dc400000, 0x00000006dc800000| Untracked 
| 114|0x00000006dc800000, 0x00000006dcc00000, 0x00000006dcc00000|100%| O|  |TAMS 0x00000006dc800000, 0x00000006dcc00000| Untracked 
| 115|0x00000006dcc00000, 0x00000006dce59400, 0x00000006dd000000| 58%| O|  |TAMS 0x00000006dcc00000, 0x00000006dce59400| Untracked 
| 116|0x00000006dd000000, 0x00000006dd400000, 0x00000006dd400000|100%|HS|  |TAMS 0x00000006dd000000, 0x00000006dd400000| Complete 
| 117|0x00000006dd400000, 0x00000006dd800000, 0x00000006dd800000|100%|HC|  |TAMS 0x00000006dd400000, 0x00000006dd800000| Complete 
| 118|0x00000006dd800000, 0x00000006ddc00000, 0x00000006ddc00000|100%|HC|  |TAMS 0x00000006dd800000, 0x00000006ddc00000| Complete 
| 119|0x00000006ddc00000, 0x00000006de000000, 0x00000006de000000|100%|HC|  |TAMS 0x00000006ddc00000, 0x00000006de000000| Complete 
| 120|0x00000006de000000, 0x00000006de400000, 0x00000006de400000|100%|HC|  |TAMS 0x00000006de000000, 0x00000006de400000| Complete 
| 121|0x00000006de400000, 0x00000006de800000, 0x00000006de800000|100%|HC|  |TAMS 0x00000006de400000, 0x00000006de800000| Complete 
| 122|0x00000006de800000, 0x00000006dec00000, 0x00000006dec00000|100%|HC|  |TAMS 0x00000006de800000, 0x00000006dec00000| Complete 
| 123|0x00000006dec00000, 0x00000006df000000, 0x00000006df000000|100%|HC|  |TAMS 0x00000006dec00000, 0x00000006df000000| Complete 
| 124|0x00000006df000000, 0x00000006df400000, 0x00000006df400000|100%|HC|  |TAMS 0x00000006df000000, 0x00000006df400000| Complete 
| 125|0x00000006df400000, 0x00000006df800000, 0x00000006df800000|100%|HC|  |TAMS 0x00000006df400000, 0x00000006df800000| Complete 
| 126|0x00000006df800000, 0x00000006dfc00000, 0x00000006dfc00000|100%|HC|  |TAMS 0x00000006df800000, 0x00000006dfc00000| Complete 
| 127|0x00000006dfc00000, 0x00000006e0000000, 0x00000006e0000000|100%|HC|  |TAMS 0x00000006dfc00000, 0x00000006e0000000| Complete 
| 128|0x00000006e0000000, 0x00000006e0400000, 0x00000006e0400000|100%|HC|  |TAMS 0x00000006e0000000, 0x00000006e0400000| Complete 
| 129|0x00000006e0400000, 0x00000006e0800000, 0x00000006e0800000|100%|HC|  |TAMS 0x00000006e0400000, 0x00000006e0800000| Complete 
| 130|0x00000006e0800000, 0x00000006e0c00000, 0x00000006e0c00000|100%|HC|  |TAMS 0x00000006e0800000, 0x00000006e0c00000| Complete 
| 131|0x00000006e0c00000, 0x00000006e1000000, 0x00000006e1000000|100%|HC|  |TAMS 0x00000006e0c00000, 0x00000006e1000000| Complete 
| 132|0x00000006e1000000, 0x00000006e1400000, 0x00000006e1400000|100%|HC|  |TAMS 0x00000006e1000000, 0x00000006e1400000| Complete 
| 133|0x00000006e1400000, 0x00000006e1800000, 0x00000006e1800000|100%|HC|  |TAMS 0x00000006e1400000, 0x00000006e1800000| Complete 
| 134|0x00000006e1800000, 0x00000006e1c00000, 0x00000006e1c00000|100%|HS|  |TAMS 0x00000006e1800000, 0x00000006e1c00000| Complete 
| 135|0x00000006e1c00000, 0x00000006e2000000, 0x00000006e2000000|100%|HC|  |TAMS 0x00000006e1c00000, 0x00000006e2000000| Complete 
| 136|0x00000006e2000000, 0x00000006e2400000, 0x00000006e2400000|100%|HC|  |TAMS 0x00000006e2000000, 0x00000006e2400000| Complete 
| 137|0x00000006e2400000, 0x00000006e2800000, 0x00000006e2800000|100%|HC|  |TAMS 0x00000006e2400000, 0x00000006e2800000| Complete 
| 138|0x00000006e2800000, 0x00000006e2c00000, 0x00000006e2c00000|100%|HC|  |TAMS 0x00000006e2800000, 0x00000006e2c00000| Complete 
| 139|0x00000006e2c00000, 0x00000006e3000000, 0x00000006e3000000|100%|HC|  |TAMS 0x00000006e2c00000, 0x00000006e3000000| Complete 
| 140|0x00000006e3000000, 0x00000006e3400000, 0x00000006e3400000|100%|HC|  |TAMS 0x00000006e3000000, 0x00000006e3400000| Complete 
| 141|0x00000006e3400000, 0x00000006e3800000, 0x00000006e3800000|100%|HC|  |TAMS 0x00000006e3400000, 0x00000006e3800000| Complete 
| 142|0x00000006e3800000, 0x00000006e3c00000, 0x00000006e3c00000|100%|HC|  |TAMS 0x00000006e3800000, 0x00000006e3c00000| Complete 
| 143|0x00000006e3c00000, 0x00000006e4000000, 0x00000006e4000000|100%|HC|  |TAMS 0x00000006e3c00000, 0x00000006e4000000| Complete 
| 144|0x00000006e4000000, 0x00000006e4400000, 0x00000006e4400000|100%|HC|  |TAMS 0x00000006e4000000, 0x00000006e4400000| Complete 
| 145|0x00000006e4400000, 0x00000006e4800000, 0x00000006e4800000|100%|HC|  |TAMS 0x00000006e4400000, 0x00000006e4800000| Complete 
| 146|0x00000006e4800000, 0x00000006e4c00000, 0x00000006e4c00000|100%|HC|  |TAMS 0x00000006e4800000, 0x00000006e4c00000| Complete 
| 147|0x00000006e4c00000, 0x00000006e5000000, 0x00000006e5000000|100%|HC|  |TAMS 0x00000006e4c00000, 0x00000006e5000000| Complete 
| 148|0x00000006e5000000, 0x00000006e5400000, 0x00000006e5400000|100%|HC|  |TAMS 0x00000006e5000000, 0x00000006e5400000| Complete 
| 149|0x00000006e5400000, 0x00000006e5800000, 0x00000006e5800000|100%|HC|  |TAMS 0x00000006e5400000, 0x00000006e5800000| Complete 
| 150|0x00000006e5800000, 0x00000006e5c00000, 0x00000006e5c00000|100%|HC|  |TAMS 0x00000006e5800000, 0x00000006e5c00000| Complete 
| 151|0x00000006e5c00000, 0x00000006e6000000, 0x00000006e6000000|100%|HC|  |TAMS 0x00000006e5c00000, 0x00000006e6000000| Complete 
| 152|0x00000006e6000000, 0x00000006e6400000, 0x00000006e6400000|100%| S|CS|TAMS 0x00000006e6000000, 0x00000006e6000000| Complete 
| 153|0x00000006e6400000, 0x00000006e6800000, 0x00000006e6800000|100%| S|CS|TAMS 0x00000006e6400000, 0x00000006e6400000| Complete 
| 154|0x00000006e6800000, 0x00000006e6c00000, 0x00000006e6c00000|100%| S|CS|TAMS 0x00000006e6800000, 0x00000006e6800000| Complete 
| 155|0x00000006e6c00000, 0x00000006e6c00000, 0x00000006e7000000|  0%| F|  |TAMS 0x00000006e6c00000, 0x00000006e6c00000| Untracked 
| 156|0x00000006e7000000, 0x00000006e7000000, 0x00000006e7400000|  0%| F|  |TAMS 0x00000006e7000000, 0x00000006e7000000| Untracked 
| 157|0x00000006e7400000, 0x00000006e7400000, 0x00000006e7800000|  0%| F|  |TAMS 0x00000006e7400000, 0x00000006e7400000| Untracked 
| 158|0x00000006e7800000, 0x00000006e7800000, 0x00000006e7c00000|  0%| F|  |TAMS 0x00000006e7800000, 0x00000006e7800000| Untracked 
| 159|0x00000006e7c00000, 0x00000006e7c00000, 0x00000006e8000000|  0%| F|  |TAMS 0x00000006e7c00000, 0x00000006e7c00000| Untracked 
| 160|0x00000006e8000000, 0x00000006e8000000, 0x00000006e8400000|  0%| F|  |TAMS 0x00000006e8000000, 0x00000006e8000000| Untracked 
| 161|0x00000006e8400000, 0x00000006e8400000, 0x00000006e8800000|  0%| F|  |TAMS 0x00000006e8400000, 0x00000006e8400000| Untracked 
| 162|0x00000006e8800000, 0x00000006e8800000, 0x00000006e8c00000|  0%| F|  |TAMS 0x00000006e8800000, 0x00000006e8800000| Untracked 
| 163|0x00000006e8c00000, 0x00000006e8c00000, 0x00000006e9000000|  0%| F|  |TAMS 0x00000006e8c00000, 0x00000006e8c00000| Untracked 
| 164|0x00000006e9000000, 0x00000006e9000000, 0x00000006e9400000|  0%| F|  |TAMS 0x00000006e9000000, 0x00000006e9000000| Untracked 
| 165|0x00000006e9400000, 0x00000006e9400000, 0x00000006e9800000|  0%| F|  |TAMS 0x00000006e9400000, 0x00000006e9400000| Untracked 
| 166|0x00000006e9800000, 0x00000006e9800000, 0x00000006e9c00000|  0%| F|  |TAMS 0x00000006e9800000, 0x00000006e9800000| Untracked 
| 167|0x00000006e9c00000, 0x00000006e9c00000, 0x00000006ea000000|  0%| F|  |TAMS 0x00000006e9c00000, 0x00000006e9c00000| Untracked 
| 168|0x00000006ea000000, 0x00000006ea000000, 0x00000006ea400000|  0%| F|  |TAMS 0x00000006ea000000, 0x00000006ea000000| Untracked 
| 169|0x00000006ea400000, 0x00000006ea400000, 0x00000006ea800000|  0%| F|  |TAMS 0x00000006ea400000, 0x00000006ea400000| Untracked 
| 170|0x00000006ea800000, 0x00000006ea800000, 0x00000006eac00000|  0%| F|  |TAMS 0x00000006ea800000, 0x00000006ea800000| Untracked 
| 171|0x00000006eac00000, 0x00000006eac00000, 0x00000006eb000000|  0%| F|  |TAMS 0x00000006eac00000, 0x00000006eac00000| Untracked 
| 172|0x00000006eb000000, 0x00000006eb000000, 0x00000006eb400000|  0%| F|  |TAMS 0x00000006eb000000, 0x00000006eb000000| Untracked 
| 173|0x00000006eb400000, 0x00000006eb400000, 0x00000006eb800000|  0%| F|  |TAMS 0x00000006eb400000, 0x00000006eb400000| Untracked 
| 174|0x00000006eb800000, 0x00000006eb800000, 0x00000006ebc00000|  0%| F|  |TAMS 0x00000006eb800000, 0x00000006eb800000| Untracked 
| 175|0x00000006ebc00000, 0x00000006ebc00000, 0x00000006ec000000|  0%| F|  |TAMS 0x00000006ebc00000, 0x00000006ebc00000| Untracked 
| 176|0x00000006ec000000, 0x00000006ec000000, 0x00000006ec400000|  0%| F|  |TAMS 0x00000006ec000000, 0x00000006ec000000| Untracked 
| 177|0x00000006ec400000, 0x00000006ec400000, 0x00000006ec800000|  0%| F|  |TAMS 0x00000006ec400000, 0x00000006ec400000| Untracked 
| 178|0x00000006ec800000, 0x00000006ec800000, 0x00000006ecc00000|  0%| F|  |TAMS 0x00000006ec800000, 0x00000006ec800000| Untracked 
| 179|0x00000006ecc00000, 0x00000006ecc00000, 0x00000006ed000000|  0%| F|  |TAMS 0x00000006ecc00000, 0x00000006ecc00000| Untracked 
| 180|0x00000006ed000000, 0x00000006ed000000, 0x00000006ed400000|  0%| F|  |TAMS 0x00000006ed000000, 0x00000006ed000000| Untracked 
| 181|0x00000006ed400000, 0x00000006ed400000, 0x00000006ed800000|  0%| F|  |TAMS 0x00000006ed400000, 0x00000006ed400000| Untracked 
| 182|0x00000006ed800000, 0x00000006ed800000, 0x00000006edc00000|  0%| F|  |TAMS 0x00000006ed800000, 0x00000006ed800000| Untracked 
| 183|0x00000006edc00000, 0x00000006edc00000, 0x00000006ee000000|  0%| F|  |TAMS 0x00000006edc00000, 0x00000006edc00000| Untracked 
| 184|0x00000006ee000000, 0x00000006ee000000, 0x00000006ee400000|  0%| F|  |TAMS 0x00000006ee000000, 0x00000006ee000000| Untracked 
| 185|0x00000006ee400000, 0x00000006ee400000, 0x00000006ee800000|  0%| F|  |TAMS 0x00000006ee400000, 0x00000006ee400000| Untracked 
| 186|0x00000006ee800000, 0x00000006ee800000, 0x00000006eec00000|  0%| F|  |TAMS 0x00000006ee800000, 0x00000006ee800000| Untracked 
| 187|0x00000006eec00000, 0x00000006eec00000, 0x00000006ef000000|  0%| F|  |TAMS 0x00000006eec00000, 0x00000006eec00000| Untracked 
| 188|0x00000006ef000000, 0x00000006ef000000, 0x00000006ef400000|  0%| F|  |TAMS 0x00000006ef000000, 0x00000006ef000000| Untracked 
| 189|0x00000006ef400000, 0x00000006ef400000, 0x00000006ef800000|  0%| F|  |TAMS 0x00000006ef400000, 0x00000006ef400000| Untracked 
| 190|0x00000006ef800000, 0x00000006ef800000, 0x00000006efc00000|  0%| F|  |TAMS 0x00000006ef800000, 0x00000006ef800000| Untracked 
| 191|0x00000006efc00000, 0x00000006efc00000, 0x00000006f0000000|  0%| F|  |TAMS 0x00000006efc00000, 0x00000006efc00000| Untracked 
| 192|0x00000006f0000000, 0x00000006f0000000, 0x00000006f0400000|  0%| F|  |TAMS 0x00000006f0000000, 0x00000006f0000000| Untracked 
| 193|0x00000006f0400000, 0x00000006f0400000, 0x00000006f0800000|  0%| F|  |TAMS 0x00000006f0400000, 0x00000006f0400000| Untracked 
| 194|0x00000006f0800000, 0x00000006f0800000, 0x00000006f0c00000|  0%| F|  |TAMS 0x00000006f0800000, 0x00000006f0800000| Untracked 
| 195|0x00000006f0c00000, 0x00000006f0c00000, 0x00000006f1000000|  0%| F|  |TAMS 0x00000006f0c00000, 0x00000006f0c00000| Untracked 
| 196|0x00000006f1000000, 0x00000006f1000000, 0x00000006f1400000|  0%| F|  |TAMS 0x00000006f1000000, 0x00000006f1000000| Untracked 
| 197|0x00000006f1400000, 0x00000006f1400000, 0x00000006f1800000|  0%| F|  |TAMS 0x00000006f1400000, 0x00000006f1400000| Untracked 
| 198|0x00000006f1800000, 0x00000006f1800000, 0x00000006f1c00000|  0%| F|  |TAMS 0x00000006f1800000, 0x00000006f1800000| Untracked 
| 199|0x00000006f1c00000, 0x00000006f1c00000, 0x00000006f2000000|  0%| F|  |TAMS 0x00000006f1c00000, 0x00000006f1c00000| Untracked 
| 200|0x00000006f2000000, 0x00000006f2000000, 0x00000006f2400000|  0%| F|  |TAMS 0x00000006f2000000, 0x00000006f2000000| Untracked 
| 201|0x00000006f2400000, 0x00000006f2400000, 0x00000006f2800000|  0%| F|  |TAMS 0x00000006f2400000, 0x00000006f2400000| Untracked 
| 202|0x00000006f2800000, 0x00000006f2800000, 0x00000006f2c00000|  0%| F|  |TAMS 0x00000006f2800000, 0x00000006f2800000| Untracked 
| 203|0x00000006f2c00000, 0x00000006f2c00000, 0x00000006f3000000|  0%| F|  |TAMS 0x00000006f2c00000, 0x00000006f2c00000| Untracked 
| 204|0x00000006f3000000, 0x00000006f3000000, 0x00000006f3400000|  0%| F|  |TAMS 0x00000006f3000000, 0x00000006f3000000| Untracked 

Card table byte_map: [0x00000262b7070000,0x00000262b7a70000] _byte_map_base: 0x00000262b3a70000

Marking Bits (Prev, Next): (CMBitMap*) 0x00000262a3ee7e70, (CMBitMap*) 0x00000262a3ee7eb0
 Prev Bits: [0x00000262b8470000, 0x00000262bd470000)
 Next Bits: [0x00000262bd470000, 0x00000262c2470000)

Polling page: 0x00000262a3640000

Metaspace:

Usage:
  Non-class:     93.80 MB used.
      Class:     14.83 MB used.
       Both:    108.63 MB used.

Virtual space:
  Non-class space:       96.00 MB reserved,      95.06 MB (>99%) committed,  12 nodes.
      Class space:        1.00 GB reserved,      15.69 MB (  2%) committed,  1 nodes.
             Both:        1.09 GB reserved,     110.75 MB ( 10%) committed. 

Chunk freelists:
   Non-Class:  194.00 KB
       Class:  132.00 KB
        Both:  326.00 KB

MaxMetaspaceSize: unlimited
CompressedClassSpaceSize: 1.00 GB
Initial GC threshold: 21.00 MB
Current GC threshold: 183.88 MB
CDS: off
MetaspaceReclaimPolicy: balanced
 - commit_granule_bytes: 65536.
 - commit_granule_words: 8192.
 - virtual_space_node_default_size: 1048576.
 - enlarge_chunks_in_place: 1.
 - new_chunks_are_fully_committed: 0.
 - uncommit_free_chunks: 1.
 - use_allocation_guard: 0.
 - handle_deallocations: 1.


Internal statistics:

num_allocs_failed_limit: 24.
num_arena_births: 2652.
num_arena_deaths: 14.
num_vsnodes_births: 13.
num_vsnodes_deaths: 0.
num_space_committed: 1772.
num_space_uncommitted: 0.
num_chunks_returned_to_freelist: 42.
num_chunks_taken_from_freelist: 7634.
num_chunk_merges: 27.
num_chunk_splits: 4562.
num_chunks_enlarged: 2389.
num_purges: 2.
num_inconsistent_stats: 0.

CodeHeap 'non-profiled nmethods': size=120000Kb used=15956Kb max_used=15956Kb free=104044Kb
 bounds [0x00000262aee10000, 0x00000262afdb0000, 0x00000262b6340000]
CodeHeap 'profiled nmethods': size=120000Kb used=33894Kb max_used=33894Kb free=86105Kb
 bounds [0x00000262a7340000, 0x00000262a9460000, 0x00000262ae870000]
CodeHeap 'non-nmethods': size=5760Kb used=2416Kb max_used=2503Kb free=3344Kb
 bounds [0x00000262ae870000, 0x00000262aeaf0000, 0x00000262aee10000]
 total_blobs=18749 nmethods=17807 adapters=853
 compilation: enabled
              stopped_count=0, restarted_count=0
 full_count=0

Compilation events (20 events):
Event: 45.047 Thread 0x00000262c583f140 21759       2       com.google.common.collect.Iterators::addAll (41 bytes)
Event: 45.048 Thread 0x00000262c583f140 nmethod 21759 0x00000262a9457890 code [0x00000262a9457a80, 0x00000262a9457de8]
Event: 45.051 Thread 0x00000262c583f140 21760       2       com.google.common.collect.Maps$FilteredEntryMap$EntrySet::delegate (5 bytes)
Event: 45.051 Thread 0x00000262c583f140 nmethod 21760 0x00000262a9457f90 code [0x00000262a9458120, 0x00000262a9458238]
Event: 45.051 Thread 0x00000262c583f140 21761       2       com.google.common.collect.Maps$FilteredEntryMap$EntrySet::delegate (8 bytes)
Event: 45.051 Thread 0x00000262c583f140 nmethod 21761 0x00000262a9458310 code [0x00000262a94584a0, 0x00000262a94585b8]
Event: 45.051 Thread 0x00000262c583f140 21762       2       com.google.common.collect.Collections2$FilteredCollection::toArray (12 bytes)
Event: 45.052 Thread 0x00000262c583f140 nmethod 21762 0x00000262a9458690 code [0x00000262a9458880, 0x00000262a9458e28]
Event: 45.052 Thread 0x00000262c583f140 21763       2       com.google.common.collect.Lists::newArrayList (12 bytes)
Event: 45.052 Thread 0x00000262c583f140 nmethod 21763 0x00000262a9459010 code [0x00000262a94591c0, 0x00000262a94593a8]
Event: 45.053 Thread 0x00000262c583f140 21764       2       com.google.common.collect.ForwardingCollection::toArray (11 bytes)
Event: 45.053 Thread 0x00000262c583f140 nmethod 21764 0x00000262a9459490 code [0x00000262a9459620, 0x00000262a9459768]
Event: 45.078 Thread 0x00000262c583e840 nmethod 21714 0x00000262afd99110 code [0x00000262afd995a0, 0x00000262afd9fde8]
Event: 45.079 Thread 0x00000262c583e840 21758       4       org.gradle.internal.snapshot.LargeChildMap::withNode (45 bytes)
Event: 45.092 Thread 0x00000262c583e840 nmethod 21758 0x00000262afda3310 code [0x00000262afda3520, 0x00000262afda3c28]
Event: 45.092 Thread 0x00000262c583e840 21742       4       org.gradle.internal.vfs.impl.AbstractVirtualFileSystem$$Lambda$360/0x0000000800523940::update (17 bytes)
Event: 45.092 Thread 0x00000262c583e840 nmethod 21742 0x00000262afda4690 code [0x00000262afda4820, 0x00000262afda48e8]
Event: 45.092 Thread 0x00000262c583e840 21741       4       com.google.common.collect.ImmutableList::forEach (35 bytes)
Event: 45.095 Thread 0x00000262c583e840 nmethod 21741 0x00000262afda4990 code [0x00000262afda4b20, 0x00000262afda4d78]
Event: 45.095 Thread 0x00000262c583e840 21743   !   4       java.nio.charset.CharsetDecoder::decode (275 bytes)

GC Heap History (20 events):
Event: 36.401 GC heap after
{Heap after GC invocations=48 (full 0):
 garbage-first heap   total 610304K, used 369839K [0x00000006c0000000, 0x0000000800000000)
  region size 4096K, 3 young (12288K), 3 survivors (12288K)
 Metaspace       used 103752K, committed 105920K, reserved 1146880K
  class space    used 14220K, committed 15104K, reserved 1048576K
}
Event: 37.273 GC heap before
{Heap before GC invocations=48 (full 0):
 garbage-first heap   total 610304K, used 492719K [0x00000006c0000000, 0x0000000800000000)
  region size 4096K, 34 young (139264K), 3 survivors (12288K)
 Metaspace       used 104005K, committed 106176K, reserved 1146880K
  class space    used 14233K, committed 15104K, reserved 1048576K
}
Event: 37.287 GC heap after
{Heap after GC invocations=49 (full 0):
 garbage-first heap   total 610304K, used 380028K [0x00000006c0000000, 0x0000000800000000)
  region size 4096K, 5 young (20480K), 5 survivors (20480K)
 Metaspace       used 104005K, committed 106176K, reserved 1146880K
  class space    used 14233K, committed 15104K, reserved 1048576K
}
Event: 38.038 GC heap before
{Heap before GC invocations=49 (full 0):
 garbage-first heap   total 610304K, used 498812K [0x00000006c0000000, 0x0000000800000000)
  region size 4096K, 35 young (143360K), 5 survivors (20480K)
 Metaspace       used 104281K, committed 106496K, reserved 1146880K
  class space    used 14263K, committed 15168K, reserved 1048576K
}
Event: 38.053 GC heap after
{Heap after GC invocations=50 (full 0):
 garbage-first heap   total 610304K, used 390846K [0x00000006c0000000, 0x0000000800000000)
  region size 4096K, 4 young (16384K), 4 survivors (16384K)
 Metaspace       used 104281K, committed 106496K, reserved 1146880K
  class space    used 14263K, committed 15168K, reserved 1048576K
}
Event: 38.699 GC heap before
{Heap before GC invocations=50 (full 0):
 garbage-first heap   total 610304K, used 501438K [0x00000006c0000000, 0x0000000800000000)
  region size 4096K, 31 young (126976K), 4 survivors (16384K)
 Metaspace       used 104342K, committed 106560K, reserved 1146880K
  class space    used 14270K, committed 15168K, reserved 1048576K
}
Event: 38.711 GC heap after
{Heap after GC invocations=51 (full 0):
 garbage-first heap   total 610304K, used 399692K [0x00000006c0000000, 0x0000000800000000)
  region size 4096K, 4 young (16384K), 4 survivors (16384K)
 Metaspace       used 104342K, committed 106560K, reserved 1146880K
  class space    used 14270K, committed 15168K, reserved 1048576K
}
Event: 39.264 GC heap before
{Heap before GC invocations=51 (full 0):
 garbage-first heap   total 610304K, used 502092K [0x00000006c0000000, 0x0000000800000000)
  region size 4096K, 30 young (122880K), 4 survivors (16384K)
 Metaspace       used 104391K, committed 106624K, reserved 1146880K
  class space    used 14270K, committed 15168K, reserved 1048576K
}
Event: 39.282 GC heap after
{Heap after GC invocations=52 (full 0):
 garbage-first heap   total 733184K, used 410437K [0x00000006c0000000, 0x0000000800000000)
  region size 4096K, 4 young (16384K), 4 survivors (16384K)
 Metaspace       used 104391K, committed 106624K, reserved 1146880K
  class space    used 14270K, committed 15168K, reserved 1048576K
}
Event: 40.169 GC heap before
{Heap before GC invocations=52 (full 0):
 garbage-first heap   total 733184K, used 590661K [0x00000006c0000000, 0x0000000800000000)
  region size 4096K, 49 young (200704K), 4 survivors (16384K)
 Metaspace       used 104529K, committed 106752K, reserved 1146880K
  class space    used 14281K, committed 15168K, reserved 1048576K
}
Event: 40.188 GC heap after
{Heap after GC invocations=53 (full 0):
 garbage-first heap   total 733184K, used 427404K [0x00000006c0000000, 0x0000000800000000)
  region size 4096K, 7 young (28672K), 7 survivors (28672K)
 Metaspace       used 104529K, committed 106752K, reserved 1146880K
  class space    used 14281K, committed 15168K, reserved 1048576K
}
Event: 40.922 GC heap before
{Heap before GC invocations=53 (full 0):
 garbage-first heap   total 733184K, used 591244K [0x00000006c0000000, 0x0000000800000000)
  region size 4096K, 48 young (196608K), 7 survivors (28672K)
 Metaspace       used 104715K, committed 106880K, reserved 1146880K
  class space    used 14301K, committed 15168K, reserved 1048576K
}
Event: 40.945 GC heap after
{Heap after GC invocations=54 (full 0):
 garbage-first heap   total 733184K, used 438559K [0x00000006c0000000, 0x0000000800000000)
  region size 4096K, 4 young (16384K), 4 survivors (16384K)
 Metaspace       used 104715K, committed 106880K, reserved 1146880K
  class space    used 14301K, committed 15168K, reserved 1048576K
}
Event: 41.716 GC heap before
{Heap before GC invocations=54 (full 0):
 garbage-first heap   total 733184K, used 495903K [0x00000006c0000000, 0x0000000800000000)
  region size 4096K, 20 young (81920K), 4 survivors (16384K)
 Metaspace       used 109799K, committed 111936K, reserved 1146880K
  class space    used 14995K, committed 15872K, reserved 1048576K
}
Event: 41.726 GC heap after
{Heap after GC invocations=55 (full 0):
 garbage-first heap   total 733184K, used 444116K [0x00000006c0000000, 0x0000000800000000)
  region size 4096K, 2 young (8192K), 2 survivors (8192K)
 Metaspace       used 109799K, committed 111936K, reserved 1146880K
  class space    used 14995K, committed 15872K, reserved 1048576K
}
Event: 42.984 GC heap before
{Heap before GC invocations=56 (full 0):
 garbage-first heap   total 839680K, used 595668K [0x00000006c0000000, 0x0000000800000000)
  region size 4096K, 39 young (159744K), 2 survivors (8192K)
 Metaspace       used 110793K, committed 113024K, reserved 1146880K
  class space    used 15124K, committed 16064K, reserved 1048576K
}
Event: 43.002 GC heap after
{Heap after GC invocations=57 (full 0):
 garbage-first heap   total 839680K, used 456119K [0x00000006c0000000, 0x0000000800000000)
  region size 4096K, 5 young (20480K), 5 survivors (20480K)
 Metaspace       used 110793K, committed 113024K, reserved 1146880K
  class space    used 15124K, committed 16064K, reserved 1048576K
}
Event: 43.133 GC heap before
{Heap before GC invocations=57 (full 0):
 garbage-first heap   total 839680K, used 472503K [0x00000006c0000000, 0x0000000800000000)
  region size 4096K, 10 young (40960K), 5 survivors (20480K)
 Metaspace       used 110796K, committed 113024K, reserved 1146880K
  class space    used 15125K, committed 16064K, reserved 1048576K
}
Event: 43.167 GC heap after
{Heap after GC invocations=58 (full 0):
 garbage-first heap   total 839680K, used 438226K [0x00000006c0000000, 0x0000000800000000)
  region size 4096K, 2 young (8192K), 2 survivors (8192K)
 Metaspace       used 110796K, committed 113024K, reserved 1146880K
  class space    used 15125K, committed 16064K, reserved 1048576K
}
Event: 45.100 GC heap before
{Heap before GC invocations=58 (full 0):
 garbage-first heap   total 839680K, used 790482K [0x00000006c0000000, 0x0000000800000000)
  region size 4096K, 50 young (204800K), 2 survivors (8192K)
 Metaspace       used 111238K, committed 113408K, reserved 1146880K
  class space    used 15185K, committed 16064K, reserved 1048576K
}

Dll operation events (2 events):
Event: 0.009 Loaded shared library C:\Program Files\Android\Android Studio\jbr\bin\java.dll
Event: 0.377 Loaded shared library C:\Program Files\Android\Android Studio\jbr\bin\verify.dll

Deoptimization events (20 events):
Event: 44.054 Thread 0x00000262c88c3e90 DEOPT PACKING pc=0x00000262afd2cf44 sp=0x000000d5f07fc8a0
Event: 44.054 Thread 0x00000262c88c3e90 DEOPT UNPACKING pc=0x00000262ae8c69a3 sp=0x000000d5f07fc2d8 mode 2
Event: 44.207 Thread 0x00000262cef89780 Uncommon trap: trap_request=0xffffffc6 fr.pc=0x00000262afd4337c relative=0x0000000000003bbc
Event: 44.207 Thread 0x00000262cef89780 Uncommon trap: reason=bimorphic_or_optimized_type_check action=maybe_recompile pc=0x00000262afd4337c method=java.util.stream.ReferencePipeline.collect(Ljava/util/stream/Collector;)Ljava/lang/Object; @ 118 c2
Event: 44.208 Thread 0x00000262cef89780 DEOPT PACKING pc=0x00000262afd4337c sp=0x000000d5f32fb4b0
Event: 44.208 Thread 0x00000262cef89780 DEOPT UNPACKING pc=0x00000262ae8c69a3 sp=0x000000d5f32fafd0 mode 2
Event: 44.696 Thread 0x00000262cef89780 Uncommon trap: trap_request=0xffffffde fr.pc=0x00000262af98f6ec relative=0x00000000000004ec
Event: 44.696 Thread 0x00000262cef89780 Uncommon trap: reason=class_check action=maybe_recompile pc=0x00000262af98f6ec method=org.gradle.internal.snapshot.LargeChildMap.withNode(Lorg/gradle/internal/snapshot/VfsRelativePath;Lorg/gradle/internal/snapshot/CaseSensitivity;Lorg/gradle/internal/snap
Event: 44.696 Thread 0x00000262cef89780 DEOPT PACKING pc=0x00000262af98f6ec sp=0x000000d5f32fc850
Event: 44.696 Thread 0x00000262cef89780 DEOPT UNPACKING pc=0x00000262ae8c69a3 sp=0x000000d5f32fc810 mode 2
Event: 44.696 Thread 0x00000262cef89780 Uncommon trap: trap_request=0xffffffde fr.pc=0x00000262af98f6ec relative=0x00000000000004ec
Event: 44.696 Thread 0x00000262cef89780 Uncommon trap: reason=class_check action=maybe_recompile pc=0x00000262af98f6ec method=org.gradle.internal.snapshot.LargeChildMap.withNode(Lorg/gradle/internal/snapshot/VfsRelativePath;Lorg/gradle/internal/snapshot/CaseSensitivity;Lorg/gradle/internal/snap
Event: 44.696 Thread 0x00000262cef89780 DEOPT PACKING pc=0x00000262af98f6ec sp=0x000000d5f32fc850
Event: 44.696 Thread 0x00000262cef89780 DEOPT UNPACKING pc=0x00000262ae8c69a3 sp=0x000000d5f32fc810 mode 2
Event: 44.698 Thread 0x00000262cef89780 DEOPT PACKING pc=0x00000262a7e6d006 sp=0x000000d5f32fc820
Event: 44.699 Thread 0x00000262cef89780 DEOPT UNPACKING pc=0x00000262ae8c7143 sp=0x000000d5f32fbcc8 mode 0
Event: 44.993 Thread 0x00000262cef8d610 Uncommon trap: trap_request=0xffffffde fr.pc=0x00000262af98f6ec relative=0x00000000000004ec
Event: 44.993 Thread 0x00000262cef8d610 Uncommon trap: reason=class_check action=maybe_recompile pc=0x00000262af98f6ec method=org.gradle.internal.snapshot.LargeChildMap.withNode(Lorg/gradle/internal/snapshot/VfsRelativePath;Lorg/gradle/internal/snapshot/CaseSensitivity;Lorg/gradle/internal/snap
Event: 44.994 Thread 0x00000262cef8d610 DEOPT PACKING pc=0x00000262af98f6ec sp=0x000000d5f31fc740
Event: 44.994 Thread 0x00000262cef8d610 DEOPT UNPACKING pc=0x00000262ae8c69a3 sp=0x000000d5f31fc700 mode 2

Classes unloaded (7 events):
Event: 42.278 Thread 0x00000262c4eb3c70 Unloading class 0x0000000800e61c00 'java/lang/invoke/LambdaForm$DMH+0x0000000800e61c00'
Event: 42.278 Thread 0x00000262c4eb3c70 Unloading class 0x0000000800e61800 'java/lang/invoke/LambdaForm$DMH+0x0000000800e61800'
Event: 42.278 Thread 0x00000262c4eb3c70 Unloading class 0x0000000800e61400 'java/lang/invoke/LambdaForm$DMH+0x0000000800e61400'
Event: 42.278 Thread 0x00000262c4eb3c70 Unloading class 0x0000000800e61000 'java/lang/invoke/LambdaForm$DMH+0x0000000800e61000'
Event: 42.278 Thread 0x00000262c4eb3c70 Unloading class 0x0000000800e60c00 'java/lang/invoke/LambdaForm$DMH+0x0000000800e60c00'
Event: 42.278 Thread 0x00000262c4eb3c70 Unloading class 0x0000000800e60000 'java/lang/invoke/LambdaForm$DMH+0x0000000800e60000'
Event: 42.278 Thread 0x00000262c4eb3c70 Unloading class 0x0000000800e60400 'java/lang/invoke/LambdaForm$DMH+0x0000000800e60400'

Classes redefined (0 events):
No events

Internal exceptions (20 events):
Event: 43.897 Thread 0x00000262cf669970 Exception <a 'sun/nio/fs/WindowsException'{0x00000006f10ffe58}> (0x00000006f10ffe58) 
thrown [s\src\hotspot\share\prims\jni.cpp, line 517]
Event: 43.897 Thread 0x00000262cf669970 Exception <a 'sun/nio/fs/WindowsException'{0x00000006f1100c08}> (0x00000006f1100c08) 
thrown [s\src\hotspot\share\prims\jni.cpp, line 517]
Event: 43.899 Thread 0x00000262cf665610 Exception <a 'sun/nio/fs/WindowsException'{0x00000006f0abc698}> (0x00000006f0abc698) 
thrown [s\src\hotspot\share\prims\jni.cpp, line 517]
Event: 43.899 Thread 0x00000262cf665610 Exception <a 'sun/nio/fs/WindowsException'{0x00000006f0abc998}> (0x00000006f0abc998) 
thrown [s\src\hotspot\share\prims\jni.cpp, line 517]
Event: 43.901 Thread 0x00000262cf662ac0 Exception <a 'sun/nio/fs/WindowsException'{0x00000006f06b54a0}> (0x00000006f06b54a0) 
thrown [s\src\hotspot\share\prims\jni.cpp, line 517]
Event: 43.901 Thread 0x00000262cf662ac0 Exception <a 'sun/nio/fs/WindowsException'{0x00000006f06b5de8}> (0x00000006f06b5de8) 
thrown [s\src\hotspot\share\prims\jni.cpp, line 517]
Event: 43.901 Thread 0x00000262cf662ac0 Exception <a 'sun/nio/fs/WindowsException'{0x00000006f06b60d0}> (0x00000006f06b60d0) 
thrown [s\src\hotspot\share\prims\jni.cpp, line 517]
Event: 43.903 Thread 0x00000262cf662ac0 Exception <a 'sun/nio/fs/WindowsException'{0x00000006f06bea10}> (0x00000006f06bea10) 
thrown [s\src\hotspot\share\prims\jni.cpp, line 517]
Event: 43.903 Thread 0x00000262cf662ac0 Exception <a 'sun/nio/fs/WindowsException'{0x00000006f06bf328}> (0x00000006f06bf328) 
thrown [s\src\hotspot\share\prims\jni.cpp, line 517]
Event: 43.903 Thread 0x00000262cf662ac0 Exception <a 'sun/nio/fs/WindowsException'{0x00000006f06bf5f8}> (0x00000006f06bf5f8) 
thrown [s\src\hotspot\share\prims\jni.cpp, line 517]
Event: 43.905 Thread 0x00000262cf662ac0 Exception <a 'sun/nio/fs/WindowsException'{0x00000006f06c49e8}> (0x00000006f06c49e8) 
thrown [s\src\hotspot\share\prims\jni.cpp, line 517]
Event: 43.905 Thread 0x00000262cf666480 Exception <a 'sun/nio/fs/WindowsException'{0x00000006f2b299b8}> (0x00000006f2b299b8) 
thrown [s\src\hotspot\share\prims\jni.cpp, line 517]
Event: 43.906 Thread 0x00000262cf666480 Exception <a 'sun/nio/fs/WindowsException'{0x00000006f2b2a2e0}> (0x00000006f2b2a2e0) 
thrown [s\src\hotspot\share\prims\jni.cpp, line 517]
Event: 43.906 Thread 0x00000262cf666480 Exception <a 'sun/nio/fs/WindowsException'{0x00000006f2b2a5a0}> (0x00000006f2b2a5a0) 
thrown [s\src\hotspot\share\prims\jni.cpp, line 517]
Event: 43.908 Thread 0x00000262cf662ac0 Exception <a 'sun/nio/fs/WindowsException'{0x00000006f06c52e8}> (0x00000006f06c52e8) 
thrown [s\src\hotspot\share\prims\jni.cpp, line 517]
Event: 43.909 Thread 0x00000262cf662ac0 Exception <a 'sun/nio/fs/WindowsException'{0x00000006f06c5588}> (0x00000006f06c5588) 
thrown [s\src\hotspot\share\prims\jni.cpp, line 517]
Event: 43.914 Thread 0x00000262cf668160 Exception <a 'sun/nio/fs/WindowsException'{0x00000006f060a5c8}> (0x00000006f060a5c8) 
thrown [s\src\hotspot\share\prims\jni.cpp, line 517]
Event: 43.915 Thread 0x00000262cf668160 Exception <a 'sun/nio/fs/WindowsException'{0x00000006f060a948}> (0x00000006f060a948) 
thrown [s\src\hotspot\share\prims\jni.cpp, line 517]
Event: 43.919 Thread 0x00000262cf669970 Exception <a 'sun/nio/fs/WindowsException'{0x00000006f01994f8}> (0x00000006f01994f8) 
thrown [s\src\hotspot\share\prims\jni.cpp, line 517]
Event: 43.919 Thread 0x00000262cf669970 Exception <a 'sun/nio/fs/WindowsException'{0x00000006f0199828}> (0x00000006f0199828) 
thrown [s\src\hotspot\share\prims\jni.cpp, line 517]

VM Operations (20 events):
Event: 41.872 Executing VM operation: HandshakeAllThreads done
Event: 42.131 Executing VM operation: CollectForMetadataAllocation
Event: 42.131 Executing VM operation: CollectForMetadataAllocation done
Event: 42.277 Executing VM operation: G1Concurrent
Event: 42.293 Executing VM operation: G1Concurrent done
Event: 42.534 Executing VM operation: G1Concurrent
Event: 42.534 Executing VM operation: G1Concurrent done
Event: 42.984 Executing VM operation: G1CollectForAllocation
Event: 43.002 Executing VM operation: G1CollectForAllocation done
Event: 43.133 Executing VM operation: G1CollectForAllocation
Event: 43.167 Executing VM operation: G1CollectForAllocation done
Event: 43.209 Executing VM operation: HandshakeAllThreads
Event: 43.209 Executing VM operation: HandshakeAllThreads done
Event: 43.814 Executing VM operation: ICBufferFull
Event: 43.856 Executing VM operation: ICBufferFull done
Event: 44.866 Executing VM operation: Cleanup
Event: 44.866 Executing VM operation: Cleanup done
Event: 45.099 Executing VM operation: G1CollectForAllocation
Event: 45.100 Executing VM operation: G1CollectForAllocation done
Event: 45.100 Executing VM operation: G1CollectForAllocation

Events (20 events):
Event: 40.190 Thread 0x00000262c5844610 flushing nmethod 0x00000262a9082a90
Event: 40.191 Thread 0x00000262c5844610 flushing nmethod 0x00000262a908d210
Event: 40.191 Thread 0x00000262c5844610 flushing nmethod 0x00000262a908d710
Event: 40.191 Thread 0x00000262c5844610 flushing nmethod 0x00000262a90bd310
Event: 40.191 Thread 0x00000262c5844610 flushing nmethod 0x00000262a9171190
Event: 40.191 Thread 0x00000262c5844610 flushing nmethod 0x00000262a9177890
Event: 40.191 Thread 0x00000262c5844610 flushing nmethod 0x00000262a917ce10
Event: 43.215 Thread 0x00000262c5844610 flushing nmethod 0x00000262af6cc710
Event: 43.215 Thread 0x00000262c5844610 flushing nmethod 0x00000262af78a990
Event: 43.216 Thread 0x00000262c5844610 flushing nmethod 0x00000262af97f610
Event: 43.240 Thread 0x00000262c5844610 flushing nmethod 0x00000262a8fa1110
Event: 43.241 Thread 0x00000262c5844610 flushing nmethod 0x00000262a916df10
Event: 43.462 loading class java/nio/file/Path$1
Event: 43.462 loading class java/nio/file/Path$1 done
Event: 43.471 loading class java/util/zip/Deflater
Event: 43.472 loading class java/util/zip/Deflater done
Event: 43.473 loading class java/util/zip/Deflater$DeflaterZStreamRef
Event: 43.473 loading class java/util/zip/Deflater$DeflaterZStreamRef done
Event: 43.493 loading class jdk/internal/misc/ScopedMemoryAccess$Scope$Handle
Event: 43.493 loading class jdk/internal/misc/ScopedMemoryAccess$Scope$Handle done


Dynamic libraries:
0x00007ff7175e0000 - 0x00007ff7175ea000 	C:\Program Files\Android\Android Studio\jbr\bin\java.exe
0x00007ffeb1dd0000 - 0x00007ffeb1fc8000 	C:\Windows\SYSTEM32\ntdll.dll
0x00007ffeb15e0000 - 0x00007ffeb169f000 	C:\Windows\System32\KERNEL32.DLL
0x00007ffeaf860000 - 0x00007ffeafb56000 	C:\Windows\System32\KERNELBASE.dll
0x00007ffeafb60000 - 0x00007ffeafc60000 	C:\Windows\System32\ucrtbase.dll
0x00007ffeaa0f0000 - 0x00007ffeaa10b000 	C:\Program Files\Android\Android Studio\jbr\bin\VCRUNTIME140.dll
0x00007ffeaa680000 - 0x00007ffeaa697000 	C:\Program Files\Android\Android Studio\jbr\bin\jli.dll
0x00007ffeb0360000 - 0x00007ffeb04fd000 	C:\Windows\System32\USER32.dll
0x00007ffe849b0000 - 0x00007ffe84c4a000 	C:\Windows\WinSxS\amd64_microsoft.windows.common-controls_6595b64144ccf1df_6.0.19041.1110_none_60b5254171f9507e\COMCTL32.dll
0x00007ffeafd60000 - 0x00007ffeafd82000 	C:\Windows\System32\win32u.dll
0x00007ffeb1c80000 - 0x00007ffeb1d1e000 	C:\Windows\System32\msvcrt.dll
0x00007ffeb16a0000 - 0x00007ffeb16cc000 	C:\Windows\System32\GDI32.dll
0x00007ffeaf4e0000 - 0x00007ffeaf5f5000 	C:\Windows\System32\gdi32full.dll
0x00007ffeafd90000 - 0x00007ffeafe2d000 	C:\Windows\System32\msvcp_win.dll
0x00007ffeafe30000 - 0x00007ffeafe60000 	C:\Windows\System32\IMM32.DLL
0x00007ffeacc90000 - 0x00007ffeacc9c000 	C:\Program Files\Android\Android Studio\jbr\bin\vcruntime140_1.dll
0x00007ffea9880000 - 0x00007ffea990d000 	C:\Program Files\Android\Android Studio\jbr\bin\msvcp140.dll
0x00007ffe717e0000 - 0x00007ffe7244d000 	C:\Program Files\Android\Android Studio\jbr\bin\server\jvm.dll
0x00007ffeb1770000 - 0x00007ffeb181f000 	C:\Windows\System32\ADVAPI32.dll
0x00007ffeb16d0000 - 0x00007ffeb176c000 	C:\Windows\System32\sechost.dll
0x00007ffeb00c0000 - 0x00007ffeb01e6000 	C:\Windows\System32\RPCRT4.dll
0x00007ffe82260000 - 0x00007ffe82269000 	C:\Windows\SYSTEM32\WSOCK32.dll
0x00007ffeb0e10000 - 0x00007ffeb0e7b000 	C:\Windows\System32\WS2_32.dll
0x00007ffe8daa0000 - 0x00007ffe8dac7000 	C:\Windows\SYSTEM32\WINMM.dll
0x00007ffea0590000 - 0x00007ffea059a000 	C:\Windows\SYSTEM32\VERSION.dll
0x00007ffead380000 - 0x00007ffead392000 	C:\Windows\SYSTEM32\kernel.appcore.dll
0x00007ffe81280000 - 0x00007ffe8128a000 	C:\Program Files\Android\Android Studio\jbr\bin\jimage.dll
0x00007ffe993d0000 - 0x00007ffe995b4000 	C:\Windows\SYSTEM32\DBGHELP.DLL
0x00007ffe992c0000 - 0x00007ffe992f4000 	C:\Windows\SYSTEM32\dbgcore.DLL
0x00007ffeaf760000 - 0x00007ffeaf7e2000 	C:\Windows\System32\bcryptPrimitives.dll
0x00007ffe7c8a0000 - 0x00007ffe7c8c5000 	C:\Program Files\Android\Android Studio\jbr\bin\java.dll
0x00007ffe7b730000 - 0x00007ffe7b748000 	C:\Program Files\Android\Android Studio\jbr\bin\zip.dll
0x00007ffeb0e90000 - 0x00007ffeb15d4000 	C:\Windows\System32\SHELL32.dll
0x00007ffead580000 - 0x00007ffeadd14000 	C:\Windows\SYSTEM32\windows.storage.dll
0x00007ffeb0500000 - 0x00007ffeb0854000 	C:\Windows\System32\combase.dll
0x00007ffeaee20000 - 0x00007ffeaee4e000 	C:\Windows\SYSTEM32\Wldp.dll
0x00007ffeb01f0000 - 0x00007ffeb029d000 	C:\Windows\System32\SHCORE.dll
0x00007ffeb1d20000 - 0x00007ffeb1d75000 	C:\Windows\System32\shlwapi.dll
0x00007ffeaf3e0000 - 0x00007ffeaf405000 	C:\Windows\SYSTEM32\profapi.dll
0x00007ffe7b5b0000 - 0x00007ffe7b5c9000 	C:\Program Files\Android\Android Studio\jbr\bin\net.dll
0x00007ffea9ab0000 - 0x00007ffea9bba000 	C:\Windows\SYSTEM32\WINHTTP.dll
0x00007ffeaeb80000 - 0x00007ffeaebea000 	C:\Windows\system32\mswsock.dll
0x00007ffe7b590000 - 0x00007ffe7b5a6000 	C:\Program Files\Android\Android Studio\jbr\bin\nio.dll
0x00007ffe7b780000 - 0x00007ffe7b790000 	C:\Program Files\Android\Android Studio\jbr\bin\verify.dll
0x00007ffea9db0000 - 0x00007ffea9dd7000 	C:\Users\ITS\.gradle\native\e1d6ef7f7dcc3fd88c89a11ec53ec762bb8ba0a96d01ffa2cd45eb1d1d8dd5c5\windows-amd64\native-platform.dll
0x00007ffe7d2d0000 - 0x00007ffe7d414000 	C:\Users\ITS\.gradle\native\0d407fdbe67a94daf76414ababcb853783967236a71b16ec16e742cd7a986fd3\windows-amd64\native-platform-file-events.dll
0x00007ffe7cf50000 - 0x00007ffe7cf59000 	C:\Program Files\Android\Android Studio\jbr\bin\management.dll
0x00007ffe7c890000 - 0x00007ffe7c89b000 	C:\Program Files\Android\Android Studio\jbr\bin\management_ext.dll
0x00007ffeb1d80000 - 0x00007ffeb1d88000 	C:\Windows\System32\PSAPI.DLL
0x00007ffeaed70000 - 0x00007ffeaed88000 	C:\Windows\SYSTEM32\CRYPTSP.dll
0x00007ffeae4a0000 - 0x00007ffeae4d4000 	C:\Windows\system32\rsaenh.dll
0x00007ffeaf4b0000 - 0x00007ffeaf4d7000 	C:\Windows\System32\bcrypt.dll
0x00007ffeaf3a0000 - 0x00007ffeaf3ce000 	C:\Windows\SYSTEM32\USERENV.dll
0x00007ffeaed90000 - 0x00007ffeaed9c000 	C:\Windows\SYSTEM32\CRYPTBASE.dll
0x00007ffeae870000 - 0x00007ffeae8ac000 	C:\Windows\SYSTEM32\IPHLPAPI.DLL
0x00007ffeb0d80000 - 0x00007ffeb0d88000 	C:\Windows\System32\NSI.dll
0x00007ffea7a90000 - 0x00007ffea7aa7000 	C:\Windows\SYSTEM32\dhcpcsvc6.DLL
0x00007ffea7950000 - 0x00007ffea796d000 	C:\Windows\SYSTEM32\dhcpcsvc.DLL
0x00007ffeae8b0000 - 0x00007ffeae97a000 	C:\Windows\SYSTEM32\DNSAPI.dll
0x00007ffeaa450000 - 0x00007ffeaa457000 	C:\Windows\system32\wshunix.dll
0x00007ffeae5c0000 - 0x00007ffeae5f3000 	C:\Windows\SYSTEM32\ntmarta.dll

dbghelp: loaded successfully - version: 4.0.5 - missing functions: none
symbol engine: initialized successfully - sym options: 0x614 - pdb path: .;C:\Program Files\Android\Android Studio\jbr\bin;C:\Windows\SYSTEM32;C:\Windows\WinSxS\amd64_microsoft.windows.common-controls_6595b64144ccf1df_6.0.19041.1110_none_60b5254171f9507e;C:\Program Files\Android\Android Studio\jbr\bin\server;C:\Users\ITS\.gradle\native\e1d6ef7f7dcc3fd88c89a11ec53ec762bb8ba0a96d01ffa2cd45eb1d1d8dd5c5\windows-amd64;C:\Users\ITS\.gradle\native\0d407fdbe67a94daf76414ababcb853783967236a71b16ec16e742cd7a986fd3\windows-amd64

VM Arguments:
jvm_args: --add-opens=java.base/java.util=ALL-UNNAMED --add-opens=java.base/java.lang=ALL-UNNAMED --add-opens=java.base/java.lang.invoke=ALL-UNNAMED --add-opens=java.base/java.util=ALL-UNNAMED --add-opens=java.prefs/java.util.prefs=ALL-UNNAMED --add-opens=java.prefs/java.util.prefs=ALL-UNNAMED --add-opens=java.base/java.nio.charset=ALL-UNNAMED --add-opens=java.base/java.net=ALL-UNNAMED --add-opens=java.base/java.util.concurrent.atomic=ALL-UNNAMED -Xmx5120M -Dfile.encoding=windows-1252 -Duser.country=GB -Duser.language=en -Duser.variant 
java_command: org.gradle.launcher.daemon.bootstrap.GradleDaemon 7.4
java_class_path (initial): C:\Users\ITS\.gradle\wrapper\dists\gradle-7.4-all\aadb4xli5jkdsnukm30eibyiu\gradle-7.4\lib\gradle-launcher-7.4.jar
Launcher Type: SUN_STANDARD

[Global flags]
     intx CICompilerCount                          = 4                                         {product} {ergonomic}
     uint ConcGCThreads                            = 2                                         {product} {ergonomic}
     uint G1ConcRefinementThreads                  = 8                                         {product} {ergonomic}
   size_t G1HeapRegionSize                         = 4194304                                   {product} {ergonomic}
    uintx GCDrainStackTargetSize                   = 64                                        {product} {ergonomic}
   size_t InitialHeapSize                          = 134217728                                 {product} {ergonomic}
   size_t MarkStackSize                            = 4194304                                   {product} {ergonomic}
   size_t MaxHeapSize                              = 5368709120                                {product} {command line}
   size_t MaxNewSize                               = 3221225472                                {product} {ergonomic}
   size_t MinHeapDeltaBytes                        = 4194304                                   {product} {ergonomic}
   size_t MinHeapSize                              = 8388608                                   {product} {ergonomic}
    uintx NonNMethodCodeHeapSize                   = 5839372                                {pd product} {ergonomic}
    uintx NonProfiledCodeHeapSize                  = 122909434                              {pd product} {ergonomic}
    uintx ProfiledCodeHeapSize                     = 122909434                              {pd product} {ergonomic}
    uintx ReservedCodeCacheSize                    = 251658240                              {pd product} {ergonomic}
     bool SegmentedCodeCache                       = true                                      {product} {ergonomic}
   size_t SoftMaxHeapSize                          = 5368709120                             {manageable} {ergonomic}
     bool UseCompressedClassPointers               = true                           {product lp64_product} {ergonomic}
     bool UseCompressedOops                        = true                           {product lp64_product} {ergonomic}
     bool UseG1GC                                  = true                                      {product} {ergonomic}
     bool UseLargePagesIndividualAllocation        = false                                  {pd product} {ergonomic}

Logging:
Log output configuration:
 #0: stdout all=warning uptime,level,tags
 #1: stderr all=off uptime,level,tags

Environment Variables:
JAVA_HOME=C:\Program Files\Android\Android Studio\jbr
CLASSPATH=C:\Users\ITS\Documents\Flutter_Projects\p\Flutter-Restaurant(v2.7)\Mobile Source\android\\gradle\wrapper\gradle-wrapper.jar
PATH=C:\Program Files\Common Files\Oracle\Java\javapath;C:\Program Files\Microsoft MPI\Bin\;C:\Windows\system32;C:\Windows;C:\Windows\System32\Wbem;C:\Windows\System32\WindowsPowerShell\v1.0\;C:\Windows\System32\OpenSSH\;C:\Program Files (x86)\Microsoft SQL Server\140\Tools\Binn\;C:\Program Files\Microsoft SQL Server\140\Tools\Binn\;C:\Program Files (x86)\Microsoft SQL Server\140\DTS\Binn\;C:\Program Files\Microsoft SQL Server\140\DTS\Binn\;C:\Program Files\Microsoft SQL Server\Client SDK\ODBC\130\Tools\Binn\;C:\Program Files (x86)\Microsoft SQL Server\150\DTS\Binn\;C:\Program Files\Azure Data Studio\bin;C:\Program Files\Git\cmd;C:\Users\ITS\AppData\Local\Microsoft\WindowsApps;C:\Program Files\Azure Data Studio\bin;C:\flutter\bin;C:\Program Files\Android\Android Studio\jbr\bin\keytool;C:\Users\ITS\AppData\Local\Pub\Cache\bin;C:\Users\ITS\Downloads;C:\Program Files;C:\Program Files\Java\jdk-20;C:\Program Files\Java\jdk-20\bin;C:\Users\ITS\AppData\Local\Programs\Microsoft VS Code\bin;C:\Users\ITS\Downloads\scrcpy-win64-v2.0\scrcpy-win64-v2.0;;C:\flutter\bin\mingit\cmd
USERNAME=ITS
OS=Windows_NT
PROCESSOR_IDENTIFIER=Intel64 Family 6 Model 60 Stepping 3, GenuineIntel
TMP=C:\Users\ITS\AppData\Local\Temp
TEMP=C:\Users\ITS\AppData\Local\Temp



---------------  S Y S T E M  ---------------

OS:
 Windows 10 , 64 bit Build 19041 (10.0.19041.3155)
OS uptime: 0 days 4:59 hours

CPU: total 8 (initial active 8) (4 cores per cpu, 2 threads per core) family 6 model 60 stepping 3 microcode 0x27, cx8, cmov, fxsr, ht, mmx, sse, sse2, sse3, ssse3, sse4.1, sse4.2, popcnt, lzcnt, tsc, tscinvbit, avx, avx2, aes, erms, clmul, bmi1, bmi2, fma, vzeroupper, clflush

Memory: 4k page, system-wide physical 8097M (487M free)
TotalPageFile size 22337M (AvailPageFile size 7M)
current process WorkingSet (physical memory assigned to process): 1340M, peak: 1345M
current process commit charge ("private bytes"): 1972M, peak: 1980M

vm_info: OpenJDK 64-Bit Server VM (17.0.6+0-b2043.56-9586694) for windows-amd64 JRE (17.0.6+0-b2043.56-9586694), built on Feb  9 2023 20:06:20 by "androidbuild" with MS VC++ 16.10 / 16.11 (VS2019)

END.
